Log file open, 02/28/19 12:47:00
LogWindows: Failed to load 'aqProf.dll' (GetLastError=126)
LogWindows: File 'aqProf.dll' does not exist
LogWindows: Failed to load 'VtuneApi.dll' (GetLastError=126)
LogWindows: File 'VtuneApi.dll' does not exist
LogWindows: Failed to load 'VtuneApi32e.dll' (GetLastError=126)
LogWindows: File 'VtuneApi32e.dll' does not exist
LogConsoleResponse: Display: Failed to find resolution value strings in scalability ini. Falling back to default.
LogInit: Display: Running engine for game: PressVR
LogPakFile: Registered encryption key '00000000000000000000000000000000': 0 pak files mounted, 0 remain pending
LogPlatformFile: Not using cached read wrapper
LogTaskGraph: Started task graph with 5 named threads and 47 total threads with 3 sets of task threads.
LogStats: Stats thread started at 0.934376
LogD3D11RHI: Loaded GFSDK_Aftermath_Lib.x64.dll
LogICUInternationalization: ICU TimeZone Detection - Raw Offset: -8:00, Platform Override: ''
LogPluginManager: Mounting plugin Paper2D
LogPluginManager: Mounting plugin AISupport
LogPluginManager: Mounting plugin LightPropagationVolume
LogPluginManager: Mounting plugin ActorLayerUtilities
LogPluginManager: Mounting plugin CLionSourceCodeAccess
LogPluginManager: Mounting plugin CodeLiteSourceCodeAccess
LogPluginManager: Mounting plugin GitSourceControl
LogPluginManager: Mounting plugin KDevelopSourceCodeAccess
LogPluginManager: Mounting plugin NullSourceCodeAccess
LogPluginManager: Mounting plugin PerforceSourceControl
LogPluginManager: Mounting plugin SubversionSourceControl
LogPluginManager: Mounting plugin UObjectPlugin
LogPluginManager: Mounting plugin VisualStudioCodeSourceCodeAccess
LogPluginManager: Mounting plugin VisualStudioSourceCodeAccess
LogPluginManager: Mounting plugin XCodeSourceCodeAccess
LogPluginManager: Mounting plugin AssetManagerEditor
LogPluginManager: Mounting plugin CryptoKeys
LogPluginManager: Mounting plugin DataValidation
LogPluginManager: Mounting plugin EditorScriptingUtilities
LogPluginManager: Mounting plugin FacialAnimation
LogPluginManager: Mounting plugin GameplayTagsEditor
LogPluginManager: Mounting plugin MacGraphicsSwitching
LogPluginManager: Mounting plugin MeshEditor
LogPluginManager: Mounting plugin MobileLauncherProfileWizard
LogPluginManager: Mounting plugin PluginBrowser
LogPluginManager: Mounting plugin SpeedTreeImporter
LogPluginManager: Mounting plugin DatasmithContent
LogPluginManager: Mounting plugin VariantManagerContent
LogPluginManager: Mounting plugin AlembicImporter
LogPluginManager: Mounting plugin AppleImageUtils
LogPluginManager: Mounting plugin AppleVision
LogPluginManager: Mounting plugin BackChannel
LogPluginManager: Mounting plugin CharacterAI
LogPluginManager: Mounting plugin GeometryCache
LogPluginManager: Mounting plugin HTML5Networking
LogPluginManager: Mounting plugin ProxyLODPlugin
LogPluginManager: Mounting plugin MagicLeap
LogPluginManager: Mounting plugin MagicLeapMedia
LogPluginManager: Mounting plugin Substance
LogPluginManager: Mounting plugin AndroidMedia
LogPluginManager: Mounting plugin AvfMedia
LogPluginManager: Mounting plugin ImgMedia
LogPluginManager: Mounting plugin LinearTimecode
LogPluginManager: Mounting plugin MediaCompositing
LogPluginManager: Mounting plugin MediaPlayerEditor
LogPluginManager: Mounting plugin WebMMedia
LogPluginManager: Mounting plugin WmfMedia
LogPluginManager: Mounting plugin TcpMessaging
LogPluginManager: Mounting plugin UdpMessaging
LogPluginManager: Mounting plugin ActorSequence
LogPluginManager: Mounting plugin LevelSequenceEditor
LogPluginManager: Mounting plugin MatineeToLevelSequence
LogPluginManager: Mounting plugin NetcodeUnitTest
LogPluginManager: Mounting plugin NUTUnrealEngine4
LogPluginManager: Mounting plugin OnlineSubsystemGooglePlay
LogPluginManager: Mounting plugin OnlineSubsystemIOS
LogPluginManager: Mounting plugin OnlineSubsystem
LogPluginManager: Mounting plugin OnlineSubsystemNull
LogPluginManager: Mounting plugin OnlineSubsystemUtils
LogPluginManager: Mounting plugin LauncherChunkInstaller
LogPluginManager: Mounting plugin AndroidDeviceProfileSelector
LogPluginManager: Mounting plugin AndroidMoviePlayer
LogPluginManager: Mounting plugin AndroidPermission
LogPluginManager: Mounting plugin AppleMoviePlayer
LogPluginManager: Mounting plugin ArchVisCharacter
LogPluginManager: Mounting plugin AudioCapture
LogPluginManager: Mounting plugin CableComponent
LogPluginManager: Mounting plugin CustomMeshComponent
LogPluginManager: Mounting plugin EditableMesh
LogPluginManager: Mounting plugin ExampleDeviceProfileSelector
LogPluginManager: Mounting plugin Firebase
LogPluginManager: Mounting plugin GoogleCloudMessaging
LogPluginManager: Mounting plugin IOSDeviceProfileSelector
LogPluginManager: Mounting plugin LinuxDeviceProfileSelector
LogPluginManager: Mounting plugin LocationServicesBPLibrary
LogPluginManager: Mounting plugin MobilePatchingUtils
LogPluginManager: Mounting plugin OculusVR
LogPluginManager: Mounting plugin PhysXVehicles
LogPluginManager: Mounting plugin ProceduralMeshComponent
LogPluginManager: Mounting plugin RuntimePhysXCooking
LogPluginManager: Mounting plugin SteamVR
LogPluginManager: Mounting plugin WebMMoviePlayer
LogPluginManager: Mounting plugin WindowsMixedReality
LogPluginManager: Mounting plugin WindowsMoviePlayer
LogPluginManager: Mounting plugin DatasmithCADImporter
LogPluginManager: Mounting plugin DatasmithFBXImporter
LogPluginManager: Mounting plugin DatasmithImporter
LogPluginManager: Mounting plugin MDLImporter
LogPluginManager: Mounting plugin StaticMeshEditorExtension
LogPluginManager: Mounting plugin VariantManager
LogStreaming: Display: Took  0.272s to configure plugins.
LogInit: Using libcurl 7.55.1-DEV
LogInit:  - built for x86_64-pc-win32
LogInit:  - supports SSL with OpenSSL/1.0.2h
LogInit:  - supports HTTP deflate (compression) using libz 1.2.8
LogInit:  - other features:
LogInit:      CURL_VERSION_SSL
LogInit:      CURL_VERSION_LIBZ
LogInit:      CURL_VERSION_IPV6
LogInit:      CURL_VERSION_ASYNCHDNS
LogInit:      CURL_VERSION_LARGEFILE
LogInit:      CURL_VERSION_IDN
LogInit:  CurlRequestOptions (configurable via config and command line):
LogInit:  - bVerifyPeer = true  - Libcurl will verify peer certificate
LogInit:  - bUseHttpProxy = false  - Libcurl will NOT use HTTP proxy
LogInit:  - bDontReuseConnections = false  - Libcurl will reuse connections
LogInit:  - MaxHostConnections = 16  - Libcurl will limit the number of connections to a host
LogInit:  - LocalHostAddr = Default
LogInit:  - BufferSize = 65536
LogInit: WinSock: version 1.1 (2.2), MaxSocks=32767, MaxUdp=65467
LogInit: Build: ++UE4+Release-4.21-CL-4753647
LogInit: Engine Version: 4.21.2-4753647+++UE4+Release-4.21
LogInit: Compatible Engine Version: 4.21.0-4541578+++UE4+Release-4.21
LogInit: Net CL: 4541578
LogInit: OS: Windows 10 (), CPU: AMD Ryzen 7 1700 Eight-Core Processor          , GPU: NVIDIA GeForce GTX 1080 Ti
LogInit: Compiled (64-bit): Jan 19 2019 02:07:31
LogInit: Compiled with Visual C++: 19.13.26129.00
LogInit: Build Configuration: Development
LogInit: Branch Name: ++UE4+Release-4.21
LogInit: Command Line: 
LogInit: Base Directory: C:/Program Files/Epic Games/UE_4.21/Engine/Binaries/Win64/
LogInit: Installed Engine Build: 1
LogDevObjectVersion: Number of dev versions registered: 22
LogDevObjectVersion:   Dev-Blueprints (B0D832E4-1F89-4F0D-ACCF-7EB736FD4AA2): 10
LogDevObjectVersion:   Dev-Build (E1C64328-A22C-4D53-A36C-8E866417BD8C): 0
LogDevObjectVersion:   Dev-Core (375EC13C-06E4-48FB-B500-84F0262A717E): 2
LogDevObjectVersion:   Dev-Editor (E4B068ED-F494-42E9-A231-DA0B2E46BB41): 26
LogDevObjectVersion:   Dev-Framework (CFFC743F-43B0-4480-9391-14DF171D2073): 34
LogDevObjectVersion:   Dev-Mobile (B02B49B5-BB20-44E9-A304-32B752E40360): 2
LogDevObjectVersion:   Dev-Networking (A4E4105C-59A1-49B5-A7C5-40C4547EDFEE): 0
LogDevObjectVersion:   Dev-Online (39C831C9-5AE6-47DC-9A44-9C173E1C8E7C): 0
LogDevObjectVersion:   Dev-Physics (78F01B33-EBEA-4F98-B9B4-84EACCB95AA2): 0
LogDevObjectVersion:   Dev-Platform (6631380F-2D4D-43E0-8009-CF276956A95A): 0
LogDevObjectVersion:   Dev-Rendering (12F88B9F-8875-4AFC-A67C-D90C383ABD29): 27
LogDevObjectVersion:   Dev-Sequencer (7B5AE74C-D270-4C10-A958-57980B212A5A): 9
LogDevObjectVersion:   Dev-VR (D7296918-1DD6-4BDD-9DE2-64A83CC13884): 2
LogDevObjectVersion:   Dev-LoadTimes (C2A15278-BFE7-4AFE-6C17-90FF531DF755): 1
LogDevObjectVersion:   Private-Geometry (6EACA3D4-40EC-4CC1-B786-8BED09428FC5): 3
LogDevObjectVersion:   Dev-AnimPhys (29E575DD-E0A3-4627-9D10-D276232CDCEA): 17
LogDevObjectVersion:   Dev-Anim (AF43A65D-7FD3-4947-9873-3E8ED9C1BB05): 2
LogDevObjectVersion:   Dev-ReflectionCapture (6B266CEC-1EC7-4B8F-A30B-E4D90942FC07): 1
LogDevObjectVersion:   Dev-Automation (0DF73D61-A23F-47EA-B727-89E90C41499A): 1
LogDevObjectVersion:   FortniteMain (601D1886-AC64-4F84-AA16-D3DE0DEAC7D6): 17
LogDevObjectVersion:   Dev-Enterprise (9DFFBCD6-494F-0158-E221-12823C92A888): 4
LogDevObjectVersion:   Dev-Niagara (F2AED0AC-9AFE-416F-8664-AA7FFA26D6FC): 1
LogStreaming: Display: Took  0.035s to delete old logs.
LogInit: Presizing for max 8388607 objects, including 0 objects not considered by GC, pre-allocating 0 bytes for permanent pool.
LogInit: Object subsystem initialized
LogConfig: Setting CVar [[con.DebugEarlyDefault:1]]
LogConfig: Setting CVar [[r.setres:1280x720]]
[2019.02.28-20.47.01:404][  0]LogConfig: Setting CVar [[r.VSync:0]]
[2019.02.28-20.47.01:404][  0]LogConfig: Setting CVar [[r.RHICmdBypass:0]]
[2019.02.28-20.47.01:405][  0]LogConfig: Applying CVar settings from Section [/Script/Engine.RendererSettings] File [E:/GitHub/cs461/PressVR/Saved/Config/Windows/Engine.ini]
[2019.02.28-20.47.01:405][  0]LogConfig: Setting CVar [[r.GPUCrashDebugging:0]]
[2019.02.28-20.47.01:405][  0]LogConfig: Setting CVar [[r.DefaultFeature.AmbientOcclusion:0]]
[2019.02.28-20.47.01:405][  0]LogConfig: Setting CVar [[r.DefaultFeature.AmbientOcclusionStaticFraction:0]]
[2019.02.28-20.47.01:405][  0]LogConfig: Setting CVar [[vr.InstancedStereo:1]]
[2019.02.28-20.47.01:405][  0]LogConfig: Setting CVar [[r.SeparateTranslucency:0]]
[2019.02.28-20.47.01:405][  0]LogConfig: Setting CVar [[r.HZBOcclusion:0]]
[2019.02.28-20.47.01:405][  0]LogConfig: Setting CVar [[r.SSR.MaxRoughness:0]]
[2019.02.28-20.47.01:405][  0]LogConfig: Setting CVar [[r.rhicmdbypass:0]]
[2019.02.28-20.47.01:405][  0]LogConfig: Applying CVar settings from Section [/Script/Engine.RendererOverrideSettings] File [E:/GitHub/cs461/PressVR/Saved/Config/Windows/Engine.ini]
[2019.02.28-20.47.01:405][  0]LogConfig: Applying CVar settings from Section [/Script/Engine.StreamingSettings] File [E:/GitHub/cs461/PressVR/Saved/Config/Windows/Engine.ini]
[2019.02.28-20.47.01:405][  0]LogConfig: Setting CVar [[s.MinBulkDataSizeForAsyncLoading:131072]]
[2019.02.28-20.47.01:405][  0]LogConfig: Setting CVar [[s.AsyncLoadingThreadEnabled:0]]
[2019.02.28-20.47.01:405][  0]LogConfig: Setting CVar [[s.EventDrivenLoaderEnabled:1]]
[2019.02.28-20.47.01:405][  0]LogConfig: Setting CVar [[s.WarnIfTimeLimitExceeded:0]]
[2019.02.28-20.47.01:405][  0]LogConfig: Setting CVar [[s.TimeLimitExceededMultiplier:1.5]]
[2019.02.28-20.47.01:405][  0]LogConfig: Setting CVar [[s.TimeLimitExceededMinTime:0.005]]
[2019.02.28-20.47.01:405][  0]LogConfig: Setting CVar [[s.UseBackgroundLevelStreaming:1]]
[2019.02.28-20.47.01:405][  0]LogConfig: Setting CVar [[s.PriorityAsyncLoadingExtraTime:15.0]]
[2019.02.28-20.47.01:405][  0]LogConfig: Setting CVar [[s.LevelStreamingActorsUpdateTimeLimit:5.0]]
[2019.02.28-20.47.01:405][  0]LogConfig: Setting CVar [[s.PriorityLevelStreamingActorsUpdateExtraTime:5.0]]
[2019.02.28-20.47.01:405][  0]LogConfig: Setting CVar [[s.LevelStreamingComponentsRegistrationGranularity:10]]
[2019.02.28-20.47.01:405][  0]LogConfig: Setting CVar [[s.UnregisterComponentsTimeLimit:1.0]]
[2019.02.28-20.47.01:405][  0]LogConfig: Setting CVar [[s.LevelStreamingComponentsUnregistrationGranularity:5]]
[2019.02.28-20.47.01:405][  0]LogConfig: Applying CVar settings from Section [/Script/Engine.GarbageCollectionSettings] File [E:/GitHub/cs461/PressVR/Saved/Config/Windows/Engine.ini]
[2019.02.28-20.47.01:405][  0]LogConfig: Setting CVar [[gc.MaxObjectsNotConsideredByGC:1]]
[2019.02.28-20.47.01:405][  0]LogConfig: Setting CVar [[gc.SizeOfPermanentObjectPool:0]]
[2019.02.28-20.47.01:405][  0]LogConfig: Setting CVar [[gc.FlushStreamingOnGC:0]]
[2019.02.28-20.47.01:405][  0]LogConfig: Setting CVar [[gc.NumRetriesBeforeForcingGC:10]]
[2019.02.28-20.47.01:405][  0]LogConfig: Setting CVar [[gc.AllowParallelGC:1]]
[2019.02.28-20.47.01:405][  0]LogConfig: Setting CVar [[gc.TimeBetweenPurgingPendingKillObjects:61.1]]
[2019.02.28-20.47.01:405][  0]LogConfig: Setting CVar [[gc.MaxObjectsInEditor:8388607]]
[2019.02.28-20.47.01:405][  0]LogConfig: Setting CVar [[gc.IncrementalBeginDestroyEnabled:1]]
[2019.02.28-20.47.01:405][  0]LogConfig: Setting CVar [[gc.CreateGCClusters:1]]
[2019.02.28-20.47.01:405][  0]LogConfig: Setting CVar [[gc.MergeGCClusters:0]]
[2019.02.28-20.47.01:405][  0]LogConfig: Setting CVar [[gc.MinGCClusterSize:5]]
[2019.02.28-20.47.01:405][  0]LogConfig: Setting CVar [[gc.ActorClusteringEnabled:0]]
[2019.02.28-20.47.01:405][  0]LogConfig: Setting CVar [[gc.BlueprintClusteringEnabled:0]]
[2019.02.28-20.47.01:405][  0]LogConfig: Setting CVar [[gc.UseDisregardForGCOnDedicatedServers:0]]
[2019.02.28-20.47.01:405][  0]LogConfig: Applying CVar settings from Section [/Script/Engine.NetworkSettings] File [E:/GitHub/cs461/PressVR/Saved/Config/Windows/Engine.ini]
[2019.02.28-20.47.01:405][  0]LogConfig: Applying CVar settings from Section [/Script/UnrealEd.CookerSettings] File [E:/GitHub/cs461/PressVR/Saved/Config/Windows/Engine.ini]
[2019.02.28-20.47.01:411][  0]LogConfig: Applying CVar settings from Section [ViewDistanceQuality@3] File [E:/GitHub/cs461/PressVR/Saved/Config/Windows/Scalability.ini]
[2019.02.28-20.47.01:411][  0]LogConfig: Setting CVar [[r.SkeletalMeshLODBias:0]]
[2019.02.28-20.47.01:411][  0]LogConfig: Setting CVar [[r.ViewDistanceScale:1.0]]
[2019.02.28-20.47.01:411][  0]LogConfig: Applying CVar settings from Section [AntiAliasingQuality@3] File [E:/GitHub/cs461/PressVR/Saved/Config/Windows/Scalability.ini]
[2019.02.28-20.47.01:411][  0]LogConfig: Setting CVar [[r.PostProcessAAQuality:3]]
[2019.02.28-20.47.01:411][  0]LogConfig: Applying CVar settings from Section [ShadowQuality@3] File [E:/GitHub/cs461/PressVR/Saved/Config/Windows/Scalability.ini]
[2019.02.28-20.47.01:411][  0]LogConfig: Setting CVar [[r.LightFunctionQuality:1]]
[2019.02.28-20.47.01:411][  0]LogConfig: Setting CVar [[r.ShadowQuality:5]]
[2019.02.28-20.47.01:412][  0]LogConfig: Setting CVar [[r.Shadow.CSM.MaxCascades:10]]
[2019.02.28-20.47.01:412][  0]LogConfig: Setting CVar [[r.Shadow.MaxResolution:2048]]
[2019.02.28-20.47.01:412][  0]LogConfig: Setting CVar [[r.Shadow.MaxCSMResolution:2048]]
[2019.02.28-20.47.01:412][  0]LogConfig: Setting CVar [[r.Shadow.RadiusThreshold:0.01]]
[2019.02.28-20.47.01:412][  0]LogConfig: Setting CVar [[r.Shadow.DistanceScale:1.0]]
[2019.02.28-20.47.01:412][  0]LogConfig: Setting CVar [[r.Shadow.CSM.TransitionScale:1.0]]
[2019.02.28-20.47.01:412][  0]LogConfig: Setting CVar [[r.Shadow.PreShadowResolutionFactor:1.0]]
[2019.02.28-20.47.01:412][  0]LogConfig: Setting CVar [[r.DistanceFieldShadowing:1]]
[2019.02.28-20.47.01:412][  0]LogConfig: Setting CVar [[r.DistanceFieldAO:1]]
[2019.02.28-20.47.01:412][  0]LogConfig: Setting CVar [[r.AOQuality:2]]
[2019.02.28-20.47.01:412][  0]LogConfig: Setting CVar [[r.VolumetricFog:1]]
[2019.02.28-20.47.01:412][  0]LogConfig: Setting CVar [[r.VolumetricFog.GridPixelSize:8]]
[2019.02.28-20.47.01:412][  0]LogConfig: Setting CVar [[r.VolumetricFog.GridSizeZ:128]]
[2019.02.28-20.47.01:412][  0]LogConfig: Setting CVar [[r.VolumetricFog.HistoryMissSupersampleCount:4]]
[2019.02.28-20.47.01:412][  0]LogConfig: Setting CVar [[r.LightMaxDrawDistanceScale:1]]
[2019.02.28-20.47.01:412][  0]LogConfig: Setting CVar [[r.CapsuleShadows:1]]
[2019.02.28-20.47.01:412][  0]LogConfig: Applying CVar settings from Section [PostProcessQuality@3] File [E:/GitHub/cs461/PressVR/Saved/Config/Windows/Scalability.ini]
[2019.02.28-20.47.01:412][  0]LogConfig: Setting CVar [[r.MotionBlurQuality:0]]
[2019.02.28-20.47.01:412][  0]LogConfig: Setting CVar [[r.AmbientOcclusionMipLevelFactor:0.4]]
[2019.02.28-20.47.01:412][  0]LogConfig: Setting CVar [[r.AmbientOcclusionMaxQuality:100]]
[2019.02.28-20.47.01:412][  0]LogConfig: Setting CVar [[r.AmbientOcclusionLevels:0]]
[2019.02.28-20.47.01:412][  0]LogConfig: Setting CVar [[r.AmbientOcclusionRadiusScale:1.0]]
[2019.02.28-20.47.01:412][  0]LogConfig: Setting CVar [[r.DepthOfFieldQuality:0]]
[2019.02.28-20.47.01:412][  0]LogConfig: Setting CVar [[r.RenderTargetPoolMin:400]]
[2019.02.28-20.47.01:412][  0]LogConfig: Setting CVar [[r.LensFlareQuality:0]]
[2019.02.28-20.47.01:412][  0]LogConfig: Setting CVar [[r.SceneColorFringeQuality:0]]
[2019.02.28-20.47.01:412][  0]LogConfig: Setting CVar [[r.EyeAdaptationQuality:2]]
[2019.02.28-20.47.01:412][  0]LogConfig: Setting CVar [[r.BloomQuality:1]]
[2019.02.28-20.47.01:412][  0]LogConfig: Setting CVar [[r.FastBlurThreshold:0]]
[2019.02.28-20.47.01:412][  0]LogConfig: Setting CVar [[r.Upscale.Quality:3]]
[2019.02.28-20.47.01:412][  0]LogConfig: Setting CVar [[r.Tonemapper.GrainQuantization:1]]
[2019.02.28-20.47.01:412][  0]LogConfig: Setting CVar [[r.LightShaftQuality:1]]
[2019.02.28-20.47.01:412][  0]LogConfig: Setting CVar [[r.Filter.SizeScale:1]]
[2019.02.28-20.47.01:412][  0]LogConfig: Setting CVar [[r.Tonemapper.Quality:5]]
[2019.02.28-20.47.01:412][  0]LogConfig: Setting CVar [[r.DOF.Gather.AccumulatorQuality:1        ; higher gathering accumulator quality]]
[2019.02.28-20.47.01:412][  0]LogConfig: Setting CVar [[r.DOF.Gather.PostfilterMethod:1          ; Median3x3 postfilering method]]
[2019.02.28-20.47.01:412][  0]LogConfig: Setting CVar [[r.DOF.Gather.EnableBokehSettings:0       ; no bokeh simulation when gathering]]
[2019.02.28-20.47.01:412][  0]LogConfig: Setting CVar [[r.DOF.Gather.RingCount:4                 ; medium number of samples when gathering]]
[2019.02.28-20.47.01:412][  0]LogConfig: Setting CVar [[r.DOF.Scatter.ForegroundCompositing:1    ; additive foreground scattering]]
[2019.02.28-20.47.01:412][  0]LogConfig: Setting CVar [[r.DOF.Scatter.BackgroundCompositing:2    ; additive background scattering]]
[2019.02.28-20.47.01:412][  0]LogConfig: Setting CVar [[r.DOF.Scatter.EnableBokehSettings:1      ; bokeh simulation when scattering]]
[2019.02.28-20.47.01:412][  0]LogConfig: Setting CVar [[r.DOF.Scatter.MaxSpriteRatio:0.1         ; only a maximum of 10% of scattered bokeh]]
[2019.02.28-20.47.01:412][  0]LogConfig: Setting CVar [[r.DOF.Recombine.Quality:1                ; cheap slight out of focus]]
[2019.02.28-20.47.01:412][  0]LogConfig: Setting CVar [[r.DOF.Recombine.EnableBokehSettings:0    ; no bokeh simulation on slight out of focus]]
[2019.02.28-20.47.01:412][  0]LogConfig: Setting CVar [[r.DOF.TemporalAAQuality:1                ; more stable temporal accumulation]]
[2019.02.28-20.47.01:412][  0]LogConfig: Setting CVar [[r.DOF.Kernel.MaxForegroundRadius:0.025]]
[2019.02.28-20.47.01:412][  0]LogConfig: Setting CVar [[r.DOF.Kernel.MaxBackgroundRadius:0.025]]
[2019.02.28-20.47.01:412][  0]LogConfig: Applying CVar settings from Section [TextureQuality@3] File [E:/GitHub/cs461/PressVR/Saved/Config/Windows/Scalability.ini]
[2019.02.28-20.47.01:412][  0]LogConfig: Setting CVar [[r.Streaming.MipBias:0]]
[2019.02.28-20.47.01:412][  0]LogConfig: Setting CVar [[r.Streaming.AmortizeCPUToGPUCopy:0]]
[2019.02.28-20.47.01:412][  0]LogConfig: Setting CVar [[r.Streaming.MaxNumTexturesToStreamPerFrame:0]]
[2019.02.28-20.47.01:412][  0]LogConfig: Setting CVar [[r.Streaming.Boost:1]]
[2019.02.28-20.47.01:412][  0]LogConfig: Setting CVar [[r.MaxAnisotropy:8]]
[2019.02.28-20.47.01:412][  0]LogConfig: Setting CVar [[r.Streaming.LimitPoolSizeToVRAM:0]]
[2019.02.28-20.47.01:412][  0]LogConfig: Setting CVar [[r.Streaming.PoolSize:1000]]
[2019.02.28-20.47.01:412][  0]LogConfig: Setting CVar [[r.Streaming.MaxEffectiveScreenSize:0]]
[2019.02.28-20.47.01:412][  0]LogConfig: Applying CVar settings from Section [EffectsQuality@3] File [E:/GitHub/cs461/PressVR/Saved/Config/Windows/Scalability.ini]
[2019.02.28-20.47.01:412][  0]LogConfig: Setting CVar [[r.TranslucencyLightingVolumeDim:4]]
[2019.02.28-20.47.01:412][  0]LogConfig: Setting CVar [[r.RefractionQuality:2]]
[2019.02.28-20.47.01:412][  0]LogConfig: Setting CVar [[r.SSR.Quality:0]]
[2019.02.28-20.47.01:412][  0]LogConfig: Setting CVar [[r.SceneColorFormat:2]]
[2019.02.28-20.47.01:412][  0]LogConfig: Setting CVar [[r.DetailMode:2]]
[2019.02.28-20.47.01:412][  0]LogConfig: Setting CVar [[r.TranslucencyVolumeBlur:0]]
[2019.02.28-20.47.01:412][  0]LogConfig: Setting CVar [[r.MaterialQualityLevel:1 ; High quality]]
[2019.02.28-20.47.01:412][  0]LogConfig: Setting CVar [[r.SSS.Scale:1]]
[2019.02.28-20.47.01:412][  0]LogConfig: Setting CVar [[r.SSS.SampleSet:2]]
[2019.02.28-20.47.01:412][  0]LogConfig: Setting CVar [[r.SSS.Quality:1]]
[2019.02.28-20.47.01:412][  0]LogConfig: Setting CVar [[r.SSS.HalfRes:1]]
[2019.02.28-20.47.01:412][  0]LogConfig: Setting CVar [[r.EmitterSpawnRateScale:1.0]]
[2019.02.28-20.47.01:412][  0]LogConfig: Setting CVar [[r.ParticleLightQuality:2]]
[2019.02.28-20.47.01:412][  0]LogConfig: Applying CVar settings from Section [FoliageQuality@3] File [E:/GitHub/cs461/PressVR/Saved/Config/Windows/Scalability.ini]
[2019.02.28-20.47.01:413][  0]LogConfig: Setting CVar [[foliage.DensityScale:1.0]]
[2019.02.28-20.47.01:413][  0]LogConfig: Setting CVar [[grass.DensityScale:1.0]]
[2019.02.28-20.47.01:413][  0]LogInit: Selected Device Profile: [Windows]
[2019.02.28-20.47.01:413][  0]LogInit: Applying CVar settings loaded from the selected device profile: [Windows]
[2019.02.28-20.47.01:463][  0]LogHAL: Display: Platform has ~ 32 GB [34308747264 / 34359738368 / 32], which maps to Largest [LargestMinGB=32, LargerMinGB=12, DefaultMinGB=8, SmallerMinGB=6, SmallestMinGB=0)
[2019.02.28-20.47.01:463][  0]LogConfig: Setting CVar [[r.Vulkan.UseRealUBs:1]]
[2019.02.28-20.47.01:463][  0]LogInit: Going up to parent DeviceProfile []
[2019.02.28-20.47.01:463][  0]LogConfig: Applying CVar settings from Section [ViewDistanceQuality@3] File [E:/GitHub/cs461/PressVR/Saved/Config/Windows/Scalability.ini]
[2019.02.28-20.47.01:463][  0]LogConfig: Setting CVar [[r.SkeletalMeshLODBias:0]]
[2019.02.28-20.47.01:463][  0]LogConfig: Setting CVar [[r.ViewDistanceScale:1.0]]
[2019.02.28-20.47.01:463][  0]LogConfig: Applying CVar settings from Section [AntiAliasingQuality@3] File [E:/GitHub/cs461/PressVR/Saved/Config/Windows/Scalability.ini]
[2019.02.28-20.47.01:463][  0]LogConfig: Setting CVar [[r.PostProcessAAQuality:3]]
[2019.02.28-20.47.01:463][  0]LogConfig: Applying CVar settings from Section [ShadowQuality@3] File [E:/GitHub/cs461/PressVR/Saved/Config/Windows/Scalability.ini]
[2019.02.28-20.47.01:463][  0]LogConfig: Setting CVar [[r.LightFunctionQuality:1]]
[2019.02.28-20.47.01:463][  0]LogConfig: Setting CVar [[r.ShadowQuality:5]]
[2019.02.28-20.47.01:463][  0]LogConfig: Setting CVar [[r.Shadow.CSM.MaxCascades:10]]
[2019.02.28-20.47.01:463][  0]LogConfig: Setting CVar [[r.Shadow.MaxResolution:2048]]
[2019.02.28-20.47.01:463][  0]LogConfig: Setting CVar [[r.Shadow.MaxCSMResolution:2048]]
[2019.02.28-20.47.01:463][  0]LogConfig: Setting CVar [[r.Shadow.RadiusThreshold:0.01]]
[2019.02.28-20.47.01:463][  0]LogConfig: Setting CVar [[r.Shadow.DistanceScale:1.0]]
[2019.02.28-20.47.01:463][  0]LogConfig: Setting CVar [[r.Shadow.CSM.TransitionScale:1.0]]
[2019.02.28-20.47.01:463][  0]LogConfig: Setting CVar [[r.Shadow.PreShadowResolutionFactor:1.0]]
[2019.02.28-20.47.01:463][  0]LogConfig: Setting CVar [[r.DistanceFieldShadowing:1]]
[2019.02.28-20.47.01:463][  0]LogConfig: Setting CVar [[r.DistanceFieldAO:1]]
[2019.02.28-20.47.01:463][  0]LogConfig: Setting CVar [[r.AOQuality:2]]
[2019.02.28-20.47.01:463][  0]LogConfig: Setting CVar [[r.VolumetricFog:1]]
[2019.02.28-20.47.01:463][  0]LogConfig: Setting CVar [[r.VolumetricFog.GridPixelSize:8]]
[2019.02.28-20.47.01:463][  0]LogConfig: Setting CVar [[r.VolumetricFog.GridSizeZ:128]]
[2019.02.28-20.47.01:463][  0]LogConfig: Setting CVar [[r.VolumetricFog.HistoryMissSupersampleCount:4]]
[2019.02.28-20.47.01:463][  0]LogConfig: Setting CVar [[r.LightMaxDrawDistanceScale:1]]
[2019.02.28-20.47.01:463][  0]LogConfig: Setting CVar [[r.CapsuleShadows:1]]
[2019.02.28-20.47.01:464][  0]LogConfig: Applying CVar settings from Section [PostProcessQuality@3] File [E:/GitHub/cs461/PressVR/Saved/Config/Windows/Scalability.ini]
[2019.02.28-20.47.01:464][  0]LogConfig: Setting CVar [[r.MotionBlurQuality:0]]
[2019.02.28-20.47.01:464][  0]LogConfig: Setting CVar [[r.AmbientOcclusionMipLevelFactor:0.4]]
[2019.02.28-20.47.01:464][  0]LogConfig: Setting CVar [[r.AmbientOcclusionMaxQuality:100]]
[2019.02.28-20.47.01:464][  0]LogConfig: Setting CVar [[r.AmbientOcclusionLevels:0]]
[2019.02.28-20.47.01:464][  0]LogConfig: Setting CVar [[r.AmbientOcclusionRadiusScale:1.0]]
[2019.02.28-20.47.01:464][  0]LogConfig: Setting CVar [[r.DepthOfFieldQuality:0]]
[2019.02.28-20.47.01:464][  0]LogConfig: Setting CVar [[r.RenderTargetPoolMin:400]]
[2019.02.28-20.47.01:464][  0]LogConfig: Setting CVar [[r.LensFlareQuality:0]]
[2019.02.28-20.47.01:464][  0]LogConfig: Setting CVar [[r.SceneColorFringeQuality:0]]
[2019.02.28-20.47.01:464][  0]LogConfig: Setting CVar [[r.EyeAdaptationQuality:2]]
[2019.02.28-20.47.01:464][  0]LogConfig: Setting CVar [[r.BloomQuality:1]]
[2019.02.28-20.47.01:464][  0]LogConfig: Setting CVar [[r.FastBlurThreshold:0]]
[2019.02.28-20.47.01:464][  0]LogConfig: Setting CVar [[r.Upscale.Quality:3]]
[2019.02.28-20.47.01:464][  0]LogConfig: Setting CVar [[r.Tonemapper.GrainQuantization:1]]
[2019.02.28-20.47.01:464][  0]LogConfig: Setting CVar [[r.LightShaftQuality:1]]
[2019.02.28-20.47.01:464][  0]LogConfig: Setting CVar [[r.Filter.SizeScale:1]]
[2019.02.28-20.47.01:464][  0]LogConfig: Setting CVar [[r.Tonemapper.Quality:5]]
[2019.02.28-20.47.01:464][  0]LogConfig: Setting CVar [[r.DOF.Gather.AccumulatorQuality:1        ; higher gathering accumulator quality]]
[2019.02.28-20.47.01:464][  0]LogConfig: Setting CVar [[r.DOF.Gather.PostfilterMethod:1          ; Median3x3 postfilering method]]
[2019.02.28-20.47.01:464][  0]LogConfig: Setting CVar [[r.DOF.Gather.EnableBokehSettings:0       ; no bokeh simulation when gathering]]
[2019.02.28-20.47.01:464][  0]LogConfig: Setting CVar [[r.DOF.Gather.RingCount:4                 ; medium number of samples when gathering]]
[2019.02.28-20.47.01:464][  0]LogConfig: Setting CVar [[r.DOF.Scatter.ForegroundCompositing:1    ; additive foreground scattering]]
[2019.02.28-20.47.01:464][  0]LogConfig: Setting CVar [[r.DOF.Scatter.BackgroundCompositing:2    ; additive background scattering]]
[2019.02.28-20.47.01:464][  0]LogConfig: Setting CVar [[r.DOF.Scatter.EnableBokehSettings:1      ; bokeh simulation when scattering]]
[2019.02.28-20.47.01:464][  0]LogConfig: Setting CVar [[r.DOF.Scatter.MaxSpriteRatio:0.1         ; only a maximum of 10% of scattered bokeh]]
[2019.02.28-20.47.01:464][  0]LogConfig: Setting CVar [[r.DOF.Recombine.Quality:1                ; cheap slight out of focus]]
[2019.02.28-20.47.01:464][  0]LogConfig: Setting CVar [[r.DOF.Recombine.EnableBokehSettings:0    ; no bokeh simulation on slight out of focus]]
[2019.02.28-20.47.01:464][  0]LogConfig: Setting CVar [[r.DOF.TemporalAAQuality:1                ; more stable temporal accumulation]]
[2019.02.28-20.47.01:464][  0]LogConfig: Setting CVar [[r.DOF.Kernel.MaxForegroundRadius:0.025]]
[2019.02.28-20.47.01:464][  0]LogConfig: Setting CVar [[r.DOF.Kernel.MaxBackgroundRadius:0.025]]
[2019.02.28-20.47.01:464][  0]LogConfig: Applying CVar settings from Section [TextureQuality@3] File [E:/GitHub/cs461/PressVR/Saved/Config/Windows/Scalability.ini]
[2019.02.28-20.47.01:464][  0]LogConfig: Setting CVar [[r.Streaming.MipBias:0]]
[2019.02.28-20.47.01:464][  0]LogConfig: Setting CVar [[r.Streaming.AmortizeCPUToGPUCopy:0]]
[2019.02.28-20.47.01:464][  0]LogConfig: Setting CVar [[r.Streaming.MaxNumTexturesToStreamPerFrame:0]]
[2019.02.28-20.47.01:464][  0]LogConfig: Setting CVar [[r.Streaming.Boost:1]]
[2019.02.28-20.47.01:464][  0]LogConfig: Setting CVar [[r.MaxAnisotropy:8]]
[2019.02.28-20.47.01:464][  0]LogConfig: Setting CVar [[r.Streaming.LimitPoolSizeToVRAM:0]]
[2019.02.28-20.47.01:464][  0]LogConfig: Setting CVar [[r.Streaming.PoolSize:1000]]
[2019.02.28-20.47.01:464][  0]LogConfig: Setting CVar [[r.Streaming.MaxEffectiveScreenSize:0]]
[2019.02.28-20.47.01:464][  0]LogConfig: Applying CVar settings from Section [EffectsQuality@3] File [E:/GitHub/cs461/PressVR/Saved/Config/Windows/Scalability.ini]
[2019.02.28-20.47.01:464][  0]LogConfig: Setting CVar [[r.TranslucencyLightingVolumeDim:4]]
[2019.02.28-20.47.01:464][  0]LogConfig: Setting CVar [[r.RefractionQuality:2]]
[2019.02.28-20.47.01:464][  0]LogConfig: Setting CVar [[r.SSR.Quality:0]]
[2019.02.28-20.47.01:464][  0]LogConfig: Setting CVar [[r.SceneColorFormat:2]]
[2019.02.28-20.47.01:464][  0]LogConfig: Setting CVar [[r.DetailMode:2]]
[2019.02.28-20.47.01:464][  0]LogConfig: Setting CVar [[r.TranslucencyVolumeBlur:0]]
[2019.02.28-20.47.01:464][  0]LogConfig: Setting CVar [[r.MaterialQualityLevel:1 ; High quality]]
[2019.02.28-20.47.01:464][  0]LogConfig: Setting CVar [[r.SSS.Scale:1]]
[2019.02.28-20.47.01:464][  0]LogConfig: Setting CVar [[r.SSS.SampleSet:2]]
[2019.02.28-20.47.01:464][  0]LogConfig: Setting CVar [[r.SSS.Quality:1]]
[2019.02.28-20.47.01:464][  0]LogConfig: Setting CVar [[r.SSS.HalfRes:1]]
[2019.02.28-20.47.01:464][  0]LogConfig: Setting CVar [[r.EmitterSpawnRateScale:1.0]]
[2019.02.28-20.47.01:464][  0]LogConfig: Setting CVar [[r.ParticleLightQuality:2]]
[2019.02.28-20.47.01:464][  0]LogConfig: Applying CVar settings from Section [FoliageQuality@3] File [E:/GitHub/cs461/PressVR/Saved/Config/Windows/Scalability.ini]
[2019.02.28-20.47.01:464][  0]LogConfig: Setting CVar [[foliage.DensityScale:1.0]]
[2019.02.28-20.47.01:464][  0]LogConfig: Setting CVar [[grass.DensityScale:1.0]]
[2019.02.28-20.47.01:464][  0]LogConfig: Applying CVar settings from Section [Startup] File [../../../Engine/Config/ConsoleVariables.ini]
[2019.02.28-20.47.01:469][  0]LogConfig: Setting CVar [[net.UseAdaptiveNetUpdateFrequency:0]]
[2019.02.28-20.47.01:469][  0]LogConfig: Applying CVar settings from Section [ConsoleVariables] File [E:/GitHub/cs461/PressVR/Saved/Config/Windows/Engine.ini]
[2019.02.28-20.47.01:470][  0]LogInit: Computer: DESKTOP-O3JUNJM
[2019.02.28-20.47.01:470][  0]LogInit: User: StewartThor
[2019.02.28-20.47.01:470][  0]LogInit: CPU Page size=4096, Cores=8
[2019.02.28-20.47.01:470][  0]LogInit: High frequency timer resolution =2.924189 MHz
[2019.02.28-20.47.01:470][  0]LogMemory: Memory total: Physical=32.0GB (32GB approx)
[2019.02.28-20.47.01:470][  0]LogMemory: Platform Memory Stats for Windows
[2019.02.28-20.47.01:470][  0]LogMemory: Process Physical Memory: 110.95 MB used, 110.95 MB peak
[2019.02.28-20.47.01:470][  0]LogMemory: Process Virtual Memory: 106.27 MB used, 106.27 MB peak
[2019.02.28-20.47.01:470][  0]LogMemory: Physical Memory: 3461.96 MB used,  29257.41 MB free, 32719.37 MB total
[2019.02.28-20.47.01:470][  0]LogMemory: Virtual Memory: 4716.28 MB used,  134213008.00 MB free, 134217728.00 MB total
[2019.02.28-20.47.01:653][  0]LogInit: Using OS detected language (en-US).
[2019.02.28-20.47.01:653][  0]LogInit: Using OS detected locale (en-US).
[2019.02.28-20.47.01:655][  0]LogTextLocalizationManager: No specific localization for 'en-US' exists, so the 'en' localization will be used.
[2019.02.28-20.47.02:197][  0]LogStreaming: Display: Took  0.544s to InitEngineTextLocalization.
[2019.02.28-20.47.02:198][  0]LogInit: Setting process to per monitor DPI aware
[2019.02.28-20.47.02:273][  0]LogSlate: New Slate User Created.  User Index 0, Is Virtual User: 0
[2019.02.28-20.47.02:273][  0]LogSlate: Slate User Registered.  User Index 0, Is Virtual User: 0
[2019.02.28-20.47.04:678][  0]LogD3D11RHI: D3D11 adapters:
[2019.02.28-20.47.04:750][  0]LogD3D11RHI:    0. 'NVIDIA GeForce GTX 1080 Ti' (Feature Level 11_0)
[2019.02.28-20.47.04:750][  0]LogD3D11RHI:       11127/0/16359 MB DedicatedVideo/DedicatedSystem/SharedSystem, Outputs:1, VendorId:0x10de
[2019.02.28-20.47.04:752][  0]LogD3D11RHI:    1. 'Microsoft Basic Render Driver' (Feature Level 11_0)
[2019.02.28-20.47.04:752][  0]LogD3D11RHI:       0/0/16359 MB DedicatedVideo/DedicatedSystem/SharedSystem, Outputs:0, VendorId:0x1414
[2019.02.28-20.47.04:752][  0]LogD3D11RHI: Chosen D3D11 Adapter: 0
[2019.02.28-20.47.04:760][  0]LogD3D11RHI: Creating new Direct3DDevice
[2019.02.28-20.47.04:760][  0]LogD3D11RHI:     GPU DeviceId: 0x1b06 (for the marketing name, search the web for "GPU Device Id")
[2019.02.28-20.47.04:760][  0]LogWindows: EnumDisplayDevices:
[2019.02.28-20.47.04:761][  0]LogWindows:    0. 'NVIDIA GeForce GTX 1080 Ti' (P:1 D:1)
[2019.02.28-20.47.04:761][  0]LogWindows:    1. 'NVIDIA GeForce GTX 1080 Ti' (P:0 D:0)
[2019.02.28-20.47.04:761][  0]LogWindows:    2. 'NVIDIA GeForce GTX 1080 Ti' (P:0 D:0)
[2019.02.28-20.47.04:761][  0]LogWindows:    3. 'NVIDIA GeForce GTX 1080 Ti' (P:0 D:0)
[2019.02.28-20.47.04:761][  0]LogWindows: DebugString: FoundDriverCount:4 
[2019.02.28-20.47.04:761][  0]LogD3D11RHI:     Adapter Name: NVIDIA GeForce GTX 1080 Ti
[2019.02.28-20.47.04:762][  0]LogD3D11RHI:   Driver Version: 419.17 (internal:25.21.14.1917, unified:419.17)
[2019.02.28-20.47.04:762][  0]LogD3D11RHI:      Driver Date: 2-20-2019
[2019.02.28-20.47.04:762][  0]LogRHI: Texture pool is 7788 MB (70% of 11127 MB)
[2019.02.28-20.47.04:814][  0]LogD3D11RHI: Async texture creation enabled
[2019.02.28-20.47.04:834][  0]LogD3D11RHI: GPU Timing Frequency: 1000.000000 (Debug: 2 1)
[2019.02.28-20.47.05:258][  0]LogTemp: Display: Loaded TP AllDesktopTargetPlatform
[2019.02.28-20.47.05:277][  0]LogTemp: Display: Loaded TP MacClientTargetPlatform
[2019.02.28-20.47.05:295][  0]LogTemp: Display: Loaded TP MacNoEditorTargetPlatform
[2019.02.28-20.47.05:314][  0]LogTemp: Display: Loaded TP MacServerTargetPlatform
[2019.02.28-20.47.05:337][  0]LogTemp: Display: Loaded TP MacTargetPlatform
[2019.02.28-20.47.05:357][  0]LogTemp: Display: Loaded TP WindowsClientTargetPlatform
[2019.02.28-20.47.05:377][  0]LogTemp: Display: Loaded TP WindowsNoEditorTargetPlatform
[2019.02.28-20.47.05:396][  0]LogTemp: Display: Loaded TP WindowsServerTargetPlatform
[2019.02.28-20.47.05:406][  0]LogTemp: Display: Loaded TP WindowsTargetPlatform
[2019.02.28-20.47.05:517][  0]LogTemp: Display: Loaded TP AndroidTargetPlatform
[2019.02.28-20.47.05:517][  0]LogTemp: Display: Loaded TP AndroidTargetPlatform
[2019.02.28-20.47.05:517][  0]LogTemp: Display: Loaded TP AndroidTargetPlatform
[2019.02.28-20.47.05:517][  0]LogTemp: Display: Loaded TP AndroidTargetPlatform
[2019.02.28-20.47.05:517][  0]LogTemp: Display: Loaded TP AndroidTargetPlatform
[2019.02.28-20.47.05:517][  0]LogTemp: Display: Loaded TP AndroidTargetPlatform
[2019.02.28-20.47.05:517][  0]LogTemp: Display: Loaded TP AndroidTargetPlatform
[2019.02.28-20.47.05:517][  0]LogTemp: Display: Loaded TP AndroidTargetPlatform
[2019.02.28-20.47.05:517][  0]LogTemp: Display: Loaded TP AndroidTargetPlatform
[2019.02.28-20.47.05:517][  0]LogTemp: Display: Loaded TP AndroidTargetPlatform
[2019.02.28-20.47.05:517][  0]LogTemp: Display: Loaded TP AndroidTargetPlatform
[2019.02.28-20.47.05:517][  0]LogTemp: Display: Loaded TP AndroidTargetPlatform
[2019.02.28-20.47.05:517][  0]LogTemp: Display: Loaded TP AndroidTargetPlatform
[2019.02.28-20.47.05:517][  0]LogTemp: Display: Loaded TP AndroidTargetPlatform
[2019.02.28-20.47.05:517][  0]LogTemp: Display: Loaded TP AndroidTargetPlatform
[2019.02.28-20.47.05:517][  0]LogTemp: Display: Loaded TP AndroidTargetPlatform
[2019.02.28-20.47.05:517][  0]LogTemp: Display: Loaded TP AndroidTargetPlatform
[2019.02.28-20.47.05:517][  0]LogTemp: Display: Loaded TP AndroidTargetPlatform
[2019.02.28-20.47.05:520][  0]LogTemp: Display: Loaded TP HTML5TargetPlatform
[2019.02.28-20.47.05:602][  0]LogTemp: Display: Loaded TP IOSTargetPlatform
[2019.02.28-20.47.05:602][  0]LogTemp: Display: Loaded TP IOSTargetPlatform
[2019.02.28-20.47.05:634][  0]LogTemp: Display: Loaded TP TVOSTargetPlatform
[2019.02.28-20.47.05:634][  0]LogTemp: Display: Loaded TP TVOSTargetPlatform
[2019.02.28-20.47.05:651][  0]LogTemp: Display: Loaded TP LinuxClientTargetPlatform
[2019.02.28-20.47.05:669][  0]LogTemp: Display: Loaded TP LinuxNoEditorTargetPlatform
[2019.02.28-20.47.05:686][  0]LogTemp: Display: Loaded TP LinuxServerTargetPlatform
[2019.02.28-20.47.05:712][  0]LogTemp: Display: Loaded TP LinuxTargetPlatform
[2019.02.28-20.47.05:775][  0]LogTemp: Display: Loaded TP LuminTargetPlatform
[2019.02.28-20.47.05:775][  0]LogTemp: Display: Loaded TP LuminTargetPlatform
[2019.02.28-20.47.05:775][  0]LogTargetPlatformManager: Display: Building Assets For Windows
[2019.02.28-20.47.05:912][  0]LogShaderCompilers: Guid format shader working directory is 29 characters bigger than the processId version (E:/GitHub/cs461/PressVR/Intermediate/Shaders/WorkingDirectory/10060/).
[2019.02.28-20.47.05:912][  0]LogShaderCompilers: Cleaned the shader compiler working directory 'C:/Users/Stewart_Thor/AppData/Local/Temp/UnrealShaderWorkingDir/CA93C0C24EA8B71BC74157BA8F7C2BA4/'.
[2019.02.28-20.47.05:916][  0]LogXGEController: Cleaning working directory: C:/Users/Stewart_Thor/AppData/Local/Temp/UnrealXGEWorkingDir/
[2019.02.28-20.47.05:916][  0]LogXGEController: Cannot use XGE Controller as Incredibuild is not installed on this machine.
[2019.02.28-20.47.05:916][  0]LogShaderCompilers: Cannot use XGE Shader Compiler as Incredibuild is not installed on this machine.
[2019.02.28-20.47.05:916][  0]LogShaderCompilers: Display: Using Local Shader Compiler.
[2019.02.28-20.47.07:765][  0]LogDerivedDataCache: Display: Max Cache Size: 512 MB
[2019.02.28-20.47.07:958][  0]LogDerivedDataCache: Loaded boot cache 0.19s 72MB C:/Users/Stewart_Thor/AppData/Local/UnrealEngine/4.21/DerivedDataCache/Boot.ddc.
[2019.02.28-20.47.07:958][  0]LogDerivedDataCache: Display: Loaded Boot cache: C:/Users/Stewart_Thor/AppData/Local/UnrealEngine/4.21/DerivedDataCache/Boot.ddc
[2019.02.28-20.47.07:958][  0]LogDerivedDataCache: FDerivedDataBackendGraph:  Pak pak cache file E:/GitHub/cs461/PressVR/DerivedDataCache/DDC.ddp not found, will not use a pak cache.
[2019.02.28-20.47.07:958][  0]LogDerivedDataCache: Unable to find inner node Pak for hierarchical cache Hierarchy.
[2019.02.28-20.47.07:958][  0]LogDerivedDataCache: FDerivedDataBackendGraph:  CompressedPak pak cache file E:/GitHub/cs461/PressVR/DerivedDataCache/Compressed.ddp not found, will not use a pak cache.
[2019.02.28-20.47.07:958][  0]LogDerivedDataCache: Unable to find inner node CompressedPak for hierarchical cache Hierarchy.
[2019.02.28-20.47.07:982][  0]LogDerivedDataCache: Display: Pak cache opened for reading ../../../Engine/DerivedDataCache/Compressed.ddp.
[2019.02.28-20.47.07:992][  0]LogDerivedDataCache: Display: Pak cache opened for reading ../../../Enterprise/DerivedDataCache/Compressed.ddp.
[2019.02.28-20.47.08:005][  0]LogDerivedDataCache: Using Local data cache path C:/Users/Stewart_Thor/AppData/Local/UnrealEngine/Common/DerivedDataCache: Writable
[2019.02.28-20.47.08:005][  0]LogDerivedDataCache: Shared data cache path not found in *engine.ini, will not use an Shared cache.
[2019.02.28-20.47.08:005][  0]LogDerivedDataCache: Unable to find inner node Shared for hierarchical cache Hierarchy.
[2019.02.28-20.47.08:033][  0]LogMaterial: Verifying Global Shaders for PCD3D_SM5
[2019.02.28-20.47.08:038][  0]LogSlate: Using FreeType 2.6.0
[2019.02.28-20.47.08:055][  0]LogSlate: SlateFontServices - WITH_FREETYPE: 1, WITH_HARFBUZZ: 1
[2019.02.28-20.47.08:337][  0]LogAssetRegistry: FAssetRegistry took 0.0395 seconds to start up
[2019.02.28-20.47.08:768][  0]LogInit: Selected Device Profile: [Windows]
[2019.02.28-20.47.08:986][  0]LogSimplygon: Simplygon DLL not present - disabling.
[2019.02.28-20.47.09:000][  0]LogMeshReduction: Using SimplygonSwarm for distributed automatic mesh merging
[2019.02.28-20.47.09:000][  0]LogMeshReduction: Using ProxyLODMeshReduction for automatic mesh merging
[2019.02.28-20.47.09:001][  0]LogMeshReduction: Using QuadricMeshReduction for automatic static mesh reduction
[2019.02.28-20.47.09:001][  0]LogMeshReduction: No automatic skeletal mesh reduction module available
[2019.02.28-20.47.09:146][  0]LogNetVersion: PressVR 1.0.0, NetCL: 4541578, EngineNetVer: 5, GameNetVer: 0 (Checksum: 297391646)
[2019.02.28-20.47.10:872][  0]LogPackageLocalizationCache: Processed 14 localized package path(s) for 2 prioritized culture(s) in 0.289321 seconds
[2019.02.28-20.47.10:883][  0]LogUObjectArray: 39790 objects as part of root set at end of initial load.
[2019.02.28-20.47.10:883][  0]LogUObjectAllocator: 6917680 out of 0 bytes used by permanent object pool.
[2019.02.28-20.47.10:883][  0]LogUObjectArray: CloseDisregardForGC: 0/0 objects in disregard for GC pool
[2019.02.28-20.47.14:320][  0]LogSubstanceCoreModule: Substance [CPU] Engine Loaded, Max Texture Size = 2048
[2019.02.28-20.47.14:334][  0]LogTcpMessaging: Initializing TcpMessaging bridge
[2019.02.28-20.47.14:351][  0]LogUdpMessaging: Initializing bridge on interface 0.0.0.0:0 to multicast group 230.0.0.1:6666.
[2019.02.28-20.47.15:269][  0]SourceControl: Source control is disabled
[2019.02.28-20.47.15:269][  0]SourceControl: Source control is disabled
[2019.02.28-20.47.15:278][  0]SourceControl: Source control is disabled
[2019.02.28-20.47.15:281][  0]SourceControl: Source control is disabled
[2019.02.28-20.47.15:578][  0]LogAndroidPermission: UAndroidPermissionCallbackProxy::GetInstance
[2019.02.28-20.47.15:703][  0]LogOcInput: OculusInput pre-init called
[2019.02.28-20.47.17:860][  0]LogEngine: Initializing Engine...
[2019.02.28-20.47.17:862][  0]LogHMD: Oculus plugin initialized. Version: 4.21.2-4753647+++UE4+Release-4.21, OVRPlugin: 1.28.0
[2019.02.28-20.47.17:865][  0]LogStats: UGameplayTagsManager::ConstructGameplayTagTree: ImportINI prefixes -  0.000 s
[2019.02.28-20.47.17:865][  0]LogStats: UGameplayTagsManager::ConstructGameplayTagTree: Construct from data asset -  0.000 s
[2019.02.28-20.47.17:866][  0]LogStats: UGameplayTagsManager::ConstructGameplayTagTree: ImportINI -  0.000 s
[2019.02.28-20.47.17:866][  0]LogStats: UGameplayTagsManager::ConstructGameplayTagTree: GameplayTagTreeChangedEvent.Broadcast -  0.000 s
[2019.02.28-20.47.18:314][  0]LogInit: Initializing FReadOnlyCVARCache
[2019.02.28-20.47.18:351][  0]LogAIModule: Creating AISystem for world Untitled
[2019.02.28-20.47.18:381][  0]LogInit: XAudio2 using 'Speakers (Realtek High Definition Audio)' : 2 channels at 48 kHz using 32 bits per sample (channel mask 0x3)
[2019.02.28-20.47.18:427][  0]LogInit: FAudioDevice initialized.
[2019.02.28-20.47.18:427][  0]LogNetVersion: Set ProjectVersion to 1.0.0.0. Version Checksum will be recalculated on next use.
[2019.02.28-20.47.18:511][  0]LogDerivedDataCache: Saved boot cache 0.08s 72MB C:/Users/Stewart_Thor/AppData/Local/UnrealEngine/4.21/DerivedDataCache/Boot.ddc.
[2019.02.28-20.47.18:526][  0]LogInit: Texture streaming: Enabled
[2019.02.28-20.47.18:564][  0]LogEngineSessionManager: EngineSessionManager initialized
[2019.02.28-20.47.18:564][  0]LogEngineSessionManager: EngineSessionManager sent abnormal shutdown report. Type=Crashed, SessionId={B1A55E9B-4AE5-8D95-B003-5A80AE01B650}
[2019.02.28-20.47.18:586][  0]LogInit: Transaction tracking system initialized
[2019.02.28-20.47.18:638][  0]BlueprintLog: New page: Editor Load
[2019.02.28-20.47.18:820][  0]LocalizationService: Localization service is disabled
[2019.02.28-20.47.19:159][  0]LogLinker: Warning: Can't find file '/Game/ThirdPersonBP/ThirdPersonOverview'
[2019.02.28-20.47.19:160][  0]LogLinker: Warning: Can't find file '/Game/ThirdPersonBP/ThirdPersonOverview'
[2019.02.28-20.47.19:160][  0]LogUObjectGlobals: Warning: Failed to find object 'Class /Game/ThirdPersonBP/ThirdPersonOverview.ThirdPersonOverview_C'
[2019.02.28-20.47.20:187][  0]LogFileCache: Scanning file cache for directory 'E:/GitHub/cs461/PressVR/Content/' took 0.02s
[2019.02.28-20.47.20:187][  0]LogCook: Display: Max memory allowance for cook 16384mb min free memory 0mb
[2019.02.28-20.47.20:187][  0]LogCook: Display: Mobile HDR setting 1
[2019.02.28-20.47.20:187][  0]LogGameplayTags: Display: UGameplayTagsManager::DoneAddingNativeTags. DelegateIsBound: 0
[2019.02.28-20.47.20:187][  0]LogStats: UGameplayTagsManager::ConstructGameplayTagTree: ImportINI prefixes -  0.000 s
[2019.02.28-20.47.20:187][  0]LogStats: UGameplayTagsManager::ConstructGameplayTagTree: Construct from data asset -  0.000 s
[2019.02.28-20.47.20:187][  0]LogStats: UGameplayTagsManager::ConstructGameplayTagTree: ImportINI -  0.000 s
[2019.02.28-20.47.20:187][  0]LogStats: UGameplayTagsManager::ConstructGameplayTagTree: GameplayTagTreeChangedEvent.Broadcast -  0.000 s
[2019.02.28-20.47.22:066][  0]SourceControl: Source control is disabled
[2019.02.28-20.47.22:179][  0]LogSlate: Took 0.007439 seconds to synchronously load lazily loaded font '../../../Engine/Content/Slate/Fonts/Roboto-Regular.ttf' (155K)
[2019.02.28-20.47.39:153][  0]LogSlate: Window 'Restore Packages' being destroyed
[2019.02.28-20.47.39:153][  0]LogWindowsTextInputMethodSystem: Display: IME system now deactivated.
[2019.02.28-20.47.39:164][  0]LogWindowsTextInputMethodSystem: Display: IME system now deactivated.
[2019.02.28-20.47.42:341][  0]LogSlate: Window 'Unable to Check Out From Source Control!' being destroyed
[2019.02.28-20.47.42:342][  0]LogWindowsTextInputMethodSystem: Display: IME system now deactivated.
[2019.02.28-20.47.42:705][  0]LogWindowsTextInputMethodSystem: Display: IME system now deactivated.
[2019.02.28-20.47.42:707][  0]Cmd: MAP LOAD FILE="E:/GitHub/cs461/PressVR/Content/VirtualRealityBP/Maps/MainMap.umap" TEMPLATE=0 SHOWPROGRESS=1 FEATURELEVEL=3
[2019.02.28-20.47.42:708][  0]LightingResults: New page: Lighting Build
[2019.02.28-20.47.42:716][  0]MapCheck: New page: Map Check
[2019.02.28-20.47.42:716][  0]LightingResults: New page: Lighting Build
[2019.02.28-20.47.57:858][  0]LogMaterial: Display: Missing cached shader map for material Roll_Mat, compiling. 
[2019.02.28-20.47.57:859][  0]LogMaterial: Warning: E:\GitHub\cs461\PressVR\Content\Textures\Roll_Mat.uasset: Failed to compile Material for platform PCD3D_SM5, Default Material will be used in game.
[2019.02.28-20.47.57:859][  0]LogMaterial: 	(Node TextureSample) TextureSample> Sampler type is Color, should be Linear Color for /Game/Textures/Roll.Roll
[2019.02.28-20.47.58:193][  0]LogAIModule: Creating AISystem for world MainMap
[2019.02.28-20.47.58:215][  0]LogPhysics: Warning: PopulatePhysXGeometryAndTransform(Convex): ConvexElem has invalid transform
[2019.02.28-20.47.58:215][  0]LogPhysics: Warning: ForeachShape(Convex): ScaledElem[0] invalid
[2019.02.28-20.47.58:215][  0]LogPhysics: Warning: PopulatePhysXGeometryAndTransform(Convex): ConvexElem has invalid transform
[2019.02.28-20.47.58:215][  0]LogPhysics: Warning: ForeachShape(Convex): ScaledElem[0] invalid
[2019.02.28-20.47.58:215][  0]LogPhysics: Warning: PopulatePhysXGeometryAndTransform(Convex): ConvexElem has invalid transform
[2019.02.28-20.47.58:215][  0]LogPhysics: Warning: ForeachShape(Convex): ScaledElem[0] invalid
[2019.02.28-20.47.58:258][  0]LogPrimitiveComponent: Warning: CreateDynamicMaterialInstance on /Game/VirtualRealityBP/Maps/MainMap.MainMap:PersistentLevel.BP_Emergency_Stop_Button2_6.EmergencyButtonButton: Material index 2 is invalid.
[2019.02.28-20.47.58:258][  0]LogScript: Warning: Accessed None trying to read property Button light material
	BP_Emergency_Stop_Button_C /Game/VirtualRealityBP/Maps/MainMap.MainMap:PersistentLevel.BP_Emergency_Stop_Button2_6
	Function /Game/ExampleContent/Blueprint_Communication/Blueprints/BP_Emergency_Stop_Button.BP_Emergency_Stop_Button_C:UserConstructionScript:0065
[2019.02.28-20.47.58:260][  0]LogPrimitiveComponent: Warning: CreateDynamicMaterialInstance on /Game/VirtualRealityBP/Maps/MainMap.MainMap:PersistentLevel.BP_Emergency_Stop_Button3_9.EmergencyButtonButton: Material index 2 is invalid.
[2019.02.28-20.47.58:260][  0]LogScript: Warning: Accessed None trying to read property Button light material
	BP_Emergency_Stop_Button_C /Game/VirtualRealityBP/Maps/MainMap.MainMap:PersistentLevel.BP_Emergency_Stop_Button3_9
	Function /Game/ExampleContent/Blueprint_Communication/Blueprints/BP_Emergency_Stop_Button.BP_Emergency_Stop_Button_C:UserConstructionScript:0065
[2019.02.28-20.47.58:261][  0]LogPrimitiveComponent: Warning: CreateDynamicMaterialInstance on /Game/VirtualRealityBP/Maps/MainMap.MainMap:PersistentLevel.BP_Emergency_Stop_Button4_12.EmergencyButtonButton: Material index 2 is invalid.
[2019.02.28-20.47.58:261][  0]LogScript: Warning: Accessed None trying to read property Button light material
	BP_Emergency_Stop_Button_C /Game/VirtualRealityBP/Maps/MainMap.MainMap:PersistentLevel.BP_Emergency_Stop_Button4_12
	Function /Game/ExampleContent/Blueprint_Communication/Blueprints/BP_Emergency_Stop_Button.BP_Emergency_Stop_Button_C:UserConstructionScript:0065
[2019.02.28-20.47.58:262][  0]LogPrimitiveComponent: Warning: CreateDynamicMaterialInstance on /Game/VirtualRealityBP/Maps/MainMap.MainMap:PersistentLevel.BP_Emergency_Stop_Button_3.EmergencyButtonButton: Material index 2 is invalid.
[2019.02.28-20.47.58:262][  0]LogScript: Warning: Accessed None trying to read property Button light material
	BP_Emergency_Stop_Button_C /Game/VirtualRealityBP/Maps/MainMap.MainMap:PersistentLevel.BP_Emergency_Stop_Button_3
	Function /Game/ExampleContent/Blueprint_Communication/Blueprints/BP_Emergency_Stop_Button.BP_Emergency_Stop_Button_C:UserConstructionScript:0065
[2019.02.28-20.47.58:269][  0]LogEditorServer: Finished looking for orphan Actors (0.000 secs)
[2019.02.28-20.47.58:323][  0]Cmd: MAP CHECKDEP NOCLEARLOG
[2019.02.28-20.47.58:324][  0]MapCheck: Map check complete: 0 Error(s), 0 Warning(s), took 0.186ms to complete.
[2019.02.28-20.47.58:324][  0]LogFileHelpers: Loading map 'MainMap' took 15.618
[2019.02.28-20.47.58:415][  0]LogSlate: Updating window title bar state: overlay mode, drag disabled, window buttons hidden, title bar hidden
[2019.02.28-20.47.58:424][  0]LogSlate: Updating window title bar state: overlay mode, drag disabled, window buttons hidden, title bar hidden
[2019.02.28-20.47.58:433][  0]LogSlate: Updating window title bar state: overlay mode, drag disabled, window buttons hidden, title bar hidden
[2019.02.28-20.47.58:442][  0]LogSlate: Updating window title bar state: overlay mode, drag disabled, window buttons hidden, title bar hidden
[2019.02.28-20.47.58:461][  0]LogCollectionManager: Loaded 0 collections in 0.002413 seconds
[2019.02.28-20.47.58:513][  0]LogFileCache: Scanning file cache for directory 'E:/GitHub/cs461/PressVR/Saved/Collections/' took 0.01s
[2019.02.28-20.47.58:513][  0]LogFileCache: Scanning file cache for directory 'E:/GitHub/cs461/PressVR/Content/Developers/StewartThor/Collections/' took 0.01s
[2019.02.28-20.47.58:513][  0]LogFileCache: Scanning file cache for directory 'E:/GitHub/cs461/PressVR/Content/Collections/' took 0.01s
[2019.02.28-20.47.58:513][  0]LogCollectionManager: Rebuilt the GUID cache for 0 collections in 0.000000 seconds
[2019.02.28-20.47.58:526][  0]LogContentBrowser: Native class hierarchy populated in 0.0126 seconds. Added 2724 classes and 662 folders.
[2019.02.28-20.47.58:541][  0]LogContentBrowser: Native class hierarchy updated for 'WidgetCarousel' in 0.0003 seconds. Added 0 classes and 0 folders.
[2019.02.28-20.47.58:551][  0]LogPakFile: Registered encryption key '00000000000000000000000000000000': 0 pak files mounted, 0 remain pending
[2019.02.28-20.47.58:560][  0]LogPakFile: Registered encryption key '00000000000000000000000000000000': 0 pak files mounted, 0 remain pending
[2019.02.28-20.47.58:592][  0]LogPakFile: Registered encryption key '00000000000000000000000000000000': 0 pak files mounted, 0 remain pending
[2019.02.28-20.47.58:599][  0]LogPakFile: Registered encryption key '00000000000000000000000000000000': 0 pak files mounted, 0 remain pending
[2019.02.28-20.47.58:605][  0]LogPakFile: Registered encryption key '00000000000000000000000000000000': 0 pak files mounted, 0 remain pending
[2019.02.28-20.47.58:611][  0]LogPakFile: Registered encryption key '00000000000000000000000000000000': 0 pak files mounted, 0 remain pending
[2019.02.28-20.47.58:617][  0]LogPakFile: Registered encryption key '00000000000000000000000000000000': 0 pak files mounted, 0 remain pending
[2019.02.28-20.47.58:623][  0]LogPakFile: Registered encryption key '00000000000000000000000000000000': 0 pak files mounted, 0 remain pending
[2019.02.28-20.47.58:631][  0]LogPakFile: Registered encryption key '00000000000000000000000000000000': 0 pak files mounted, 0 remain pending
[2019.02.28-20.47.58:638][  0]LogPakFile: Registered encryption key '00000000000000000000000000000000': 0 pak files mounted, 0 remain pending
[2019.02.28-20.47.58:644][  0]LogPakFile: Registered encryption key '00000000000000000000000000000000': 0 pak files mounted, 0 remain pending
[2019.02.28-20.47.58:650][  0]LogPakFile: Registered encryption key '00000000000000000000000000000000': 0 pak files mounted, 0 remain pending
[2019.02.28-20.47.58:657][  0]LogPakFile: Registered encryption key '00000000000000000000000000000000': 0 pak files mounted, 0 remain pending
[2019.02.28-20.47.58:664][  0]LogPakFile: Registered encryption key '00000000000000000000000000000000': 0 pak files mounted, 0 remain pending
[2019.02.28-20.47.58:670][  0]LogPakFile: Registered encryption key '00000000000000000000000000000000': 0 pak files mounted, 0 remain pending
[2019.02.28-20.47.58:676][  0]LogPakFile: Registered encryption key '00000000000000000000000000000000': 0 pak files mounted, 0 remain pending
[2019.02.28-20.47.58:716][  0]LogPakFile: Registered encryption key '00000000000000000000000000000000': 0 pak files mounted, 0 remain pending
[2019.02.28-20.47.58:722][  0]LogPakFile: Registered encryption key '00000000000000000000000000000000': 0 pak files mounted, 0 remain pending
[2019.02.28-20.47.58:728][  0]LogPakFile: Registered encryption key '00000000000000000000000000000000': 0 pak files mounted, 0 remain pending
[2019.02.28-20.47.58:735][  0]LogPakFile: Registered encryption key '00000000000000000000000000000000': 0 pak files mounted, 0 remain pending
[2019.02.28-20.47.58:786][  0]LogPakFile: Registered encryption key '00000000000000000000000000000000': 0 pak files mounted, 0 remain pending
[2019.02.28-20.47.58:792][  0]LogPakFile: Registered encryption key '00000000000000000000000000000000': 0 pak files mounted, 0 remain pending
[2019.02.28-20.47.58:799][  0]LogPakFile: Registered encryption key '00000000000000000000000000000000': 0 pak files mounted, 0 remain pending
[2019.02.28-20.47.58:805][  0]LogPakFile: Registered encryption key '00000000000000000000000000000000': 0 pak files mounted, 0 remain pending
[2019.02.28-20.47.58:811][  0]LogPakFile: Registered encryption key '00000000000000000000000000000000': 0 pak files mounted, 0 remain pending
[2019.02.28-20.47.58:816][  0]LogPakFile: Registered encryption key '00000000000000000000000000000000': 0 pak files mounted, 0 remain pending
[2019.02.28-20.47.58:822][  0]LogPakFile: Registered encryption key '00000000000000000000000000000000': 0 pak files mounted, 0 remain pending
[2019.02.28-20.47.58:829][  0]LogPakFile: Registered encryption key '00000000000000000000000000000000': 0 pak files mounted, 0 remain pending
[2019.02.28-20.47.59:002][  0]LogContentBrowser: Native class hierarchy updated for 'AddContentDialog' in 0.0003 seconds. Added 0 classes and 0 folders.
[2019.02.28-20.47.59:014][  0]LogContentBrowser: Native class hierarchy updated for 'SceneOutliner' in 0.0003 seconds. Added 1 classes and 2 folders.
[2019.02.28-20.47.59:119][  0]LogSlate: Took 0.006459 seconds to synchronously load lazily loaded font '../../../Engine/Content/Slate/Fonts/Roboto-Bold.ttf' (160K)
[2019.02.28-20.47.59:130][  0]LogSlate: Took 0.006416 seconds to synchronously load lazily loaded font '../../../Engine/Content/Editor/Slate/Fonts/FontAwesome.ttf' (139K)
[2019.02.28-20.47.59:262][  0]LogRenderer: Reallocating scene render targets to support 1500x616 Format 26 NumSamples 1 (Frame:1).
[2019.02.28-20.47.59:498][  0]LogContentBrowser: Native class hierarchy updated for 'HierarchicalLODOutliner' in 0.0003 seconds. Added 0 classes and 0 folders.
[2019.02.28-20.47.59:499][  0]LogLoad: (Engine Initialization) Total time: 63.37 seconds
[2019.02.28-20.47.59:499][  0]LogLoad: (Engine Initialization) Total Blueprint compile time: 0.00 seconds
[2019.02.28-20.47.59:510][  0]LogOcInput: OculusInput is initialized
[2019.02.28-20.47.59:578][  0]LogContentStreaming: Texture pool size now 1000 MB
[2019.02.28-20.47.59:640][  1]LogSubstanceLiveLink: Warning: Unable to send data along socket, closing connection
[2019.02.28-20.48.00:093][  5]LogAssetRegistry: Asset discovery search completed in 51.7786 seconds
[2019.02.28-20.48.00:095][  5]LogCollectionManager: Rebuilt the object cache for 0 collections in 0.000000 seconds (found 0 objects)
[2019.02.28-20.48.00:095][  5]LogCollectionManager: Fixed up redirectors for 0 collections in 0.000048 seconds (updated 0 objects)
[2019.02.28-20.48.00:550][ 31]LogSlate: Took 0.006371 seconds to synchronously load lazily loaded font '../../../Engine/Content/Slate/Fonts/Roboto-Light.ttf' (167K)
[2019.02.28-20.48.39:053][337]LogSlate: Window 'PressVR - Unreal Editor' being destroyed
[2019.02.28-20.48.39:054][337]LogWindowsTextInputMethodSystem: Display: IME system now deactivated.
[2019.02.28-20.48.39:251][338]Cmd: QUIT_EDITOR
[2019.02.28-20.48.39:288][338]LogExit: Preparing to exit.
[2019.02.28-20.48.40:502][338]LogExit: Editor shut down
[2019.02.28-20.48.40:503][338]LogExit: Transaction tracking system shut down
[2019.02.28-20.48.40:808][338]LogExit: Object subsystem successfully closed.
[2019.02.28-20.48.40:845][338]LogShaderCompilers: Display: Shaders left to compile 0
[2019.02.28-20.48.40:851][338]LogD3D11RHI: Shutdown
[2019.02.28-20.48.40:851][338]LogD3D11RHI: CleanupD3DDevice
[2019.02.28-20.48.40:854][338]LogD3D11RHI: ~FD3D11DynamicRHI
[2019.02.28-20.48.40:888][338]LogModuleManager: Shutting down and abandoning module HierarchicalLODOutliner (656)
[2019.02.28-20.48.40:888][338]LogModuleManager: Shutting down and abandoning module SceneOutliner (654)
[2019.02.28-20.48.40:888][338]LogModuleManager: Shutting down and abandoning module AddContentDialog (652)
[2019.02.28-20.48.40:889][338]LogModuleManager: Shutting down and abandoning module WidgetCarousel (651)
[2019.02.28-20.48.40:889][338]LogModuleManager: Shutting down and abandoning module EditorWidgets (648)
[2019.02.28-20.48.40:889][338]LogModuleManager: Shutting down and abandoning module CollectionManager (646)
[2019.02.28-20.48.40:890][338]LogModuleManager: Shutting down and abandoning module StatsViewer (644)
[2019.02.28-20.48.40:890][338]LogModuleManager: Shutting down and abandoning module FoliageEdit (642)
[2019.02.28-20.48.40:890][338]LogModuleManager: Shutting down and abandoning module LandscapeEditor (640)
[2019.02.28-20.48.40:891][338]LogModuleManager: Shutting down and abandoning module MeshPaintMode (638)
[2019.02.28-20.48.40:891][338]LogModuleManager: Shutting down and abandoning module SceneDepthPickerMode (636)
[2019.02.28-20.48.40:891][338]LogModuleManager: Shutting down and abandoning module ActorPickerMode (634)
[2019.02.28-20.48.40:891][338]LogModuleManager: Shutting down and abandoning module GeometryMode (632)
[2019.02.28-20.48.40:891][338]LogModuleManager: Shutting down and abandoning module TextureAlignMode (630)
[2019.02.28-20.48.40:891][338]LogModuleManager: Shutting down and abandoning module BspMode (628)
[2019.02.28-20.48.40:891][338]LogModuleManager: Shutting down and abandoning module PIEPreviewDeviceProfileSelector (626)
[2019.02.28-20.48.40:891][338]LogModuleManager: Shutting down and abandoning module SequenceRecorderSections (624)
[2019.02.28-20.48.40:891][338]LogModuleManager: Shutting down and abandoning module AutomationWorker (622)
[2019.02.28-20.48.40:891][338]LogModuleManager: Shutting down and abandoning module DatasmithFBXImporter (620)
[2019.02.28-20.48.40:891][338]LogModuleManager: Shutting down and abandoning module DatasmithDeltaGenImporter (618)
[2019.02.28-20.48.40:891][338]LogModuleManager: Shutting down and abandoning module DatasmithVREDImporter (616)
[2019.02.28-20.48.40:891][338]LogModuleManager: Shutting down and abandoning module AudioCaptureEditor (614)
[2019.02.28-20.48.40:891][338]LogModuleManager: Shutting down and abandoning module MatineeToLevelSequence (612)
[2019.02.28-20.48.40:891][338]LogModuleManager: Shutting down and abandoning module LevelSequenceEditor (610)
[2019.02.28-20.48.40:891][338]LogModuleManager: Shutting down and abandoning module PlacementMode (609)
[2019.02.28-20.48.40:891][338]LogModuleManager: Shutting down and abandoning module MaterialEditor (608)
[2019.02.28-20.48.40:892][338]LogModuleManager: Shutting down and abandoning module WmfMediaFactory (604)
[2019.02.28-20.48.40:892][338]LogModuleManager: Shutting down and abandoning module WmfMediaEditor (602)
[2019.02.28-20.48.40:892][338]LogModuleManager: Shutting down and abandoning module WebMMediaFactory (600)
[2019.02.28-20.48.40:892][338]LogModuleManager: Shutting down and abandoning module WebMMediaEditor (598)
[2019.02.28-20.48.40:892][338]LogModuleManager: Shutting down and abandoning module WebMMedia (596)
[2019.02.28-20.48.40:892][338]LogModuleManager: Shutting down and abandoning module MediaPlayerEditor (594)
[2019.02.28-20.48.40:892][338]LogModuleManager: Shutting down and abandoning module MediaCompositingEditor (592)
[2019.02.28-20.48.40:892][338]LogModuleManager: Shutting down and abandoning module SequenceRecorder (591)
[2019.02.28-20.48.40:893][338]LogModuleManager: Shutting down and abandoning module OpenExrWrapper (588)
[2019.02.28-20.48.40:893][338]LogModuleManager: Shutting down and abandoning module ImgMediaFactory (586)
[2019.02.28-20.48.40:893][338]LogModuleManager: Shutting down and abandoning module ImgMediaEditor (584)
[2019.02.28-20.48.40:893][338]LogModuleManager: Shutting down and abandoning module AvfMediaFactory (582)
[2019.02.28-20.48.40:893][338]LogModuleManager: Shutting down and abandoning module AvfMediaEditor (580)
[2019.02.28-20.48.40:893][338]LogModuleManager: Shutting down and abandoning module AndroidMediaFactory (578)
[2019.02.28-20.48.40:893][338]LogModuleManager: Shutting down and abandoning module AndroidMediaEditor (576)
[2019.02.28-20.48.40:893][338]LogModuleManager: Shutting down and abandoning module MagicLeapCameraPreviewFactory (574)
[2019.02.28-20.48.40:893][338]LogModuleManager: Shutting down and abandoning module MagicLeapMediaFactory (572)
[2019.02.28-20.48.40:893][338]LogModuleManager: Shutting down and abandoning module MagicLeapMediaEditor (570)
[2019.02.28-20.48.40:893][338]LogModuleManager: Shutting down and abandoning module CharacterAI (568)
[2019.02.28-20.48.40:893][338]LogModuleManager: Shutting down and abandoning module SmartSnapping (566)
[2019.02.28-20.48.40:893][338]LogModuleManager: Shutting down and abandoning module SessionServices (564)
[2019.02.28-20.48.40:893][338]LogModuleManager: Shutting down and abandoning module ViewportSnapping (562)
[2019.02.28-20.48.40:893][338]LogModuleManager: Shutting down and abandoning module ViewportInteraction (560)
[2019.02.28-20.48.40:893][338]LogModuleManager: Shutting down and abandoning module ClothPainter (558)
[2019.02.28-20.48.40:893][338]LogModuleManager: Shutting down and abandoning module SkeletalMeshEditor (557)
[2019.02.28-20.48.40:894][338]LogModuleManager: Shutting down and abandoning module LogVisualizer (554)
[2019.02.28-20.48.40:894][338]LogModuleManager: Shutting down and abandoning module IntroTutorials (552)
[2019.02.28-20.48.40:894][338]LogModuleManager: Shutting down and abandoning module GameProjectGeneration (551)
[2019.02.28-20.48.40:895][338]LogModuleManager: Shutting down and abandoning module LuminPlatformEditor (548)
[2019.02.28-20.48.40:895][338]LogModuleManager: Shutting down and abandoning module IOSPlatformEditor (546)
[2019.02.28-20.48.40:895][338]LogModuleManager: Shutting down and abandoning module HTML5PlatformEditor (544)
[2019.02.28-20.48.40:895][338]LogModuleManager: Shutting down and abandoning module AndroidPlatformEditor (542)
[2019.02.28-20.48.40:895][338]LogModuleManager: Shutting down and abandoning module AndroidDeviceDetection (541)
[2019.02.28-20.48.41:160][338]LogModuleManager: Shutting down and abandoning module WindowsPlatformEditor (538)
[2019.02.28-20.48.41:160][338]LogModuleManager: Shutting down and abandoning module LuminRuntimeSettings (536)
[2019.02.28-20.48.41:160][338]LogModuleManager: Shutting down and abandoning module IOSRuntimeSettings (534)
[2019.02.28-20.48.41:160][338]LogModuleManager: Shutting down and abandoning module AndroidRuntimeSettings (532)
[2019.02.28-20.48.41:160][338]LogModuleManager: Shutting down and abandoning module TimeManagementEditor (530)
[2019.02.28-20.48.41:160][338]LogModuleManager: Shutting down and abandoning module InputBindingEditor (528)
[2019.02.28-20.48.41:160][338]LogModuleManager: Shutting down and abandoning module MergeActors (526)
[2019.02.28-20.48.41:160][338]LogModuleManager: Shutting down and abandoning module LocalizationDashboard (524)
[2019.02.28-20.48.41:160][338]LogModuleManager: Shutting down and abandoning module LocalizationService (523)
[2019.02.28-20.48.41:160][338]LogModuleManager: Shutting down and abandoning module HardwareTargeting (520)
[2019.02.28-20.48.41:160][338]LogModuleManager: Shutting down and abandoning module DeviceProfileEditor (518)
[2019.02.28-20.48.41:160][338]LogModuleManager: Shutting down and abandoning module UndoHistory (516)
[2019.02.28-20.48.41:161][338]LogModuleManager: Shutting down and abandoning module XmlParser (514)
[2019.02.28-20.48.41:161][338]LogModuleManager: Shutting down and abandoning module Blutility (512)
[2019.02.28-20.48.41:161][338]LogModuleManager: Shutting down and abandoning module ProjectSettingsViewer (510)
[2019.02.28-20.48.41:161][338]LogModuleManager: Shutting down and abandoning module ProjectTargetPlatformEditor (509)
[2019.02.28-20.48.41:161][338]LogModuleManager: Shutting down and abandoning module EditorSettingsViewer (506)
[2019.02.28-20.48.41:161][338]LogModuleManager: Shutting down and abandoning module SettingsEditor (504)
[2019.02.28-20.48.41:161][338]LogModuleManager: Shutting down and abandoning module ProjectLauncher (502)
[2019.02.28-20.48.41:161][338]LogModuleManager: Shutting down and abandoning module SessionFrontend (500)
[2019.02.28-20.48.41:161][338]LogModuleManager: Shutting down and abandoning module ProfilerClient (498)
[2019.02.28-20.48.41:161][338]LogModuleManager: Shutting down and abandoning module DeviceManager (496)
[2019.02.28-20.48.41:161][338]LogModuleManager: Shutting down and abandoning module TargetDeviceServices (495)
[2019.02.28-20.48.41:227][338]LogModuleManager: Shutting down and abandoning module AutomationController (492)
[2019.02.28-20.48.41:227][338]LogModuleManager: Shutting down and abandoning module AutomationWindow (490)
[2019.02.28-20.48.41:227][338]LogModuleManager: Shutting down and abandoning module Layers (488)
[2019.02.28-20.48.41:228][338]LogModuleManager: Shutting down and abandoning module ComponentVisualizers (486)
[2019.02.28-20.48.41:228][338]LogModuleManager: Shutting down and abandoning module DetailCustomizations (484)
[2019.02.28-20.48.41:229][338]LogModuleManager: Shutting down and abandoning module PackagesDialog (482)
[2019.02.28-20.48.41:229][338]LogModuleManager: Shutting down and abandoning module Persona (480)
[2019.02.28-20.48.41:229][338]LogModuleManager: Shutting down and abandoning module AnimGraph (479)
[2019.02.28-20.48.41:229][338]LogModuleManager: Shutting down and abandoning module Kismet (476)
[2019.02.28-20.48.41:230][338]LogModuleManager: Shutting down and abandoning module GraphEditor (474)
[2019.02.28-20.48.41:231][338]LogModuleManager: Shutting down and abandoning module ClassViewer (472)
[2019.02.28-20.48.41:231][338]LogModuleManager: Shutting down and abandoning module Toolbox (470)
[2019.02.28-20.48.41:231][338]LogModuleManager: Shutting down and abandoning module ModuleUI (468)
[2019.02.28-20.48.41:231][338]LogModuleManager: Shutting down and abandoning module MovieSceneTools (466)
[2019.02.28-20.48.41:231][338]LogModuleManager: Shutting down and abandoning module OutputLog (464)
[2019.02.28-20.48.41:231][338]LogModuleManager: Shutting down and abandoning module GammaUI (462)
[2019.02.28-20.48.41:232][338]LogModuleManager: Shutting down and abandoning module Documentation (460)
[2019.02.28-20.48.41:232][338]LogModuleManager: Shutting down and abandoning module MovieSceneTracks (458)
[2019.02.28-20.48.41:232][338]LogModuleManager: Shutting down and abandoning module MovieScene (456)
[2019.02.28-20.48.41:232][338]LogModuleManager: Shutting down and abandoning module StreamingPauseRendering (454)
[2019.02.28-20.48.41:232][338]LogModuleManager: Shutting down and abandoning module LauncherPlatform (452)
[2019.02.28-20.48.41:232][338]LogModuleManager: Shutting down and abandoning module AnalyticsET (450)
[2019.02.28-20.48.41:232][338]LogModuleManager: Shutting down and abandoning module PortalServices (448)
[2019.02.28-20.48.41:232][338]LogModuleManager: Shutting down and abandoning module PortalRpc (446)
[2019.02.28-20.48.41:232][338]LogModuleManager: Shutting down and abandoning module MessagingRpc (444)
[2019.02.28-20.48.41:232][338]LogModuleManager: Shutting down and abandoning module AIModule (442)
[2019.02.28-20.48.41:232][338]LogModuleManager: Shutting down and abandoning module GameplayDebugger (441)
[2019.02.28-20.48.41:232][338]LogModuleManager: Shutting down and abandoning module AITestSuite (439)
[2019.02.28-20.48.41:232][338]LogModuleManager: Shutting down and abandoning module NavigationSystem (437)
[2019.02.28-20.48.41:232][338]LogModuleManager: Shutting down and abandoning module DesktopPlatform (434)
[2019.02.28-20.48.41:232][338]LogModuleManager: Shutting down and abandoning module ImageWriteQueue (432)
[2019.02.28-20.48.41:236][338]LogModuleManager: Shutting down and abandoning module ProfilerService (430)
[2019.02.28-20.48.41:263][338]LogModuleManager: Shutting down and abandoning module TaskGraph (428)
[2019.02.28-20.48.41:263][338]LogModuleManager: Shutting down and abandoning module DatasmithCADImporter (426)
[2019.02.28-20.48.41:263][338]LogModuleManager: Shutting down and abandoning module SubstanceLiveLink (424)
[2019.02.28-20.48.41:263][338]LogModuleManager: Shutting down and abandoning module SubstanceSource (422)
[2019.02.28-20.48.41:264][338]LogModuleManager: Shutting down and abandoning module SubstanceEditor (420)
[2019.02.28-20.48.41:264][338]LogModuleManager: Shutting down and abandoning module VariantManager (418)
[2019.02.28-20.48.41:264][338]LogModuleManager: Shutting down and abandoning module StaticMeshEditorExtension (416)
[2019.02.28-20.48.41:264][338]LogModuleManager: Shutting down and abandoning module StaticMeshEditor (415)
[2019.02.28-20.48.41:265][338]LogModuleManager: Shutting down and abandoning module AdvancedPreviewScene (414)
[2019.02.28-20.48.41:265][338]LogModuleManager: Shutting down and abandoning module MeshProcessingLibrary (411)
[2019.02.28-20.48.41:265][338]LogModuleManager: Shutting down and abandoning module MDLImporter (408)
[2019.02.28-20.48.41:265][338]LogModuleManager: Shutting down and abandoning module DatasmithImporter (406)
[2019.02.28-20.48.41:265][338]LogModuleManager: Shutting down and abandoning module SteamVRController (404)
[2019.02.28-20.48.41:265][338]LogModuleManager: Shutting down and abandoning module ProceduralMeshComponentEditor (402)
[2019.02.28-20.48.41:265][338]LogModuleManager: Shutting down and abandoning module ProceduralMeshComponent (400)
[2019.02.28-20.48.41:265][338]LogModuleManager: Shutting down and abandoning module OculusInput (398)
[2019.02.28-20.48.41:265][338]LogModuleManager: Shutting down and abandoning module MobilePatchingUtils (396)
[2019.02.28-20.48.41:265][338]LogModuleManager: Shutting down and abandoning module EditableMesh (394)
[2019.02.28-20.48.41:265][338]LogModuleManager: Shutting down and abandoning module CustomMeshComponent (392)
[2019.02.28-20.48.41:265][338]LogModuleManager: Shutting down and abandoning module CableComponent (390)
[2019.02.28-20.48.41:265][338]LogModuleManager: Shutting down and abandoning module AudioCapture (388)
[2019.02.28-20.48.41:265][338]LogModuleManager: Shutting down and abandoning module ArchVisCharacter (386)
[2019.02.28-20.48.41:265][338]LogModuleManager: Shutting down and abandoning module AndroidPermission (384)
[2019.02.28-20.48.41:265][338]LogModuleManager: Shutting down and abandoning module NUTUnrealEngine4 (382)
[2019.02.28-20.48.41:266][338]LogModuleManager: Shutting down and abandoning module NetcodeUnitTest (380)
[2019.02.28-20.48.41:266][338]LogModuleManager: Shutting down and abandoning module MediaCompositing (378)
[2019.02.28-20.48.41:266][338]LogModuleManager: Shutting down and abandoning module LinearTimecode (376)
[2019.02.28-20.48.41:266][338]LogModuleManager: Shutting down and abandoning module ImgMedia (374)
[2019.02.28-20.48.41:271][338]LogModuleManager: Shutting down and abandoning module HTML5Networking (372)
[2019.02.28-20.48.41:271][338]LogModuleManager: Shutting down and abandoning module GeometryCacheTracks (370)
[2019.02.28-20.48.41:271][338]LogModuleManager: Shutting down and abandoning module GeometryCacheSequencer (368)
[2019.02.28-20.48.41:271][338]LogModuleManager: Shutting down and abandoning module BackChannel (366)
[2019.02.28-20.48.41:271][338]LogModuleManager: Shutting down and abandoning module AppleVision (364)
[2019.02.28-20.48.41:271][338]LogModuleManager: Shutting down and abandoning module AppleImageUtilsBlueprintSupport (362)
[2019.02.28-20.48.41:271][338]LogModuleManager: Shutting down and abandoning module AppleImageUtils (360)
[2019.02.28-20.48.41:271][338]LogModuleManager: Shutting down and abandoning module AlembicImporter (358)
[2019.02.28-20.48.41:271][338]LogModuleManager: Shutting down and abandoning module AlembicLibrary (357)
[2019.02.28-20.48.41:271][338]LogModuleManager: Shutting down and abandoning module GeometryCache (356)
[2019.02.28-20.48.41:271][338]LogModuleManager: Shutting down and abandoning module GeometryCacheEd (355)
[2019.02.28-20.48.41:271][338]LogModuleManager: Shutting down and abandoning module VariantManagerContent (350)
[2019.02.28-20.48.41:271][338]LogModuleManager: Shutting down and abandoning module DatasmithContentEditor (348)
[2019.02.28-20.48.41:271][338]LogModuleManager: Shutting down and abandoning module SpeedTreeImporter (346)
[2019.02.28-20.48.41:271][338]LogModuleManager: Shutting down and abandoning module PluginBrowser (344)
[2019.02.28-20.48.41:271][338]LogModuleManager: Shutting down and abandoning module MobileLauncherProfileWizard (342)
[2019.02.28-20.48.41:272][338]LogModuleManager: Shutting down and abandoning module PolygonModeling (340)
[2019.02.28-20.48.41:272][338]LogModuleManager: Shutting down and abandoning module MeshEditor (338)
[2019.02.28-20.48.41:272][338]LogModuleManager: Shutting down and abandoning module EditorScriptingUtilities (336)
[2019.02.28-20.48.41:272][338]LogModuleManager: Shutting down and abandoning module CryptoKeysOpenSSL (334)
[2019.02.28-20.48.41:272][338]LogModuleManager: Shutting down and abandoning module CryptoKeys (332)
[2019.02.28-20.48.41:272][338]LogModuleManager: Shutting down and abandoning module VisualStudioSourceCodeAccess (330)
[2019.02.28-20.48.41:272][338]LogModuleManager: Shutting down and abandoning module VisualStudioCodeSourceCodeAccess (328)
[2019.02.28-20.48.41:272][338]LogModuleManager: Shutting down and abandoning module UObjectPlugin (326)
[2019.02.28-20.48.41:272][338]LogModuleManager: Shutting down and abandoning module SubversionSourceControl (324)
[2019.02.28-20.48.41:272][338]LogModuleManager: Shutting down and abandoning module PerforceSourceControl (322)
[2019.02.28-20.48.41:272][338]LogModuleManager: Shutting down and abandoning module GitSourceControl (320)
[2019.02.28-20.48.41:272][338]LogModuleManager: Shutting down and abandoning module SourceControl (319)
[2019.02.28-20.48.41:272][338]LogModuleManager: Shutting down and abandoning module CLionSourceCodeAccess (316)
[2019.02.28-20.48.41:272][338]LogModuleManager: Shutting down and abandoning module ActorLayerUtilitiesEditor (314)
[2019.02.28-20.48.41:272][338]LogModuleManager: Shutting down and abandoning module ActorLayerUtilities (312)
[2019.02.28-20.48.41:272][338]LogModuleManager: Shutting down and abandoning module LightPropagationVolumeEditor (310)
[2019.02.28-20.48.41:272][338]LogModuleManager: Shutting down and abandoning module PaperTiledImporter (308)
[2019.02.28-20.48.41:272][338]LogModuleManager: Shutting down and abandoning module PaperSpriteSheetImporter (306)
[2019.02.28-20.48.41:272][338]LogModuleManager: Shutting down and abandoning module Paper2DEditor (304)
[2019.02.28-20.48.41:273][338]LogModuleManager: Shutting down and abandoning module MeshPaint (303)
[2019.02.28-20.48.41:273][338]LogModuleManager: Shutting down and abandoning module RuntimePhysXCooking (300)
[2019.02.28-20.48.41:273][338]LogModuleManager: Shutting down and abandoning module PhysXVehiclesEditor (298)
[2019.02.28-20.48.41:273][338]LogModuleManager: Shutting down and abandoning module PhysXVehicles (296)
[2019.02.28-20.48.41:273][338]LogModuleManager: Shutting down and abandoning module OculusEditor (294)
[2019.02.28-20.48.41:273][338]LogModuleManager: Shutting down and abandoning module LocationServicesBPLibrary (292)
[2019.02.28-20.48.41:273][338]LogModuleManager: Shutting down and abandoning module ActorSequence (290)
[2019.02.28-20.48.41:273][338]LogModuleManager: Shutting down and abandoning module UdpMessaging (288)
[2019.02.28-20.48.41:374][338]LogModuleManager: Shutting down and abandoning module TcpMessaging (286)
[2019.02.28-20.48.41:475][338]LogModuleManager: Shutting down and abandoning module SubstanceCore (284)
[2019.02.28-20.48.41:475][338]LogModuleManager: Shutting down and abandoning module MagicLeapAudio (282)
[2019.02.28-20.48.41:475][338]LogModuleManager: Shutting down and abandoning module GameplayTagsEditor (280)
[2019.02.28-20.48.41:475][338]LogModuleManager: Shutting down and abandoning module FacialAnimationEditor (278)
[2019.02.28-20.48.41:475][338]LogModuleManager: Shutting down and abandoning module FacialAnimation (276)
[2019.02.28-20.48.41:475][338]LogModuleManager: Shutting down and abandoning module DataValidation (274)
[2019.02.28-20.48.41:475][338]LogModuleManager: Shutting down and abandoning module AssetManagerEditor (272)
[2019.02.28-20.48.41:476][338]LogModuleManager: Shutting down and abandoning module LevelEditor (271)
[2019.02.28-20.48.41:476][338]LogModuleManager: Shutting down and abandoning module PixelInspectorModule (270)
[2019.02.28-20.48.41:476][338]LogModuleManager: Shutting down and abandoning module CommonMenuExtensions (268)
[2019.02.28-20.48.41:476][338]LogModuleManager: Shutting down and abandoning module MainFrame (266)
[2019.02.28-20.48.41:476][338]LogModuleManager: Shutting down and abandoning module HotReload (265)
[2019.02.28-20.48.41:477][338]LogModuleManager: Shutting down and abandoning module ContentBrowser (261)
[2019.02.28-20.48.41:478][338]LogModuleManager: Shutting down and abandoning module TreeMap (259)
[2019.02.28-20.48.41:478][338]LogModuleManager: Shutting down and abandoning module LightPropagationVolumeRuntime (256)
[2019.02.28-20.48.41:478][338]LogModuleManager: Shutting down and abandoning module AISupportModule (254)
[2019.02.28-20.48.41:478][338]LogModuleManager: Shutting down and abandoning module Paper2D (252)
[2019.02.28-20.48.41:478][338]LogModuleManager: Shutting down and abandoning module WindowsMoviePlayer (250)
[2019.02.28-20.48.41:478][338]LogModuleManager: Shutting down and abandoning module WebMMoviePlayer (248)
[2019.02.28-20.48.41:478][338]LogModuleManager: Shutting down and abandoning module WmfMedia (246)
[2019.02.28-20.48.41:479][338]LogModuleManager: Shutting down and abandoning module Media (245)
[2019.02.28-20.48.41:486][338]LogModuleManager: Shutting down and abandoning module PacketHandler (242)
[2019.02.28-20.48.41:486][338]LogModuleManager: Shutting down and abandoning module ClothingSystemEditor (240)
[2019.02.28-20.48.41:486][338]LogModuleManager: Shutting down and abandoning module ClothingSystemRuntime (238)
[2019.02.28-20.48.41:487][338]LogModuleManager: Shutting down and abandoning module MediaAssets (236)
[2019.02.28-20.48.41:487][338]LogModuleManager: Shutting down and abandoning module Overlay (234)
[2019.02.28-20.48.41:487][338]LogModuleManager: Shutting down and abandoning module OverlayEditor (233)
[2019.02.28-20.48.41:487][338]LogModuleManager: Shutting down and abandoning module VREditor (230)
[2019.02.28-20.48.41:487][338]LogModuleManager: Shutting down and abandoning module StringTableEditor (228)
[2019.02.28-20.48.41:487][338]LogModuleManager: Shutting down and abandoning module GameplayTasksEditor (226)
[2019.02.28-20.48.41:487][338]LogModuleManager: Shutting down and abandoning module BehaviorTreeEditor (224)
[2019.02.28-20.48.41:487][338]LogModuleManager: Shutting down and abandoning module FunctionalTesting (222)
[2019.02.28-20.48.41:487][338]LogModuleManager: Shutting down and abandoning module CollisionAnalyzer (220)
[2019.02.28-20.48.41:488][338]LogModuleManager: Shutting down and abandoning module WorkspaceMenuStructure (219)
[2019.02.28-20.48.41:488][338]LogModuleManager: Shutting down and abandoning module UMG (216)
[2019.02.28-20.48.41:488][338]LogModuleManager: Shutting down and abandoning module UMGEditor (215)
[2019.02.28-20.48.41:488][338]LogModuleManager: Shutting down and abandoning module Sequencer (214)
[2019.02.28-20.48.41:489][338]LogModuleManager: Shutting down and abandoning module MessageLog (211)
[2019.02.28-20.48.41:489][338]LogModuleManager: Shutting down and abandoning module SlateReflector (206)
[2019.02.28-20.48.41:490][338]LogModuleManager: Shutting down and abandoning module Slate (204)
[2019.02.28-20.48.41:490][338]LogModuleManager: Shutting down and abandoning module EditorStyle (202)
[2019.02.28-20.48.41:491][338]LogModuleManager: Shutting down and abandoning module MRMesh (200)
[2019.02.28-20.48.41:491][338]LogModuleManager: Shutting down and abandoning module SourceCodeAccess (198)
[2019.02.28-20.48.41:491][338]LogModuleManager: Shutting down and abandoning module HeadMountedDisplay (196)
[2019.02.28-20.48.41:491][338]LogModuleManager: Shutting down and abandoning module XAudio2 (194)
[2019.02.28-20.48.41:491][338]LogModuleManager: Shutting down and abandoning module Networking (192)
[2019.02.28-20.48.41:491][338]LogModuleManager: Shutting down and abandoning module Core (190)
[2019.02.28-20.48.41:491][338]LogModuleManager: Shutting down and abandoning module LevelSequence (188)
[2019.02.28-20.48.41:491][338]LogModuleManager: Shutting down and abandoning module KismetCompiler (186)
[2019.02.28-20.48.41:491][338]LogModuleManager: Shutting down and abandoning module MeshUtilities (184)
[2019.02.28-20.48.41:491][338]LogModuleManager: Shutting down and abandoning module MeshMergeUtilities (183)
[2019.02.28-20.48.41:491][338]LogModuleManager: Shutting down and abandoning module MeshReductionInterface (182)
[2019.02.28-20.48.41:491][338]LogModuleManager: Shutting down and abandoning module SimplygonSwarm (181)
[2019.02.28-20.48.41:492][338]LogModuleManager: Shutting down and abandoning module ProxyLODMeshReduction (179)
[2019.02.28-20.48.41:492][338]LogModuleManager: Shutting down and abandoning module SimplygonMeshReduction (177)
[2019.02.28-20.48.41:492][338]LogModuleManager: Shutting down and abandoning module QuadricMeshReduction (175)
[2019.02.28-20.48.41:492][338]LogModuleManager: Shutting down and abandoning module MaterialBaking (171)
[2019.02.28-20.48.41:493][338]LogModuleManager: Shutting down and abandoning module DirectoryWatcher (167)
[2019.02.28-20.48.41:493][338]LogModuleManager: Shutting down and abandoning module DerivedDataCache (164)
[2019.02.28-20.48.41:565][338]LogDerivedDataCache: Shutdown
[2019.02.28-20.48.41:565][338]LogModuleManager: Shutting down and abandoning module XGEController (162)
[2019.02.28-20.48.41:565][338]LogXGEController: Cleaning working directory: C:/Users/Stewart_Thor/AppData/Local/Temp/UnrealXGEWorkingDir/
[2019.02.28-20.48.41:565][338]LogModuleManager: Shutting down and abandoning module TargetPlatform (160)
[2019.02.28-20.48.41:565][338]LogModuleManager: Shutting down and abandoning module VulkanShaderFormat (159)
[2019.02.28-20.48.41:565][338]LogModuleManager: Shutting down and abandoning module ShaderFormatVectorVM (157)
[2019.02.28-20.48.41:565][338]LogModuleManager: Shutting down and abandoning module ShaderFormatOpenGL (155)
[2019.02.28-20.48.41:566][338]LogModuleManager: Shutting down and abandoning module ShaderFormatD3D (153)
[2019.02.28-20.48.41:566][338]LogModuleManager: Shutting down and abandoning module MetalShaderFormat (151)
[2019.02.28-20.48.41:566][338]LogModuleManager: Shutting down and abandoning module TextureFormatUncompressed (149)
[2019.02.28-20.48.41:566][338]LogModuleManager: Shutting down and abandoning module TextureFormatPVR (147)
[2019.02.28-20.48.41:566][338]LogModuleManager: Shutting down and abandoning module TextureFormatDXT (145)
[2019.02.28-20.48.41:566][338]LogModuleManager: Shutting down and abandoning module TextureFormatIntelISPCTexComp (143)
[2019.02.28-20.48.41:566][338]LogModuleManager: Shutting down and abandoning module TextureFormatASTC (141)
[2019.02.28-20.48.41:566][338]LogModuleManager: Shutting down and abandoning module ImageWrapper (140)
[2019.02.28-20.48.41:566][338]LogModuleManager: Shutting down and abandoning module TextureFormatAndroid (137)
[2019.02.28-20.48.41:566][338]LogModuleManager: Shutting down and abandoning module AudioFormatOpus (135)
[2019.02.28-20.48.41:566][338]LogModuleManager: Shutting down and abandoning module AudioFormatOgg (133)
[2019.02.28-20.48.41:566][338]LogModuleManager: Shutting down and abandoning module AudioFormatADPCM (131)
[2019.02.28-20.48.41:566][338]LogModuleManager: Shutting down and abandoning module LuminTargetPlatform (129)
[2019.02.28-20.48.41:567][338]LogModuleManager: Shutting down and abandoning module LinuxTargetPlatform (127)
[2019.02.28-20.48.41:567][338]LogModuleManager: Shutting down and abandoning module LinuxServerTargetPlatform (125)
[2019.02.28-20.48.41:567][338]LogModuleManager: Shutting down and abandoning module LinuxNoEditorTargetPlatform (123)
[2019.02.28-20.48.41:567][338]LogModuleManager: Shutting down and abandoning module LinuxClientTargetPlatform (121)
[2019.02.28-20.48.41:567][338]LogModuleManager: Shutting down and abandoning module TVOSTargetPlatform (119)
[2019.02.28-20.48.41:568][338]LogModuleManager: Shutting down and abandoning module Messaging (117)
[2019.02.28-20.48.41:568][338]LogModuleManager: Shutting down and abandoning module IOSTargetPlatform (115)
[2019.02.28-20.48.41:569][338]LogModuleManager: Shutting down and abandoning module HTML5TargetPlatform (113)
[2019.02.28-20.48.41:569][338]LogModuleManager: Shutting down and abandoning module AndroidTargetPlatform (111)
[2019.02.28-20.48.41:574][338]LogModuleManager: Shutting down and abandoning module WindowsTargetPlatform (109)
[2019.02.28-20.48.41:574][338]LogModuleManager: Shutting down and abandoning module WindowsServerTargetPlatform (107)
[2019.02.28-20.48.41:574][338]LogModuleManager: Shutting down and abandoning module WindowsNoEditorTargetPlatform (105)
[2019.02.28-20.48.41:574][338]LogModuleManager: Shutting down and abandoning module WindowsClientTargetPlatform (103)
[2019.02.28-20.48.41:574][338]LogModuleManager: Shutting down and abandoning module MacTargetPlatform (101)
[2019.02.28-20.48.41:574][338]LogModuleManager: Shutting down and abandoning module MacServerTargetPlatform (99)
[2019.02.28-20.48.41:574][338]LogModuleManager: Shutting down and abandoning module MacNoEditorTargetPlatform (97)
[2019.02.28-20.48.41:574][338]LogModuleManager: Shutting down and abandoning module MacClientTargetPlatform (95)
[2019.02.28-20.48.41:574][338]LogModuleManager: Shutting down and abandoning module AllDesktopTargetPlatform (93)
[2019.02.28-20.48.41:574][338]LogModuleManager: Shutting down and abandoning module InputCore (90)
[2019.02.28-20.48.41:574][338]LogModuleManager: Shutting down and abandoning module Settings (88)
[2019.02.28-20.48.41:574][338]LogModuleManager: Shutting down and abandoning module PhysXCooking (86)
[2019.02.28-20.48.41:574][338]LogModuleManager: Shutting down and abandoning module WindowsMixedRealitySpatialInput (84)
[2019.02.28-20.48.41:574][338]LogModuleManager: Shutting down and abandoning module WindowsMixedRealityHMD (82)
[2019.02.28-20.48.41:574][338]LogModuleManager: Shutting down and abandoning module SteamVR (80)
[2019.02.28-20.48.41:574][338]LogHMD: Freeing OpenVRDLLHandle.
[2019.02.28-20.48.41:574][338]LogModuleManager: Shutting down and abandoning module OculusHMD (78)
[2019.02.28-20.48.41:574][338]LogModuleManager: Shutting down and abandoning module ExampleDeviceProfileSelector (76)
[2019.02.28-20.48.41:574][338]LogModuleManager: Shutting down and abandoning module LauncherChunkInstaller (74)
[2019.02.28-20.48.41:574][338]LogModuleManager: Shutting down and abandoning module OnlineBlueprintSupport (72)
[2019.02.28-20.48.41:574][338]LogModuleManager: Shutting down and abandoning module OnlineSubsystem (68)
[2019.02.28-20.48.41:576][338]LogModuleManager: Shutting down and abandoning module XMPP (63)
[2019.02.28-20.48.41:576][338]LogModuleManager: Shutting down and abandoning module WebSockets (62)
[2019.02.28-20.48.41:608][338]LogModuleManager: Shutting down and abandoning module HTTP (59)
[2019.02.28-20.48.41:609][338]LogHttp: Display: Http module shutting down, but needs to wait on 1 outstanding Http requests:
[2019.02.28-20.48.41:609][338]LogHttp: Display: 	verb=[POST] url=[https://datarouter.ol.epicgames.com/datarouter/api/v1/public/data?SessionID=%7BBB6FC09D-4064-0639-B0F4-6A95E405446D%7D&AppID=UEEditor.Rocket.Release&AppVersion=4.21.2-4753647%2B%2B%2BUE4%2BRelease-4.21&UserID=5e6cfe3940aab32a1b37079137be1735%7Cfc5087c8c27246daac1dea412c1c8ec2%7Cd3cd64d2-e745-40ba-a813-338d33494d88&AppEnvironment=datacollector-binary&UploadType=eteventstream] status=Processing
[2019.02.28-20.48.41:642][338]LogModuleManager: Shutting down and abandoning module SSL (58)
[2019.02.28-20.48.41:643][338]LogModuleManager: Shutting down and abandoning module MagicLeapIdentity (54)
[2019.02.28-20.48.41:643][338]LogModuleManager: Shutting down and abandoning module MagicLeapHelperVulkan (52)
[2019.02.28-20.48.41:643][338]LogModuleManager: Shutting down and abandoning module MagicLeapHelperOpenGL (50)
[2019.02.28-20.48.41:643][338]LogModuleManager: Shutting down and abandoning module MagicLeapSecureStorage (48)
[2019.02.28-20.48.41:643][338]LogModuleManager: Shutting down and abandoning module MagicLeapHandTracking (46)
[2019.02.28-20.48.41:643][338]LogModuleManager: Shutting down and abandoning module MagicLeapEyeTracker (44)
[2019.02.28-20.48.41:643][338]LogModuleManager: Shutting down and abandoning module MagicLeapController (42)
[2019.02.28-20.48.41:644][338]LogSlate: Slate User Destroyed.  User Index 0, Is Virtual User: 0
[2019.02.28-20.48.41:644][338]LogModuleManager: Shutting down and abandoning module MagicLeap (40)
[2019.02.28-20.48.41:644][338]LogModuleManager: Shutting down and abandoning module DatasmithContent (38)
[2019.02.28-20.48.41:644][338]LogModuleManager: Shutting down and abandoning module AnimationModifiers (36)
[2019.02.28-20.48.41:644][338]LogModuleManager: Shutting down and abandoning module PropertyEditor (35)
[2019.02.28-20.48.41:644][338]LogModuleManager: Shutting down and abandoning module AudioEditor (32)
[2019.02.28-20.48.41:645][338]LogModuleManager: Shutting down and abandoning module TextureCompressor (30)
[2019.02.28-20.48.41:645][338]LogModuleManager: Shutting down and abandoning module ShaderCore (28)
[2019.02.28-20.48.41:645][338]LogModuleManager: Shutting down and abandoning module Landscape (26)
[2019.02.28-20.48.41:645][338]LogModuleManager: Shutting down and abandoning module SlateRHIRenderer (24)
[2019.02.28-20.48.41:645][338]LogModuleManager: Shutting down and abandoning module OpenGLDrv (22)
[2019.02.28-20.48.41:645][338]LogModuleManager: Shutting down and abandoning module D3D11RHI (20)
[2019.02.28-20.48.41:645][338]LogModuleManager: Shutting down and abandoning module AnimGraphRuntime (18)
[2019.02.28-20.48.41:645][338]LogModuleManager: Shutting down and abandoning module Renderer (16)
[2019.02.28-20.48.41:645][338]LogModuleManager: Shutting down and abandoning module Engine (14)
[2019.02.28-20.48.41:645][338]LogModuleManager: Shutting down and abandoning module CoreUObject (12)
[2019.02.28-20.48.41:645][338]LogModuleManager: Shutting down and abandoning module NetworkFile (10)
[2019.02.28-20.48.41:645][338]LogModuleManager: Shutting down and abandoning module CookedIterativeFile (8)
[2019.02.28-20.48.41:645][338]LogModuleManager: Shutting down and abandoning module StreamingFile (6)
[2019.02.28-20.48.41:645][338]LogModuleManager: Shutting down and abandoning module SandboxFile (4)
[2019.02.28-20.48.41:646][338]LogModuleManager: Shutting down and abandoning module PakFile (2)
[2019.02.28-20.48.41:663][338]LogExit: Exiting.
[2019.02.28-20.48.41:671][338]Log file closed, 02/28/19 12:48:41
