Log file open, 01/31/19 15:30:58
LogWindows: Failed to load 'aqProf.dll' (GetLastError=126)
LogWindows: File 'aqProf.dll' does not exist
LogWindows: Failed to load 'VtuneApi.dll' (GetLastError=126)
LogWindows: File 'VtuneApi.dll' does not exist
LogWindows: Failed to load 'VtuneApi32e.dll' (GetLastError=126)
LogWindows: File 'VtuneApi32e.dll' does not exist
LogConsoleResponse: Display: Failed to find resolution value strings in scalability ini. Falling back to default.
LogInit: Display: Running engine for game: PressVR
LogPakFile: Registered encryption key '00000000000000000000000000000000': 0 pak files mounted, 0 remain pending
LogPlatformFile: Not using cached read wrapper
LogTaskGraph: Started task graph with 5 named threads and 35 total threads with 3 sets of task threads.
LogStats: Stats thread started at 0.572216
LogD3D11RHI: Loaded GFSDK_Aftermath_Lib.x64.dll
LogICUInternationalization: ICU TimeZone Detection - Raw Offset: -8:00, Platform Override: ''
LogPluginManager: Mounting plugin Paper2D
LogPluginManager: Mounting plugin AISupport
LogPluginManager: Mounting plugin LightPropagationVolume
LogPluginManager: Mounting plugin ActorLayerUtilities
LogPluginManager: Mounting plugin CLionSourceCodeAccess
LogPluginManager: Mounting plugin CodeLiteSourceCodeAccess
LogPluginManager: Mounting plugin GitSourceControl
LogPluginManager: Mounting plugin KDevelopSourceCodeAccess
LogPluginManager: Mounting plugin NullSourceCodeAccess
LogPluginManager: Mounting plugin PerforceSourceControl
LogPluginManager: Mounting plugin SubversionSourceControl
LogPluginManager: Mounting plugin UObjectPlugin
LogPluginManager: Mounting plugin VisualStudioCodeSourceCodeAccess
LogPluginManager: Mounting plugin VisualStudioSourceCodeAccess
LogPluginManager: Mounting plugin XCodeSourceCodeAccess
LogPluginManager: Mounting plugin AssetManagerEditor
LogPluginManager: Mounting plugin CryptoKeys
LogPluginManager: Mounting plugin DataValidation
LogPluginManager: Mounting plugin EditorScriptingUtilities
LogPluginManager: Mounting plugin FacialAnimation
LogPluginManager: Mounting plugin GameplayTagsEditor
LogPluginManager: Mounting plugin MacGraphicsSwitching
LogPluginManager: Mounting plugin MeshEditor
LogPluginManager: Mounting plugin MobileLauncherProfileWizard
LogPluginManager: Mounting plugin PluginBrowser
LogPluginManager: Mounting plugin SpeedTreeImporter
LogPluginManager: Mounting plugin DatasmithContent
LogPluginManager: Mounting plugin VariantManagerContent
LogPluginManager: Mounting plugin AlembicImporter
LogPluginManager: Mounting plugin AppleImageUtils
LogPluginManager: Mounting plugin AppleVision
LogPluginManager: Mounting plugin BackChannel
LogPluginManager: Mounting plugin CharacterAI
LogPluginManager: Mounting plugin GeometryCache
LogPluginManager: Mounting plugin HTML5Networking
LogPluginManager: Mounting plugin ProxyLODPlugin
LogPluginManager: Mounting plugin MagicLeap
LogPluginManager: Mounting plugin MagicLeapMedia
LogPluginManager: Mounting plugin Substance
LogPluginManager: Mounting plugin AndroidMedia
LogPluginManager: Mounting plugin AvfMedia
LogPluginManager: Mounting plugin ImgMedia
LogPluginManager: Mounting plugin LinearTimecode
LogPluginManager: Mounting plugin MediaCompositing
LogPluginManager: Mounting plugin MediaPlayerEditor
LogPluginManager: Mounting plugin WebMMedia
LogPluginManager: Mounting plugin WmfMedia
LogPluginManager: Mounting plugin TcpMessaging
LogPluginManager: Mounting plugin UdpMessaging
LogPluginManager: Mounting plugin ActorSequence
LogPluginManager: Mounting plugin LevelSequenceEditor
LogPluginManager: Mounting plugin MatineeToLevelSequence
LogPluginManager: Mounting plugin NetcodeUnitTest
LogPluginManager: Mounting plugin NUTUnrealEngine4
LogPluginManager: Mounting plugin OnlineSubsystemGooglePlay
LogPluginManager: Mounting plugin OnlineSubsystemIOS
LogPluginManager: Mounting plugin OnlineSubsystem
LogPluginManager: Mounting plugin OnlineSubsystemNull
LogPluginManager: Mounting plugin OnlineSubsystemUtils
LogPluginManager: Mounting plugin LauncherChunkInstaller
LogPluginManager: Mounting plugin AndroidDeviceProfileSelector
LogPluginManager: Mounting plugin AndroidMoviePlayer
LogPluginManager: Mounting plugin AndroidPermission
LogPluginManager: Mounting plugin AppleMoviePlayer
LogPluginManager: Mounting plugin ArchVisCharacter
LogPluginManager: Mounting plugin AudioCapture
LogPluginManager: Mounting plugin CableComponent
LogPluginManager: Mounting plugin CustomMeshComponent
LogPluginManager: Mounting plugin EditableMesh
LogPluginManager: Mounting plugin ExampleDeviceProfileSelector
LogPluginManager: Mounting plugin Firebase
LogPluginManager: Mounting plugin GoogleCloudMessaging
LogPluginManager: Mounting plugin IOSDeviceProfileSelector
LogPluginManager: Mounting plugin LinuxDeviceProfileSelector
LogPluginManager: Mounting plugin LocationServicesBPLibrary
LogPluginManager: Mounting plugin MobilePatchingUtils
LogPluginManager: Mounting plugin OculusVR
LogPluginManager: Mounting plugin PhysXVehicles
LogPluginManager: Mounting plugin ProceduralMeshComponent
LogPluginManager: Mounting plugin RuntimePhysXCooking
LogPluginManager: Mounting plugin SteamVR
LogPluginManager: Mounting plugin WebMMoviePlayer
LogPluginManager: Mounting plugin WindowsMoviePlayer
LogPluginManager: Mounting plugin DatasmithCADImporter
LogPluginManager: Mounting plugin DatasmithFBXImporter
LogPluginManager: Mounting plugin DatasmithImporter
LogPluginManager: Mounting plugin MDLImporter
LogPluginManager: Mounting plugin StaticMeshEditorExtension
LogPluginManager: Mounting plugin VariantManager
LogStreaming: Display: Took  0.219s to configure plugins.
LogInit: Using libcurl 7.55.1-DEV
LogInit:  - built for x86_64-pc-win32
LogInit:  - supports SSL with OpenSSL/1.0.2h
LogInit:  - supports HTTP deflate (compression) using libz 1.2.8
LogInit:  - other features:
LogInit:      CURL_VERSION_SSL
LogInit:      CURL_VERSION_LIBZ
LogInit:      CURL_VERSION_IPV6
LogInit:      CURL_VERSION_ASYNCHDNS
LogInit:      CURL_VERSION_LARGEFILE
LogInit:      CURL_VERSION_IDN
LogInit:  CurlRequestOptions (configurable via config and command line):
LogInit:  - bVerifyPeer = true  - Libcurl will verify peer certificate
LogInit:  - bUseHttpProxy = false  - Libcurl will NOT use HTTP proxy
LogInit:  - bDontReuseConnections = false  - Libcurl will reuse connections
LogInit:  - MaxHostConnections = 16  - Libcurl will limit the number of connections to a host
LogInit:  - LocalHostAddr = Default
LogInit:  - BufferSize = 65536
LogInit: WinSock: version 1.1 (2.2), MaxSocks=32767, MaxUdp=65467
LogHMD: Failed initializing OVRPlugin 1.28.0
LogInit: Build: ++UE4+Release-4.21-CL-4753647
LogInit: Engine Version: 4.21.2-4753647+++UE4+Release-4.21
LogInit: Compatible Engine Version: 4.21.0-4541578+++UE4+Release-4.21
LogInit: Net CL: 4541578
LogInit: OS: Windows 10 (), CPU: Intel(R) Core(TM) i7-8750H CPU @ 2.20GHz, GPU: Intel(R) UHD Graphics 630
LogInit: Compiled (64-bit): Jan 19 2019 02:07:31
LogInit: Compiled with Visual C++: 19.13.26129.00
LogInit: Build Configuration: Development
LogInit: Branch Name: ++UE4+Release-4.21
LogInit: Command Line: 
LogInit: Base Directory: C:/Program Files/Epic Games/UE_4.21/Engine/Binaries/Win64/
LogInit: Installed Engine Build: 1
LogDevObjectVersion: Number of dev versions registered: 22
LogDevObjectVersion:   Dev-Blueprints (B0D832E4-1F89-4F0D-ACCF-7EB736FD4AA2): 10
LogDevObjectVersion:   Dev-Build (E1C64328-A22C-4D53-A36C-8E866417BD8C): 0
LogDevObjectVersion:   Dev-Core (375EC13C-06E4-48FB-B500-84F0262A717E): 2
LogDevObjectVersion:   Dev-Editor (E4B068ED-F494-42E9-A231-DA0B2E46BB41): 26
LogDevObjectVersion:   Dev-Framework (CFFC743F-43B0-4480-9391-14DF171D2073): 34
LogDevObjectVersion:   Dev-Mobile (B02B49B5-BB20-44E9-A304-32B752E40360): 2
LogDevObjectVersion:   Dev-Networking (A4E4105C-59A1-49B5-A7C5-40C4547EDFEE): 0
LogDevObjectVersion:   Dev-Online (39C831C9-5AE6-47DC-9A44-9C173E1C8E7C): 0
LogDevObjectVersion:   Dev-Physics (78F01B33-EBEA-4F98-B9B4-84EACCB95AA2): 0
LogDevObjectVersion:   Dev-Platform (6631380F-2D4D-43E0-8009-CF276956A95A): 0
LogDevObjectVersion:   Dev-Rendering (12F88B9F-8875-4AFC-A67C-D90C383ABD29): 27
LogDevObjectVersion:   Dev-Sequencer (7B5AE74C-D270-4C10-A958-57980B212A5A): 9
LogDevObjectVersion:   Dev-VR (D7296918-1DD6-4BDD-9DE2-64A83CC13884): 2
LogDevObjectVersion:   Dev-LoadTimes (C2A15278-BFE7-4AFE-6C17-90FF531DF755): 1
LogDevObjectVersion:   Private-Geometry (6EACA3D4-40EC-4CC1-B786-8BED09428FC5): 3
LogDevObjectVersion:   Dev-AnimPhys (29E575DD-E0A3-4627-9D10-D276232CDCEA): 17
LogDevObjectVersion:   Dev-Anim (AF43A65D-7FD3-4947-9873-3E8ED9C1BB05): 2
LogDevObjectVersion:   Dev-ReflectionCapture (6B266CEC-1EC7-4B8F-A30B-E4D90942FC07): 1
LogDevObjectVersion:   Dev-Automation (0DF73D61-A23F-47EA-B727-89E90C41499A): 1
LogDevObjectVersion:   FortniteMain (601D1886-AC64-4F84-AA16-D3DE0DEAC7D6): 17
LogDevObjectVersion:   Dev-Enterprise (9DFFBCD6-494F-0158-E221-12823C92A888): 4
LogDevObjectVersion:   Dev-Niagara (F2AED0AC-9AFE-416F-8664-AA7FFA26D6FC): 1
LogStreaming: Display: Took  0.005s to delete old logs.
LogInit: Presizing for max 8388607 objects, including 0 objects not considered by GC, pre-allocating 0 bytes for permanent pool.
LogInit: Object subsystem initialized
LogConfig: Setting CVar [[con.DebugEarlyDefault:1]]
LogConfig: Setting CVar [[r.setres:1280x720]]
[2019.01.31-23.31.00:031][  0]LogConfig: Setting CVar [[r.VSync:0]]
[2019.01.31-23.31.00:031][  0]LogConfig: Setting CVar [[r.RHICmdBypass:0]]
[2019.01.31-23.31.00:031][  0]LogConfig: Applying CVar settings from Section [/Script/Engine.RendererSettings] File [D:/cs461/PressVR/PressVR/Saved/Config/Windows/Engine.ini]
[2019.01.31-23.31.00:031][  0]LogConfig: Setting CVar [[r.GPUCrashDebugging:0]]
[2019.01.31-23.31.00:031][  0]LogConfig: Setting CVar [[r.DefaultFeature.AmbientOcclusion:0]]
[2019.01.31-23.31.00:031][  0]LogConfig: Setting CVar [[r.DefaultFeature.AmbientOcclusionStaticFraction:0]]
[2019.01.31-23.31.00:031][  0]LogConfig: Setting CVar [[vr.InstancedStereo:1]]
[2019.01.31-23.31.00:031][  0]LogConfig: Setting CVar [[r.SeparateTranslucency:0]]
[2019.01.31-23.31.00:031][  0]LogConfig: Setting CVar [[r.HZBOcclusion:0]]
[2019.01.31-23.31.00:031][  0]LogConfig: Setting CVar [[r.SSR.MaxRoughness:0]]
[2019.01.31-23.31.00:032][  0]LogConfig: Setting CVar [[r.rhicmdbypass:0]]
[2019.01.31-23.31.00:032][  0]LogConfig: Applying CVar settings from Section [/Script/Engine.RendererOverrideSettings] File [D:/cs461/PressVR/PressVR/Saved/Config/Windows/Engine.ini]
[2019.01.31-23.31.00:032][  0]LogConfig: Applying CVar settings from Section [/Script/Engine.StreamingSettings] File [D:/cs461/PressVR/PressVR/Saved/Config/Windows/Engine.ini]
[2019.01.31-23.31.00:032][  0]LogConfig: Setting CVar [[s.MinBulkDataSizeForAsyncLoading:131072]]
[2019.01.31-23.31.00:032][  0]LogConfig: Setting CVar [[s.AsyncLoadingThreadEnabled:0]]
[2019.01.31-23.31.00:032][  0]LogConfig: Setting CVar [[s.EventDrivenLoaderEnabled:1]]
[2019.01.31-23.31.00:032][  0]LogConfig: Setting CVar [[s.WarnIfTimeLimitExceeded:0]]
[2019.01.31-23.31.00:032][  0]LogConfig: Setting CVar [[s.TimeLimitExceededMultiplier:1.5]]
[2019.01.31-23.31.00:032][  0]LogConfig: Setting CVar [[s.TimeLimitExceededMinTime:0.005]]
[2019.01.31-23.31.00:032][  0]LogConfig: Setting CVar [[s.UseBackgroundLevelStreaming:1]]
[2019.01.31-23.31.00:032][  0]LogConfig: Setting CVar [[s.PriorityAsyncLoadingExtraTime:15.0]]
[2019.01.31-23.31.00:032][  0]LogConfig: Setting CVar [[s.LevelStreamingActorsUpdateTimeLimit:5.0]]
[2019.01.31-23.31.00:032][  0]LogConfig: Setting CVar [[s.PriorityLevelStreamingActorsUpdateExtraTime:5.0]]
[2019.01.31-23.31.00:032][  0]LogConfig: Setting CVar [[s.LevelStreamingComponentsRegistrationGranularity:10]]
[2019.01.31-23.31.00:032][  0]LogConfig: Setting CVar [[s.UnregisterComponentsTimeLimit:1.0]]
[2019.01.31-23.31.00:032][  0]LogConfig: Setting CVar [[s.LevelStreamingComponentsUnregistrationGranularity:5]]
[2019.01.31-23.31.00:033][  0]LogConfig: Applying CVar settings from Section [/Script/Engine.GarbageCollectionSettings] File [D:/cs461/PressVR/PressVR/Saved/Config/Windows/Engine.ini]
[2019.01.31-23.31.00:033][  0]LogConfig: Setting CVar [[gc.MaxObjectsNotConsideredByGC:1]]
[2019.01.31-23.31.00:033][  0]LogConfig: Setting CVar [[gc.SizeOfPermanentObjectPool:0]]
[2019.01.31-23.31.00:033][  0]LogConfig: Setting CVar [[gc.FlushStreamingOnGC:0]]
[2019.01.31-23.31.00:033][  0]LogConfig: Setting CVar [[gc.NumRetriesBeforeForcingGC:10]]
[2019.01.31-23.31.00:033][  0]LogConfig: Setting CVar [[gc.AllowParallelGC:1]]
[2019.01.31-23.31.00:033][  0]LogConfig: Setting CVar [[gc.TimeBetweenPurgingPendingKillObjects:61.1]]
[2019.01.31-23.31.00:033][  0]LogConfig: Setting CVar [[gc.MaxObjectsInEditor:8388607]]
[2019.01.31-23.31.00:033][  0]LogConfig: Setting CVar [[gc.IncrementalBeginDestroyEnabled:1]]
[2019.01.31-23.31.00:033][  0]LogConfig: Setting CVar [[gc.CreateGCClusters:1]]
[2019.01.31-23.31.00:033][  0]LogConfig: Setting CVar [[gc.MergeGCClusters:0]]
[2019.01.31-23.31.00:033][  0]LogConfig: Setting CVar [[gc.MinGCClusterSize:5]]
[2019.01.31-23.31.00:033][  0]LogConfig: Setting CVar [[gc.ActorClusteringEnabled:0]]
[2019.01.31-23.31.00:033][  0]LogConfig: Setting CVar [[gc.BlueprintClusteringEnabled:0]]
[2019.01.31-23.31.00:033][  0]LogConfig: Setting CVar [[gc.UseDisregardForGCOnDedicatedServers:0]]
[2019.01.31-23.31.00:033][  0]LogConfig: Applying CVar settings from Section [/Script/Engine.NetworkSettings] File [D:/cs461/PressVR/PressVR/Saved/Config/Windows/Engine.ini]
[2019.01.31-23.31.00:033][  0]LogConfig: Applying CVar settings from Section [/Script/UnrealEd.CookerSettings] File [D:/cs461/PressVR/PressVR/Saved/Config/Windows/Engine.ini]
[2019.01.31-23.31.00:041][  0]LogConfig: Applying CVar settings from Section [ViewDistanceQuality@3] File [D:/cs461/PressVR/PressVR/Saved/Config/Windows/Scalability.ini]
[2019.01.31-23.31.00:041][  0]LogConfig: Setting CVar [[r.SkeletalMeshLODBias:0]]
[2019.01.31-23.31.00:041][  0]LogConfig: Setting CVar [[r.ViewDistanceScale:1.0]]
[2019.01.31-23.31.00:041][  0]LogConfig: Applying CVar settings from Section [AntiAliasingQuality@3] File [D:/cs461/PressVR/PressVR/Saved/Config/Windows/Scalability.ini]
[2019.01.31-23.31.00:041][  0]LogConfig: Setting CVar [[r.PostProcessAAQuality:3]]
[2019.01.31-23.31.00:041][  0]LogConfig: Applying CVar settings from Section [ShadowQuality@3] File [D:/cs461/PressVR/PressVR/Saved/Config/Windows/Scalability.ini]
[2019.01.31-23.31.00:041][  0]LogConfig: Setting CVar [[r.LightFunctionQuality:1]]
[2019.01.31-23.31.00:041][  0]LogConfig: Setting CVar [[r.ShadowQuality:5]]
[2019.01.31-23.31.00:041][  0]LogConfig: Setting CVar [[r.Shadow.CSM.MaxCascades:10]]
[2019.01.31-23.31.00:041][  0]LogConfig: Setting CVar [[r.Shadow.MaxResolution:2048]]
[2019.01.31-23.31.00:041][  0]LogConfig: Setting CVar [[r.Shadow.MaxCSMResolution:2048]]
[2019.01.31-23.31.00:041][  0]LogConfig: Setting CVar [[r.Shadow.RadiusThreshold:0.01]]
[2019.01.31-23.31.00:041][  0]LogConfig: Setting CVar [[r.Shadow.DistanceScale:1.0]]
[2019.01.31-23.31.00:041][  0]LogConfig: Setting CVar [[r.Shadow.CSM.TransitionScale:1.0]]
[2019.01.31-23.31.00:041][  0]LogConfig: Setting CVar [[r.Shadow.PreShadowResolutionFactor:1.0]]
[2019.01.31-23.31.00:041][  0]LogConfig: Setting CVar [[r.DistanceFieldShadowing:1]]
[2019.01.31-23.31.00:041][  0]LogConfig: Setting CVar [[r.DistanceFieldAO:1]]
[2019.01.31-23.31.00:042][  0]LogConfig: Setting CVar [[r.AOQuality:2]]
[2019.01.31-23.31.00:042][  0]LogConfig: Setting CVar [[r.VolumetricFog:1]]
[2019.01.31-23.31.00:042][  0]LogConfig: Setting CVar [[r.VolumetricFog.GridPixelSize:8]]
[2019.01.31-23.31.00:042][  0]LogConfig: Setting CVar [[r.VolumetricFog.GridSizeZ:128]]
[2019.01.31-23.31.00:042][  0]LogConfig: Setting CVar [[r.VolumetricFog.HistoryMissSupersampleCount:4]]
[2019.01.31-23.31.00:042][  0]LogConfig: Setting CVar [[r.LightMaxDrawDistanceScale:1]]
[2019.01.31-23.31.00:042][  0]LogConfig: Setting CVar [[r.CapsuleShadows:1]]
[2019.01.31-23.31.00:042][  0]LogConfig: Applying CVar settings from Section [PostProcessQuality@3] File [D:/cs461/PressVR/PressVR/Saved/Config/Windows/Scalability.ini]
[2019.01.31-23.31.00:042][  0]LogConfig: Setting CVar [[r.MotionBlurQuality:0]]
[2019.01.31-23.31.00:042][  0]LogConfig: Setting CVar [[r.AmbientOcclusionMipLevelFactor:0.4]]
[2019.01.31-23.31.00:042][  0]LogConfig: Setting CVar [[r.AmbientOcclusionMaxQuality:100]]
[2019.01.31-23.31.00:042][  0]LogConfig: Setting CVar [[r.AmbientOcclusionLevels:0]]
[2019.01.31-23.31.00:042][  0]LogConfig: Setting CVar [[r.AmbientOcclusionRadiusScale:1.0]]
[2019.01.31-23.31.00:042][  0]LogConfig: Setting CVar [[r.DepthOfFieldQuality:0]]
[2019.01.31-23.31.00:042][  0]LogConfig: Setting CVar [[r.RenderTargetPoolMin:400]]
[2019.01.31-23.31.00:042][  0]LogConfig: Setting CVar [[r.LensFlareQuality:0]]
[2019.01.31-23.31.00:042][  0]LogConfig: Setting CVar [[r.SceneColorFringeQuality:0]]
[2019.01.31-23.31.00:042][  0]LogConfig: Setting CVar [[r.EyeAdaptationQuality:2]]
[2019.01.31-23.31.00:042][  0]LogConfig: Setting CVar [[r.BloomQuality:1]]
[2019.01.31-23.31.00:042][  0]LogConfig: Setting CVar [[r.FastBlurThreshold:0]]
[2019.01.31-23.31.00:043][  0]LogConfig: Setting CVar [[r.Upscale.Quality:3]]
[2019.01.31-23.31.00:043][  0]LogConfig: Setting CVar [[r.Tonemapper.GrainQuantization:1]]
[2019.01.31-23.31.00:043][  0]LogConfig: Setting CVar [[r.LightShaftQuality:1]]
[2019.01.31-23.31.00:043][  0]LogConfig: Setting CVar [[r.Filter.SizeScale:1]]
[2019.01.31-23.31.00:043][  0]LogConfig: Setting CVar [[r.Tonemapper.Quality:5]]
[2019.01.31-23.31.00:043][  0]LogConfig: Setting CVar [[r.DOF.Gather.AccumulatorQuality:1        ; higher gathering accumulator quality]]
[2019.01.31-23.31.00:043][  0]LogConfig: Setting CVar [[r.DOF.Gather.PostfilterMethod:1          ; Median3x3 postfilering method]]
[2019.01.31-23.31.00:043][  0]LogConfig: Setting CVar [[r.DOF.Gather.EnableBokehSettings:0       ; no bokeh simulation when gathering]]
[2019.01.31-23.31.00:043][  0]LogConfig: Setting CVar [[r.DOF.Gather.RingCount:4                 ; medium number of samples when gathering]]
[2019.01.31-23.31.00:043][  0]LogConfig: Setting CVar [[r.DOF.Scatter.ForegroundCompositing:1    ; additive foreground scattering]]
[2019.01.31-23.31.00:043][  0]LogConfig: Setting CVar [[r.DOF.Scatter.BackgroundCompositing:2    ; additive background scattering]]
[2019.01.31-23.31.00:043][  0]LogConfig: Setting CVar [[r.DOF.Scatter.EnableBokehSettings:1      ; bokeh simulation when scattering]]
[2019.01.31-23.31.00:043][  0]LogConfig: Setting CVar [[r.DOF.Scatter.MaxSpriteRatio:0.1         ; only a maximum of 10% of scattered bokeh]]
[2019.01.31-23.31.00:043][  0]LogConfig: Setting CVar [[r.DOF.Recombine.Quality:1                ; cheap slight out of focus]]
[2019.01.31-23.31.00:043][  0]LogConfig: Setting CVar [[r.DOF.Recombine.EnableBokehSettings:0    ; no bokeh simulation on slight out of focus]]
[2019.01.31-23.31.00:043][  0]LogConfig: Setting CVar [[r.DOF.TemporalAAQuality:1                ; more stable temporal accumulation]]
[2019.01.31-23.31.00:043][  0]LogConfig: Setting CVar [[r.DOF.Kernel.MaxForegroundRadius:0.025]]
[2019.01.31-23.31.00:043][  0]LogConfig: Setting CVar [[r.DOF.Kernel.MaxBackgroundRadius:0.025]]
[2019.01.31-23.31.00:043][  0]LogConfig: Applying CVar settings from Section [TextureQuality@3] File [D:/cs461/PressVR/PressVR/Saved/Config/Windows/Scalability.ini]
[2019.01.31-23.31.00:044][  0]LogConfig: Setting CVar [[r.Streaming.MipBias:0]]
[2019.01.31-23.31.00:044][  0]LogConfig: Setting CVar [[r.Streaming.AmortizeCPUToGPUCopy:0]]
[2019.01.31-23.31.00:044][  0]LogConfig: Setting CVar [[r.Streaming.MaxNumTexturesToStreamPerFrame:0]]
[2019.01.31-23.31.00:044][  0]LogConfig: Setting CVar [[r.Streaming.Boost:1]]
[2019.01.31-23.31.00:044][  0]LogConfig: Setting CVar [[r.MaxAnisotropy:8]]
[2019.01.31-23.31.00:044][  0]LogConfig: Setting CVar [[r.Streaming.LimitPoolSizeToVRAM:0]]
[2019.01.31-23.31.00:044][  0]LogConfig: Setting CVar [[r.Streaming.PoolSize:1000]]
[2019.01.31-23.31.00:044][  0]LogConfig: Setting CVar [[r.Streaming.MaxEffectiveScreenSize:0]]
[2019.01.31-23.31.00:044][  0]LogConfig: Applying CVar settings from Section [EffectsQuality@3] File [D:/cs461/PressVR/PressVR/Saved/Config/Windows/Scalability.ini]
[2019.01.31-23.31.00:044][  0]LogConfig: Setting CVar [[r.TranslucencyLightingVolumeDim:4]]
[2019.01.31-23.31.00:044][  0]LogConfig: Setting CVar [[r.RefractionQuality:2]]
[2019.01.31-23.31.00:044][  0]LogConfig: Setting CVar [[r.SSR.Quality:0]]
[2019.01.31-23.31.00:044][  0]LogConfig: Setting CVar [[r.SceneColorFormat:2]]
[2019.01.31-23.31.00:044][  0]LogConfig: Setting CVar [[r.DetailMode:2]]
[2019.01.31-23.31.00:044][  0]LogConfig: Setting CVar [[r.TranslucencyVolumeBlur:0]]
[2019.01.31-23.31.00:044][  0]LogConfig: Setting CVar [[r.MaterialQualityLevel:1 ; High quality]]
[2019.01.31-23.31.00:044][  0]LogConfig: Setting CVar [[r.SSS.Scale:1]]
[2019.01.31-23.31.00:044][  0]LogConfig: Setting CVar [[r.SSS.SampleSet:2]]
[2019.01.31-23.31.00:044][  0]LogConfig: Setting CVar [[r.SSS.Quality:1]]
[2019.01.31-23.31.00:044][  0]LogConfig: Setting CVar [[r.SSS.HalfRes:1]]
[2019.01.31-23.31.00:045][  0]LogConfig: Setting CVar [[r.EmitterSpawnRateScale:1.0]]
[2019.01.31-23.31.00:045][  0]LogConfig: Setting CVar [[r.ParticleLightQuality:2]]
[2019.01.31-23.31.00:045][  0]LogConfig: Applying CVar settings from Section [FoliageQuality@3] File [D:/cs461/PressVR/PressVR/Saved/Config/Windows/Scalability.ini]
[2019.01.31-23.31.00:045][  0]LogConfig: Setting CVar [[foliage.DensityScale:1.0]]
[2019.01.31-23.31.00:045][  0]LogConfig: Setting CVar [[grass.DensityScale:1.0]]
[2019.01.31-23.31.00:045][  0]LogInit: Selected Device Profile: [Windows]
[2019.01.31-23.31.00:045][  0]LogInit: Applying CVar settings loaded from the selected device profile: [Windows]
[2019.01.31-23.31.00:096][  0]LogHAL: Display: Platform has ~ 16 GB [16964153344 / 17179869184 / 16], which maps to Larger [LargestMinGB=32, LargerMinGB=12, DefaultMinGB=8, SmallerMinGB=6, SmallestMinGB=0)
[2019.01.31-23.31.00:096][  0]LogConfig: Setting CVar [[r.Vulkan.UseRealUBs:1]]
[2019.01.31-23.31.00:096][  0]LogInit: Going up to parent DeviceProfile []
[2019.01.31-23.31.00:096][  0]LogConfig: Applying CVar settings from Section [ViewDistanceQuality@3] File [D:/cs461/PressVR/PressVR/Saved/Config/Windows/Scalability.ini]
[2019.01.31-23.31.00:096][  0]LogConfig: Setting CVar [[r.SkeletalMeshLODBias:0]]
[2019.01.31-23.31.00:096][  0]LogConfig: Setting CVar [[r.ViewDistanceScale:1.0]]
[2019.01.31-23.31.00:096][  0]LogConfig: Applying CVar settings from Section [AntiAliasingQuality@3] File [D:/cs461/PressVR/PressVR/Saved/Config/Windows/Scalability.ini]
[2019.01.31-23.31.00:096][  0]LogConfig: Setting CVar [[r.PostProcessAAQuality:3]]
[2019.01.31-23.31.00:096][  0]LogConfig: Applying CVar settings from Section [ShadowQuality@3] File [D:/cs461/PressVR/PressVR/Saved/Config/Windows/Scalability.ini]
[2019.01.31-23.31.00:097][  0]LogConfig: Setting CVar [[r.LightFunctionQuality:1]]
[2019.01.31-23.31.00:097][  0]LogConfig: Setting CVar [[r.ShadowQuality:5]]
[2019.01.31-23.31.00:097][  0]LogConfig: Setting CVar [[r.Shadow.CSM.MaxCascades:10]]
[2019.01.31-23.31.00:097][  0]LogConfig: Setting CVar [[r.Shadow.MaxResolution:2048]]
[2019.01.31-23.31.00:097][  0]LogConfig: Setting CVar [[r.Shadow.MaxCSMResolution:2048]]
[2019.01.31-23.31.00:097][  0]LogConfig: Setting CVar [[r.Shadow.RadiusThreshold:0.01]]
[2019.01.31-23.31.00:097][  0]LogConfig: Setting CVar [[r.Shadow.DistanceScale:1.0]]
[2019.01.31-23.31.00:097][  0]LogConfig: Setting CVar [[r.Shadow.CSM.TransitionScale:1.0]]
[2019.01.31-23.31.00:097][  0]LogConfig: Setting CVar [[r.Shadow.PreShadowResolutionFactor:1.0]]
[2019.01.31-23.31.00:097][  0]LogConfig: Setting CVar [[r.DistanceFieldShadowing:1]]
[2019.01.31-23.31.00:097][  0]LogConfig: Setting CVar [[r.DistanceFieldAO:1]]
[2019.01.31-23.31.00:097][  0]LogConfig: Setting CVar [[r.AOQuality:2]]
[2019.01.31-23.31.00:097][  0]LogConfig: Setting CVar [[r.VolumetricFog:1]]
[2019.01.31-23.31.00:097][  0]LogConfig: Setting CVar [[r.VolumetricFog.GridPixelSize:8]]
[2019.01.31-23.31.00:097][  0]LogConfig: Setting CVar [[r.VolumetricFog.GridSizeZ:128]]
[2019.01.31-23.31.00:097][  0]LogConfig: Setting CVar [[r.VolumetricFog.HistoryMissSupersampleCount:4]]
[2019.01.31-23.31.00:097][  0]LogConfig: Setting CVar [[r.LightMaxDrawDistanceScale:1]]
[2019.01.31-23.31.00:097][  0]LogConfig: Setting CVar [[r.CapsuleShadows:1]]
[2019.01.31-23.31.00:097][  0]LogConfig: Applying CVar settings from Section [PostProcessQuality@3] File [D:/cs461/PressVR/PressVR/Saved/Config/Windows/Scalability.ini]
[2019.01.31-23.31.00:097][  0]LogConfig: Setting CVar [[r.MotionBlurQuality:0]]
[2019.01.31-23.31.00:098][  0]LogConfig: Setting CVar [[r.AmbientOcclusionMipLevelFactor:0.4]]
[2019.01.31-23.31.00:098][  0]LogConfig: Setting CVar [[r.AmbientOcclusionMaxQuality:100]]
[2019.01.31-23.31.00:098][  0]LogConfig: Setting CVar [[r.AmbientOcclusionLevels:0]]
[2019.01.31-23.31.00:098][  0]LogConfig: Setting CVar [[r.AmbientOcclusionRadiusScale:1.0]]
[2019.01.31-23.31.00:098][  0]LogConfig: Setting CVar [[r.DepthOfFieldQuality:0]]
[2019.01.31-23.31.00:098][  0]LogConfig: Setting CVar [[r.RenderTargetPoolMin:400]]
[2019.01.31-23.31.00:098][  0]LogConfig: Setting CVar [[r.LensFlareQuality:0]]
[2019.01.31-23.31.00:098][  0]LogConfig: Setting CVar [[r.SceneColorFringeQuality:0]]
[2019.01.31-23.31.00:098][  0]LogConfig: Setting CVar [[r.EyeAdaptationQuality:2]]
[2019.01.31-23.31.00:098][  0]LogConfig: Setting CVar [[r.BloomQuality:1]]
[2019.01.31-23.31.00:098][  0]LogConfig: Setting CVar [[r.FastBlurThreshold:0]]
[2019.01.31-23.31.00:098][  0]LogConfig: Setting CVar [[r.Upscale.Quality:3]]
[2019.01.31-23.31.00:098][  0]LogConfig: Setting CVar [[r.Tonemapper.GrainQuantization:1]]
[2019.01.31-23.31.00:098][  0]LogConfig: Setting CVar [[r.LightShaftQuality:1]]
[2019.01.31-23.31.00:098][  0]LogConfig: Setting CVar [[r.Filter.SizeScale:1]]
[2019.01.31-23.31.00:098][  0]LogConfig: Setting CVar [[r.Tonemapper.Quality:5]]
[2019.01.31-23.31.00:098][  0]LogConfig: Setting CVar [[r.DOF.Gather.AccumulatorQuality:1        ; higher gathering accumulator quality]]
[2019.01.31-23.31.00:098][  0]LogConfig: Setting CVar [[r.DOF.Gather.PostfilterMethod:1          ; Median3x3 postfilering method]]
[2019.01.31-23.31.00:098][  0]LogConfig: Setting CVar [[r.DOF.Gather.EnableBokehSettings:0       ; no bokeh simulation when gathering]]
[2019.01.31-23.31.00:098][  0]LogConfig: Setting CVar [[r.DOF.Gather.RingCount:4                 ; medium number of samples when gathering]]
[2019.01.31-23.31.00:099][  0]LogConfig: Setting CVar [[r.DOF.Scatter.ForegroundCompositing:1    ; additive foreground scattering]]
[2019.01.31-23.31.00:099][  0]LogConfig: Setting CVar [[r.DOF.Scatter.BackgroundCompositing:2    ; additive background scattering]]
[2019.01.31-23.31.00:099][  0]LogConfig: Setting CVar [[r.DOF.Scatter.EnableBokehSettings:1      ; bokeh simulation when scattering]]
[2019.01.31-23.31.00:099][  0]LogConfig: Setting CVar [[r.DOF.Scatter.MaxSpriteRatio:0.1         ; only a maximum of 10% of scattered bokeh]]
[2019.01.31-23.31.00:099][  0]LogConfig: Setting CVar [[r.DOF.Recombine.Quality:1                ; cheap slight out of focus]]
[2019.01.31-23.31.00:099][  0]LogConfig: Setting CVar [[r.DOF.Recombine.EnableBokehSettings:0    ; no bokeh simulation on slight out of focus]]
[2019.01.31-23.31.00:099][  0]LogConfig: Setting CVar [[r.DOF.TemporalAAQuality:1                ; more stable temporal accumulation]]
[2019.01.31-23.31.00:099][  0]LogConfig: Setting CVar [[r.DOF.Kernel.MaxForegroundRadius:0.025]]
[2019.01.31-23.31.00:099][  0]LogConfig: Setting CVar [[r.DOF.Kernel.MaxBackgroundRadius:0.025]]
[2019.01.31-23.31.00:099][  0]LogConfig: Applying CVar settings from Section [TextureQuality@3] File [D:/cs461/PressVR/PressVR/Saved/Config/Windows/Scalability.ini]
[2019.01.31-23.31.00:099][  0]LogConfig: Setting CVar [[r.Streaming.MipBias:0]]
[2019.01.31-23.31.00:099][  0]LogConfig: Setting CVar [[r.Streaming.AmortizeCPUToGPUCopy:0]]
[2019.01.31-23.31.00:099][  0]LogConfig: Setting CVar [[r.Streaming.MaxNumTexturesToStreamPerFrame:0]]
[2019.01.31-23.31.00:099][  0]LogConfig: Setting CVar [[r.Streaming.Boost:1]]
[2019.01.31-23.31.00:099][  0]LogConfig: Setting CVar [[r.MaxAnisotropy:8]]
[2019.01.31-23.31.00:099][  0]LogConfig: Setting CVar [[r.Streaming.LimitPoolSizeToVRAM:0]]
[2019.01.31-23.31.00:099][  0]LogConfig: Setting CVar [[r.Streaming.PoolSize:1000]]
[2019.01.31-23.31.00:099][  0]LogConfig: Setting CVar [[r.Streaming.MaxEffectiveScreenSize:0]]
[2019.01.31-23.31.00:099][  0]LogConfig: Applying CVar settings from Section [EffectsQuality@3] File [D:/cs461/PressVR/PressVR/Saved/Config/Windows/Scalability.ini]
[2019.01.31-23.31.00:099][  0]LogConfig: Setting CVar [[r.TranslucencyLightingVolumeDim:4]]
[2019.01.31-23.31.00:100][  0]LogConfig: Setting CVar [[r.RefractionQuality:2]]
[2019.01.31-23.31.00:100][  0]LogConfig: Setting CVar [[r.SSR.Quality:0]]
[2019.01.31-23.31.00:100][  0]LogConfig: Setting CVar [[r.SceneColorFormat:2]]
[2019.01.31-23.31.00:100][  0]LogConfig: Setting CVar [[r.DetailMode:2]]
[2019.01.31-23.31.00:100][  0]LogConfig: Setting CVar [[r.TranslucencyVolumeBlur:0]]
[2019.01.31-23.31.00:100][  0]LogConfig: Setting CVar [[r.MaterialQualityLevel:1 ; High quality]]
[2019.01.31-23.31.00:100][  0]LogConfig: Setting CVar [[r.SSS.Scale:1]]
[2019.01.31-23.31.00:100][  0]LogConfig: Setting CVar [[r.SSS.SampleSet:2]]
[2019.01.31-23.31.00:100][  0]LogConfig: Setting CVar [[r.SSS.Quality:1]]
[2019.01.31-23.31.00:100][  0]LogConfig: Setting CVar [[r.SSS.HalfRes:1]]
[2019.01.31-23.31.00:100][  0]LogConfig: Setting CVar [[r.EmitterSpawnRateScale:1.0]]
[2019.01.31-23.31.00:100][  0]LogConfig: Setting CVar [[r.ParticleLightQuality:2]]
[2019.01.31-23.31.00:100][  0]LogConfig: Applying CVar settings from Section [FoliageQuality@3] File [D:/cs461/PressVR/PressVR/Saved/Config/Windows/Scalability.ini]
[2019.01.31-23.31.00:100][  0]LogConfig: Setting CVar [[foliage.DensityScale:1.0]]
[2019.01.31-23.31.00:100][  0]LogConfig: Setting CVar [[grass.DensityScale:1.0]]
[2019.01.31-23.31.00:100][  0]LogConfig: Applying CVar settings from Section [Startup] File [../../../Engine/Config/ConsoleVariables.ini]
[2019.01.31-23.31.00:101][  0]LogConfig: Setting CVar [[net.UseAdaptiveNetUpdateFrequency:0]]
[2019.01.31-23.31.00:101][  0]LogConfig: Applying CVar settings from Section [ConsoleVariables] File [D:/cs461/PressVR/PressVR/Saved/Config/Windows/Engine.ini]
[2019.01.31-23.31.00:101][  0]LogInit: Computer: DESKTOP-1KNH53N
[2019.01.31-23.31.00:102][  0]LogInit: User: kylet
[2019.01.31-23.31.00:102][  0]LogInit: CPU Page size=4096, Cores=6
[2019.01.31-23.31.00:102][  0]LogInit: High frequency timer resolution =2.156252 MHz
[2019.01.31-23.31.00:103][  0]LogMemory: Memory total: Physical=15.8GB (16GB approx)
[2019.01.31-23.31.00:103][  0]LogMemory: Platform Memory Stats for Windows
[2019.01.31-23.31.00:103][  0]LogMemory: Process Physical Memory: 108.45 MB used, 108.45 MB peak
[2019.01.31-23.31.00:103][  0]LogMemory: Process Virtual Memory: 104.68 MB used, 104.68 MB peak
[2019.01.31-23.31.00:103][  0]LogMemory: Physical Memory: 6686.64 MB used,  9491.64 MB free, 16178.28 MB total
[2019.01.31-23.31.00:103][  0]LogMemory: Virtual Memory: 4694.98 MB used,  134213032.00 MB free, 134217728.00 MB total
[2019.01.31-23.31.00:177][  0]LogInit: Using OS detected language (en-US).
[2019.01.31-23.31.00:177][  0]LogInit: Using OS detected locale (en-US).
[2019.01.31-23.31.00:181][  0]LogTextLocalizationManager: No specific localization for 'en-US' exists, so the 'en' localization will be used.
[2019.01.31-23.31.01:542][  0]LogStreaming: Display: Took  1.365s to InitEngineTextLocalization.
[2019.01.31-23.31.01:543][  0]LogInit: Setting process to per monitor DPI aware
[2019.01.31-23.31.01:695][  0]LogSlate: New Slate User Created.  User Index 0, Is Virtual User: 0
[2019.01.31-23.31.01:695][  0]LogSlate: Slate User Registered.  User Index 0, Is Virtual User: 0
[2019.01.31-23.31.08:552][  0]LogHMD: Failed to initialize OpenVR with code 108
[2019.01.31-23.31.08:552][  0]LogD3D11RHI: D3D11 adapters:
[2019.01.31-23.31.08:756][  0]LogD3D11RHI:    0. 'NVIDIA GeForce GTX 1060 with Max-Q Design' (Feature Level 11_0)
[2019.01.31-23.31.08:757][  0]LogD3D11RHI:       6052/0/8089 MB DedicatedVideo/DedicatedSystem/SharedSystem, Outputs:1, VendorId:0x10de
[2019.01.31-23.31.08:788][  0]LogD3D11RHI:    1. 'Intel(R) UHD Graphics 630' (Feature Level 11_0)
[2019.01.31-23.31.08:789][  0]LogD3D11RHI:       128/0/8089 MB DedicatedVideo/DedicatedSystem/SharedSystem, Outputs:0, VendorId:0x8086
[2019.01.31-23.31.08:793][  0]LogD3D11RHI:    2. 'Microsoft Basic Render Driver' (Feature Level 11_0)
[2019.01.31-23.31.08:793][  0]LogD3D11RHI:       0/0/8089 MB DedicatedVideo/DedicatedSystem/SharedSystem, Outputs:0, VendorId:0x1414
[2019.01.31-23.31.08:793][  0]LogD3D11RHI: Chosen D3D11 Adapter: 0
[2019.01.31-23.31.08:850][  0]LogD3D11RHI: Creating new Direct3DDevice
[2019.01.31-23.31.08:850][  0]LogD3D11RHI:     GPU DeviceId: 0x1c20 (for the marketing name, search the web for "GPU Device Id")
[2019.01.31-23.31.08:850][  0]LogWindows: EnumDisplayDevices:
[2019.01.31-23.31.08:850][  0]LogWindows:    0. 'Intel(R) UHD Graphics 630' (P:1 D:1)
[2019.01.31-23.31.08:850][  0]LogWindows:    1. 'Intel(R) UHD Graphics 630' (P:0 D:0)
[2019.01.31-23.31.08:851][  0]LogWindows:    2. 'Intel(R) UHD Graphics 630' (P:0 D:0)
[2019.01.31-23.31.08:852][  0]LogWindows:    3. 'NVIDIA GeForce GTX 1060 with Max-Q Design' (P:0 D:0)
[2019.01.31-23.31.08:852][  0]LogWindows: DebugString: PrimaryIsNotTheChoosenAdapter PrimaryIsNotTheChoosenAdapter PrimaryIsNotTheChoosenAdapter 
[2019.01.31-23.31.08:853][  0]LogD3D11RHI:     Adapter Name: NVIDIA GeForce GTX 1060 with Max-Q Design
[2019.01.31-23.31.08:853][  0]LogD3D11RHI:   Driver Version: 417.35 (internal:25.21.14.1735, unified:417.35)
[2019.01.31-23.31.08:853][  0]LogD3D11RHI:      Driver Date: 12-11-2018
[2019.01.31-23.31.08:853][  0]LogRHI: Texture pool is 4236 MB (70% of 6052 MB)
[2019.01.31-23.31.08:968][  0]LogD3D11RHI: Async texture creation enabled
[2019.01.31-23.31.09:040][  0]LogD3D11RHI: GPU Timing Frequency: 1000.000000 (Debug: 2 2)
[2019.01.31-23.31.09:971][  0]LogTemp: Display: Loaded TP AllDesktopTargetPlatform
[2019.01.31-23.31.10:011][  0]LogTemp: Display: Loaded TP MacClientTargetPlatform
[2019.01.31-23.31.10:054][  0]LogTemp: Display: Loaded TP MacNoEditorTargetPlatform
[2019.01.31-23.31.10:102][  0]LogTemp: Display: Loaded TP MacServerTargetPlatform
[2019.01.31-23.31.10:153][  0]LogTemp: Display: Loaded TP MacTargetPlatform
[2019.01.31-23.31.10:189][  0]LogTemp: Display: Loaded TP WindowsClientTargetPlatform
[2019.01.31-23.31.10:226][  0]LogTemp: Display: Loaded TP WindowsNoEditorTargetPlatform
[2019.01.31-23.31.10:258][  0]LogTemp: Display: Loaded TP WindowsServerTargetPlatform
[2019.01.31-23.31.10:271][  0]LogTemp: Display: Loaded TP WindowsTargetPlatform
[2019.01.31-23.31.10:471][  0]LogTemp: Display: Loaded TP AndroidTargetPlatform
[2019.01.31-23.31.10:472][  0]LogTemp: Display: Loaded TP AndroidTargetPlatform
[2019.01.31-23.31.10:472][  0]LogTemp: Display: Loaded TP AndroidTargetPlatform
[2019.01.31-23.31.10:472][  0]LogTemp: Display: Loaded TP AndroidTargetPlatform
[2019.01.31-23.31.10:472][  0]LogTemp: Display: Loaded TP AndroidTargetPlatform
[2019.01.31-23.31.10:472][  0]LogTemp: Display: Loaded TP AndroidTargetPlatform
[2019.01.31-23.31.10:472][  0]LogTemp: Display: Loaded TP AndroidTargetPlatform
[2019.01.31-23.31.10:472][  0]LogTemp: Display: Loaded TP AndroidTargetPlatform
[2019.01.31-23.31.10:472][  0]LogTemp: Display: Loaded TP AndroidTargetPlatform
[2019.01.31-23.31.10:472][  0]LogTemp: Display: Loaded TP AndroidTargetPlatform
[2019.01.31-23.31.10:472][  0]LogTemp: Display: Loaded TP AndroidTargetPlatform
[2019.01.31-23.31.10:472][  0]LogTemp: Display: Loaded TP AndroidTargetPlatform
[2019.01.31-23.31.10:472][  0]LogTemp: Display: Loaded TP AndroidTargetPlatform
[2019.01.31-23.31.10:472][  0]LogTemp: Display: Loaded TP AndroidTargetPlatform
[2019.01.31-23.31.10:472][  0]LogTemp: Display: Loaded TP AndroidTargetPlatform
[2019.01.31-23.31.10:472][  0]LogTemp: Display: Loaded TP AndroidTargetPlatform
[2019.01.31-23.31.10:472][  0]LogTemp: Display: Loaded TP AndroidTargetPlatform
[2019.01.31-23.31.10:472][  0]LogTemp: Display: Loaded TP AndroidTargetPlatform
[2019.01.31-23.31.10:475][  0]LogTemp: Display: Loaded TP HTML5TargetPlatform
[2019.01.31-23.31.10:576][  0]LogTemp: Display: Loaded TP IOSTargetPlatform
[2019.01.31-23.31.10:576][  0]LogTemp: Display: Loaded TP IOSTargetPlatform
[2019.01.31-23.31.10:638][  0]LogTemp: Display: Loaded TP TVOSTargetPlatform
[2019.01.31-23.31.10:638][  0]LogTemp: Display: Loaded TP TVOSTargetPlatform
[2019.01.31-23.31.10:667][  0]LogTemp: Display: Loaded TP LinuxClientTargetPlatform
[2019.01.31-23.31.10:695][  0]LogTemp: Display: Loaded TP LinuxNoEditorTargetPlatform
[2019.01.31-23.31.10:718][  0]LogTemp: Display: Loaded TP LinuxServerTargetPlatform
[2019.01.31-23.31.10:749][  0]LogTemp: Display: Loaded TP LinuxTargetPlatform
[2019.01.31-23.31.10:843][  0]LogTemp: Display: Loaded TP LuminTargetPlatform
[2019.01.31-23.31.10:843][  0]LogTemp: Display: Loaded TP LuminTargetPlatform
[2019.01.31-23.31.10:843][  0]LogTargetPlatformManager: Display: Building Assets For Windows
[2019.01.31-23.31.10:999][  0]LogShaderCompilers: Guid format shader working directory is 21 characters bigger than the processId version (D:/cs461/PressVR/PressVR/Intermediate/Shaders/WorkingDirectory/20084/).
[2019.01.31-23.31.10:999][  0]LogShaderCompilers: Cleaned the shader compiler working directory 'C:/Users/kylet/AppData/Local/Temp/UnrealShaderWorkingDir/DA9CF303402AA49378065A92C51F0C81/'.
[2019.01.31-23.31.11:004][  0]LogXGEController: Cleaning working directory: C:/Users/kylet/AppData/Local/Temp/UnrealXGEWorkingDir/
[2019.01.31-23.31.11:005][  0]LogXGEController: Cannot use XGE Controller as Incredibuild is not installed on this machine.
[2019.01.31-23.31.11:005][  0]LogShaderCompilers: Cannot use XGE Shader Compiler as Incredibuild is not installed on this machine.
[2019.01.31-23.31.11:005][  0]LogShaderCompilers: Display: Using Local Shader Compiler.
[2019.01.31-23.31.12:893][  0]LogDerivedDataCache: Display: Max Cache Size: 512 MB
[2019.01.31-23.31.13:099][  0]LogDerivedDataCache: Loaded boot cache 0.21s 86MB C:/Users/kylet/AppData/Local/UnrealEngine/4.21/DerivedDataCache/Boot.ddc.
[2019.01.31-23.31.13:100][  0]LogDerivedDataCache: Display: Loaded Boot cache: C:/Users/kylet/AppData/Local/UnrealEngine/4.21/DerivedDataCache/Boot.ddc
[2019.01.31-23.31.13:100][  0]LogDerivedDataCache: FDerivedDataBackendGraph:  Pak pak cache file D:/cs461/PressVR/PressVR/DerivedDataCache/DDC.ddp not found, will not use a pak cache.
[2019.01.31-23.31.13:100][  0]LogDerivedDataCache: Unable to find inner node Pak for hierarchical cache Hierarchy.
[2019.01.31-23.31.13:100][  0]LogDerivedDataCache: FDerivedDataBackendGraph:  CompressedPak pak cache file D:/cs461/PressVR/PressVR/DerivedDataCache/Compressed.ddp not found, will not use a pak cache.
[2019.01.31-23.31.13:100][  0]LogDerivedDataCache: Unable to find inner node CompressedPak for hierarchical cache Hierarchy.
[2019.01.31-23.31.13:155][  0]LogDerivedDataCache: Display: Pak cache opened for reading ../../../Engine/DerivedDataCache/Compressed.ddp.
[2019.01.31-23.31.13:170][  0]LogDerivedDataCache: Display: Pak cache opened for reading ../../../Enterprise/DerivedDataCache/Compressed.ddp.
[2019.01.31-23.31.13:184][  0]LogDerivedDataCache: Using Local data cache path C:/Users/kylet/AppData/Local/UnrealEngine/Common/DerivedDataCache: Writable
[2019.01.31-23.31.13:184][  0]LogDerivedDataCache: Shared data cache path not found in *engine.ini, will not use an Shared cache.
[2019.01.31-23.31.13:184][  0]LogDerivedDataCache: Unable to find inner node Shared for hierarchical cache Hierarchy.
[2019.01.31-23.31.13:276][  0]LogMaterial: Verifying Global Shaders for PCD3D_SM5
[2019.01.31-23.31.13:282][  0]LogSlate: Using FreeType 2.6.0
[2019.01.31-23.31.13:284][  0]LogSlate: SlateFontServices - WITH_FREETYPE: 1, WITH_HARFBUZZ: 1
[2019.01.31-23.31.13:579][  0]LogAssetRegistry: FAssetRegistry took 0.0718 seconds to start up
[2019.01.31-23.31.14:821][  0]LogInit: Selected Device Profile: [Windows]
[2019.01.31-23.31.15:407][  0]LogSimplygon: Simplygon DLL not present - disabling.
[2019.01.31-23.31.15:420][  0]LogMeshReduction: Using SimplygonSwarm for distributed automatic mesh merging
[2019.01.31-23.31.15:420][  0]LogMeshReduction: Using ProxyLODMeshReduction for automatic mesh merging
[2019.01.31-23.31.15:420][  0]LogMeshReduction: Using QuadricMeshReduction for automatic static mesh reduction
[2019.01.31-23.31.15:420][  0]LogMeshReduction: No automatic skeletal mesh reduction module available
[2019.01.31-23.31.15:476][  0]LogNetVersion: PressVR 1.0.0, NetCL: 4541578, EngineNetVer: 5, GameNetVer: 0 (Checksum: 297391646)
[2019.01.31-23.31.17:630][  0]LogPackageLocalizationCache: Processed 14 localized package path(s) for 2 prioritized culture(s) in 0.386898 seconds
[2019.01.31-23.31.17:651][  0]LogUObjectArray: 39775 objects as part of root set at end of initial load.
[2019.01.31-23.31.17:651][  0]LogUObjectAllocator: 6914656 out of 0 bytes used by permanent object pool.
[2019.01.31-23.31.17:651][  0]LogUObjectArray: CloseDisregardForGC: 0/0 objects in disregard for GC pool
[2019.01.31-23.31.21:089][  0]LogSubstanceCoreModule: Substance [CPU] Engine Loaded, Max Texture Size = 2048
[2019.01.31-23.31.21:102][  0]LogTcpMessaging: Initializing TcpMessaging bridge
[2019.01.31-23.31.21:120][  0]LogUdpMessaging: Initializing bridge on interface 0.0.0.0:0 to multicast group 230.0.0.1:6666.
[2019.01.31-23.31.23:736][  0]SourceControl: Source control is disabled
[2019.01.31-23.31.23:736][  0]SourceControl: Source control is disabled
[2019.01.31-23.31.23:741][  0]SourceControl: Source control is disabled
[2019.01.31-23.31.23:745][  0]SourceControl: Source control is disabled
[2019.01.31-23.31.24:114][  0]LogAndroidPermission: UAndroidPermissionCallbackProxy::GetInstance
[2019.01.31-23.31.24:290][  0]LogOcInput: OculusInput pre-init called
[2019.01.31-23.31.30:374][  0]LogEngine: Initializing Engine...
[2019.01.31-23.31.30:495][  0]LogHMD: Failed to initialize OpenVR with code 108
[2019.01.31-23.31.30:500][  0]LogStats: UGameplayTagsManager::ConstructGameplayTagTree: ImportINI prefixes -  0.000 s
[2019.01.31-23.31.30:500][  0]LogStats: UGameplayTagsManager::ConstructGameplayTagTree: Construct from data asset -  0.000 s
[2019.01.31-23.31.30:500][  0]LogStats: UGameplayTagsManager::ConstructGameplayTagTree: ImportINI -  0.000 s
[2019.01.31-23.31.30:501][  0]LogStats: UGameplayTagsManager::ConstructGameplayTagTree: GameplayTagTreeChangedEvent.Broadcast -  0.000 s
[2019.01.31-23.31.31:382][  0]LogInit: Initializing FReadOnlyCVARCache
[2019.01.31-23.31.31:427][  0]LogAIModule: Creating AISystem for world Untitled
[2019.01.31-23.31.31:678][  0]LogInit: XAudio2 using 'Speakers/Headphones (Realtek(R) Audio)' : 2 channels at 48 kHz using 32 bits per sample (channel mask 0x3)
[2019.01.31-23.31.32:955][  0]LogInit: FAudioDevice initialized.
[2019.01.31-23.31.32:956][  0]LogNetVersion: Set ProjectVersion to 1.0.0.0. Version Checksum will be recalculated on next use.
[2019.01.31-23.31.33:566][  0]LogDerivedDataCache: Saved boot cache 0.61s 86MB C:/Users/kylet/AppData/Local/UnrealEngine/4.21/DerivedDataCache/Boot.ddc.
[2019.01.31-23.31.33:618][  0]LogInit: Texture streaming: Enabled
[2019.01.31-23.31.33:678][  0]LogEngineSessionManager: EngineSessionManager initialized
[2019.01.31-23.31.33:743][  0]LogInit: Transaction tracking system initialized
[2019.01.31-23.31.33:825][  0]BlueprintLog: New page: Editor Load
[2019.01.31-23.31.34:078][  0]LocalizationService: Localization service is disabled
[2019.01.31-23.31.39:047][  0]LogFileCache: Scanning file cache for directory 'D:/cs461/PressVR/PressVR/Content/' took 0.06s
[2019.01.31-23.31.39:047][  0]LogCook: Display: Max memory allowance for cook 16384mb min free memory 0mb
[2019.01.31-23.31.39:047][  0]LogCook: Display: Mobile HDR setting 1
[2019.01.31-23.31.39:047][  0]LogGameplayTags: Display: UGameplayTagsManager::DoneAddingNativeTags. DelegateIsBound: 0
[2019.01.31-23.31.39:047][  0]LogStats: UGameplayTagsManager::ConstructGameplayTagTree: ImportINI prefixes -  0.000 s
[2019.01.31-23.31.39:048][  0]LogStats: UGameplayTagsManager::ConstructGameplayTagTree: Construct from data asset -  0.000 s
[2019.01.31-23.31.39:048][  0]LogStats: UGameplayTagsManager::ConstructGameplayTagTree: ImportINI -  0.000 s
[2019.01.31-23.31.39:048][  0]LogStats: UGameplayTagsManager::ConstructGameplayTagTree: GameplayTagTreeChangedEvent.Broadcast -  0.000 s
[2019.01.31-23.31.52:983][  0]SourceControl: Source control is disabled
[2019.01.31-23.31.52:983][  0]Cmd: MAP LOAD FILE="D:/cs461/PressVR/PressVR/Content/VirtualRealityBP/Maps/MainMap.umap" TEMPLATE=0 SHOWPROGRESS=1 FEATURELEVEL=3
[2019.01.31-23.31.52:984][  0]LightingResults: New page: Lighting Build
[2019.01.31-23.31.52:997][  0]MapCheck: New page: Map Check
[2019.01.31-23.31.52:997][  0]LightingResults: New page: Lighting Build
[2019.01.31-23.31.59:761][  0]LogBlueprint: Warning: [Compiler PersistentLevel.MainMap] OnActorEndOverlap (None)  is referencing an Actor that no longer exists. Attached logic will never execute.
[2019.01.31-23.31.59:762][  0]LogBlueprint: Warning: [Compiler PersistentLevel.MainMap] OnActorBeginOverlap (None)  is referencing an Actor that no longer exists. Attached logic will never execute.
[2019.01.31-23.31.59:764][  0]LogBlueprint: Warning: [Compiler PersistentLevel.MainMap] Node  Unknown  is not referencing a valid level actor
[2019.01.31-23.31.59:765][  0]LogBlueprint: Error: [Compiler PersistentLevel.MainMap] Couldn't find object for bound event node  OnActorBeginOverlap (None)
[2019.01.31-23.31.59:765][  0]LogBlueprint: Error: [Compiler PersistentLevel.MainMap] Couldn't find object for bound event node  OnActorEndOverlap (None)
[2019.01.31-23.31.59:767][  0]LogBlueprint: Warning: [Compiler PersistentLevel.MainMap] [0066.29] Compile of PersistentLevel.MainMap failed. 2 Fatal Issue(s) 3 Warning(s) [in 12 ms] (/Game/VirtualRealityBP/Maps/MainMap.MainMap:PersistentLevel.MainMap)
[2019.01.31-23.32.03:988][  0]LogTexture: Display: Building textures: HQ_Lightmap0_4 (AutoDXT, 64X64)
[2019.01.31-23.32.03:988][  0]LogTexture: Display: Building textures: LQ_Lightmap_0_4 (DXT1, 64X64)
[2019.01.31-23.32.03:988][  0]LogTexture: Display: Building textures: white-paper-texture (AutoDXT, 2048X1024)
[2019.01.31-23.32.03:988][  0]LogTexture: Display: Building textures: LQ_Lightmap_1_3 (DXT1, 512X512)
[2019.01.31-23.32.03:988][  0]LogTexture: Display: Building textures: HQ_Lightmap1_3 (AutoDXT, 512X512)
[2019.01.31-23.32.03:988][  0]LogTexture: Display: Building textures: HQ_Lightmap1_1 (AutoDXT, 1024X1024)
[2019.01.31-23.32.03:988][  0]LogTexture: Display: Building textures: LQ_Lightmap_1_1 (DXT1, 1024X1024)
[2019.01.31-23.32.03:988][  0]LogTexture: Display: Building textures: ShadowMapTexture2D_0 (BGRA8, 1024X1024)
[2019.01.31-23.32.03:988][  0]LogTexture: Display: Building textures: LQ_Lightmap_1_2 (DXT1, 1024X1024)
[2019.01.31-23.32.03:988][  0]LogTexture: Display: Building textures: HQ_Lightmap1_2 (AutoDXT, 1024X1024)
[2019.01.31-23.32.03:988][  0]LogTexture: Display: Building textures: Cardboard_Brown_Paper_Texture_by_Enchantedgal_Stock (AutoDXT, 1024X2048)
[2019.01.31-23.32.03:989][  0]LogTexture: Display: Building textures: webpress_UI (AutoDXT, 1920X1080)
[2019.01.31-23.32.03:989][  0]LogTexture: Display: Building textures: ShadowMapTexture2D_1 (BGRA8, 1024X512)
[2019.01.31-23.32.03:989][  0]LogTexture: Display: Building textures: ShadowMapTexture2D_2 (G8, 32X32)
[2019.01.31-23.32.03:989][  0]LogTexture: Display: Building textures: T_Lightbulb_M (AutoDXT, 512X512)
[2019.01.31-23.32.03:989][  0]LogTexture: Display: Building textures: printer_screen (AutoDXT, 256X128)
[2019.01.31-23.32.04:003][  0]LogMaterial: Display: Missing cached shader map for material SketchUpMaster, compiling. 
[2019.01.31-23.32.05:320][  0]LogShaderCompilers: Display: Shaders left to compile 31
[2019.01.31-23.32.05:321][  0]LogShaderCompilers: Display: Shaders left to compile 21
[2019.01.31-23.32.05:321][  0]LogShaderCompilers: Display: Shaders left to compile 11
[2019.01.31-23.32.05:321][  0]LogShaderCompilers: Display: Shaders left to compile 1
[2019.01.31-23.32.06:154][  0]LogStaticMesh: Building static mesh coffeeCup...
[2019.01.31-23.32.37:729][  0]LogStaticMesh: Built static mesh [31.58s] /Game/Meshes/coffeeCup.coffeeCup
[2019.01.31-23.32.38:107][  0]LogMaterial: Display: Missing cached shader map for material webpress_UI_Mat, compiling. 
[2019.01.31-23.32.38:812][  0]LogShaderCompilers: Display: Shaders left to compile 31
[2019.01.31-23.32.38:812][  0]LogShaderCompilers: Display: Shaders left to compile 21
[2019.01.31-23.32.38:812][  0]LogShaderCompilers: Display: Shaders left to compile 11
[2019.01.31-23.32.38:813][  0]LogShaderCompilers: Display: Shaders left to compile 1
[2019.01.31-23.32.38:813][  0]LogStaticMesh: Building static mesh Printer...
[2019.01.31-23.32.45:596][  0]LogStaticMesh: Built static mesh [6.78s] /Game/Meshes/Printer.Printer
[2019.01.31-23.32.46:246][  0]LogMaterial: Display: Missing cached shader map for material M_DemoWall, compiling. 
[2019.01.31-23.32.46:530][  0]LogShaderCompilers: Display: Shaders left to compile 132
[2019.01.31-23.32.46:530][  0]LogShaderCompilers: Display: Shaders left to compile 122
[2019.01.31-23.32.46:531][  0]LogShaderCompilers: Display: Shaders left to compile 112
[2019.01.31-23.32.46:531][  0]LogShaderCompilers: Display: Shaders left to compile 102
[2019.01.31-23.32.46:531][  0]LogShaderCompilers: Display: Shaders left to compile 92
[2019.01.31-23.32.46:531][  0]LogShaderCompilers: Display: Shaders left to compile 82
[2019.01.31-23.32.46:531][  0]LogShaderCompilers: Display: Shaders left to compile 72
[2019.01.31-23.32.46:531][  0]LogMaterial: Display: Missing cached shader map for material M_Button, compiling. 
[2019.01.31-23.32.46:617][  0]LogMaterial: Display: Missing cached shader map for material M_Button_Chrome, compiling. 
[2019.01.31-23.32.46:745][  0]LogStaticMesh: Building static mesh SM_Button...
[2019.01.31-23.32.46:882][  0]LogStaticMesh: Built static mesh [0.14s] /Game/DemoRoom/Meshes/SM_Button.SM_Button
[2019.01.31-23.32.46:932][  0]LogMaterial: Display: Missing cached shader map for material M_Button2, compiling. 
[2019.01.31-23.32.47:087][  0]LogMaterial: Display: Missing cached shader map for material M_Light_Bulb_Glass, compiling. 
[2019.01.31-23.32.47:546][  0]LogMaterial: Display: Missing cached shader map for material M_Light_Bulb_Base, compiling. 
[2019.01.31-23.32.47:875][  0]LogStaticMesh: Building static mesh SM_Lightbulb...
[2019.01.31-23.32.47:938][  0]LogStaticMesh: Built static mesh [0.06s] /Game/ExampleContent/Blueprint_Communication/Meshes/SM_Lightbulb.SM_Lightbulb
[2019.01.31-23.32.48:474][  0]LogAIModule: Creating AISystem for world MainMap
[2019.01.31-23.32.48:655][  0]LogEditorServer: Finished looking for orphan Actors (0.000 secs)
[2019.01.31-23.32.48:858][  0]Cmd: MAP CHECKDEP NOCLEARLOG
[2019.01.31-23.32.48:859][  0]MapCheck: Map check complete: 0 Error(s), 0 Warning(s), took 0.435ms to complete.
[2019.01.31-23.32.48:859][  0]LogFileHelpers: Loading map 'MainMap' took 55.876
[2019.01.31-23.32.49:345][  0]LogSlate: Updating window title bar state: overlay mode, drag disabled, window buttons hidden, title bar hidden
[2019.01.31-23.32.49:417][  0]LogSlate: Updating window title bar state: overlay mode, drag disabled, window buttons hidden, title bar hidden
[2019.01.31-23.32.49:483][  0]LogSlate: Updating window title bar state: overlay mode, drag disabled, window buttons hidden, title bar hidden
[2019.01.31-23.32.49:529][  0]LogSlate: Updating window title bar state: overlay mode, drag disabled, window buttons hidden, title bar hidden
[2019.01.31-23.32.49:586][  0]LogCollectionManager: Loaded 0 collections in 0.007940 seconds
[2019.01.31-23.32.49:639][  0]LogFileCache: Scanning file cache for directory 'D:/cs461/PressVR/PressVR/Saved/Collections/' took 0.01s
[2019.01.31-23.32.49:639][  0]LogFileCache: Scanning file cache for directory 'D:/cs461/PressVR/PressVR/Content/Developers/kylet/Collections/' took 0.01s
[2019.01.31-23.32.49:639][  0]LogFileCache: Scanning file cache for directory 'D:/cs461/PressVR/PressVR/Content/Collections/' took 0.00s
[2019.01.31-23.32.49:639][  0]LogCollectionManager: Rebuilt the GUID cache for 0 collections in 0.000001 seconds
[2019.01.31-23.32.49:700][  0]LogContentBrowser: Native class hierarchy populated in 0.0592 seconds. Added 2723 classes and 659 folders.
[2019.01.31-23.32.49:732][  0]LogContentBrowser: Native class hierarchy updated for 'WidgetCarousel' in 0.0013 seconds. Added 0 classes and 0 folders.
[2019.01.31-23.32.49:774][  0]LogPakFile: Registered encryption key '00000000000000000000000000000000': 0 pak files mounted, 0 remain pending
[2019.01.31-23.32.49:820][  0]LogPakFile: Registered encryption key '00000000000000000000000000000000': 0 pak files mounted, 0 remain pending
[2019.01.31-23.32.50:025][  0]LogPakFile: Registered encryption key '00000000000000000000000000000000': 0 pak files mounted, 0 remain pending
[2019.01.31-23.32.50:056][  0]LogPakFile: Registered encryption key '00000000000000000000000000000000': 0 pak files mounted, 0 remain pending
[2019.01.31-23.32.50:086][  0]LogPakFile: Registered encryption key '00000000000000000000000000000000': 0 pak files mounted, 0 remain pending
[2019.01.31-23.32.50:120][  0]LogPakFile: Registered encryption key '00000000000000000000000000000000': 0 pak files mounted, 0 remain pending
[2019.01.31-23.32.50:151][  0]LogPakFile: Registered encryption key '00000000000000000000000000000000': 0 pak files mounted, 0 remain pending
[2019.01.31-23.32.50:232][  0]LogPakFile: Registered encryption key '00000000000000000000000000000000': 0 pak files mounted, 0 remain pending
[2019.01.31-23.32.50:358][  0]LogPakFile: Registered encryption key '00000000000000000000000000000000': 0 pak files mounted, 0 remain pending
[2019.01.31-23.32.50:492][  0]LogPakFile: Registered encryption key '00000000000000000000000000000000': 0 pak files mounted, 0 remain pending
[2019.01.31-23.32.50:566][  0]LogPakFile: Registered encryption key '00000000000000000000000000000000': 0 pak files mounted, 0 remain pending
[2019.01.31-23.32.50:633][  0]LogPakFile: Registered encryption key '00000000000000000000000000000000': 0 pak files mounted, 0 remain pending
[2019.01.31-23.32.50:756][  0]LogPakFile: Registered encryption key '00000000000000000000000000000000': 0 pak files mounted, 0 remain pending
[2019.01.31-23.32.50:833][  0]LogPakFile: Registered encryption key '00000000000000000000000000000000': 0 pak files mounted, 0 remain pending
[2019.01.31-23.32.50:897][  0]LogPakFile: Registered encryption key '00000000000000000000000000000000': 0 pak files mounted, 0 remain pending
[2019.01.31-23.32.50:963][  0]LogPakFile: Registered encryption key '00000000000000000000000000000000': 0 pak files mounted, 0 remain pending
[2019.01.31-23.32.51:281][  0]LogShaderCompilers: Display: Shaders left to compile 258
[2019.01.31-23.32.51:281][  0]LogPakFile: Registered encryption key '00000000000000000000000000000000': 0 pak files mounted, 0 remain pending
[2019.01.31-23.32.51:356][  0]LogShaderCompilers: Display: Shaders left to compile 248
[2019.01.31-23.32.51:356][  0]LogPakFile: Registered encryption key '00000000000000000000000000000000': 0 pak files mounted, 0 remain pending
[2019.01.31-23.32.51:478][  0]LogPakFile: Registered encryption key '00000000000000000000000000000000': 0 pak files mounted, 0 remain pending
[2019.01.31-23.32.51:556][  0]LogPakFile: Registered encryption key '00000000000000000000000000000000': 0 pak files mounted, 0 remain pending
[2019.01.31-23.32.52:070][  0]LogPakFile: Registered encryption key '00000000000000000000000000000000': 0 pak files mounted, 0 remain pending
[2019.01.31-23.32.52:144][  0]LogPakFile: Registered encryption key '00000000000000000000000000000000': 0 pak files mounted, 0 remain pending
[2019.01.31-23.32.52:211][  0]LogPakFile: Registered encryption key '00000000000000000000000000000000': 0 pak files mounted, 0 remain pending
[2019.01.31-23.32.52:279][  0]LogPakFile: Registered encryption key '00000000000000000000000000000000': 0 pak files mounted, 0 remain pending
[2019.01.31-23.32.52:343][  0]LogPakFile: Registered encryption key '00000000000000000000000000000000': 0 pak files mounted, 0 remain pending
[2019.01.31-23.32.52:408][  0]LogPakFile: Registered encryption key '00000000000000000000000000000000': 0 pak files mounted, 0 remain pending
[2019.01.31-23.32.52:474][  0]LogPakFile: Registered encryption key '00000000000000000000000000000000': 0 pak files mounted, 0 remain pending
[2019.01.31-23.32.52:539][  0]LogPakFile: Registered encryption key '00000000000000000000000000000000': 0 pak files mounted, 0 remain pending
[2019.01.31-23.32.53:933][  0]LogContentBrowser: Native class hierarchy updated for 'AddContentDialog' in 0.0013 seconds. Added 0 classes and 0 folders.
[2019.01.31-23.32.53:956][  0]LogContentBrowser: Native class hierarchy updated for 'SceneOutliner' in 0.0013 seconds. Added 1 classes and 2 folders.
[2019.01.31-23.32.54:638][  0]LogSlate: Took 0.048251 seconds to synchronously load lazily loaded font '../../../Engine/Content/Slate/Fonts/Roboto-Regular.ttf' (155K)
[2019.01.31-23.32.54:707][  0]LogSlate: Took 0.057928 seconds to synchronously load lazily loaded font '../../../Engine/Content/Slate/Fonts/Roboto-Bold.ttf' (160K)
[2019.01.31-23.32.54:776][  0]LogSlate: Took 0.033023 seconds to synchronously load lazily loaded font '../../../Engine/Content/Editor/Slate/Fonts/FontAwesome.ttf' (139K)
[2019.01.31-23.32.56:307][  0]LogShaderCompilers: Display: Shaders left to compile 238
[2019.01.31-23.32.56:307][  0]LogRenderer: Reallocating scene render targets to support 936x472 Format 26 NumSamples 1 (Frame:1).
[2019.01.31-23.32.57:364][  0]LogContentBrowser: Native class hierarchy updated for 'HierarchicalLODOutliner' in 0.0016 seconds. Added 0 classes and 0 folders.
[2019.01.31-23.32.57:365][  0]LogLoad: (Engine Initialization) Total time: 123.88 seconds
[2019.01.31-23.32.57:365][  0]LogLoad: (Engine Initialization) Total Blueprint compile time: 0.00 seconds
[2019.01.31-23.32.57:406][  0]LogWindowsTextInputMethodSystem: Display: IME system now deactivated.
[2019.01.31-23.32.57:549][  0]LogContentStreaming: Texture pool size now 1000 MB
[2019.01.31-23.32.57:559][  1]LogSubstanceLiveLink: Warning: Unable to send data along socket, closing connection
[2019.01.31-23.32.59:496][ 11]LogSlate: Took 0.065311 seconds to synchronously load lazily loaded font '../../../Engine/Content/Slate/Fonts/Roboto-Light.ttf' (167K)
[2019.01.31-23.33.00:068][ 12]LogAssetRegistry: Asset discovery search completed in 106.5132 seconds
[2019.01.31-23.33.00:080][ 12]LogCollectionManager: Rebuilt the object cache for 0 collections in 0.000001 seconds (found 0 objects)
[2019.01.31-23.33.00:081][ 12]LogCollectionManager: Fixed up redirectors for 0 collections in 0.000297 seconds (updated 0 objects)
[2019.01.31-23.33.01:033][ 23]LogShaderCompilers: Display: Shaders left to compile 228
[2019.01.31-23.33.03:022][ 67]LogShaderCompilers: Display: Shaders left to compile 218
[2019.01.31-23.33.03:893][ 86]LogShaderCompilers: Display: Shaders left to compile 208
[2019.01.31-23.33.05:959][131]LogSlate: FSceneViewport::OnFocusLost() reason 0
[2019.01.31-23.33.06:751][131]LogShaderCompilers: Display: Shaders left to compile 198
[2019.01.31-23.33.06:754][131]LogSlate: Window 'PressVR - Unreal Editor' being destroyed
[2019.01.31-23.33.06:758][131]LogWindowsTextInputMethodSystem: Display: IME system now deactivated.
[2019.01.31-23.33.06:770][131]LogShaderCompilers: Display: Shaders left to compile 188
[2019.01.31-23.33.06:770][131]LogWindowsTextInputMethodSystem: Display: IME system now deactivated.
[2019.01.31-23.33.07:439][132]Cmd: QUIT_EDITOR
[2019.01.31-23.33.07:633][132]LogExit: Preparing to exit.
[2019.01.31-23.33.08:475][132]LogShaderCompilers: Display: Shaders left to compile 178
[2019.01.31-23.33.08:667][132]LogExit: Editor shut down
[2019.01.31-23.33.08:668][132]LogExit: Transaction tracking system shut down
[2019.01.31-23.33.09:689][132]LogExit: Object subsystem successfully closed.
[2019.01.31-23.33.10:221][132]LogShaderCompilers: Display: Shaders left to compile 168
[2019.01.31-23.33.10:221][132]LogShaderCompilers: Display: Shaders left to compile 0
[2019.01.31-23.33.10:243][132]LogD3D11RHI: Shutdown
[2019.01.31-23.33.10:243][132]LogD3D11RHI: CleanupD3DDevice
[2019.01.31-23.33.10:248][132]LogD3D11RHI: ~FD3D11DynamicRHI
[2019.01.31-23.33.10:365][132]LogModuleManager: Shutting down and abandoning module HierarchicalLODOutliner (654)
[2019.01.31-23.33.10:365][132]LogModuleManager: Shutting down and abandoning module SceneOutliner (652)
[2019.01.31-23.33.10:365][132]LogModuleManager: Shutting down and abandoning module AddContentDialog (650)
[2019.01.31-23.33.10:368][132]LogModuleManager: Shutting down and abandoning module WidgetCarousel (649)
[2019.01.31-23.33.10:368][132]LogModuleManager: Shutting down and abandoning module EditorWidgets (646)
[2019.01.31-23.33.10:368][132]LogModuleManager: Shutting down and abandoning module CollectionManager (644)
[2019.01.31-23.33.10:368][132]LogModuleManager: Shutting down and abandoning module MeshBuilder (642)
[2019.01.31-23.33.10:368][132]LogModuleManager: Shutting down and abandoning module StatsViewer (640)
[2019.01.31-23.33.10:369][132]LogModuleManager: Shutting down and abandoning module FoliageEdit (638)
[2019.01.31-23.33.10:369][132]LogModuleManager: Shutting down and abandoning module LandscapeEditor (636)
[2019.01.31-23.33.10:369][132]LogModuleManager: Shutting down and abandoning module MeshPaintMode (634)
[2019.01.31-23.33.10:369][132]LogModuleManager: Shutting down and abandoning module SceneDepthPickerMode (632)
[2019.01.31-23.33.10:369][132]LogModuleManager: Shutting down and abandoning module ActorPickerMode (630)
[2019.01.31-23.33.10:369][132]LogModuleManager: Shutting down and abandoning module GeometryMode (628)
[2019.01.31-23.33.10:369][132]LogModuleManager: Shutting down and abandoning module TextureAlignMode (626)
[2019.01.31-23.33.10:369][132]LogModuleManager: Shutting down and abandoning module BspMode (624)
[2019.01.31-23.33.10:369][132]LogModuleManager: Shutting down and abandoning module PIEPreviewDeviceProfileSelector (622)
[2019.01.31-23.33.10:369][132]LogModuleManager: Shutting down and abandoning module SequenceRecorderSections (620)
[2019.01.31-23.33.10:369][132]LogModuleManager: Shutting down and abandoning module AutomationWorker (618)
[2019.01.31-23.33.10:370][132]LogModuleManager: Shutting down and abandoning module DatasmithFBXImporter (616)
[2019.01.31-23.33.10:370][132]LogModuleManager: Shutting down and abandoning module DatasmithDeltaGenImporter (614)
[2019.01.31-23.33.10:370][132]LogModuleManager: Shutting down and abandoning module DatasmithVREDImporter (612)
[2019.01.31-23.33.10:370][132]LogModuleManager: Shutting down and abandoning module AudioCaptureEditor (610)
[2019.01.31-23.33.10:370][132]LogModuleManager: Shutting down and abandoning module MatineeToLevelSequence (608)
[2019.01.31-23.33.10:370][132]LogModuleManager: Shutting down and abandoning module LevelSequenceEditor (606)
[2019.01.31-23.33.10:370][132]LogModuleManager: Shutting down and abandoning module PlacementMode (605)
[2019.01.31-23.33.10:370][132]LogModuleManager: Shutting down and abandoning module MaterialEditor (604)
[2019.01.31-23.33.10:370][132]LogModuleManager: Shutting down and abandoning module WmfMediaFactory (600)
[2019.01.31-23.33.10:370][132]LogModuleManager: Shutting down and abandoning module WmfMediaEditor (598)
[2019.01.31-23.33.10:371][132]LogModuleManager: Shutting down and abandoning module WebMMediaFactory (596)
[2019.01.31-23.33.10:371][132]LogModuleManager: Shutting down and abandoning module WebMMediaEditor (594)
[2019.01.31-23.33.10:371][132]LogModuleManager: Shutting down and abandoning module WebMMedia (592)
[2019.01.31-23.33.10:371][132]LogModuleManager: Shutting down and abandoning module MediaPlayerEditor (590)
[2019.01.31-23.33.10:371][132]LogModuleManager: Shutting down and abandoning module MediaCompositingEditor (588)
[2019.01.31-23.33.10:371][132]LogModuleManager: Shutting down and abandoning module SequenceRecorder (587)
[2019.01.31-23.33.10:371][132]LogModuleManager: Shutting down and abandoning module OpenExrWrapper (584)
[2019.01.31-23.33.10:371][132]LogModuleManager: Shutting down and abandoning module ImgMediaFactory (582)
[2019.01.31-23.33.10:371][132]LogModuleManager: Shutting down and abandoning module ImgMediaEditor (580)
[2019.01.31-23.33.10:371][132]LogModuleManager: Shutting down and abandoning module AvfMediaFactory (578)
[2019.01.31-23.33.10:371][132]LogModuleManager: Shutting down and abandoning module AvfMediaEditor (576)
[2019.01.31-23.33.10:372][132]LogModuleManager: Shutting down and abandoning module AndroidMediaFactory (574)
[2019.01.31-23.33.10:372][132]LogModuleManager: Shutting down and abandoning module AndroidMediaEditor (572)
[2019.01.31-23.33.10:372][132]LogModuleManager: Shutting down and abandoning module MagicLeapCameraPreviewFactory (570)
[2019.01.31-23.33.10:372][132]LogModuleManager: Shutting down and abandoning module MagicLeapMediaFactory (568)
[2019.01.31-23.33.10:372][132]LogModuleManager: Shutting down and abandoning module MagicLeapMediaEditor (566)
[2019.01.31-23.33.10:372][132]LogModuleManager: Shutting down and abandoning module CharacterAI (564)
[2019.01.31-23.33.10:372][132]LogModuleManager: Shutting down and abandoning module SmartSnapping (562)
[2019.01.31-23.33.10:372][132]LogModuleManager: Shutting down and abandoning module SessionServices (560)
[2019.01.31-23.33.10:372][132]LogModuleManager: Shutting down and abandoning module ViewportSnapping (558)
[2019.01.31-23.33.10:372][132]LogModuleManager: Shutting down and abandoning module ViewportInteraction (556)
[2019.01.31-23.33.10:372][132]LogModuleManager: Shutting down and abandoning module ClothPainter (554)
[2019.01.31-23.33.10:372][132]LogModuleManager: Shutting down and abandoning module SkeletalMeshEditor (553)
[2019.01.31-23.33.10:372][132]LogModuleManager: Shutting down and abandoning module LogVisualizer (550)
[2019.01.31-23.33.10:373][132]LogModuleManager: Shutting down and abandoning module IntroTutorials (548)
[2019.01.31-23.33.10:373][132]LogModuleManager: Shutting down and abandoning module GameProjectGeneration (547)
[2019.01.31-23.33.10:373][132]LogModuleManager: Shutting down and abandoning module LuminPlatformEditor (544)
[2019.01.31-23.33.10:373][132]LogModuleManager: Shutting down and abandoning module IOSPlatformEditor (542)
[2019.01.31-23.33.10:373][132]LogModuleManager: Shutting down and abandoning module HTML5PlatformEditor (540)
[2019.01.31-23.33.10:373][132]LogModuleManager: Shutting down and abandoning module AndroidPlatformEditor (538)
[2019.01.31-23.33.10:373][132]LogModuleManager: Shutting down and abandoning module AndroidDeviceDetection (537)
[2019.01.31-23.33.11:183][132]LogModuleManager: Shutting down and abandoning module WindowsPlatformEditor (534)
[2019.01.31-23.33.11:183][132]LogModuleManager: Shutting down and abandoning module LuminRuntimeSettings (532)
[2019.01.31-23.33.11:184][132]LogModuleManager: Shutting down and abandoning module IOSRuntimeSettings (530)
[2019.01.31-23.33.11:184][132]LogModuleManager: Shutting down and abandoning module AndroidRuntimeSettings (528)
[2019.01.31-23.33.11:184][132]LogModuleManager: Shutting down and abandoning module TimeManagementEditor (526)
[2019.01.31-23.33.11:184][132]LogModuleManager: Shutting down and abandoning module InputBindingEditor (524)
[2019.01.31-23.33.11:184][132]LogModuleManager: Shutting down and abandoning module MergeActors (522)
[2019.01.31-23.33.11:184][132]LogModuleManager: Shutting down and abandoning module LocalizationDashboard (520)
[2019.01.31-23.33.11:184][132]LogModuleManager: Shutting down and abandoning module LocalizationService (519)
[2019.01.31-23.33.11:184][132]LogModuleManager: Shutting down and abandoning module HardwareTargeting (516)
[2019.01.31-23.33.11:184][132]LogModuleManager: Shutting down and abandoning module DeviceProfileEditor (514)
[2019.01.31-23.33.11:184][132]LogModuleManager: Shutting down and abandoning module UndoHistory (512)
[2019.01.31-23.33.11:184][132]LogModuleManager: Shutting down and abandoning module XmlParser (510)
[2019.01.31-23.33.11:184][132]LogModuleManager: Shutting down and abandoning module Blutility (508)
[2019.01.31-23.33.11:184][132]LogModuleManager: Shutting down and abandoning module ProjectSettingsViewer (506)
[2019.01.31-23.33.11:185][132]LogModuleManager: Shutting down and abandoning module ProjectTargetPlatformEditor (505)
[2019.01.31-23.33.11:185][132]LogModuleManager: Shutting down and abandoning module EditorSettingsViewer (502)
[2019.01.31-23.33.11:185][132]LogModuleManager: Shutting down and abandoning module SettingsEditor (500)
[2019.01.31-23.33.11:185][132]LogModuleManager: Shutting down and abandoning module ProjectLauncher (498)
[2019.01.31-23.33.11:185][132]LogModuleManager: Shutting down and abandoning module SessionFrontend (496)
[2019.01.31-23.33.11:185][132]LogModuleManager: Shutting down and abandoning module ProfilerClient (494)
[2019.01.31-23.33.11:185][132]LogModuleManager: Shutting down and abandoning module DeviceManager (492)
[2019.01.31-23.33.11:186][132]LogModuleManager: Shutting down and abandoning module TargetDeviceServices (491)
[2019.01.31-23.33.11:251][132]LogModuleManager: Shutting down and abandoning module AutomationController (488)
[2019.01.31-23.33.11:251][132]LogModuleManager: Shutting down and abandoning module AutomationWindow (486)
[2019.01.31-23.33.11:251][132]LogModuleManager: Shutting down and abandoning module Layers (484)
[2019.01.31-23.33.11:251][132]LogModuleManager: Shutting down and abandoning module ComponentVisualizers (482)
[2019.01.31-23.33.11:251][132]LogModuleManager: Shutting down and abandoning module DetailCustomizations (480)
[2019.01.31-23.33.11:251][132]LogModuleManager: Shutting down and abandoning module PackagesDialog (478)
[2019.01.31-23.33.11:251][132]LogModuleManager: Shutting down and abandoning module Persona (476)
[2019.01.31-23.33.11:252][132]LogModuleManager: Shutting down and abandoning module AnimGraph (475)
[2019.01.31-23.33.11:252][132]LogModuleManager: Shutting down and abandoning module Kismet (472)
[2019.01.31-23.33.11:253][132]LogModuleManager: Shutting down and abandoning module GraphEditor (470)
[2019.01.31-23.33.11:253][132]LogModuleManager: Shutting down and abandoning module ClassViewer (468)
[2019.01.31-23.33.11:254][132]LogModuleManager: Shutting down and abandoning module Toolbox (466)
[2019.01.31-23.33.11:254][132]LogModuleManager: Shutting down and abandoning module ModuleUI (464)
[2019.01.31-23.33.11:254][132]LogModuleManager: Shutting down and abandoning module MovieSceneTools (462)
[2019.01.31-23.33.11:254][132]LogModuleManager: Shutting down and abandoning module OutputLog (460)
[2019.01.31-23.33.11:254][132]LogModuleManager: Shutting down and abandoning module GammaUI (458)
[2019.01.31-23.33.11:254][132]LogModuleManager: Shutting down and abandoning module Documentation (456)
[2019.01.31-23.33.11:254][132]LogModuleManager: Shutting down and abandoning module MovieSceneTracks (454)
[2019.01.31-23.33.11:254][132]LogModuleManager: Shutting down and abandoning module MovieScene (452)
[2019.01.31-23.33.11:254][132]LogModuleManager: Shutting down and abandoning module StreamingPauseRendering (450)
[2019.01.31-23.33.11:254][132]LogModuleManager: Shutting down and abandoning module LauncherPlatform (448)
[2019.01.31-23.33.11:254][132]LogModuleManager: Shutting down and abandoning module AnalyticsET (446)
[2019.01.31-23.33.11:254][132]LogModuleManager: Shutting down and abandoning module PortalServices (444)
[2019.01.31-23.33.11:254][132]LogModuleManager: Shutting down and abandoning module PortalRpc (442)
[2019.01.31-23.33.11:254][132]LogModuleManager: Shutting down and abandoning module MessagingRpc (440)
[2019.01.31-23.33.11:255][132]LogModuleManager: Shutting down and abandoning module AIModule (438)
[2019.01.31-23.33.11:255][132]LogModuleManager: Shutting down and abandoning module GameplayDebugger (437)
[2019.01.31-23.33.11:255][132]LogModuleManager: Shutting down and abandoning module AITestSuite (435)
[2019.01.31-23.33.11:255][132]LogModuleManager: Shutting down and abandoning module NavigationSystem (433)
[2019.01.31-23.33.11:255][132]LogModuleManager: Shutting down and abandoning module DesktopPlatform (430)
[2019.01.31-23.33.11:255][132]LogModuleManager: Shutting down and abandoning module ImageWriteQueue (428)
[2019.01.31-23.33.11:264][132]LogModuleManager: Shutting down and abandoning module ProfilerService (426)
[2019.01.31-23.33.11:340][132]LogModuleManager: Shutting down and abandoning module TaskGraph (424)
[2019.01.31-23.33.11:340][132]LogModuleManager: Shutting down and abandoning module DatasmithCADImporter (422)
[2019.01.31-23.33.11:341][132]LogModuleManager: Shutting down and abandoning module SubstanceLiveLink (420)
[2019.01.31-23.33.11:341][132]LogModuleManager: Shutting down and abandoning module SubstanceSource (418)
[2019.01.31-23.33.11:341][132]LogModuleManager: Shutting down and abandoning module SubstanceEditor (416)
[2019.01.31-23.33.11:342][132]LogModuleManager: Shutting down and abandoning module VariantManager (414)
[2019.01.31-23.33.11:342][132]LogModuleManager: Shutting down and abandoning module StaticMeshEditorExtension (412)
[2019.01.31-23.33.11:342][132]LogModuleManager: Shutting down and abandoning module StaticMeshEditor (411)
[2019.01.31-23.33.11:342][132]LogModuleManager: Shutting down and abandoning module AdvancedPreviewScene (410)
[2019.01.31-23.33.11:342][132]LogModuleManager: Shutting down and abandoning module MeshProcessingLibrary (407)
[2019.01.31-23.33.11:342][132]LogModuleManager: Shutting down and abandoning module MDLImporter (404)
[2019.01.31-23.33.11:342][132]LogModuleManager: Shutting down and abandoning module DatasmithImporter (402)
[2019.01.31-23.33.11:342][132]LogModuleManager: Shutting down and abandoning module SteamVRController (400)
[2019.01.31-23.33.11:343][132]LogModuleManager: Shutting down and abandoning module ProceduralMeshComponentEditor (398)
[2019.01.31-23.33.11:343][132]LogModuleManager: Shutting down and abandoning module ProceduralMeshComponent (396)
[2019.01.31-23.33.11:343][132]LogModuleManager: Shutting down and abandoning module OculusInput (394)
[2019.01.31-23.33.11:343][132]LogModuleManager: Shutting down and abandoning module MobilePatchingUtils (392)
[2019.01.31-23.33.11:343][132]LogModuleManager: Shutting down and abandoning module EditableMesh (390)
[2019.01.31-23.33.11:343][132]LogModuleManager: Shutting down and abandoning module CustomMeshComponent (388)
[2019.01.31-23.33.11:343][132]LogModuleManager: Shutting down and abandoning module CableComponent (386)
[2019.01.31-23.33.11:343][132]LogModuleManager: Shutting down and abandoning module AudioCapture (384)
[2019.01.31-23.33.11:343][132]LogModuleManager: Shutting down and abandoning module ArchVisCharacter (382)
[2019.01.31-23.33.11:344][132]LogModuleManager: Shutting down and abandoning module AndroidPermission (380)
[2019.01.31-23.33.11:344][132]LogModuleManager: Shutting down and abandoning module NUTUnrealEngine4 (378)
[2019.01.31-23.33.11:344][132]LogModuleManager: Shutting down and abandoning module NetcodeUnitTest (376)
[2019.01.31-23.33.11:344][132]LogModuleManager: Shutting down and abandoning module MediaCompositing (374)
[2019.01.31-23.33.11:344][132]LogModuleManager: Shutting down and abandoning module LinearTimecode (372)
[2019.01.31-23.33.11:344][132]LogModuleManager: Shutting down and abandoning module ImgMedia (370)
[2019.01.31-23.33.11:356][132]LogModuleManager: Shutting down and abandoning module HTML5Networking (368)
[2019.01.31-23.33.11:356][132]LogModuleManager: Shutting down and abandoning module GeometryCacheTracks (366)
[2019.01.31-23.33.11:356][132]LogModuleManager: Shutting down and abandoning module GeometryCacheSequencer (364)
[2019.01.31-23.33.11:357][132]LogModuleManager: Shutting down and abandoning module BackChannel (362)
[2019.01.31-23.33.11:357][132]LogModuleManager: Shutting down and abandoning module AppleVision (360)
[2019.01.31-23.33.11:357][132]LogModuleManager: Shutting down and abandoning module AppleImageUtilsBlueprintSupport (358)
[2019.01.31-23.33.11:357][132]LogModuleManager: Shutting down and abandoning module AppleImageUtils (356)
[2019.01.31-23.33.11:357][132]LogModuleManager: Shutting down and abandoning module AlembicImporter (354)
[2019.01.31-23.33.11:357][132]LogModuleManager: Shutting down and abandoning module AlembicLibrary (353)
[2019.01.31-23.33.11:357][132]LogModuleManager: Shutting down and abandoning module GeometryCache (352)
[2019.01.31-23.33.11:357][132]LogModuleManager: Shutting down and abandoning module GeometryCacheEd (351)
[2019.01.31-23.33.11:357][132]LogModuleManager: Shutting down and abandoning module VariantManagerContent (346)
[2019.01.31-23.33.11:357][132]LogModuleManager: Shutting down and abandoning module DatasmithContentEditor (344)
[2019.01.31-23.33.11:357][132]LogModuleManager: Shutting down and abandoning module SpeedTreeImporter (342)
[2019.01.31-23.33.11:357][132]LogModuleManager: Shutting down and abandoning module PluginBrowser (340)
[2019.01.31-23.33.11:358][132]LogModuleManager: Shutting down and abandoning module MobileLauncherProfileWizard (338)
[2019.01.31-23.33.11:358][132]LogModuleManager: Shutting down and abandoning module PolygonModeling (336)
[2019.01.31-23.33.11:358][132]LogModuleManager: Shutting down and abandoning module MeshEditor (334)
[2019.01.31-23.33.11:358][132]LogModuleManager: Shutting down and abandoning module EditorScriptingUtilities (332)
[2019.01.31-23.33.11:358][132]LogModuleManager: Shutting down and abandoning module CryptoKeysOpenSSL (330)
[2019.01.31-23.33.11:358][132]LogModuleManager: Shutting down and abandoning module CryptoKeys (328)
[2019.01.31-23.33.11:358][132]LogModuleManager: Shutting down and abandoning module VisualStudioSourceCodeAccess (326)
[2019.01.31-23.33.11:358][132]LogModuleManager: Shutting down and abandoning module VisualStudioCodeSourceCodeAccess (324)
[2019.01.31-23.33.11:358][132]LogModuleManager: Shutting down and abandoning module UObjectPlugin (322)
[2019.01.31-23.33.11:358][132]LogModuleManager: Shutting down and abandoning module SubversionSourceControl (320)
[2019.01.31-23.33.11:358][132]LogModuleManager: Shutting down and abandoning module PerforceSourceControl (318)
[2019.01.31-23.33.11:359][132]LogModuleManager: Shutting down and abandoning module GitSourceControl (316)
[2019.01.31-23.33.11:359][132]LogModuleManager: Shutting down and abandoning module SourceControl (315)
[2019.01.31-23.33.11:359][132]LogModuleManager: Shutting down and abandoning module CLionSourceCodeAccess (312)
[2019.01.31-23.33.11:359][132]LogModuleManager: Shutting down and abandoning module ActorLayerUtilitiesEditor (310)
[2019.01.31-23.33.11:359][132]LogModuleManager: Shutting down and abandoning module ActorLayerUtilities (308)
[2019.01.31-23.33.11:359][132]LogModuleManager: Shutting down and abandoning module LightPropagationVolumeEditor (306)
[2019.01.31-23.33.11:359][132]LogModuleManager: Shutting down and abandoning module PaperTiledImporter (304)
[2019.01.31-23.33.11:359][132]LogModuleManager: Shutting down and abandoning module PaperSpriteSheetImporter (302)
[2019.01.31-23.33.11:359][132]LogModuleManager: Shutting down and abandoning module Paper2DEditor (300)
[2019.01.31-23.33.11:359][132]LogModuleManager: Shutting down and abandoning module MeshPaint (299)
[2019.01.31-23.33.11:360][132]LogModuleManager: Shutting down and abandoning module RuntimePhysXCooking (296)
[2019.01.31-23.33.11:360][132]LogModuleManager: Shutting down and abandoning module PhysXVehiclesEditor (294)
[2019.01.31-23.33.11:360][132]LogModuleManager: Shutting down and abandoning module PhysXVehicles (292)
[2019.01.31-23.33.11:360][132]LogModuleManager: Shutting down and abandoning module OculusEditor (290)
[2019.01.31-23.33.11:360][132]LogModuleManager: Shutting down and abandoning module LocationServicesBPLibrary (288)
[2019.01.31-23.33.11:360][132]LogModuleManager: Shutting down and abandoning module ActorSequence (286)
[2019.01.31-23.33.11:360][132]LogModuleManager: Shutting down and abandoning module UdpMessaging (284)
[2019.01.31-23.33.11:461][132]LogModuleManager: Shutting down and abandoning module TcpMessaging (282)
[2019.01.31-23.33.11:562][132]LogModuleManager: Shutting down and abandoning module SubstanceCore (280)
[2019.01.31-23.33.11:562][132]LogModuleManager: Shutting down and abandoning module MagicLeapAudio (278)
[2019.01.31-23.33.11:562][132]LogModuleManager: Shutting down and abandoning module GameplayTagsEditor (276)
[2019.01.31-23.33.11:562][132]LogModuleManager: Shutting down and abandoning module FacialAnimationEditor (274)
[2019.01.31-23.33.11:562][132]LogModuleManager: Shutting down and abandoning module FacialAnimation (272)
[2019.01.31-23.33.11:562][132]LogModuleManager: Shutting down and abandoning module DataValidation (270)
[2019.01.31-23.33.11:562][132]LogModuleManager: Shutting down and abandoning module AssetManagerEditor (268)
[2019.01.31-23.33.11:563][132]LogModuleManager: Shutting down and abandoning module LevelEditor (267)
[2019.01.31-23.33.11:564][132]LogModuleManager: Shutting down and abandoning module PixelInspectorModule (266)
[2019.01.31-23.33.11:564][132]LogModuleManager: Shutting down and abandoning module CommonMenuExtensions (264)
[2019.01.31-23.33.11:565][132]LogModuleManager: Shutting down and abandoning module MainFrame (262)
[2019.01.31-23.33.11:565][132]LogModuleManager: Shutting down and abandoning module HotReload (261)
[2019.01.31-23.33.11:566][132]LogModuleManager: Shutting down and abandoning module ContentBrowser (257)
[2019.01.31-23.33.11:568][132]LogModuleManager: Shutting down and abandoning module TreeMap (255)
[2019.01.31-23.33.11:569][132]LogModuleManager: Shutting down and abandoning module LightPropagationVolumeRuntime (252)
[2019.01.31-23.33.11:569][132]LogModuleManager: Shutting down and abandoning module AISupportModule (250)
[2019.01.31-23.33.11:569][132]LogModuleManager: Shutting down and abandoning module Paper2D (248)
[2019.01.31-23.33.11:569][132]LogModuleManager: Shutting down and abandoning module WindowsMoviePlayer (246)
[2019.01.31-23.33.11:569][132]LogModuleManager: Shutting down and abandoning module WebMMoviePlayer (244)
[2019.01.31-23.33.11:569][132]LogModuleManager: Shutting down and abandoning module WmfMedia (242)
[2019.01.31-23.33.11:573][132]LogModuleManager: Shutting down and abandoning module Media (241)
[2019.01.31-23.33.11:580][132]LogModuleManager: Shutting down and abandoning module PacketHandler (238)
[2019.01.31-23.33.11:580][132]LogModuleManager: Shutting down and abandoning module ClothingSystemEditor (236)
[2019.01.31-23.33.11:581][132]LogModuleManager: Shutting down and abandoning module ClothingSystemRuntime (234)
[2019.01.31-23.33.11:581][132]LogModuleManager: Shutting down and abandoning module MediaAssets (232)
[2019.01.31-23.33.11:581][132]LogModuleManager: Shutting down and abandoning module Overlay (230)
[2019.01.31-23.33.11:581][132]LogModuleManager: Shutting down and abandoning module OverlayEditor (229)
[2019.01.31-23.33.11:581][132]LogModuleManager: Shutting down and abandoning module VREditor (226)
[2019.01.31-23.33.11:581][132]LogModuleManager: Shutting down and abandoning module StringTableEditor (224)
[2019.01.31-23.33.11:581][132]LogModuleManager: Shutting down and abandoning module GameplayTasksEditor (222)
[2019.01.31-23.33.11:581][132]LogModuleManager: Shutting down and abandoning module BehaviorTreeEditor (220)
[2019.01.31-23.33.11:581][132]LogModuleManager: Shutting down and abandoning module FunctionalTesting (218)
[2019.01.31-23.33.11:581][132]LogModuleManager: Shutting down and abandoning module CollisionAnalyzer (216)
[2019.01.31-23.33.11:582][132]LogModuleManager: Shutting down and abandoning module WorkspaceMenuStructure (215)
[2019.01.31-23.33.11:582][132]LogModuleManager: Shutting down and abandoning module UMG (212)
[2019.01.31-23.33.11:582][132]LogModuleManager: Shutting down and abandoning module UMGEditor (211)
[2019.01.31-23.33.11:582][132]LogModuleManager: Shutting down and abandoning module Sequencer (210)
[2019.01.31-23.33.11:582][132]LogModuleManager: Shutting down and abandoning module MessageLog (207)
[2019.01.31-23.33.11:582][132]LogModuleManager: Shutting down and abandoning module SlateReflector (202)
[2019.01.31-23.33.11:582][132]LogModuleManager: Shutting down and abandoning module Slate (200)
[2019.01.31-23.33.11:582][132]LogModuleManager: Shutting down and abandoning module EditorStyle (198)
[2019.01.31-23.33.11:587][132]LogModuleManager: Shutting down and abandoning module MRMesh (196)
[2019.01.31-23.33.11:587][132]LogModuleManager: Shutting down and abandoning module SourceCodeAccess (194)
[2019.01.31-23.33.11:587][132]LogModuleManager: Shutting down and abandoning module HeadMountedDisplay (192)
[2019.01.31-23.33.11:587][132]LogModuleManager: Shutting down and abandoning module XAudio2 (190)
[2019.01.31-23.33.11:587][132]LogModuleManager: Shutting down and abandoning module Networking (188)
[2019.01.31-23.33.11:588][132]LogModuleManager: Shutting down and abandoning module Core (186)
[2019.01.31-23.33.11:588][132]LogModuleManager: Shutting down and abandoning module LevelSequence (184)
[2019.01.31-23.33.11:588][132]LogModuleManager: Shutting down and abandoning module KismetCompiler (182)
[2019.01.31-23.33.11:588][132]LogModuleManager: Shutting down and abandoning module MeshUtilities (180)
[2019.01.31-23.33.11:588][132]LogModuleManager: Shutting down and abandoning module MeshMergeUtilities (179)
[2019.01.31-23.33.11:588][132]LogModuleManager: Shutting down and abandoning module MeshReductionInterface (178)
[2019.01.31-23.33.11:588][132]LogModuleManager: Shutting down and abandoning module SimplygonSwarm (177)
[2019.01.31-23.33.11:588][132]LogModuleManager: Shutting down and abandoning module ProxyLODMeshReduction (175)
[2019.01.31-23.33.11:588][132]LogModuleManager: Shutting down and abandoning module SimplygonMeshReduction (173)
[2019.01.31-23.33.11:588][132]LogModuleManager: Shutting down and abandoning module QuadricMeshReduction (171)
[2019.01.31-23.33.11:588][132]LogModuleManager: Shutting down and abandoning module MaterialBaking (167)
[2019.01.31-23.33.11:588][132]LogModuleManager: Shutting down and abandoning module DirectoryWatcher (163)
[2019.01.31-23.33.11:589][132]LogModuleManager: Shutting down and abandoning module DerivedDataCache (160)
[2019.01.31-23.33.11:751][132]LogDerivedDataCache: Shutdown
[2019.01.31-23.33.11:751][132]LogModuleManager: Shutting down and abandoning module XGEController (158)
[2019.01.31-23.33.11:751][132]LogXGEController: Cleaning working directory: C:/Users/kylet/AppData/Local/Temp/UnrealXGEWorkingDir/
[2019.01.31-23.33.11:752][132]LogModuleManager: Shutting down and abandoning module TargetPlatform (156)
[2019.01.31-23.33.11:752][132]LogModuleManager: Shutting down and abandoning module VulkanShaderFormat (155)
[2019.01.31-23.33.11:752][132]LogModuleManager: Shutting down and abandoning module ShaderFormatVectorVM (153)
[2019.01.31-23.33.11:752][132]LogModuleManager: Shutting down and abandoning module ShaderFormatOpenGL (151)
[2019.01.31-23.33.11:752][132]LogModuleManager: Shutting down and abandoning module ShaderFormatD3D (149)
[2019.01.31-23.33.11:752][132]LogModuleManager: Shutting down and abandoning module MetalShaderFormat (147)
[2019.01.31-23.33.11:752][132]LogModuleManager: Shutting down and abandoning module TextureFormatUncompressed (145)
[2019.01.31-23.33.11:753][132]LogModuleManager: Shutting down and abandoning module TextureFormatPVR (143)
[2019.01.31-23.33.11:753][132]LogModuleManager: Shutting down and abandoning module TextureFormatDXT (141)
[2019.01.31-23.33.11:753][132]LogModuleManager: Shutting down and abandoning module TextureFormatIntelISPCTexComp (139)
[2019.01.31-23.33.11:753][132]LogModuleManager: Shutting down and abandoning module TextureFormatASTC (137)
[2019.01.31-23.33.11:753][132]LogModuleManager: Shutting down and abandoning module ImageWrapper (136)
[2019.01.31-23.33.11:753][132]LogModuleManager: Shutting down and abandoning module TextureFormatAndroid (133)
[2019.01.31-23.33.11:754][132]LogModuleManager: Shutting down and abandoning module AudioFormatOpus (131)
[2019.01.31-23.33.11:754][132]LogModuleManager: Shutting down and abandoning module AudioFormatOgg (129)
[2019.01.31-23.33.11:754][132]LogModuleManager: Shutting down and abandoning module AudioFormatADPCM (127)
[2019.01.31-23.33.11:754][132]LogModuleManager: Shutting down and abandoning module LuminTargetPlatform (125)
[2019.01.31-23.33.11:756][132]LogModuleManager: Shutting down and abandoning module LinuxTargetPlatform (123)
[2019.01.31-23.33.11:756][132]LogModuleManager: Shutting down and abandoning module LinuxServerTargetPlatform (121)
[2019.01.31-23.33.11:756][132]LogModuleManager: Shutting down and abandoning module LinuxNoEditorTargetPlatform (119)
[2019.01.31-23.33.11:756][132]LogModuleManager: Shutting down and abandoning module LinuxClientTargetPlatform (117)
[2019.01.31-23.33.11:756][132]LogModuleManager: Shutting down and abandoning module TVOSTargetPlatform (115)
[2019.01.31-23.33.11:759][132]LogModuleManager: Shutting down and abandoning module Messaging (113)
[2019.01.31-23.33.11:759][132]LogModuleManager: Shutting down and abandoning module IOSTargetPlatform (111)
[2019.01.31-23.33.11:761][132]LogModuleManager: Shutting down and abandoning module HTML5TargetPlatform (109)
[2019.01.31-23.33.11:762][132]LogModuleManager: Shutting down and abandoning module AndroidTargetPlatform (107)
[2019.01.31-23.33.11:778][132]LogModuleManager: Shutting down and abandoning module WindowsTargetPlatform (105)
[2019.01.31-23.33.11:778][132]LogModuleManager: Shutting down and abandoning module WindowsServerTargetPlatform (103)
[2019.01.31-23.33.11:778][132]LogModuleManager: Shutting down and abandoning module WindowsNoEditorTargetPlatform (101)
[2019.01.31-23.33.11:778][132]LogModuleManager: Shutting down and abandoning module WindowsClientTargetPlatform (99)
[2019.01.31-23.33.11:778][132]LogModuleManager: Shutting down and abandoning module MacTargetPlatform (97)
[2019.01.31-23.33.11:778][132]LogModuleManager: Shutting down and abandoning module MacServerTargetPlatform (95)
[2019.01.31-23.33.11:778][132]LogModuleManager: Shutting down and abandoning module MacNoEditorTargetPlatform (93)
[2019.01.31-23.33.11:779][132]LogModuleManager: Shutting down and abandoning module MacClientTargetPlatform (91)
[2019.01.31-23.33.11:779][132]LogModuleManager: Shutting down and abandoning module AllDesktopTargetPlatform (89)
[2019.01.31-23.33.11:779][132]LogModuleManager: Shutting down and abandoning module InputCore (86)
[2019.01.31-23.33.11:779][132]LogModuleManager: Shutting down and abandoning module Settings (84)
[2019.01.31-23.33.11:779][132]LogModuleManager: Shutting down and abandoning module PhysXCooking (82)
[2019.01.31-23.33.11:779][132]LogModuleManager: Shutting down and abandoning module SteamVR (80)
[2019.01.31-23.33.11:779][132]LogHMD: Freeing OpenVRDLLHandle.
[2019.01.31-23.33.11:779][132]LogModuleManager: Shutting down and abandoning module OculusHMD (78)
[2019.01.31-23.33.11:779][132]LogModuleManager: Shutting down and abandoning module ExampleDeviceProfileSelector (76)
[2019.01.31-23.33.11:779][132]LogModuleManager: Shutting down and abandoning module LauncherChunkInstaller (74)
[2019.01.31-23.33.11:779][132]LogModuleManager: Shutting down and abandoning module OnlineBlueprintSupport (72)
[2019.01.31-23.33.11:779][132]LogModuleManager: Shutting down and abandoning module OnlineSubsystem (68)
[2019.01.31-23.33.11:781][132]LogModuleManager: Shutting down and abandoning module XMPP (63)
[2019.01.31-23.33.11:782][132]LogModuleManager: Shutting down and abandoning module WebSockets (62)
[2019.01.31-23.33.11:805][132]LogModuleManager: Shutting down and abandoning module HTTP (59)
[2019.01.31-23.33.11:805][132]LogHttp: Display: Http module shutting down, but needs to wait on 1 outstanding Http requests:
[2019.01.31-23.33.11:805][132]LogHttp: Display: 	verb=[POST] url=[https://datarouter.ol.epicgames.com/datarouter/api/v1/public/data?SessionID=%7B658B9C12-4463-B915-2A84-2393F855912A%7D&AppID=UEEditor.Rocket.Release&AppVersion=4.21.2-4753647%2B%2B%2BUE4%2BRelease-4.21&UserID=f53cb0104292a9acc466a8919dade885%7C40213eb9e16146ae864713a4e96186db%7Cda97df83-58aa-446d-9ad7-9c91458fdea6&AppEnvironment=datacollector-binary&UploadType=eteventstream] status=Processing
[2019.01.31-23.33.11:814][132]LogModuleManager: Shutting down and abandoning module SSL (58)
[2019.01.31-23.33.11:818][132]LogModuleManager: Shutting down and abandoning module MagicLeapIdentity (54)
[2019.01.31-23.33.11:818][132]LogModuleManager: Shutting down and abandoning module MagicLeapHelperVulkan (52)
[2019.01.31-23.33.11:818][132]LogModuleManager: Shutting down and abandoning module MagicLeapHelperOpenGL (50)
[2019.01.31-23.33.11:818][132]LogModuleManager: Shutting down and abandoning module MagicLeapSecureStorage (48)
[2019.01.31-23.33.11:818][132]LogModuleManager: Shutting down and abandoning module MagicLeapHandTracking (46)
[2019.01.31-23.33.11:818][132]LogModuleManager: Shutting down and abandoning module MagicLeapEyeTracker (44)
[2019.01.31-23.33.11:818][132]LogModuleManager: Shutting down and abandoning module MagicLeapController (42)
[2019.01.31-23.33.11:818][132]LogSlate: Slate User Destroyed.  User Index 0, Is Virtual User: 0
[2019.01.31-23.33.11:818][132]LogModuleManager: Shutting down and abandoning module MagicLeap (40)
[2019.01.31-23.33.11:819][132]LogModuleManager: Shutting down and abandoning module DatasmithContent (38)
[2019.01.31-23.33.11:819][132]LogModuleManager: Shutting down and abandoning module AnimationModifiers (36)
[2019.01.31-23.33.11:820][132]LogModuleManager: Shutting down and abandoning module PropertyEditor (35)
[2019.01.31-23.33.11:820][132]LogModuleManager: Shutting down and abandoning module AudioEditor (32)
[2019.01.31-23.33.11:820][132]LogModuleManager: Shutting down and abandoning module TextureCompressor (30)
[2019.01.31-23.33.11:820][132]LogModuleManager: Shutting down and abandoning module ShaderCore (28)
[2019.01.31-23.33.11:820][132]LogModuleManager: Shutting down and abandoning module Landscape (26)
[2019.01.31-23.33.11:820][132]LogModuleManager: Shutting down and abandoning module SlateRHIRenderer (24)
[2019.01.31-23.33.11:821][132]LogModuleManager: Shutting down and abandoning module OpenGLDrv (22)
[2019.01.31-23.33.11:821][132]LogModuleManager: Shutting down and abandoning module D3D11RHI (20)
[2019.01.31-23.33.11:821][132]LogModuleManager: Shutting down and abandoning module AnimGraphRuntime (18)
[2019.01.31-23.33.11:821][132]LogModuleManager: Shutting down and abandoning module Renderer (16)
[2019.01.31-23.33.11:821][132]LogModuleManager: Shutting down and abandoning module Engine (14)
[2019.01.31-23.33.11:821][132]LogModuleManager: Shutting down and abandoning module CoreUObject (12)
[2019.01.31-23.33.11:821][132]LogModuleManager: Shutting down and abandoning module NetworkFile (10)
[2019.01.31-23.33.11:821][132]LogModuleManager: Shutting down and abandoning module CookedIterativeFile (8)
[2019.01.31-23.33.11:821][132]LogModuleManager: Shutting down and abandoning module StreamingFile (6)
[2019.01.31-23.33.11:821][132]LogModuleManager: Shutting down and abandoning module SandboxFile (4)
[2019.01.31-23.33.11:821][132]LogModuleManager: Shutting down and abandoning module PakFile (2)
[2019.01.31-23.33.11:863][132]LogExit: Exiting.
[2019.01.31-23.33.11:876][132]Log file closed, 01/31/19 15:33:11
