Log file open, 03/21/19 13:06:49
LogWindows: Failed to load 'aqProf.dll' (GetLastError=126)
LogWindows: File 'aqProf.dll' does not exist
LogWindows: Failed to load 'VtuneApi.dll' (GetLastError=126)
LogWindows: File 'VtuneApi.dll' does not exist
LogWindows: Failed to load 'VtuneApi32e.dll' (GetLastError=126)
LogWindows: File 'VtuneApi32e.dll' does not exist
LogConsoleResponse: Display: Failed to find resolution value strings in scalability ini. Falling back to default.
LogInit: Display: Running engine for game: PressVR
LogPakFile: Registered encryption key '00000000000000000000000000000000': 0 pak files mounted, 0 remain pending
LogPlatformFile: Not using cached read wrapper
LogTaskGraph: Started task graph with 5 named threads and 35 total threads with 3 sets of task threads.
LogStats: Stats thread started at 0.403806
LogD3D11RHI: Loaded GFSDK_Aftermath_Lib.x64.dll
LogICUInternationalization: ICU TimeZone Detection - Raw Offset: -8:00, Platform Override: ''
LogPluginManager: Mounting plugin Paper2D
LogPluginManager: Mounting plugin AISupport
LogPluginManager: Mounting plugin LightPropagationVolume
LogPluginManager: Mounting plugin ActorLayerUtilities
LogPluginManager: Mounting plugin CLionSourceCodeAccess
LogPluginManager: Mounting plugin CodeLiteSourceCodeAccess
LogPluginManager: Mounting plugin GitSourceControl
LogPluginManager: Mounting plugin KDevelopSourceCodeAccess
LogPluginManager: Mounting plugin NullSourceCodeAccess
LogPluginManager: Mounting plugin PerforceSourceControl
LogPluginManager: Mounting plugin SubversionSourceControl
LogPluginManager: Mounting plugin UObjectPlugin
LogPluginManager: Mounting plugin VisualStudioCodeSourceCodeAccess
LogPluginManager: Mounting plugin VisualStudioSourceCodeAccess
LogPluginManager: Mounting plugin XCodeSourceCodeAccess
LogPluginManager: Mounting plugin AssetManagerEditor
LogPluginManager: Mounting plugin CryptoKeys
LogPluginManager: Mounting plugin DataValidation
LogPluginManager: Mounting plugin EditorScriptingUtilities
LogPluginManager: Mounting plugin FacialAnimation
LogPluginManager: Mounting plugin GameplayTagsEditor
LogPluginManager: Mounting plugin MacGraphicsSwitching
LogPluginManager: Mounting plugin MeshEditor
LogPluginManager: Mounting plugin MobileLauncherProfileWizard
LogPluginManager: Mounting plugin PluginBrowser
LogPluginManager: Mounting plugin SpeedTreeImporter
LogPluginManager: Mounting plugin DatasmithContent
LogPluginManager: Mounting plugin VariantManagerContent
LogPluginManager: Mounting plugin AlembicImporter
LogPluginManager: Mounting plugin AppleImageUtils
LogPluginManager: Mounting plugin AppleVision
LogPluginManager: Mounting plugin BackChannel
LogPluginManager: Mounting plugin CharacterAI
LogPluginManager: Mounting plugin GeometryCache
LogPluginManager: Mounting plugin HTML5Networking
LogPluginManager: Mounting plugin ProxyLODPlugin
LogPluginManager: Mounting plugin MagicLeap
LogPluginManager: Mounting plugin MagicLeapMedia
LogPluginManager: Mounting plugin Substance
LogPluginManager: Mounting plugin AndroidMedia
LogPluginManager: Mounting plugin AvfMedia
LogPluginManager: Mounting plugin ImgMedia
LogPluginManager: Mounting plugin LinearTimecode
LogPluginManager: Mounting plugin MediaCompositing
LogPluginManager: Mounting plugin MediaPlayerEditor
LogPluginManager: Mounting plugin WebMMedia
LogPluginManager: Mounting plugin WmfMedia
LogPluginManager: Mounting plugin TcpMessaging
LogPluginManager: Mounting plugin UdpMessaging
LogPluginManager: Mounting plugin ActorSequence
LogPluginManager: Mounting plugin LevelSequenceEditor
LogPluginManager: Mounting plugin MatineeToLevelSequence
LogPluginManager: Mounting plugin NetcodeUnitTest
LogPluginManager: Mounting plugin NUTUnrealEngine4
LogPluginManager: Mounting plugin OnlineSubsystemGooglePlay
LogPluginManager: Mounting plugin OnlineSubsystemIOS
LogPluginManager: Mounting plugin OnlineSubsystem
LogPluginManager: Mounting plugin OnlineSubsystemNull
LogPluginManager: Mounting plugin OnlineSubsystemUtils
LogPluginManager: Mounting plugin LauncherChunkInstaller
LogPluginManager: Mounting plugin AndroidDeviceProfileSelector
LogPluginManager: Mounting plugin AndroidMoviePlayer
LogPluginManager: Mounting plugin AndroidPermission
LogPluginManager: Mounting plugin AppleMoviePlayer
LogPluginManager: Mounting plugin ArchVisCharacter
LogPluginManager: Mounting plugin AudioCapture
LogPluginManager: Mounting plugin CableComponent
LogPluginManager: Mounting plugin CustomMeshComponent
LogPluginManager: Mounting plugin EditableMesh
LogPluginManager: Mounting plugin ExampleDeviceProfileSelector
LogPluginManager: Mounting plugin Firebase
LogPluginManager: Mounting plugin GoogleCloudMessaging
LogPluginManager: Mounting plugin IOSDeviceProfileSelector
LogPluginManager: Mounting plugin LinuxDeviceProfileSelector
LogPluginManager: Mounting plugin LocationServicesBPLibrary
LogPluginManager: Mounting plugin MobilePatchingUtils
LogPluginManager: Mounting plugin OculusVR
LogPluginManager: Mounting plugin PhysXVehicles
LogPluginManager: Mounting plugin ProceduralMeshComponent
LogPluginManager: Mounting plugin RuntimePhysXCooking
LogPluginManager: Mounting plugin SteamVR
LogPluginManager: Mounting plugin WebMMoviePlayer
LogPluginManager: Mounting plugin WindowsMixedReality
LogPluginManager: Mounting plugin WindowsMoviePlayer
LogPluginManager: Mounting plugin DatasmithCADImporter
LogPluginManager: Mounting plugin DatasmithFBXImporter
LogPluginManager: Mounting plugin DatasmithImporter
LogPluginManager: Mounting plugin MDLImporter
LogPluginManager: Mounting plugin StaticMeshEditorExtension
LogPluginManager: Mounting plugin VariantManager
LogStreaming: Display: Took  0.046s to configure plugins.
LogInit: Using libcurl 7.55.1-DEV
LogInit:  - built for x86_64-pc-win32
LogInit:  - supports SSL with OpenSSL/1.0.2h
LogInit:  - supports HTTP deflate (compression) using libz 1.2.8
LogInit:  - other features:
LogInit:      CURL_VERSION_SSL
LogInit:      CURL_VERSION_LIBZ
LogInit:      CURL_VERSION_IPV6
LogInit:      CURL_VERSION_ASYNCHDNS
LogInit:      CURL_VERSION_LARGEFILE
LogInit:      CURL_VERSION_IDN
LogInit:  CurlRequestOptions (configurable via config and command line):
LogInit:  - bVerifyPeer = true  - Libcurl will verify peer certificate
LogInit:  - bUseHttpProxy = false  - Libcurl will NOT use HTTP proxy
LogInit:  - bDontReuseConnections = false  - Libcurl will reuse connections
LogInit:  - MaxHostConnections = 16  - Libcurl will limit the number of connections to a host
LogInit:  - LocalHostAddr = Default
LogInit:  - BufferSize = 65536
LogInit: WinSock: version 1.1 (2.2), MaxSocks=32767, MaxUdp=65467
LogHMD: Failed initializing OVRPlugin 1.28.0
LogInit: Build: ++UE4+Release-4.21-CL-4753647
LogInit: Engine Version: 4.21.2-4753647+++UE4+Release-4.21
LogInit: Compatible Engine Version: 4.21.0-4541578+++UE4+Release-4.21
LogInit: Net CL: 4541578
LogInit: OS: Windows 10 (), CPU: Intel(R) Core(TM) i7-8750H CPU @ 2.20GHz, GPU: Intel(R) UHD Graphics 630
LogInit: Compiled (64-bit): Jan 19 2019 02:07:31
LogInit: Compiled with Visual C++: 19.13.26129.00
LogInit: Build Configuration: Development
LogInit: Branch Name: ++UE4+Release-4.21
LogInit: Command Line:  /Game/VirtualRealityBP/Maps/MainMap -game -PIEVIACONSOLE -ResX=1280 -ResY=720 -Multiprocess -messaging -SessionName="Play in Standalone Game" -windowed
LogInit: Base Directory: C:/Program Files/Epic Games/UE_4.21/Engine/Binaries/Win64/
LogInit: Installed Engine Build: 1
LogDevObjectVersion: Number of dev versions registered: 22
LogDevObjectVersion:   Dev-Blueprints (B0D832E4-1F89-4F0D-ACCF-7EB736FD4AA2): 10
LogDevObjectVersion:   Dev-Build (E1C64328-A22C-4D53-A36C-8E866417BD8C): 0
LogDevObjectVersion:   Dev-Core (375EC13C-06E4-48FB-B500-84F0262A717E): 2
LogDevObjectVersion:   Dev-Editor (E4B068ED-F494-42E9-A231-DA0B2E46BB41): 26
LogDevObjectVersion:   Dev-Framework (CFFC743F-43B0-4480-9391-14DF171D2073): 34
LogDevObjectVersion:   Dev-Mobile (B02B49B5-BB20-44E9-A304-32B752E40360): 2
LogDevObjectVersion:   Dev-Networking (A4E4105C-59A1-49B5-A7C5-40C4547EDFEE): 0
LogDevObjectVersion:   Dev-Online (39C831C9-5AE6-47DC-9A44-9C173E1C8E7C): 0
LogDevObjectVersion:   Dev-Physics (78F01B33-EBEA-4F98-B9B4-84EACCB95AA2): 0
LogDevObjectVersion:   Dev-Platform (6631380F-2D4D-43E0-8009-CF276956A95A): 0
LogDevObjectVersion:   Dev-Rendering (12F88B9F-8875-4AFC-A67C-D90C383ABD29): 27
LogDevObjectVersion:   Dev-Sequencer (7B5AE74C-D270-4C10-A958-57980B212A5A): 9
LogDevObjectVersion:   Dev-VR (D7296918-1DD6-4BDD-9DE2-64A83CC13884): 2
LogDevObjectVersion:   Dev-LoadTimes (C2A15278-BFE7-4AFE-6C17-90FF531DF755): 1
LogDevObjectVersion:   Private-Geometry (6EACA3D4-40EC-4CC1-B786-8BED09428FC5): 3
LogDevObjectVersion:   Dev-AnimPhys (29E575DD-E0A3-4627-9D10-D276232CDCEA): 17
LogDevObjectVersion:   Dev-Anim (AF43A65D-7FD3-4947-9873-3E8ED9C1BB05): 2
LogDevObjectVersion:   Dev-ReflectionCapture (6B266CEC-1EC7-4B8F-A30B-E4D90942FC07): 1
LogDevObjectVersion:   Dev-Automation (0DF73D61-A23F-47EA-B727-89E90C41499A): 1
LogDevObjectVersion:   FortniteMain (601D1886-AC64-4F84-AA16-D3DE0DEAC7D6): 17
LogDevObjectVersion:   Dev-Enterprise (9DFFBCD6-494F-0158-E221-12823C92A888): 4
LogDevObjectVersion:   Dev-Niagara (F2AED0AC-9AFE-416F-8664-AA7FFA26D6FC): 1
LogStreaming: Display: Took  0.001s to delete old logs.
LogInit: Presizing for max 8388607 objects, including 0 objects not considered by GC, pre-allocating 0 bytes for permanent pool.
LogInit: Object subsystem initialized
LogConfig: Setting CVar [[con.DebugEarlyDefault:1]]
LogConfig: Setting CVar [[r.setres:1280x720]]
[2019.03.21-20.06.50:450][  0]LogConfig: Setting CVar [[con.DebugEarlyDefault:1]]
[2019.03.21-20.06.50:450][  0]LogConfig: Setting CVar [[r.setres:1280x720]]
[2019.03.21-20.06.50:450][  0]LogConfig: Applying CVar settings from Section [/Script/Engine.RendererSettings] File [D:/cs461/PressVR/Saved/Config/Windows/Engine.ini]
[2019.03.21-20.06.50:450][  0]LogConfig: Setting CVar [[r.GPUCrashDebugging:0]]
[2019.03.21-20.06.50:450][  0]LogConfig: Setting CVar [[r.DefaultFeature.AmbientOcclusion:0]]
[2019.03.21-20.06.50:450][  0]LogConfig: Setting CVar [[r.DefaultFeature.AmbientOcclusionStaticFraction:0]]
[2019.03.21-20.06.50:450][  0]LogConfig: Setting CVar [[vr.InstancedStereo:1]]
[2019.03.21-20.06.50:450][  0]LogConfig: Setting CVar [[r.SeparateTranslucency:0]]
[2019.03.21-20.06.50:450][  0]LogConfig: Setting CVar [[r.HZBOcclusion:0]]
[2019.03.21-20.06.50:450][  0]LogConfig: Setting CVar [[r.SSR.MaxRoughness:0]]
[2019.03.21-20.06.50:450][  0]LogConfig: Setting CVar [[r.rhicmdbypass:0]]
[2019.03.21-20.06.50:450][  0]LogConfig: Setting CVar [[r.CustomDepth:3]]
[2019.03.21-20.06.50:450][  0]LogConfig: Applying CVar settings from Section [/Script/Engine.RendererOverrideSettings] File [D:/cs461/PressVR/Saved/Config/Windows/Engine.ini]
[2019.03.21-20.06.50:450][  0]LogConfig: Applying CVar settings from Section [/Script/Engine.StreamingSettings] File [D:/cs461/PressVR/Saved/Config/Windows/Engine.ini]
[2019.03.21-20.06.50:450][  0]LogConfig: Setting CVar [[s.MinBulkDataSizeForAsyncLoading:131072]]
[2019.03.21-20.06.50:450][  0]LogConfig: Setting CVar [[s.AsyncLoadingThreadEnabled:0]]
[2019.03.21-20.06.50:450][  0]LogConfig: Setting CVar [[s.EventDrivenLoaderEnabled:1]]
[2019.03.21-20.06.50:450][  0]LogConfig: Setting CVar [[s.WarnIfTimeLimitExceeded:0]]
[2019.03.21-20.06.50:450][  0]LogConfig: Setting CVar [[s.TimeLimitExceededMultiplier:1.5]]
[2019.03.21-20.06.50:450][  0]LogConfig: Setting CVar [[s.TimeLimitExceededMinTime:0.005]]
[2019.03.21-20.06.50:450][  0]LogConfig: Setting CVar [[s.UseBackgroundLevelStreaming:1]]
[2019.03.21-20.06.50:450][  0]LogConfig: Setting CVar [[s.PriorityAsyncLoadingExtraTime:15.0]]
[2019.03.21-20.06.50:450][  0]LogConfig: Setting CVar [[s.LevelStreamingActorsUpdateTimeLimit:5.0]]
[2019.03.21-20.06.50:450][  0]LogConfig: Setting CVar [[s.PriorityLevelStreamingActorsUpdateExtraTime:5.0]]
[2019.03.21-20.06.50:450][  0]LogConfig: Setting CVar [[s.LevelStreamingComponentsRegistrationGranularity:10]]
[2019.03.21-20.06.50:450][  0]LogConfig: Setting CVar [[s.UnregisterComponentsTimeLimit:1.0]]
[2019.03.21-20.06.50:450][  0]LogConfig: Setting CVar [[s.LevelStreamingComponentsUnregistrationGranularity:5]]
[2019.03.21-20.06.50:450][  0]LogConfig: Applying CVar settings from Section [/Script/Engine.GarbageCollectionSettings] File [D:/cs461/PressVR/Saved/Config/Windows/Engine.ini]
[2019.03.21-20.06.50:450][  0]LogConfig: Setting CVar [[gc.MaxObjectsNotConsideredByGC:1]]
[2019.03.21-20.06.50:450][  0]LogConfig: Setting CVar [[gc.SizeOfPermanentObjectPool:0]]
[2019.03.21-20.06.50:450][  0]LogConfig: Setting CVar [[gc.FlushStreamingOnGC:0]]
[2019.03.21-20.06.50:451][  0]LogConfig: Setting CVar [[gc.NumRetriesBeforeForcingGC:10]]
[2019.03.21-20.06.50:451][  0]LogConfig: Setting CVar [[gc.AllowParallelGC:1]]
[2019.03.21-20.06.50:451][  0]LogConfig: Setting CVar [[gc.TimeBetweenPurgingPendingKillObjects:61.1]]
[2019.03.21-20.06.50:451][  0]LogConfig: Setting CVar [[gc.MaxObjectsInEditor:8388607]]
[2019.03.21-20.06.50:451][  0]LogConfig: Setting CVar [[gc.IncrementalBeginDestroyEnabled:1]]
[2019.03.21-20.06.50:451][  0]LogConfig: Setting CVar [[gc.CreateGCClusters:1]]
[2019.03.21-20.06.50:451][  0]LogConfig: Setting CVar [[gc.MergeGCClusters:0]]
[2019.03.21-20.06.50:451][  0]LogConfig: Setting CVar [[gc.MinGCClusterSize:5]]
[2019.03.21-20.06.50:451][  0]LogConfig: Setting CVar [[gc.ActorClusteringEnabled:0]]
[2019.03.21-20.06.50:451][  0]LogConfig: Setting CVar [[gc.BlueprintClusteringEnabled:0]]
[2019.03.21-20.06.50:451][  0]LogConfig: Setting CVar [[gc.UseDisregardForGCOnDedicatedServers:0]]
[2019.03.21-20.06.50:451][  0]LogConfig: Applying CVar settings from Section [/Script/Engine.NetworkSettings] File [D:/cs461/PressVR/Saved/Config/Windows/Engine.ini]
[2019.03.21-20.06.50:451][  0]LogConfig: Applying CVar settings from Section [/Script/UnrealEd.CookerSettings] File [D:/cs461/PressVR/Saved/Config/Windows/Engine.ini]
[2019.03.21-20.06.50:453][  0]LogConfig: Applying CVar settings from Section [ViewDistanceQuality@3] File [D:/cs461/PressVR/Saved/Config/Windows/Scalability.ini]
[2019.03.21-20.06.50:453][  0]LogConfig: Setting CVar [[r.SkeletalMeshLODBias:0]]
[2019.03.21-20.06.50:453][  0]LogConfig: Setting CVar [[r.ViewDistanceScale:1.0]]
[2019.03.21-20.06.50:453][  0]LogConfig: Applying CVar settings from Section [AntiAliasingQuality@3] File [D:/cs461/PressVR/Saved/Config/Windows/Scalability.ini]
[2019.03.21-20.06.50:453][  0]LogConfig: Setting CVar [[r.PostProcessAAQuality:3]]
[2019.03.21-20.06.50:453][  0]LogConfig: Applying CVar settings from Section [ShadowQuality@3] File [D:/cs461/PressVR/Saved/Config/Windows/Scalability.ini]
[2019.03.21-20.06.50:453][  0]LogConfig: Setting CVar [[r.LightFunctionQuality:1]]
[2019.03.21-20.06.50:453][  0]LogConfig: Setting CVar [[r.ShadowQuality:5]]
[2019.03.21-20.06.50:453][  0]LogConfig: Setting CVar [[r.Shadow.CSM.MaxCascades:10]]
[2019.03.21-20.06.50:453][  0]LogConfig: Setting CVar [[r.Shadow.MaxResolution:2048]]
[2019.03.21-20.06.50:453][  0]LogConfig: Setting CVar [[r.Shadow.MaxCSMResolution:2048]]
[2019.03.21-20.06.50:453][  0]LogConfig: Setting CVar [[r.Shadow.RadiusThreshold:0.01]]
[2019.03.21-20.06.50:453][  0]LogConfig: Setting CVar [[r.Shadow.DistanceScale:1.0]]
[2019.03.21-20.06.50:453][  0]LogConfig: Setting CVar [[r.Shadow.CSM.TransitionScale:1.0]]
[2019.03.21-20.06.50:453][  0]LogConfig: Setting CVar [[r.Shadow.PreShadowResolutionFactor:1.0]]
[2019.03.21-20.06.50:453][  0]LogConfig: Setting CVar [[r.DistanceFieldShadowing:1]]
[2019.03.21-20.06.50:453][  0]LogConfig: Setting CVar [[r.DistanceFieldAO:1]]
[2019.03.21-20.06.50:453][  0]LogConfig: Setting CVar [[r.AOQuality:2]]
[2019.03.21-20.06.50:453][  0]LogConfig: Setting CVar [[r.VolumetricFog:1]]
[2019.03.21-20.06.50:453][  0]LogConfig: Setting CVar [[r.VolumetricFog.GridPixelSize:8]]
[2019.03.21-20.06.50:453][  0]LogConfig: Setting CVar [[r.VolumetricFog.GridSizeZ:128]]
[2019.03.21-20.06.50:453][  0]LogConfig: Setting CVar [[r.VolumetricFog.HistoryMissSupersampleCount:4]]
[2019.03.21-20.06.50:453][  0]LogConfig: Setting CVar [[r.LightMaxDrawDistanceScale:1]]
[2019.03.21-20.06.50:453][  0]LogConfig: Setting CVar [[r.CapsuleShadows:1]]
[2019.03.21-20.06.50:453][  0]LogConfig: Applying CVar settings from Section [PostProcessQuality@3] File [D:/cs461/PressVR/Saved/Config/Windows/Scalability.ini]
[2019.03.21-20.06.50:453][  0]LogConfig: Setting CVar [[r.MotionBlurQuality:0]]
[2019.03.21-20.06.50:453][  0]LogConfig: Setting CVar [[r.AmbientOcclusionMipLevelFactor:0.4]]
[2019.03.21-20.06.50:453][  0]LogConfig: Setting CVar [[r.AmbientOcclusionMaxQuality:100]]
[2019.03.21-20.06.50:453][  0]LogConfig: Setting CVar [[r.AmbientOcclusionLevels:0]]
[2019.03.21-20.06.50:453][  0]LogConfig: Setting CVar [[r.AmbientOcclusionRadiusScale:1.0]]
[2019.03.21-20.06.50:453][  0]LogConfig: Setting CVar [[r.DepthOfFieldQuality:0]]
[2019.03.21-20.06.50:453][  0]LogConfig: Setting CVar [[r.RenderTargetPoolMin:400]]
[2019.03.21-20.06.50:453][  0]LogConfig: Setting CVar [[r.LensFlareQuality:0]]
[2019.03.21-20.06.50:453][  0]LogConfig: Setting CVar [[r.SceneColorFringeQuality:0]]
[2019.03.21-20.06.50:453][  0]LogConfig: Setting CVar [[r.EyeAdaptationQuality:2]]
[2019.03.21-20.06.50:453][  0]LogConfig: Setting CVar [[r.BloomQuality:1]]
[2019.03.21-20.06.50:453][  0]LogConfig: Setting CVar [[r.FastBlurThreshold:0]]
[2019.03.21-20.06.50:453][  0]LogConfig: Setting CVar [[r.Upscale.Quality:3]]
[2019.03.21-20.06.50:453][  0]LogConfig: Setting CVar [[r.Tonemapper.GrainQuantization:1]]
[2019.03.21-20.06.50:453][  0]LogConfig: Setting CVar [[r.LightShaftQuality:1]]
[2019.03.21-20.06.50:453][  0]LogConfig: Setting CVar [[r.Filter.SizeScale:1]]
[2019.03.21-20.06.50:453][  0]LogConfig: Setting CVar [[r.Tonemapper.Quality:5]]
[2019.03.21-20.06.50:453][  0]LogConfig: Setting CVar [[r.DOF.Gather.AccumulatorQuality:1        ; higher gathering accumulator quality]]
[2019.03.21-20.06.50:453][  0]LogConfig: Setting CVar [[r.DOF.Gather.PostfilterMethod:1          ; Median3x3 postfilering method]]
[2019.03.21-20.06.50:453][  0]LogConfig: Setting CVar [[r.DOF.Gather.EnableBokehSettings:0       ; no bokeh simulation when gathering]]
[2019.03.21-20.06.50:453][  0]LogConfig: Setting CVar [[r.DOF.Gather.RingCount:4                 ; medium number of samples when gathering]]
[2019.03.21-20.06.50:453][  0]LogConfig: Setting CVar [[r.DOF.Scatter.ForegroundCompositing:1    ; additive foreground scattering]]
[2019.03.21-20.06.50:453][  0]LogConfig: Setting CVar [[r.DOF.Scatter.BackgroundCompositing:2    ; additive background scattering]]
[2019.03.21-20.06.50:453][  0]LogConfig: Setting CVar [[r.DOF.Scatter.EnableBokehSettings:1      ; bokeh simulation when scattering]]
[2019.03.21-20.06.50:453][  0]LogConfig: Setting CVar [[r.DOF.Scatter.MaxSpriteRatio:0.1         ; only a maximum of 10% of scattered bokeh]]
[2019.03.21-20.06.50:453][  0]LogConfig: Setting CVar [[r.DOF.Recombine.Quality:1                ; cheap slight out of focus]]
[2019.03.21-20.06.50:453][  0]LogConfig: Setting CVar [[r.DOF.Recombine.EnableBokehSettings:0    ; no bokeh simulation on slight out of focus]]
[2019.03.21-20.06.50:453][  0]LogConfig: Setting CVar [[r.DOF.TemporalAAQuality:1                ; more stable temporal accumulation]]
[2019.03.21-20.06.50:454][  0]LogConfig: Setting CVar [[r.DOF.Kernel.MaxForegroundRadius:0.025]]
[2019.03.21-20.06.50:454][  0]LogConfig: Setting CVar [[r.DOF.Kernel.MaxBackgroundRadius:0.025]]
[2019.03.21-20.06.50:454][  0]LogConfig: Applying CVar settings from Section [TextureQuality@3] File [D:/cs461/PressVR/Saved/Config/Windows/Scalability.ini]
[2019.03.21-20.06.50:454][  0]LogConfig: Setting CVar [[r.Streaming.MipBias:0]]
[2019.03.21-20.06.50:454][  0]LogConfig: Setting CVar [[r.Streaming.AmortizeCPUToGPUCopy:0]]
[2019.03.21-20.06.50:454][  0]LogConfig: Setting CVar [[r.Streaming.MaxNumTexturesToStreamPerFrame:0]]
[2019.03.21-20.06.50:454][  0]LogConfig: Setting CVar [[r.Streaming.Boost:1]]
[2019.03.21-20.06.50:454][  0]LogConfig: Setting CVar [[r.MaxAnisotropy:8]]
[2019.03.21-20.06.50:454][  0]LogConfig: Setting CVar [[r.Streaming.LimitPoolSizeToVRAM:0]]
[2019.03.21-20.06.50:454][  0]LogConfig: Setting CVar [[r.Streaming.PoolSize:1000]]
[2019.03.21-20.06.50:454][  0]LogConfig: Setting CVar [[r.Streaming.MaxEffectiveScreenSize:0]]
[2019.03.21-20.06.50:454][  0]LogConfig: Applying CVar settings from Section [EffectsQuality@3] File [D:/cs461/PressVR/Saved/Config/Windows/Scalability.ini]
[2019.03.21-20.06.50:454][  0]LogConfig: Setting CVar [[r.TranslucencyLightingVolumeDim:4]]
[2019.03.21-20.06.50:454][  0]LogConfig: Setting CVar [[r.RefractionQuality:2]]
[2019.03.21-20.06.50:454][  0]LogConfig: Setting CVar [[r.SSR.Quality:0]]
[2019.03.21-20.06.50:454][  0]LogConfig: Setting CVar [[r.SceneColorFormat:2]]
[2019.03.21-20.06.50:454][  0]LogConfig: Setting CVar [[r.DetailMode:2]]
[2019.03.21-20.06.50:454][  0]LogConfig: Setting CVar [[r.TranslucencyVolumeBlur:0]]
[2019.03.21-20.06.50:454][  0]LogConfig: Setting CVar [[r.MaterialQualityLevel:1 ; High quality]]
[2019.03.21-20.06.50:454][  0]LogConfig: Setting CVar [[r.SSS.Scale:1]]
[2019.03.21-20.06.50:454][  0]LogConfig: Setting CVar [[r.SSS.SampleSet:2]]
[2019.03.21-20.06.50:454][  0]LogConfig: Setting CVar [[r.SSS.Quality:1]]
[2019.03.21-20.06.50:454][  0]LogConfig: Setting CVar [[r.SSS.HalfRes:1]]
[2019.03.21-20.06.50:454][  0]LogConfig: Setting CVar [[r.EmitterSpawnRateScale:1.0]]
[2019.03.21-20.06.50:454][  0]LogConfig: Setting CVar [[r.ParticleLightQuality:2]]
[2019.03.21-20.06.50:454][  0]LogConfig: Applying CVar settings from Section [FoliageQuality@3] File [D:/cs461/PressVR/Saved/Config/Windows/Scalability.ini]
[2019.03.21-20.06.50:454][  0]LogConfig: Setting CVar [[foliage.DensityScale:1.0]]
[2019.03.21-20.06.50:454][  0]LogConfig: Setting CVar [[grass.DensityScale:1.0]]
[2019.03.21-20.06.50:454][  0]LogInit: Selected Device Profile: [Windows]
[2019.03.21-20.06.50:454][  0]LogInit: Applying CVar settings loaded from the selected device profile: [Windows]
[2019.03.21-20.06.50:457][  0]LogHAL: Display: Platform has ~ 16 GB [16964153344 / 17179869184 / 16], which maps to Larger [LargestMinGB=32, LargerMinGB=12, DefaultMinGB=8, SmallerMinGB=6, SmallestMinGB=0)
[2019.03.21-20.06.50:457][  0]LogConfig: Setting CVar [[r.Vulkan.UseRealUBs:1]]
[2019.03.21-20.06.50:457][  0]LogInit: Going up to parent DeviceProfile []
[2019.03.21-20.06.50:457][  0]LogConfig: Applying CVar settings from Section [ViewDistanceQuality@3] File [D:/cs461/PressVR/Saved/Config/Windows/Scalability.ini]
[2019.03.21-20.06.50:457][  0]LogConfig: Setting CVar [[r.SkeletalMeshLODBias:0]]
[2019.03.21-20.06.50:457][  0]LogConfig: Setting CVar [[r.ViewDistanceScale:1.0]]
[2019.03.21-20.06.50:457][  0]LogConfig: Applying CVar settings from Section [AntiAliasingQuality@3] File [D:/cs461/PressVR/Saved/Config/Windows/Scalability.ini]
[2019.03.21-20.06.50:457][  0]LogConfig: Setting CVar [[r.PostProcessAAQuality:3]]
[2019.03.21-20.06.50:457][  0]LogConfig: Applying CVar settings from Section [ShadowQuality@3] File [D:/cs461/PressVR/Saved/Config/Windows/Scalability.ini]
[2019.03.21-20.06.50:457][  0]LogConfig: Setting CVar [[r.LightFunctionQuality:1]]
[2019.03.21-20.06.50:457][  0]LogConfig: Setting CVar [[r.ShadowQuality:5]]
[2019.03.21-20.06.50:457][  0]LogConfig: Setting CVar [[r.Shadow.CSM.MaxCascades:10]]
[2019.03.21-20.06.50:457][  0]LogConfig: Setting CVar [[r.Shadow.MaxResolution:2048]]
[2019.03.21-20.06.50:457][  0]LogConfig: Setting CVar [[r.Shadow.MaxCSMResolution:2048]]
[2019.03.21-20.06.50:457][  0]LogConfig: Setting CVar [[r.Shadow.RadiusThreshold:0.01]]
[2019.03.21-20.06.50:457][  0]LogConfig: Setting CVar [[r.Shadow.DistanceScale:1.0]]
[2019.03.21-20.06.50:457][  0]LogConfig: Setting CVar [[r.Shadow.CSM.TransitionScale:1.0]]
[2019.03.21-20.06.50:457][  0]LogConfig: Setting CVar [[r.Shadow.PreShadowResolutionFactor:1.0]]
[2019.03.21-20.06.50:458][  0]LogConfig: Setting CVar [[r.DistanceFieldShadowing:1]]
[2019.03.21-20.06.50:458][  0]LogConfig: Setting CVar [[r.DistanceFieldAO:1]]
[2019.03.21-20.06.50:458][  0]LogConfig: Setting CVar [[r.AOQuality:2]]
[2019.03.21-20.06.50:458][  0]LogConfig: Setting CVar [[r.VolumetricFog:1]]
[2019.03.21-20.06.50:458][  0]LogConfig: Setting CVar [[r.VolumetricFog.GridPixelSize:8]]
[2019.03.21-20.06.50:458][  0]LogConfig: Setting CVar [[r.VolumetricFog.GridSizeZ:128]]
[2019.03.21-20.06.50:458][  0]LogConfig: Setting CVar [[r.VolumetricFog.HistoryMissSupersampleCount:4]]
[2019.03.21-20.06.50:458][  0]LogConfig: Setting CVar [[r.LightMaxDrawDistanceScale:1]]
[2019.03.21-20.06.50:458][  0]LogConfig: Setting CVar [[r.CapsuleShadows:1]]
[2019.03.21-20.06.50:458][  0]LogConfig: Applying CVar settings from Section [PostProcessQuality@3] File [D:/cs461/PressVR/Saved/Config/Windows/Scalability.ini]
[2019.03.21-20.06.50:458][  0]LogConfig: Setting CVar [[r.MotionBlurQuality:0]]
[2019.03.21-20.06.50:458][  0]LogConfig: Setting CVar [[r.AmbientOcclusionMipLevelFactor:0.4]]
[2019.03.21-20.06.50:458][  0]LogConfig: Setting CVar [[r.AmbientOcclusionMaxQuality:100]]
[2019.03.21-20.06.50:458][  0]LogConfig: Setting CVar [[r.AmbientOcclusionLevels:0]]
[2019.03.21-20.06.50:458][  0]LogConfig: Setting CVar [[r.AmbientOcclusionRadiusScale:1.0]]
[2019.03.21-20.06.50:458][  0]LogConfig: Setting CVar [[r.DepthOfFieldQuality:0]]
[2019.03.21-20.06.50:458][  0]LogConfig: Setting CVar [[r.RenderTargetPoolMin:400]]
[2019.03.21-20.06.50:458][  0]LogConfig: Setting CVar [[r.LensFlareQuality:0]]
[2019.03.21-20.06.50:458][  0]LogConfig: Setting CVar [[r.SceneColorFringeQuality:0]]
[2019.03.21-20.06.50:458][  0]LogConfig: Setting CVar [[r.EyeAdaptationQuality:2]]
[2019.03.21-20.06.50:458][  0]LogConfig: Setting CVar [[r.BloomQuality:1]]
[2019.03.21-20.06.50:458][  0]LogConfig: Setting CVar [[r.FastBlurThreshold:0]]
[2019.03.21-20.06.50:458][  0]LogConfig: Setting CVar [[r.Upscale.Quality:3]]
[2019.03.21-20.06.50:458][  0]LogConfig: Setting CVar [[r.Tonemapper.GrainQuantization:1]]
[2019.03.21-20.06.50:458][  0]LogConfig: Setting CVar [[r.LightShaftQuality:1]]
[2019.03.21-20.06.50:458][  0]LogConfig: Setting CVar [[r.Filter.SizeScale:1]]
[2019.03.21-20.06.50:458][  0]LogConfig: Setting CVar [[r.Tonemapper.Quality:5]]
[2019.03.21-20.06.50:458][  0]LogConfig: Setting CVar [[r.DOF.Gather.AccumulatorQuality:1        ; higher gathering accumulator quality]]
[2019.03.21-20.06.50:458][  0]LogConfig: Setting CVar [[r.DOF.Gather.PostfilterMethod:1          ; Median3x3 postfilering method]]
[2019.03.21-20.06.50:458][  0]LogConfig: Setting CVar [[r.DOF.Gather.EnableBokehSettings:0       ; no bokeh simulation when gathering]]
[2019.03.21-20.06.50:458][  0]LogConfig: Setting CVar [[r.DOF.Gather.RingCount:4                 ; medium number of samples when gathering]]
[2019.03.21-20.06.50:458][  0]LogConfig: Setting CVar [[r.DOF.Scatter.ForegroundCompositing:1    ; additive foreground scattering]]
[2019.03.21-20.06.50:458][  0]LogConfig: Setting CVar [[r.DOF.Scatter.BackgroundCompositing:2    ; additive background scattering]]
[2019.03.21-20.06.50:458][  0]LogConfig: Setting CVar [[r.DOF.Scatter.EnableBokehSettings:1      ; bokeh simulation when scattering]]
[2019.03.21-20.06.50:458][  0]LogConfig: Setting CVar [[r.DOF.Scatter.MaxSpriteRatio:0.1         ; only a maximum of 10% of scattered bokeh]]
[2019.03.21-20.06.50:458][  0]LogConfig: Setting CVar [[r.DOF.Recombine.Quality:1                ; cheap slight out of focus]]
[2019.03.21-20.06.50:458][  0]LogConfig: Setting CVar [[r.DOF.Recombine.EnableBokehSettings:0    ; no bokeh simulation on slight out of focus]]
[2019.03.21-20.06.50:458][  0]LogConfig: Setting CVar [[r.DOF.TemporalAAQuality:1                ; more stable temporal accumulation]]
[2019.03.21-20.06.50:458][  0]LogConfig: Setting CVar [[r.DOF.Kernel.MaxForegroundRadius:0.025]]
[2019.03.21-20.06.50:458][  0]LogConfig: Setting CVar [[r.DOF.Kernel.MaxBackgroundRadius:0.025]]
[2019.03.21-20.06.50:458][  0]LogConfig: Applying CVar settings from Section [TextureQuality@3] File [D:/cs461/PressVR/Saved/Config/Windows/Scalability.ini]
[2019.03.21-20.06.50:458][  0]LogConfig: Setting CVar [[r.Streaming.MipBias:0]]
[2019.03.21-20.06.50:458][  0]LogConfig: Setting CVar [[r.Streaming.AmortizeCPUToGPUCopy:0]]
[2019.03.21-20.06.50:458][  0]LogConfig: Setting CVar [[r.Streaming.MaxNumTexturesToStreamPerFrame:0]]
[2019.03.21-20.06.50:458][  0]LogConfig: Setting CVar [[r.Streaming.Boost:1]]
[2019.03.21-20.06.50:458][  0]LogConfig: Setting CVar [[r.MaxAnisotropy:8]]
[2019.03.21-20.06.50:458][  0]LogConfig: Setting CVar [[r.Streaming.LimitPoolSizeToVRAM:0]]
[2019.03.21-20.06.50:458][  0]LogConfig: Setting CVar [[r.Streaming.PoolSize:1000]]
[2019.03.21-20.06.50:458][  0]LogConfig: Setting CVar [[r.Streaming.MaxEffectiveScreenSize:0]]
[2019.03.21-20.06.50:458][  0]LogConfig: Applying CVar settings from Section [EffectsQuality@3] File [D:/cs461/PressVR/Saved/Config/Windows/Scalability.ini]
[2019.03.21-20.06.50:458][  0]LogConfig: Setting CVar [[r.TranslucencyLightingVolumeDim:4]]
[2019.03.21-20.06.50:458][  0]LogConfig: Setting CVar [[r.RefractionQuality:2]]
[2019.03.21-20.06.50:458][  0]LogConfig: Setting CVar [[r.SSR.Quality:0]]
[2019.03.21-20.06.50:458][  0]LogConfig: Setting CVar [[r.SceneColorFormat:2]]
[2019.03.21-20.06.50:458][  0]LogConfig: Setting CVar [[r.DetailMode:2]]
[2019.03.21-20.06.50:458][  0]LogConfig: Setting CVar [[r.TranslucencyVolumeBlur:0]]
[2019.03.21-20.06.50:458][  0]LogConfig: Setting CVar [[r.MaterialQualityLevel:1 ; High quality]]
[2019.03.21-20.06.50:458][  0]LogConfig: Setting CVar [[r.SSS.Scale:1]]
[2019.03.21-20.06.50:458][  0]LogConfig: Setting CVar [[r.SSS.SampleSet:2]]
[2019.03.21-20.06.50:458][  0]LogConfig: Setting CVar [[r.SSS.Quality:1]]
[2019.03.21-20.06.50:458][  0]LogConfig: Setting CVar [[r.SSS.HalfRes:1]]
[2019.03.21-20.06.50:458][  0]LogConfig: Setting CVar [[r.EmitterSpawnRateScale:1.0]]
[2019.03.21-20.06.50:458][  0]LogConfig: Setting CVar [[r.ParticleLightQuality:2]]
[2019.03.21-20.06.50:458][  0]LogConfig: Applying CVar settings from Section [FoliageQuality@3] File [D:/cs461/PressVR/Saved/Config/Windows/Scalability.ini]
[2019.03.21-20.06.50:458][  0]LogConfig: Setting CVar [[foliage.DensityScale:1.0]]
[2019.03.21-20.06.50:458][  0]LogConfig: Setting CVar [[grass.DensityScale:1.0]]
[2019.03.21-20.06.50:458][  0]LogConfig: Applying CVar settings from Section [Startup] File [../../../Engine/Config/ConsoleVariables.ini]
[2019.03.21-20.06.50:458][  0]LogConfig: Setting CVar [[net.UseAdaptiveNetUpdateFrequency:0]]
[2019.03.21-20.06.50:458][  0]LogConfig: Applying CVar settings from Section [ConsoleVariables] File [D:/cs461/PressVR/Saved/Config/Windows/Engine.ini]
[2019.03.21-20.06.50:459][  0]LogInit: Computer: DESKTOP-1KNH53N
[2019.03.21-20.06.50:459][  0]LogInit: User: kylet
[2019.03.21-20.06.50:459][  0]LogInit: CPU Page size=4096, Cores=6
[2019.03.21-20.06.50:459][  0]LogInit: High frequency timer resolution =2.156249 MHz
[2019.03.21-20.06.50:459][  0]LogMemory: Memory total: Physical=15.8GB (16GB approx)
[2019.03.21-20.06.50:459][  0]LogMemory: Platform Memory Stats for Windows
[2019.03.21-20.06.50:459][  0]LogMemory: Process Physical Memory: 107.46 MB used, 107.46 MB peak
[2019.03.21-20.06.50:459][  0]LogMemory: Process Virtual Memory: 92.77 MB used, 92.77 MB peak
[2019.03.21-20.06.50:459][  0]LogMemory: Physical Memory: 9273.96 MB used,  6904.32 MB free, 16178.28 MB total
[2019.03.21-20.06.50:459][  0]LogMemory: Virtual Memory: 4684.09 MB used,  134213040.00 MB free, 134217728.00 MB total
[2019.03.21-20.06.50:477][  0]LogInit: Using OS detected language (en-US).
[2019.03.21-20.06.50:477][  0]LogInit: Using OS detected locale (en-US).
[2019.03.21-20.06.50:478][  0]LogTextLocalizationManager: No specific localization for 'en-US' exists, so the 'en' localization will be used.
[2019.03.21-20.06.50:831][  0]LogStreaming: Display: Took  0.354s to InitEngineTextLocalization.
[2019.03.21-20.06.50:855][  0]LogSlate: New Slate User Created.  User Index 0, Is Virtual User: 0
[2019.03.21-20.06.50:855][  0]LogSlate: Slate User Registered.  User Index 0, Is Virtual User: 0
[2019.03.21-20.06.50:883][  0]LogD3D11RHI: D3D11 adapters:
[2019.03.21-20.06.50:936][  0]LogD3D11RHI:    0. 'NVIDIA GeForce GTX 1060 with Max-Q Design' (Feature Level 11_0)
[2019.03.21-20.06.50:936][  0]LogD3D11RHI:       6052/0/8089 MB DedicatedVideo/DedicatedSystem/SharedSystem, Outputs:1, VendorId:0x10de
[2019.03.21-20.06.50:947][  0]LogD3D11RHI:    1. 'Intel(R) UHD Graphics 630' (Feature Level 11_0)
[2019.03.21-20.06.50:947][  0]LogD3D11RHI:       128/0/8089 MB DedicatedVideo/DedicatedSystem/SharedSystem, Outputs:0, VendorId:0x8086
[2019.03.21-20.06.50:949][  0]LogD3D11RHI:    2. 'Microsoft Basic Render Driver' (Feature Level 11_0)
[2019.03.21-20.06.50:949][  0]LogD3D11RHI:       0/0/8089 MB DedicatedVideo/DedicatedSystem/SharedSystem, Outputs:0, VendorId:0x1414
[2019.03.21-20.06.50:949][  0]LogD3D11RHI: Chosen D3D11 Adapter: 0
[2019.03.21-20.06.50:975][  0]LogD3D11RHI: Creating new Direct3DDevice
[2019.03.21-20.06.50:975][  0]LogD3D11RHI:     GPU DeviceId: 0x1c20 (for the marketing name, search the web for "GPU Device Id")
[2019.03.21-20.06.50:975][  0]LogWindows: EnumDisplayDevices:
[2019.03.21-20.06.50:975][  0]LogWindows:    0. 'Intel(R) UHD Graphics 630' (P:1 D:1)
[2019.03.21-20.06.50:975][  0]LogWindows:    1. 'Intel(R) UHD Graphics 630' (P:0 D:0)
[2019.03.21-20.06.50:976][  0]LogWindows:    2. 'Intel(R) UHD Graphics 630' (P:0 D:0)
[2019.03.21-20.06.50:976][  0]LogWindows:    3. 'NVIDIA GeForce GTX 1060 with Max-Q Design' (P:0 D:0)
[2019.03.21-20.06.50:976][  0]LogWindows: DebugString: PrimaryIsNotTheChoosenAdapter PrimaryIsNotTheChoosenAdapter PrimaryIsNotTheChoosenAdapter 
[2019.03.21-20.06.50:976][  0]LogD3D11RHI:     Adapter Name: NVIDIA GeForce GTX 1060 with Max-Q Design
[2019.03.21-20.06.50:976][  0]LogD3D11RHI:   Driver Version: 419.17 (internal:25.21.14.1917, unified:419.17)
[2019.03.21-20.06.50:976][  0]LogD3D11RHI:      Driver Date: 2-20-2019
[2019.03.21-20.06.50:976][  0]LogRHI: Texture pool is 4236 MB (70% of 6052 MB)
[2019.03.21-20.06.51:014][  0]LogD3D11RHI: Async texture creation enabled
[2019.03.21-20.06.51:037][  0]LogD3D11RHI: GPU Timing Frequency: 1000.000000 (Debug: 2 1)
[2019.03.21-20.06.51:293][  0]LogTemp: Display: Loaded TP WindowsClientTargetPlatform
[2019.03.21-20.06.51:304][  0]LogTemp: Display: Loaded TP WindowsNoEditorTargetPlatform
[2019.03.21-20.06.51:320][  0]LogTemp: Display: Loaded TP WindowsServerTargetPlatform
[2019.03.21-20.06.51:325][  0]LogTemp: Display: Loaded TP WindowsTargetPlatform
[2019.03.21-20.06.51:325][  0]LogTargetPlatformManager: Display: Building Assets For Windows
[2019.03.21-20.06.51:367][  0]LogShaderCompilers: Guid format shader working directory is 29 characters bigger than the processId version (D:/cs461/PressVR/Intermediate/Shaders/WorkingDirectory/12436/).
[2019.03.21-20.06.51:367][  0]LogShaderCompilers: Cleaned the shader compiler working directory 'C:/Users/kylet/AppData/Local/Temp/UnrealShaderWorkingDir/EFE932EE454B30213ACD119AAD54C2F0/'.
[2019.03.21-20.06.51:368][  0]LogXGEController: Cannot use XGE Controller as Incredibuild is not installed on this machine.
[2019.03.21-20.06.51:368][  0]LogShaderCompilers: Cannot use XGE Shader Compiler as Incredibuild is not installed on this machine.
[2019.03.21-20.06.51:369][  0]LogShaderCompilers: Display: Using Local Shader Compiler.
[2019.03.21-20.06.51:840][  0]LogDerivedDataCache: Display: Max Cache Size: 512 MB
[2019.03.21-20.06.51:900][  0]LogDerivedDataCache: Loaded boot cache 0.06s 72MB C:/Users/kylet/AppData/Local/UnrealEngine/4.21/DerivedDataCache/Boot.ddc.
[2019.03.21-20.06.51:900][  0]LogDerivedDataCache: Display: Loaded Boot cache: C:/Users/kylet/AppData/Local/UnrealEngine/4.21/DerivedDataCache/Boot.ddc
[2019.03.21-20.06.51:901][  0]LogDerivedDataCache: FDerivedDataBackendGraph:  Pak pak cache file D:/cs461/PressVR/DerivedDataCache/DDC.ddp not found, will not use a pak cache.
[2019.03.21-20.06.51:901][  0]LogDerivedDataCache: Unable to find inner node Pak for hierarchical cache Hierarchy.
[2019.03.21-20.06.51:901][  0]LogDerivedDataCache: FDerivedDataBackendGraph:  CompressedPak pak cache file D:/cs461/PressVR/DerivedDataCache/Compressed.ddp not found, will not use a pak cache.
[2019.03.21-20.06.51:901][  0]LogDerivedDataCache: Unable to find inner node CompressedPak for hierarchical cache Hierarchy.
[2019.03.21-20.06.51:914][  0]LogDerivedDataCache: Display: Pak cache opened for reading ../../../Engine/DerivedDataCache/Compressed.ddp.
[2019.03.21-20.06.51:917][  0]LogDerivedDataCache: Display: Pak cache opened for reading ../../../Enterprise/DerivedDataCache/Compressed.ddp.
[2019.03.21-20.06.51:929][  0]LogDerivedDataCache: Using Local data cache path C:/Users/kylet/AppData/Local/UnrealEngine/Common/DerivedDataCache: Writable
[2019.03.21-20.06.51:929][  0]LogDerivedDataCache: Shared data cache path not found in *engine.ini, will not use an Shared cache.
[2019.03.21-20.06.51:929][  0]LogDerivedDataCache: Unable to find inner node Shared for hierarchical cache Hierarchy.
[2019.03.21-20.06.51:949][  0]LogMaterial: Verifying Global Shaders for PCD3D_SM5
[2019.03.21-20.06.51:950][  0]LogSlate: Using FreeType 2.6.0
[2019.03.21-20.06.51:951][  0]LogSlate: SlateFontServices - WITH_FREETYPE: 1, WITH_HARFBUZZ: 1
[2019.03.21-20.06.52:067][  0]LogInit: Using OS detected language (en-US).
[2019.03.21-20.06.52:067][  0]LogInit: Using OS detected locale (en-US).
[2019.03.21-20.06.52:067][  0]LogTextLocalizationManager: No localization for 'en-US' exists, so 'en' will be used for the language.
[2019.03.21-20.06.52:067][  0]LogTextLocalizationManager: No localization for 'en-US' exists, so 'en' will be used for the locale.
[2019.03.21-20.06.52:067][  0]LogSlate: FontCache flush requested. Reason: Culture for localization was changed
[2019.03.21-20.06.52:067][  0]LogSlate: FontCache flush requested. Reason: Culture for localization was changed
[2019.03.21-20.06.52:327][  0]LogStreaming: Display: Took  0.260s to InitGameTextLocalization.
[2019.03.21-20.06.52:332][  0]LogAssetRegistry: FAssetRegistry took 0.0030 seconds to start up
[2019.03.21-20.06.52:489][  0]LogPackageLocalizationCache: Processed 14 localized package path(s) for 1 prioritized culture(s) in 0.012359 seconds
[2019.03.21-20.06.52:569][  0]LogInit: Selected Device Profile: [Windows]
[2019.03.21-20.06.52:685][  0]LogSimplygon: Simplygon DLL not present - disabling.
[2019.03.21-20.06.52:687][  0]LogMeshReduction: Using SimplygonSwarm for distributed automatic mesh merging
[2019.03.21-20.06.52:687][  0]LogMeshReduction: Using ProxyLODMeshReduction for automatic mesh merging
[2019.03.21-20.06.52:687][  0]LogMeshReduction: Using QuadricMeshReduction for automatic static mesh reduction
[2019.03.21-20.06.52:687][  0]LogMeshReduction: No automatic skeletal mesh reduction module available
[2019.03.21-20.06.52:697][  0]LogNetVersion: PressVR 1.0.0, NetCL: 4541578, EngineNetVer: 5, GameNetVer: 0 (Checksum: 297391646)
[2019.03.21-20.06.53:173][  0]LogMoviePlayer: Initializing movie player
[2019.03.21-20.06.53:275][  0]LogSubstanceCoreModule: Substance [CPU] Engine Loaded, Max Texture Size = 2048
[2019.03.21-20.06.53:277][  0]LogTcpMessaging: Initializing TcpMessaging bridge
[2019.03.21-20.06.53:289][  0]LogUdpMessaging: Initializing bridge on interface 0.0.0.0:0 to multicast group 230.0.0.1:6666.
[2019.03.21-20.06.53:367][  0]SourceControl: Source control is disabled
[2019.03.21-20.06.53:367][  0]SourceControl: Source control is disabled
[2019.03.21-20.06.53:368][  0]SourceControl: Source control is disabled
[2019.03.21-20.06.53:481][  0]LogAndroidPermission: UAndroidPermissionCallbackProxy::GetInstance
[2019.03.21-20.06.53:519][  0]LogOcInput: OculusInput pre-init called
[2019.03.21-20.06.53:526][  0]LogUObjectArray: 43438 objects as part of root set at end of initial load.
[2019.03.21-20.06.53:526][  0]LogUObjectAllocator: 7627336 out of 0 bytes used by permanent object pool.
[2019.03.21-20.06.53:526][  0]LogUObjectArray: CloseDisregardForGC: 0/0 objects in disregard for GC pool
[2019.03.21-20.06.53:641][  0]LogEngine: Initializing Engine...
[2019.03.21-20.06.58:848][  0]LogHMD: Failed to initialize OpenVR with code 108
[2019.03.21-20.06.58:860][  0]LogStats: UGameplayTagsManager::ConstructGameplayTagTree: ImportINI prefixes -  0.000 s
[2019.03.21-20.06.58:860][  0]LogStats: UGameplayTagsManager::ConstructGameplayTagTree: Construct from data asset -  0.000 s
[2019.03.21-20.06.58:860][  0]LogStats: UGameplayTagsManager::ConstructGameplayTagTree: ImportINI -  0.000 s
[2019.03.21-20.06.58:860][  0]LogStats: UGameplayTagsManager::ConstructGameplayTagTree: GameplayTagTreeChangedEvent.Broadcast -  0.000 s
[2019.03.21-20.06.59:018][  0]LogInit: Initializing FReadOnlyCVARCache
[2019.03.21-20.06.59:025][  0]LogInit: XAudio2 using 'Speakers/Headphones (Realtek(R) Audio)' : 2 channels at 48 kHz using 32 bits per sample (channel mask 0x3)
[2019.03.21-20.06.59:147][  0]LogInit: FAudioDevice initialized.
[2019.03.21-20.06.59:159][  0]LogNetVersion: Set ProjectVersion to 1.0.0.0. Version Checksum will be recalculated on next use.
[2019.03.21-20.06.59:159][  0]LogInit: Texture streaming: Enabled
[2019.03.21-20.06.59:513][  0]LogSlate: Updating window title bar state: overlay mode, drag disabled, window buttons hidden, title bar hidden
[2019.03.21-20.06.59:513][  0]LogInit: Display: Game Engine Initialized.
[2019.03.21-20.06.59:513][  0]LogGameplayTags: Display: UGameplayTagsManager::DoneAddingNativeTags. DelegateIsBound: 0
[2019.03.21-20.06.59:514][  0]LogStats: UGameplayTagsManager::ConstructGameplayTagTree: ImportINI prefixes -  0.000 s
[2019.03.21-20.06.59:514][  0]LogStats: UGameplayTagsManager::ConstructGameplayTagTree: Construct from data asset -  0.000 s
[2019.03.21-20.06.59:514][  0]LogStats: UGameplayTagsManager::ConstructGameplayTagTree: ImportINI -  0.000 s
[2019.03.21-20.06.59:514][  0]LogStats: UGameplayTagsManager::ConstructGameplayTagTree: GameplayTagTreeChangedEvent.Broadcast -  0.000 s
[2019.03.21-20.06.59:534][  0]LogInit: Display: Starting Game.
[2019.03.21-20.06.59:535][  0]LogNet: Browse: /Game/VirtualRealityBP/Maps/MainMap?Name=Player
[2019.03.21-20.06.59:535][  0]LogLoad: LoadMap: /Game/VirtualRealityBP/Maps/MainMap?Name=Player
[2019.03.21-20.07.01:205][  0]LogAIModule: Creating AISystem for world MainMap
[2019.03.21-20.07.01:205][  0]LogLoad: Game class is 'BP_GameMode_C'
[2019.03.21-20.07.01:207][  0]LogMaterial: Warning: Material /DatasmithContent/Materials/SketchUpMaster.SketchUpMaster missing bUsedWithStaticLighting=True! Default Material will be used in game.
[2019.03.21-20.07.01:207][  0]LogMaterial: Warning:      The material will recompile every editor launch until resaved.
[2019.03.21-20.07.01:209][  0]LogPhysics: Warning: PopulatePhysXGeometryAndTransform(Convex): ConvexElem has invalid transform
[2019.03.21-20.07.01:209][  0]LogPhysics: Warning: ForeachShape(Convex): ScaledElem[0] invalid
[2019.03.21-20.07.01:209][  0]LogPhysics: Warning: PopulatePhysXGeometryAndTransform(Convex): ConvexElem has invalid transform
[2019.03.21-20.07.01:209][  0]LogPhysics: Warning: ForeachShape(Convex): ScaledElem[0] invalid
[2019.03.21-20.07.01:209][  0]LogPhysics: Warning: PopulatePhysXGeometryAndTransform(Convex): ConvexElem has invalid transform
[2019.03.21-20.07.01:209][  0]LogPhysics: Warning: ForeachShape(Convex): ScaledElem[0] invalid
[2019.03.21-20.07.01:211][  0]PIE: Warning: Trying to simulate physics on ''/Game/VirtualRealityBP/Maps/MainMap.MainMap:PersistentLevel.BP_LargePrinterDoor_2.StaticMeshComponent0'' but it has ComplexAsSimple collision.
[2019.03.21-20.07.01:224][  0]LogPrimitiveComponent: Warning: CreateDynamicMaterialInstance on /Game/VirtualRealityBP/Maps/MainMap.MainMap:PersistentLevel.BP_Emergency_Stop_Button2_6.EmergencyButtonButton: Material index 2 is invalid.
[2019.03.21-20.07.01:224][  0]LogScript: Warning: Accessed None trying to read property Button light material
	BP_Emergency_Stop_Button_C /Game/VirtualRealityBP/Maps/MainMap.MainMap:PersistentLevel.BP_Emergency_Stop_Button2_6
	Function /Game/ExampleContent/Blueprint_Communication/Blueprints/BP_Emergency_Stop_Button.BP_Emergency_Stop_Button_C:UserConstructionScript:005E
[2019.03.21-20.07.01:224][  0]LogScript: Warning: Script call stack:
	Function /Game/ExampleContent/Blueprint_Communication/Blueprints/BP_Emergency_Stop_Button.BP_Emergency_Stop_Button_C:UserConstructionScript

[2019.03.21-20.07.01:224][  0]LogPrimitiveComponent: Warning: CreateDynamicMaterialInstance on /Game/VirtualRealityBP/Maps/MainMap.MainMap:PersistentLevel.BP_Emergency_Stop_Button3_9.EmergencyButtonButton: Material index 2 is invalid.
[2019.03.21-20.07.01:224][  0]LogScript: Warning: Accessed None trying to read property Button light material
	BP_Emergency_Stop_Button_C /Game/VirtualRealityBP/Maps/MainMap.MainMap:PersistentLevel.BP_Emergency_Stop_Button3_9
	Function /Game/ExampleContent/Blueprint_Communication/Blueprints/BP_Emergency_Stop_Button.BP_Emergency_Stop_Button_C:UserConstructionScript:005E
[2019.03.21-20.07.01:224][  0]LogScript: Warning: Script call stack:
	Function /Game/ExampleContent/Blueprint_Communication/Blueprints/BP_Emergency_Stop_Button.BP_Emergency_Stop_Button_C:UserConstructionScript

[2019.03.21-20.07.01:225][  0]LogPrimitiveComponent: Warning: CreateDynamicMaterialInstance on /Game/VirtualRealityBP/Maps/MainMap.MainMap:PersistentLevel.BP_Emergency_Stop_Button4_12.EmergencyButtonButton: Material index 2 is invalid.
[2019.03.21-20.07.01:225][  0]LogScript: Warning: Accessed None trying to read property Button light material
	BP_Emergency_Stop_Button_C /Game/VirtualRealityBP/Maps/MainMap.MainMap:PersistentLevel.BP_Emergency_Stop_Button4_12
	Function /Game/ExampleContent/Blueprint_Communication/Blueprints/BP_Emergency_Stop_Button.BP_Emergency_Stop_Button_C:UserConstructionScript:005E
[2019.03.21-20.07.01:225][  0]LogScript: Warning: Script call stack:
	Function /Game/ExampleContent/Blueprint_Communication/Blueprints/BP_Emergency_Stop_Button.BP_Emergency_Stop_Button_C:UserConstructionScript

[2019.03.21-20.07.01:225][  0]LogPrimitiveComponent: Warning: CreateDynamicMaterialInstance on /Game/VirtualRealityBP/Maps/MainMap.MainMap:PersistentLevel.BP_Emergency_Stop_Button_3.EmergencyButtonButton: Material index 2 is invalid.
[2019.03.21-20.07.01:225][  0]LogScript: Warning: Accessed None trying to read property Button light material
	BP_Emergency_Stop_Button_C /Game/VirtualRealityBP/Maps/MainMap.MainMap:PersistentLevel.BP_Emergency_Stop_Button_3
	Function /Game/ExampleContent/Blueprint_Communication/Blueprints/BP_Emergency_Stop_Button.BP_Emergency_Stop_Button_C:UserConstructionScript:005E
[2019.03.21-20.07.01:225][  0]LogScript: Warning: Script call stack:
	Function /Game/ExampleContent/Blueprint_Communication/Blueprints/BP_Emergency_Stop_Button.BP_Emergency_Stop_Button_C:UserConstructionScript

[2019.03.21-20.07.01:229][  0]LogWorld: Bringing World /Game/VirtualRealityBP/Maps/MainMap.MainMap up for play (max tick rate 0) at 2019.03.21-13.07.01
[2019.03.21-20.07.01:230][  0]LogWorld: Bringing up level for play took: 0.024164
[2019.03.21-20.07.01:230][  0]LogGameMode: FindPlayerStart: PATHS NOT DEFINED or NO PLAYERSTART with positive rating
[2019.03.21-20.07.01:316][  0]LogBlueprintUserMessages: [VRPawn_507] k
[2019.03.21-20.07.01:316][  0]LogBlueprintUserMessages: [VRPawn_507] kk
[2019.03.21-20.07.01:316][  0]LogBlueprintUserMessages: [VRPawn_507] kkk
[2019.03.21-20.07.01:318][  0]LogSlate: New Slate User Created.  User Index 8, Is Virtual User: 1
[2019.03.21-20.07.01:318][  0]LogSlate: Slate User Registered.  User Index 8, Is Virtual User: 1
[2019.03.21-20.07.01:318][  0]LogSlate: Slate User Unregistered.  User Index 8
[2019.03.21-20.07.01:318][  0]LogSlate: Slate User Destroyed.  User Index 8, Is Virtual User: 1
[2019.03.21-20.07.01:318][  0]LogSlate: Slate User Unregistered.  User Index 8
[2019.03.21-20.07.01:318][  0]LogSlate: New Slate User Created.  User Index 8, Is Virtual User: 0
[2019.03.21-20.07.01:318][  0]LogSlate: Slate User Registered.  User Index 8, Is Virtual User: 0
[2019.03.21-20.07.01:318][  0]LogSlate: Slate User Destroyed.  User Index 8, Is Virtual User: 0
[2019.03.21-20.07.01:319][  0]LogSlate: New Slate User Created.  User Index 8, Is Virtual User: 1
[2019.03.21-20.07.01:319][  0]LogSlate: Slate User Registered.  User Index 8, Is Virtual User: 1
[2019.03.21-20.07.01:320][  0]LogLoad: Took 1.784904 seconds to LoadMap(/Game/VirtualRealityBP/Maps/MainMap)
[2019.03.21-20.07.01:383][  0]LogRenderer: Reallocating scene render targets to support 1280x720 Format 26 NumSamples 1 (Frame:1).
[2019.03.21-20.07.01:383][  0]LogLoad: (Engine Initialization) Total time: 13.02 seconds
[2019.03.21-20.07.01:383][  0]LogLoad: (Engine Initialization) Total Blueprint compile time: 0.00 seconds
[2019.03.21-20.07.01:472][  0]LogWindowsTextInputMethodSystem: Display: IME system now deactivated.
[2019.03.21-20.07.01:478][  0]LogContentStreaming: Texture pool size now 1000 MB
[2019.03.21-20.07.01:669][  2]LogScript: Warning: Script Msg: Attempted to access index 0 from array 'CallFunc_GetAllActorsOfClass_OutActors' of length 0 in '/Game/Widget/MainHUD.MainHUD_C:ExecuteUbergraph_MainHUD'!
[2019.03.21-20.07.01:669][  2]LogScript: Warning: Accessed None trying to read property CallFunc_Array_Get_Item
	MainHUD_C /Engine/Transient.GameEngine_0:GameInstance_0.MainHUD_C_0
	Function /Game/Widget/MainHUD.MainHUD_C:ExecuteUbergraph_MainHUD:02F2
[2019.03.21-20.07.01:669][  2]LogScript: Warning: Script call stack:
	Function /Game/Widget/MainHUD.MainHUD_C:Tick
	Function /Game/Widget/MainHUD.MainHUD_C:ExecuteUbergraph_MainHUD

[2019.03.21-20.07.09:571][488]LogSlate: Window 'PressVR (64-bit Development PCD3D_SM5) ' being destroyed
[2019.03.21-20.07.09:574][488]LogSlate: Updating window title bar state: overlay mode, drag disabled, window buttons hidden, title bar hidden
[2019.03.21-20.07.09:574][488]LogEngine: All Windows Closed
[2019.03.21-20.07.09:574][488]LogWindows: FPlatformMisc::RequestExit(0)
[2019.03.21-20.07.09:855][489]LogWindowsTextInputMethodSystem: Display: IME system now deactivated.
[2019.03.21-20.07.09:860][489]LogExit: Preparing to exit.
[2019.03.21-20.07.09:860][489]LogMoviePlayer: Shutting down movie player
[2019.03.21-20.07.10:309][489]LogSlate: Updating window title bar state: overlay mode, drag disabled, window buttons hidden, title bar hidden
[2019.03.21-20.07.10:333][489]LogExit: Game engine shut down
[2019.03.21-20.07.10:380][489]LogExit: Object subsystem successfully closed.
[2019.03.21-20.07.10:402][489]LogShaderCompilers: Display: Shaders left to compile 0
[2019.03.21-20.07.10:405][489]LogD3D11RHI: Shutdown
[2019.03.21-20.07.10:405][489]LogD3D11RHI: CleanupD3DDevice
[2019.03.21-20.07.10:407][489]LogD3D11RHI: ~FD3D11DynamicRHI
[2019.03.21-20.07.10:418][489]LogModuleManager: Shutting down and abandoning module SequenceRecorderSections (388)
[2019.03.21-20.07.10:418][489]LogModuleManager: Shutting down and abandoning module SequenceRecorder (386)
[2019.03.21-20.07.10:418][489]LogModuleManager: Shutting down and abandoning module AutomationController (384)
[2019.03.21-20.07.10:418][489]LogModuleManager: Shutting down and abandoning module AutomationWorker (382)
[2019.03.21-20.07.10:418][489]LogModuleManager: Shutting down and abandoning module Voice (380)
[2019.03.21-20.07.10:418][489]LogModuleManager: Shutting down and abandoning module AIModule (378)
[2019.03.21-20.07.10:418][489]LogModuleManager: Shutting down and abandoning module GameplayDebugger (377)
[2019.03.21-20.07.10:418][489]LogModuleManager: Shutting down and abandoning module AITestSuite (375)
[2019.03.21-20.07.10:418][489]LogModuleManager: Shutting down and abandoning module NavigationSystem (373)
[2019.03.21-20.07.10:418][489]LogModuleManager: Shutting down and abandoning module WmfMediaFactory (370)
[2019.03.21-20.07.10:418][489]LogModuleManager: Shutting down and abandoning module WebMMediaFactory (368)
[2019.03.21-20.07.10:418][489]LogModuleManager: Shutting down and abandoning module WebMMedia (366)
[2019.03.21-20.07.10:418][489]LogModuleManager: Shutting down and abandoning module OpenExrWrapper (364)
[2019.03.21-20.07.10:418][489]LogModuleManager: Shutting down and abandoning module ImgMediaFactory (362)
[2019.03.21-20.07.10:418][489]LogModuleManager: Shutting down and abandoning module AvfMediaFactory (360)
[2019.03.21-20.07.10:418][489]LogModuleManager: Shutting down and abandoning module MagicLeapCameraPreviewFactory (358)
[2019.03.21-20.07.10:418][489]LogModuleManager: Shutting down and abandoning module MagicLeapMediaFactory (356)
[2019.03.21-20.07.10:418][489]LogModuleManager: Shutting down and abandoning module CharacterAI (354)
[2019.03.21-20.07.10:418][489]LogModuleManager: Shutting down and abandoning module SessionServices (352)
[2019.03.21-20.07.10:418][489]LogModuleManager: Shutting down and abandoning module MovieSceneCapture (350)
[2019.03.21-20.07.10:419][489]LogModuleManager: Shutting down and abandoning module MovieSceneTracks (348)
[2019.03.21-20.07.10:419][489]LogModuleManager: Shutting down and abandoning module MovieScene (346)
[2019.03.21-20.07.10:419][489]LogModuleManager: Shutting down and abandoning module StreamingPauseRendering (344)
[2019.03.21-20.07.10:419][489]LogModuleManager: Shutting down and abandoning module PortalServices (342)
[2019.03.21-20.07.10:419][489]LogModuleManager: Shutting down and abandoning module PortalRpc (340)
[2019.03.21-20.07.10:419][489]LogModuleManager: Shutting down and abandoning module MessagingRpc (338)
[2019.03.21-20.07.10:419][489]LogModuleManager: Shutting down and abandoning module ImageWriteQueue (336)
[2019.03.21-20.07.10:420][489]LogModuleManager: Shutting down and abandoning module ProfilerService (334)
[2019.03.21-20.07.10:565][489]LogModuleManager: Shutting down and abandoning module TaskGraph (332)
[2019.03.21-20.07.10:565][489]LogModuleManager: Shutting down and abandoning module SteamVRController (330)
[2019.03.21-20.07.10:565][489]LogModuleManager: Shutting down and abandoning module ProceduralMeshComponent (328)
[2019.03.21-20.07.10:565][489]LogModuleManager: Shutting down and abandoning module OculusInput (326)
[2019.03.21-20.07.10:565][489]LogModuleManager: Shutting down and abandoning module MobilePatchingUtils (324)
[2019.03.21-20.07.10:565][489]LogModuleManager: Shutting down and abandoning module EditableMesh (322)
[2019.03.21-20.07.10:565][489]LogModuleManager: Shutting down and abandoning module CustomMeshComponent (320)
[2019.03.21-20.07.10:565][489]LogModuleManager: Shutting down and abandoning module CableComponent (318)
[2019.03.21-20.07.10:565][489]LogModuleManager: Shutting down and abandoning module AudioCapture (316)
[2019.03.21-20.07.10:565][489]LogModuleManager: Shutting down and abandoning module ArchVisCharacter (314)
[2019.03.21-20.07.10:565][489]LogModuleManager: Shutting down and abandoning module AndroidPermission (312)
[2019.03.21-20.07.10:565][489]LogModuleManager: Shutting down and abandoning module NUTUnrealEngine4 (310)
[2019.03.21-20.07.10:565][489]LogModuleManager: Shutting down and abandoning module NetcodeUnitTest (308)
[2019.03.21-20.07.10:565][489]LogModuleManager: Shutting down and abandoning module MediaCompositing (306)
[2019.03.21-20.07.10:565][489]LogModuleManager: Shutting down and abandoning module LinearTimecode (304)
[2019.03.21-20.07.10:565][489]LogModuleManager: Shutting down and abandoning module ImgMedia (302)
[2019.03.21-20.07.10:567][489]LogModuleManager: Shutting down and abandoning module HTML5Networking (300)
[2019.03.21-20.07.10:567][489]LogModuleManager: Shutting down and abandoning module GeometryCacheTracks (298)
[2019.03.21-20.07.10:567][489]LogModuleManager: Shutting down and abandoning module GeometryCacheSequencer (297)
[2019.03.21-20.07.10:567][489]LogModuleManager: Shutting down and abandoning module GeometryCache (294)
[2019.03.21-20.07.10:567][489]LogModuleManager: Shutting down and abandoning module GeometryCacheEd (293)
[2019.03.21-20.07.10:567][489]LogModuleManager: Shutting down and abandoning module BackChannel (290)
[2019.03.21-20.07.10:567][489]LogModuleManager: Shutting down and abandoning module AppleVision (288)
[2019.03.21-20.07.10:567][489]LogModuleManager: Shutting down and abandoning module AppleImageUtilsBlueprintSupport (286)
[2019.03.21-20.07.10:567][489]LogModuleManager: Shutting down and abandoning module AppleImageUtils (284)
[2019.03.21-20.07.10:567][489]LogModuleManager: Shutting down and abandoning module VariantManagerContent (282)
[2019.03.21-20.07.10:567][489]LogModuleManager: Shutting down and abandoning module CryptoKeysOpenSSL (280)
[2019.03.21-20.07.10:567][489]LogModuleManager: Shutting down and abandoning module CryptoKeys (278)
[2019.03.21-20.07.10:567][489]LogModuleManager: Shutting down and abandoning module VisualStudioSourceCodeAccess (276)
[2019.03.21-20.07.10:567][489]LogModuleManager: Shutting down and abandoning module HotReload (275)
[2019.03.21-20.07.10:567][489]LogModuleManager: Shutting down and abandoning module DirectoryWatcher (274)
[2019.03.21-20.07.10:567][489]LogModuleManager: Shutting down and abandoning module VisualStudioCodeSourceCodeAccess (270)
[2019.03.21-20.07.10:567][489]LogModuleManager: Shutting down and abandoning module UObjectPlugin (268)
[2019.03.21-20.07.10:567][489]LogModuleManager: Shutting down and abandoning module SubversionSourceControl (266)
[2019.03.21-20.07.10:567][489]LogModuleManager: Shutting down and abandoning module PerforceSourceControl (264)
[2019.03.21-20.07.10:567][489]LogModuleManager: Shutting down and abandoning module SourceControl (263)
[2019.03.21-20.07.10:567][489]LogModuleManager: Shutting down and abandoning module CLionSourceCodeAccess (260)
[2019.03.21-20.07.10:567][489]LogModuleManager: Shutting down and abandoning module ActorLayerUtilities (258)
[2019.03.21-20.07.10:567][489]LogModuleManager: Shutting down and abandoning module RuntimePhysXCooking (256)
[2019.03.21-20.07.10:567][489]LogModuleManager: Shutting down and abandoning module PhysXVehiclesEditor (254)
[2019.03.21-20.07.10:567][489]LogModuleManager: Shutting down and abandoning module PhysXVehicles (252)
[2019.03.21-20.07.10:567][489]LogModuleManager: Shutting down and abandoning module LocationServicesBPLibrary (250)
[2019.03.21-20.07.10:567][489]LogModuleManager: Shutting down and abandoning module ActorSequence (248)
[2019.03.21-20.07.10:567][489]LogModuleManager: Shutting down and abandoning module UdpMessaging (246)
[2019.03.21-20.07.10:668][489]LogModuleManager: Shutting down and abandoning module TcpMessaging (244)
[2019.03.21-20.07.11:288][489]LogModuleManager: Shutting down and abandoning module SubstanceCore (242)
[2019.03.21-20.07.11:288][489]LogModuleManager: Shutting down and abandoning module MagicLeapAudio (240)
[2019.03.21-20.07.11:288][489]LogModuleManager: Shutting down and abandoning module GameplayTagsEditor (238)
[2019.03.21-20.07.11:288][489]LogModuleManager: Shutting down and abandoning module FacialAnimation (236)
[2019.03.21-20.07.11:288][489]LogModuleManager: Shutting down and abandoning module DataValidation (234)
[2019.03.21-20.07.11:288][489]LogModuleManager: Shutting down and abandoning module AssetManagerEditor (232)
[2019.03.21-20.07.11:288][489]LogModuleManager: Shutting down and abandoning module TreeMap (231)
[2019.03.21-20.07.11:288][489]LogModuleManager: Shutting down and abandoning module LightPropagationVolumeRuntime (228)
[2019.03.21-20.07.11:288][489]LogModuleManager: Shutting down and abandoning module AISupportModule (226)
[2019.03.21-20.07.11:288][489]LogModuleManager: Shutting down and abandoning module Paper2D (224)
[2019.03.21-20.07.11:288][489]LogModuleManager: Shutting down and abandoning module WindowsMoviePlayer (222)
[2019.03.21-20.07.11:288][489]LogModuleManager: Shutting down and abandoning module WebMMoviePlayer (220)
[2019.03.21-20.07.11:288][489]LogModuleManager: Shutting down and abandoning module WmfMedia (218)
[2019.03.21-20.07.11:289][489]LogModuleManager: Shutting down and abandoning module Media (217)
[2019.03.21-20.07.11:295][489]LogModuleManager: Shutting down and abandoning module PacketHandler (214)
[2019.03.21-20.07.11:295][489]LogModuleManager: Shutting down and abandoning module ClothingSystemEditor (212)
[2019.03.21-20.07.11:295][489]LogModuleManager: Shutting down and abandoning module ClothingSystemRuntime (210)
[2019.03.21-20.07.11:295][489]LogModuleManager: Shutting down and abandoning module MediaAssets (208)
[2019.03.21-20.07.11:295][489]LogModuleManager: Shutting down and abandoning module Overlay (206)
[2019.03.21-20.07.11:295][489]LogModuleManager: Shutting down and abandoning module OverlayEditor (205)
[2019.03.21-20.07.11:295][489]LogModuleManager: Shutting down and abandoning module VREditor (202)
[2019.03.21-20.07.11:295][489]LogModuleManager: Shutting down and abandoning module StringTableEditor (200)
[2019.03.21-20.07.11:295][489]LogModuleManager: Shutting down and abandoning module GameplayTasksEditor (198)
[2019.03.21-20.07.11:295][489]LogModuleManager: Shutting down and abandoning module BehaviorTreeEditor (196)
[2019.03.21-20.07.11:295][489]LogModuleManager: Shutting down and abandoning module FunctionalTesting (194)
[2019.03.21-20.07.11:295][489]LogModuleManager: Shutting down and abandoning module CollisionAnalyzer (192)
[2019.03.21-20.07.11:295][489]LogModuleManager: Shutting down and abandoning module WorkspaceMenuStructure (191)
[2019.03.21-20.07.11:295][489]LogModuleManager: Shutting down and abandoning module UMG (188)
[2019.03.21-20.07.11:295][489]LogModuleManager: Shutting down and abandoning module UMGEditor (187)
[2019.03.21-20.07.11:295][489]LogModuleManager: Shutting down and abandoning module Sequencer (186)
[2019.03.21-20.07.11:295][489]LogModuleManager: Shutting down and abandoning module MessageLog (183)
[2019.03.21-20.07.11:295][489]LogModuleManager: Shutting down and abandoning module SlateReflector (178)
[2019.03.21-20.07.11:295][489]LogModuleManager: Shutting down and abandoning module Slate (176)
[2019.03.21-20.07.11:295][489]LogModuleManager: Shutting down and abandoning module EditorStyle (174)
[2019.03.21-20.07.11:296][489]LogModuleManager: Shutting down and abandoning module MRMesh (172)
[2019.03.21-20.07.11:296][489]LogModuleManager: Shutting down and abandoning module Messaging (170)
[2019.03.21-20.07.11:296][489]LogModuleManager: Shutting down and abandoning module SourceCodeAccess (168)
[2019.03.21-20.07.11:296][489]LogModuleManager: Shutting down and abandoning module HeadMountedDisplay (166)
[2019.03.21-20.07.11:296][489]LogModuleManager: Shutting down and abandoning module XAudio2 (164)
[2019.03.21-20.07.11:296][489]LogModuleManager: Shutting down and abandoning module Networking (162)
[2019.03.21-20.07.11:296][489]LogModuleManager: Shutting down and abandoning module Core (160)
[2019.03.21-20.07.11:296][489]LogModuleManager: Shutting down and abandoning module LevelSequence (158)
[2019.03.21-20.07.11:296][489]LogModuleManager: Shutting down and abandoning module KismetCompiler (156)
[2019.03.21-20.07.11:296][489]LogModuleManager: Shutting down and abandoning module MeshUtilities (154)
[2019.03.21-20.07.11:297][489]LogModuleManager: Shutting down and abandoning module MeshMergeUtilities (153)
[2019.03.21-20.07.11:297][489]LogModuleManager: Shutting down and abandoning module MeshReductionInterface (152)
[2019.03.21-20.07.11:297][489]LogModuleManager: Shutting down and abandoning module SimplygonSwarm (151)
[2019.03.21-20.07.11:297][489]LogModuleManager: Shutting down and abandoning module ProxyLODMeshReduction (149)
[2019.03.21-20.07.11:297][489]LogModuleManager: Shutting down and abandoning module SimplygonMeshReduction (147)
[2019.03.21-20.07.11:297][489]LogModuleManager: Shutting down and abandoning module QuadricMeshReduction (145)
[2019.03.21-20.07.11:297][489]LogModuleManager: Shutting down and abandoning module MaterialBaking (141)
[2019.03.21-20.07.11:297][489]LogModuleManager: Shutting down and abandoning module PIEPreviewDeviceProfileSelector (136)
[2019.03.21-20.07.11:297][489]LogModuleManager: Shutting down and abandoning module DerivedDataCache (134)
[2019.03.21-20.07.11:443][489]LogDerivedDataCache: Shutdown
[2019.03.21-20.07.11:443][489]LogModuleManager: Shutting down and abandoning module XGEController (132)
[2019.03.21-20.07.11:443][489]LogModuleManager: Shutting down and abandoning module TargetPlatform (130)
[2019.03.21-20.07.11:443][489]LogModuleManager: Shutting down and abandoning module VulkanShaderFormat (129)
[2019.03.21-20.07.11:443][489]LogModuleManager: Shutting down and abandoning module ShaderFormatVectorVM (127)
[2019.03.21-20.07.11:443][489]LogModuleManager: Shutting down and abandoning module ShaderFormatOpenGL (125)
[2019.03.21-20.07.11:443][489]LogModuleManager: Shutting down and abandoning module ShaderFormatD3D (123)
[2019.03.21-20.07.11:443][489]LogModuleManager: Shutting down and abandoning module MetalShaderFormat (121)
[2019.03.21-20.07.11:443][489]LogModuleManager: Shutting down and abandoning module TextureFormatUncompressed (119)
[2019.03.21-20.07.11:443][489]LogModuleManager: Shutting down and abandoning module TextureFormatPVR (117)
[2019.03.21-20.07.11:443][489]LogModuleManager: Shutting down and abandoning module TextureFormatDXT (115)
[2019.03.21-20.07.11:443][489]LogModuleManager: Shutting down and abandoning module TextureFormatIntelISPCTexComp (113)
[2019.03.21-20.07.11:443][489]LogModuleManager: Shutting down and abandoning module TextureFormatASTC (111)
[2019.03.21-20.07.11:443][489]LogModuleManager: Shutting down and abandoning module ImageWrapper (110)
[2019.03.21-20.07.11:443][489]LogModuleManager: Shutting down and abandoning module TextureFormatAndroid (107)
[2019.03.21-20.07.11:443][489]LogModuleManager: Shutting down and abandoning module AudioFormatOpus (105)
[2019.03.21-20.07.11:443][489]LogModuleManager: Shutting down and abandoning module AudioFormatOgg (103)
[2019.03.21-20.07.11:443][489]LogModuleManager: Shutting down and abandoning module AudioFormatADPCM (101)
[2019.03.21-20.07.11:443][489]LogModuleManager: Shutting down and abandoning module WindowsTargetPlatform (99)
[2019.03.21-20.07.11:443][489]LogModuleManager: Shutting down and abandoning module WindowsServerTargetPlatform (97)
[2019.03.21-20.07.11:443][489]LogModuleManager: Shutting down and abandoning module WindowsNoEditorTargetPlatform (95)
[2019.03.21-20.07.11:443][489]LogModuleManager: Shutting down and abandoning module WindowsClientTargetPlatform (93)
[2019.03.21-20.07.11:443][489]LogModuleManager: Shutting down and abandoning module InputCore (90)
[2019.03.21-20.07.11:443][489]LogModuleManager: Shutting down and abandoning module Settings (88)
[2019.03.21-20.07.11:443][489]LogModuleManager: Shutting down and abandoning module PhysXCooking (86)
[2019.03.21-20.07.11:443][489]LogModuleManager: Shutting down and abandoning module WindowsMixedRealitySpatialInput (84)
[2019.03.21-20.07.11:443][489]LogModuleManager: Shutting down and abandoning module WindowsMixedRealityHMD (82)
[2019.03.21-20.07.11:443][489]LogModuleManager: Shutting down and abandoning module SteamVR (80)
[2019.03.21-20.07.11:443][489]LogHMD: Freeing OpenVRDLLHandle.
[2019.03.21-20.07.11:443][489]LogModuleManager: Shutting down and abandoning module OculusHMD (78)
[2019.03.21-20.07.11:443][489]LogModuleManager: Shutting down and abandoning module ExampleDeviceProfileSelector (76)
[2019.03.21-20.07.11:443][489]LogModuleManager: Shutting down and abandoning module LauncherChunkInstaller (74)
[2019.03.21-20.07.11:443][489]LogModuleManager: Shutting down and abandoning module OnlineBlueprintSupport (72)
[2019.03.21-20.07.11:443][489]LogModuleManager: Shutting down and abandoning module OnlineSubsystem (68)
[2019.03.21-20.07.11:444][489]LogModuleManager: Shutting down and abandoning module XMPP (63)
[2019.03.21-20.07.11:444][489]LogModuleManager: Shutting down and abandoning module WebSockets (62)
[2019.03.21-20.07.11:474][489]LogModuleManager: Shutting down and abandoning module HTTP (59)
[2019.03.21-20.07.11:484][489]LogModuleManager: Shutting down and abandoning module SSL (58)
[2019.03.21-20.07.11:485][489]LogModuleManager: Shutting down and abandoning module MagicLeapIdentity (54)
[2019.03.21-20.07.11:485][489]LogModuleManager: Shutting down and abandoning module MagicLeapHelperVulkan (52)
[2019.03.21-20.07.11:485][489]LogModuleManager: Shutting down and abandoning module MagicLeapHelperOpenGL (50)
[2019.03.21-20.07.11:485][489]LogModuleManager: Shutting down and abandoning module MagicLeapSecureStorage (48)
[2019.03.21-20.07.11:485][489]LogModuleManager: Shutting down and abandoning module MagicLeapHandTracking (46)
[2019.03.21-20.07.11:485][489]LogModuleManager: Shutting down and abandoning module MagicLeapEyeTracker (44)
[2019.03.21-20.07.11:485][489]LogModuleManager: Shutting down and abandoning module MagicLeapController (42)
[2019.03.21-20.07.11:485][489]LogSlate: Slate User Destroyed.  User Index 0, Is Virtual User: 0
[2019.03.21-20.07.11:485][489]LogSlate: Slate User Destroyed.  User Index 8, Is Virtual User: 1
[2019.03.21-20.07.11:485][489]LogModuleManager: Shutting down and abandoning module MagicLeap (40)
[2019.03.21-20.07.11:486][489]LogModuleManager: Shutting down and abandoning module DatasmithContent (38)
[2019.03.21-20.07.11:486][489]LogModuleManager: Shutting down and abandoning module AnimationModifiers (36)
[2019.03.21-20.07.11:486][489]LogModuleManager: Shutting down and abandoning module PropertyEditor (35)
[2019.03.21-20.07.11:486][489]LogModuleManager: Shutting down and abandoning module AudioEditor (32)
[2019.03.21-20.07.11:486][489]LogModuleManager: Shutting down and abandoning module TextureCompressor (30)
[2019.03.21-20.07.11:486][489]LogModuleManager: Shutting down and abandoning module ShaderCore (28)
[2019.03.21-20.07.11:486][489]LogModuleManager: Shutting down and abandoning module Landscape (26)
[2019.03.21-20.07.11:486][489]LogModuleManager: Shutting down and abandoning module SlateRHIRenderer (24)
[2019.03.21-20.07.11:486][489]LogModuleManager: Shutting down and abandoning module OpenGLDrv (22)
[2019.03.21-20.07.11:486][489]LogModuleManager: Shutting down and abandoning module D3D11RHI (20)
[2019.03.21-20.07.11:486][489]LogModuleManager: Shutting down and abandoning module AnimGraphRuntime (18)
[2019.03.21-20.07.11:486][489]LogModuleManager: Shutting down and abandoning module Renderer (16)
[2019.03.21-20.07.11:486][489]LogModuleManager: Shutting down and abandoning module Engine (14)
[2019.03.21-20.07.11:486][489]LogModuleManager: Shutting down and abandoning module CoreUObject (12)
[2019.03.21-20.07.11:486][489]LogModuleManager: Shutting down and abandoning module NetworkFile (10)
[2019.03.21-20.07.11:486][489]LogModuleManager: Shutting down and abandoning module CookedIterativeFile (8)
[2019.03.21-20.07.11:486][489]LogModuleManager: Shutting down and abandoning module StreamingFile (6)
[2019.03.21-20.07.11:486][489]LogModuleManager: Shutting down and abandoning module SandboxFile (4)
[2019.03.21-20.07.11:486][489]LogModuleManager: Shutting down and abandoning module PakFile (2)
[2019.03.21-20.07.11:491][489]LogExit: Exiting.
[2019.03.21-20.07.11:499][489]Log file closed, 03/21/19 13:07:11
