Log file open, 04/10/19 11:46:08
LogWindows: Failed to load 'aqProf.dll' (GetLastError=126)
LogWindows: File 'aqProf.dll' does not exist
LogWindows: Failed to load 'VtuneApi.dll' (GetLastError=126)
LogWindows: File 'VtuneApi.dll' does not exist
LogWindows: Failed to load 'VtuneApi32e.dll' (GetLastError=126)
LogWindows: File 'VtuneApi32e.dll' does not exist
LogConsoleResponse: Display: Failed to find resolution value strings in scalability ini. Falling back to default.
LogInit: Display: Running engine for game: PressVR
LogPakFile: Registered encryption key '00000000000000000000000000000000': 0 pak files mounted, 0 remain pending
LogPlatformFile: Not using cached read wrapper
LogTaskGraph: Started task graph with 5 named threads and 35 total threads with 3 sets of task threads.
LogStats: Stats thread started at 0.404653
LogD3D11RHI: Loaded GFSDK_Aftermath_Lib.x64.dll
LogICUInternationalization: ICU TimeZone Detection - Raw Offset: -8:00, Platform Override: ''
LogPluginManager: Mounting plugin Paper2D
LogPluginManager: Mounting plugin AISupport
LogPluginManager: Mounting plugin LightPropagationVolume
LogPluginManager: Mounting plugin ActorLayerUtilities
LogPluginManager: Mounting plugin CLionSourceCodeAccess
LogPluginManager: Mounting plugin CodeLiteSourceCodeAccess
LogPluginManager: Mounting plugin GitSourceControl
LogPluginManager: Mounting plugin KDevelopSourceCodeAccess
LogPluginManager: Mounting plugin NullSourceCodeAccess
LogPluginManager: Mounting plugin PerforceSourceControl
LogPluginManager: Mounting plugin SubversionSourceControl
LogPluginManager: Mounting plugin UObjectPlugin
LogPluginManager: Mounting plugin VisualStudioCodeSourceCodeAccess
LogPluginManager: Mounting plugin VisualStudioSourceCodeAccess
LogPluginManager: Mounting plugin XCodeSourceCodeAccess
LogPluginManager: Mounting plugin AssetManagerEditor
LogPluginManager: Mounting plugin CryptoKeys
LogPluginManager: Mounting plugin DataValidation
LogPluginManager: Mounting plugin EditorScriptingUtilities
LogPluginManager: Mounting plugin FacialAnimation
LogPluginManager: Mounting plugin GameplayTagsEditor
LogPluginManager: Mounting plugin MacGraphicsSwitching
LogPluginManager: Mounting plugin MeshEditor
LogPluginManager: Mounting plugin MobileLauncherProfileWizard
LogPluginManager: Mounting plugin PluginBrowser
LogPluginManager: Mounting plugin SpeedTreeImporter
LogPluginManager: Mounting plugin DatasmithContent
LogPluginManager: Mounting plugin VariantManagerContent
LogPluginManager: Mounting plugin AlembicImporter
LogPluginManager: Mounting plugin AppleImageUtils
LogPluginManager: Mounting plugin AppleVision
LogPluginManager: Mounting plugin BackChannel
LogPluginManager: Mounting plugin CharacterAI
LogPluginManager: Mounting plugin GeometryCache
LogPluginManager: Mounting plugin HTML5Networking
LogPluginManager: Mounting plugin ProxyLODPlugin
LogPluginManager: Mounting plugin MagicLeap
LogPluginManager: Mounting plugin MagicLeapMedia
LogPluginManager: Mounting plugin Substance
LogPluginManager: Mounting plugin AndroidMedia
LogPluginManager: Mounting plugin AvfMedia
LogPluginManager: Mounting plugin ImgMedia
LogPluginManager: Mounting plugin LinearTimecode
LogPluginManager: Mounting plugin MediaCompositing
LogPluginManager: Mounting plugin MediaPlayerEditor
LogPluginManager: Mounting plugin WebMMedia
LogPluginManager: Mounting plugin WmfMedia
LogPluginManager: Mounting plugin TcpMessaging
LogPluginManager: Mounting plugin UdpMessaging
LogPluginManager: Mounting plugin ActorSequence
LogPluginManager: Mounting plugin LevelSequenceEditor
LogPluginManager: Mounting plugin MatineeToLevelSequence
LogPluginManager: Mounting plugin NetcodeUnitTest
LogPluginManager: Mounting plugin NUTUnrealEngine4
LogPluginManager: Mounting plugin OnlineSubsystemGooglePlay
LogPluginManager: Mounting plugin OnlineSubsystemIOS
LogPluginManager: Mounting plugin OnlineSubsystem
LogPluginManager: Mounting plugin OnlineSubsystemNull
LogPluginManager: Mounting plugin OnlineSubsystemUtils
LogPluginManager: Mounting plugin LauncherChunkInstaller
LogPluginManager: Mounting plugin AndroidDeviceProfileSelector
LogPluginManager: Mounting plugin AndroidMoviePlayer
LogPluginManager: Mounting plugin AndroidPermission
LogPluginManager: Mounting plugin AppleMoviePlayer
LogPluginManager: Mounting plugin ArchVisCharacter
LogPluginManager: Mounting plugin AudioCapture
LogPluginManager: Mounting plugin CableComponent
LogPluginManager: Mounting plugin CustomMeshComponent
LogPluginManager: Mounting plugin EditableMesh
LogPluginManager: Mounting plugin ExampleDeviceProfileSelector
LogPluginManager: Mounting plugin Firebase
LogPluginManager: Mounting plugin GoogleCloudMessaging
LogPluginManager: Mounting plugin IOSDeviceProfileSelector
LogPluginManager: Mounting plugin LinuxDeviceProfileSelector
LogPluginManager: Mounting plugin LocationServicesBPLibrary
LogPluginManager: Mounting plugin MobilePatchingUtils
LogPluginManager: Mounting plugin OculusVR
LogPluginManager: Mounting plugin PhysXVehicles
LogPluginManager: Mounting plugin ProceduralMeshComponent
LogPluginManager: Mounting plugin RuntimePhysXCooking
LogPluginManager: Mounting plugin SteamVR
LogPluginManager: Mounting plugin WebMMoviePlayer
LogPluginManager: Mounting plugin WindowsMixedReality
LogPluginManager: Mounting plugin WindowsMoviePlayer
LogPluginManager: Mounting plugin DatasmithCADImporter
LogPluginManager: Mounting plugin DatasmithFBXImporter
LogPluginManager: Mounting plugin DatasmithImporter
LogPluginManager: Mounting plugin MDLImporter
LogPluginManager: Mounting plugin StaticMeshEditorExtension
LogPluginManager: Mounting plugin VariantManager
LogStreaming: Display: Took  0.063s to configure plugins.
LogInit: Using libcurl 7.55.1-DEV
LogInit:  - built for x86_64-pc-win32
LogInit:  - supports SSL with OpenSSL/1.0.2h
LogInit:  - supports HTTP deflate (compression) using libz 1.2.8
LogInit:  - other features:
LogInit:      CURL_VERSION_SSL
LogInit:      CURL_VERSION_LIBZ
LogInit:      CURL_VERSION_IPV6
LogInit:      CURL_VERSION_ASYNCHDNS
LogInit:      CURL_VERSION_LARGEFILE
LogInit:      CURL_VERSION_IDN
LogInit:  CurlRequestOptions (configurable via config and command line):
LogInit:  - bVerifyPeer = true  - Libcurl will verify peer certificate
LogInit:  - bUseHttpProxy = false  - Libcurl will NOT use HTTP proxy
LogInit:  - bDontReuseConnections = false  - Libcurl will reuse connections
LogInit:  - MaxHostConnections = 16  - Libcurl will limit the number of connections to a host
LogInit:  - LocalHostAddr = Default
LogInit:  - BufferSize = 65536
LogInit: WinSock: version 1.1 (2.2), MaxSocks=32767, MaxUdp=65467
LogHMD: Failed initializing OVRPlugin 1.28.0
LogInit: Build: ++UE4+Release-4.21-CL-4753647
LogInit: Engine Version: 4.21.2-4753647+++UE4+Release-4.21
LogInit: Compatible Engine Version: 4.21.0-4541578+++UE4+Release-4.21
LogInit: Net CL: 4541578
LogInit: OS: Windows 10 (), CPU: Intel(R) Core(TM) i7-8750H CPU @ 2.20GHz, GPU: Intel(R) UHD Graphics 630
LogInit: Compiled (64-bit): Jan 19 2019 02:07:31
LogInit: Compiled with Visual C++: 19.13.26129.00
LogInit: Build Configuration: Development
LogInit: Branch Name: ++UE4+Release-4.21
LogInit: Command Line: 
LogInit: Base Directory: D:/Applications/Epic Games/UE_4.21/Engine/Binaries/Win64/
LogInit: Installed Engine Build: 1
LogDevObjectVersion: Number of dev versions registered: 22
LogDevObjectVersion:   Dev-Blueprints (B0D832E4-1F89-4F0D-ACCF-7EB736FD4AA2): 10
LogDevObjectVersion:   Dev-Build (E1C64328-A22C-4D53-A36C-8E866417BD8C): 0
LogDevObjectVersion:   Dev-Core (375EC13C-06E4-48FB-B500-84F0262A717E): 2
LogDevObjectVersion:   Dev-Editor (E4B068ED-F494-42E9-A231-DA0B2E46BB41): 26
LogDevObjectVersion:   Dev-Framework (CFFC743F-43B0-4480-9391-14DF171D2073): 34
LogDevObjectVersion:   Dev-Mobile (B02B49B5-BB20-44E9-A304-32B752E40360): 2
LogDevObjectVersion:   Dev-Networking (A4E4105C-59A1-49B5-A7C5-40C4547EDFEE): 0
LogDevObjectVersion:   Dev-Online (39C831C9-5AE6-47DC-9A44-9C173E1C8E7C): 0
LogDevObjectVersion:   Dev-Physics (78F01B33-EBEA-4F98-B9B4-84EACCB95AA2): 0
LogDevObjectVersion:   Dev-Platform (6631380F-2D4D-43E0-8009-CF276956A95A): 0
LogDevObjectVersion:   Dev-Rendering (12F88B9F-8875-4AFC-A67C-D90C383ABD29): 27
LogDevObjectVersion:   Dev-Sequencer (7B5AE74C-D270-4C10-A958-57980B212A5A): 9
LogDevObjectVersion:   Dev-VR (D7296918-1DD6-4BDD-9DE2-64A83CC13884): 2
LogDevObjectVersion:   Dev-LoadTimes (C2A15278-BFE7-4AFE-6C17-90FF531DF755): 1
LogDevObjectVersion:   Private-Geometry (6EACA3D4-40EC-4CC1-B786-8BED09428FC5): 3
LogDevObjectVersion:   Dev-AnimPhys (29E575DD-E0A3-4627-9D10-D276232CDCEA): 17
LogDevObjectVersion:   Dev-Anim (AF43A65D-7FD3-4947-9873-3E8ED9C1BB05): 2
LogDevObjectVersion:   Dev-ReflectionCapture (6B266CEC-1EC7-4B8F-A30B-E4D90942FC07): 1
LogDevObjectVersion:   Dev-Automation (0DF73D61-A23F-47EA-B727-89E90C41499A): 1
LogDevObjectVersion:   FortniteMain (601D1886-AC64-4F84-AA16-D3DE0DEAC7D6): 17
LogDevObjectVersion:   Dev-Enterprise (9DFFBCD6-494F-0158-E221-12823C92A888): 4
LogDevObjectVersion:   Dev-Niagara (F2AED0AC-9AFE-416F-8664-AA7FFA26D6FC): 1
LogStreaming: Display: Took  0.001s to delete old logs.
LogInit: Presizing for max 8388607 objects, including 0 objects not considered by GC, pre-allocating 0 bytes for permanent pool.
LogInit: Object subsystem initialized
LogConfig: Setting CVar [[con.DebugEarlyDefault:1]]
LogConfig: Setting CVar [[r.setres:1280x720]]
[2019.04.10-18.46.08:934][  0]LogConfig: Setting CVar [[r.VSync:0]]
[2019.04.10-18.46.08:934][  0]LogConfig: Setting CVar [[r.RHICmdBypass:0]]
[2019.04.10-18.46.08:934][  0]LogConfig: Applying CVar settings from Section [/Script/Engine.RendererSettings] File [D:/cs461/PressVR/Saved/Config/Windows/Engine.ini]
[2019.04.10-18.46.08:934][  0]LogConfig: Setting CVar [[r.GPUCrashDebugging:0]]
[2019.04.10-18.46.08:934][  0]LogConfig: Setting CVar [[r.DefaultFeature.AmbientOcclusion:0]]
[2019.04.10-18.46.08:934][  0]LogConfig: Setting CVar [[r.DefaultFeature.AmbientOcclusionStaticFraction:0]]
[2019.04.10-18.46.08:934][  0]LogConfig: Setting CVar [[vr.InstancedStereo:1]]
[2019.04.10-18.46.08:934][  0]LogConfig: Setting CVar [[r.SeparateTranslucency:0]]
[2019.04.10-18.46.08:934][  0]LogConfig: Setting CVar [[r.HZBOcclusion:0]]
[2019.04.10-18.46.08:934][  0]LogConfig: Setting CVar [[r.SSR.MaxRoughness:0]]
[2019.04.10-18.46.08:934][  0]LogConfig: Setting CVar [[r.rhicmdbypass:0]]
[2019.04.10-18.46.08:934][  0]LogConfig: Setting CVar [[r.CustomDepth:3]]
[2019.04.10-18.46.08:934][  0]LogConfig: Applying CVar settings from Section [/Script/Engine.RendererOverrideSettings] File [D:/cs461/PressVR/Saved/Config/Windows/Engine.ini]
[2019.04.10-18.46.08:934][  0]LogConfig: Applying CVar settings from Section [/Script/Engine.StreamingSettings] File [D:/cs461/PressVR/Saved/Config/Windows/Engine.ini]
[2019.04.10-18.46.08:934][  0]LogConfig: Setting CVar [[s.MinBulkDataSizeForAsyncLoading:131072]]
[2019.04.10-18.46.08:934][  0]LogConfig: Setting CVar [[s.AsyncLoadingThreadEnabled:0]]
[2019.04.10-18.46.08:934][  0]LogConfig: Setting CVar [[s.EventDrivenLoaderEnabled:1]]
[2019.04.10-18.46.08:934][  0]LogConfig: Setting CVar [[s.WarnIfTimeLimitExceeded:0]]
[2019.04.10-18.46.08:934][  0]LogConfig: Setting CVar [[s.TimeLimitExceededMultiplier:1.5]]
[2019.04.10-18.46.08:934][  0]LogConfig: Setting CVar [[s.TimeLimitExceededMinTime:0.005]]
[2019.04.10-18.46.08:934][  0]LogConfig: Setting CVar [[s.UseBackgroundLevelStreaming:1]]
[2019.04.10-18.46.08:934][  0]LogConfig: Setting CVar [[s.PriorityAsyncLoadingExtraTime:15.0]]
[2019.04.10-18.46.08:934][  0]LogConfig: Setting CVar [[s.LevelStreamingActorsUpdateTimeLimit:5.0]]
[2019.04.10-18.46.08:934][  0]LogConfig: Setting CVar [[s.PriorityLevelStreamingActorsUpdateExtraTime:5.0]]
[2019.04.10-18.46.08:934][  0]LogConfig: Setting CVar [[s.LevelStreamingComponentsRegistrationGranularity:10]]
[2019.04.10-18.46.08:934][  0]LogConfig: Setting CVar [[s.UnregisterComponentsTimeLimit:1.0]]
[2019.04.10-18.46.08:934][  0]LogConfig: Setting CVar [[s.LevelStreamingComponentsUnregistrationGranularity:5]]
[2019.04.10-18.46.08:934][  0]LogConfig: Applying CVar settings from Section [/Script/Engine.GarbageCollectionSettings] File [D:/cs461/PressVR/Saved/Config/Windows/Engine.ini]
[2019.04.10-18.46.08:934][  0]LogConfig: Setting CVar [[gc.MaxObjectsNotConsideredByGC:1]]
[2019.04.10-18.46.08:934][  0]LogConfig: Setting CVar [[gc.SizeOfPermanentObjectPool:0]]
[2019.04.10-18.46.08:934][  0]LogConfig: Setting CVar [[gc.FlushStreamingOnGC:0]]
[2019.04.10-18.46.08:934][  0]LogConfig: Setting CVar [[gc.NumRetriesBeforeForcingGC:10]]
[2019.04.10-18.46.08:935][  0]LogConfig: Setting CVar [[gc.AllowParallelGC:1]]
[2019.04.10-18.46.08:935][  0]LogConfig: Setting CVar [[gc.TimeBetweenPurgingPendingKillObjects:61.1]]
[2019.04.10-18.46.08:935][  0]LogConfig: Setting CVar [[gc.MaxObjectsInEditor:8388607]]
[2019.04.10-18.46.08:935][  0]LogConfig: Setting CVar [[gc.IncrementalBeginDestroyEnabled:1]]
[2019.04.10-18.46.08:935][  0]LogConfig: Setting CVar [[gc.CreateGCClusters:1]]
[2019.04.10-18.46.08:935][  0]LogConfig: Setting CVar [[gc.MergeGCClusters:0]]
[2019.04.10-18.46.08:935][  0]LogConfig: Setting CVar [[gc.MinGCClusterSize:5]]
[2019.04.10-18.46.08:935][  0]LogConfig: Setting CVar [[gc.ActorClusteringEnabled:0]]
[2019.04.10-18.46.08:935][  0]LogConfig: Setting CVar [[gc.BlueprintClusteringEnabled:0]]
[2019.04.10-18.46.08:935][  0]LogConfig: Setting CVar [[gc.UseDisregardForGCOnDedicatedServers:0]]
[2019.04.10-18.46.08:935][  0]LogConfig: Applying CVar settings from Section [/Script/Engine.NetworkSettings] File [D:/cs461/PressVR/Saved/Config/Windows/Engine.ini]
[2019.04.10-18.46.08:935][  0]LogConfig: Applying CVar settings from Section [/Script/UnrealEd.CookerSettings] File [D:/cs461/PressVR/Saved/Config/Windows/Engine.ini]
[2019.04.10-18.46.08:937][  0]LogConfig: Applying CVar settings from Section [ViewDistanceQuality@3] File [D:/cs461/PressVR/Saved/Config/Windows/Scalability.ini]
[2019.04.10-18.46.08:937][  0]LogConfig: Setting CVar [[r.SkeletalMeshLODBias:0]]
[2019.04.10-18.46.08:937][  0]LogConfig: Setting CVar [[r.ViewDistanceScale:1.0]]
[2019.04.10-18.46.08:937][  0]LogConfig: Applying CVar settings from Section [AntiAliasingQuality@3] File [D:/cs461/PressVR/Saved/Config/Windows/Scalability.ini]
[2019.04.10-18.46.08:937][  0]LogConfig: Setting CVar [[r.PostProcessAAQuality:3]]
[2019.04.10-18.46.08:937][  0]LogConfig: Applying CVar settings from Section [ShadowQuality@3] File [D:/cs461/PressVR/Saved/Config/Windows/Scalability.ini]
[2019.04.10-18.46.08:937][  0]LogConfig: Setting CVar [[r.LightFunctionQuality:1]]
[2019.04.10-18.46.08:937][  0]LogConfig: Setting CVar [[r.ShadowQuality:5]]
[2019.04.10-18.46.08:937][  0]LogConfig: Setting CVar [[r.Shadow.CSM.MaxCascades:10]]
[2019.04.10-18.46.08:937][  0]LogConfig: Setting CVar [[r.Shadow.MaxResolution:2048]]
[2019.04.10-18.46.08:937][  0]LogConfig: Setting CVar [[r.Shadow.MaxCSMResolution:2048]]
[2019.04.10-18.46.08:937][  0]LogConfig: Setting CVar [[r.Shadow.RadiusThreshold:0.01]]
[2019.04.10-18.46.08:937][  0]LogConfig: Setting CVar [[r.Shadow.DistanceScale:1.0]]
[2019.04.10-18.46.08:937][  0]LogConfig: Setting CVar [[r.Shadow.CSM.TransitionScale:1.0]]
[2019.04.10-18.46.08:937][  0]LogConfig: Setting CVar [[r.Shadow.PreShadowResolutionFactor:1.0]]
[2019.04.10-18.46.08:937][  0]LogConfig: Setting CVar [[r.DistanceFieldShadowing:1]]
[2019.04.10-18.46.08:937][  0]LogConfig: Setting CVar [[r.DistanceFieldAO:1]]
[2019.04.10-18.46.08:937][  0]LogConfig: Setting CVar [[r.AOQuality:2]]
[2019.04.10-18.46.08:937][  0]LogConfig: Setting CVar [[r.VolumetricFog:1]]
[2019.04.10-18.46.08:937][  0]LogConfig: Setting CVar [[r.VolumetricFog.GridPixelSize:8]]
[2019.04.10-18.46.08:937][  0]LogConfig: Setting CVar [[r.VolumetricFog.GridSizeZ:128]]
[2019.04.10-18.46.08:937][  0]LogConfig: Setting CVar [[r.VolumetricFog.HistoryMissSupersampleCount:4]]
[2019.04.10-18.46.08:937][  0]LogConfig: Setting CVar [[r.LightMaxDrawDistanceScale:1]]
[2019.04.10-18.46.08:937][  0]LogConfig: Setting CVar [[r.CapsuleShadows:1]]
[2019.04.10-18.46.08:937][  0]LogConfig: Applying CVar settings from Section [PostProcessQuality@3] File [D:/cs461/PressVR/Saved/Config/Windows/Scalability.ini]
[2019.04.10-18.46.08:937][  0]LogConfig: Setting CVar [[r.MotionBlurQuality:0]]
[2019.04.10-18.46.08:937][  0]LogConfig: Setting CVar [[r.AmbientOcclusionMipLevelFactor:0.4]]
[2019.04.10-18.46.08:937][  0]LogConfig: Setting CVar [[r.AmbientOcclusionMaxQuality:100]]
[2019.04.10-18.46.08:937][  0]LogConfig: Setting CVar [[r.AmbientOcclusionLevels:0]]
[2019.04.10-18.46.08:937][  0]LogConfig: Setting CVar [[r.AmbientOcclusionRadiusScale:1.0]]
[2019.04.10-18.46.08:937][  0]LogConfig: Setting CVar [[r.DepthOfFieldQuality:0]]
[2019.04.10-18.46.08:937][  0]LogConfig: Setting CVar [[r.RenderTargetPoolMin:400]]
[2019.04.10-18.46.08:937][  0]LogConfig: Setting CVar [[r.LensFlareQuality:0]]
[2019.04.10-18.46.08:937][  0]LogConfig: Setting CVar [[r.SceneColorFringeQuality:0]]
[2019.04.10-18.46.08:937][  0]LogConfig: Setting CVar [[r.EyeAdaptationQuality:2]]
[2019.04.10-18.46.08:937][  0]LogConfig: Setting CVar [[r.BloomQuality:1]]
[2019.04.10-18.46.08:937][  0]LogConfig: Setting CVar [[r.FastBlurThreshold:0]]
[2019.04.10-18.46.08:937][  0]LogConfig: Setting CVar [[r.Upscale.Quality:3]]
[2019.04.10-18.46.08:937][  0]LogConfig: Setting CVar [[r.Tonemapper.GrainQuantization:1]]
[2019.04.10-18.46.08:937][  0]LogConfig: Setting CVar [[r.LightShaftQuality:1]]
[2019.04.10-18.46.08:937][  0]LogConfig: Setting CVar [[r.Filter.SizeScale:1]]
[2019.04.10-18.46.08:937][  0]LogConfig: Setting CVar [[r.Tonemapper.Quality:5]]
[2019.04.10-18.46.08:937][  0]LogConfig: Setting CVar [[r.DOF.Gather.AccumulatorQuality:1        ; higher gathering accumulator quality]]
[2019.04.10-18.46.08:937][  0]LogConfig: Setting CVar [[r.DOF.Gather.PostfilterMethod:1          ; Median3x3 postfilering method]]
[2019.04.10-18.46.08:938][  0]LogConfig: Setting CVar [[r.DOF.Gather.EnableBokehSettings:0       ; no bokeh simulation when gathering]]
[2019.04.10-18.46.08:938][  0]LogConfig: Setting CVar [[r.DOF.Gather.RingCount:4                 ; medium number of samples when gathering]]
[2019.04.10-18.46.08:938][  0]LogConfig: Setting CVar [[r.DOF.Scatter.ForegroundCompositing:1    ; additive foreground scattering]]
[2019.04.10-18.46.08:938][  0]LogConfig: Setting CVar [[r.DOF.Scatter.BackgroundCompositing:2    ; additive background scattering]]
[2019.04.10-18.46.08:938][  0]LogConfig: Setting CVar [[r.DOF.Scatter.EnableBokehSettings:1      ; bokeh simulation when scattering]]
[2019.04.10-18.46.08:938][  0]LogConfig: Setting CVar [[r.DOF.Scatter.MaxSpriteRatio:0.1         ; only a maximum of 10% of scattered bokeh]]
[2019.04.10-18.46.08:938][  0]LogConfig: Setting CVar [[r.DOF.Recombine.Quality:1                ; cheap slight out of focus]]
[2019.04.10-18.46.08:938][  0]LogConfig: Setting CVar [[r.DOF.Recombine.EnableBokehSettings:0    ; no bokeh simulation on slight out of focus]]
[2019.04.10-18.46.08:938][  0]LogConfig: Setting CVar [[r.DOF.TemporalAAQuality:1                ; more stable temporal accumulation]]
[2019.04.10-18.46.08:938][  0]LogConfig: Setting CVar [[r.DOF.Kernel.MaxForegroundRadius:0.025]]
[2019.04.10-18.46.08:938][  0]LogConfig: Setting CVar [[r.DOF.Kernel.MaxBackgroundRadius:0.025]]
[2019.04.10-18.46.08:938][  0]LogConfig: Applying CVar settings from Section [TextureQuality@3] File [D:/cs461/PressVR/Saved/Config/Windows/Scalability.ini]
[2019.04.10-18.46.08:938][  0]LogConfig: Setting CVar [[r.Streaming.MipBias:0]]
[2019.04.10-18.46.08:938][  0]LogConfig: Setting CVar [[r.Streaming.AmortizeCPUToGPUCopy:0]]
[2019.04.10-18.46.08:938][  0]LogConfig: Setting CVar [[r.Streaming.MaxNumTexturesToStreamPerFrame:0]]
[2019.04.10-18.46.08:938][  0]LogConfig: Setting CVar [[r.Streaming.Boost:1]]
[2019.04.10-18.46.08:938][  0]LogConfig: Setting CVar [[r.MaxAnisotropy:8]]
[2019.04.10-18.46.08:938][  0]LogConfig: Setting CVar [[r.Streaming.LimitPoolSizeToVRAM:0]]
[2019.04.10-18.46.08:938][  0]LogConfig: Setting CVar [[r.Streaming.PoolSize:1000]]
[2019.04.10-18.46.08:938][  0]LogConfig: Setting CVar [[r.Streaming.MaxEffectiveScreenSize:0]]
[2019.04.10-18.46.08:938][  0]LogConfig: Applying CVar settings from Section [EffectsQuality@3] File [D:/cs461/PressVR/Saved/Config/Windows/Scalability.ini]
[2019.04.10-18.46.08:938][  0]LogConfig: Setting CVar [[r.TranslucencyLightingVolumeDim:4]]
[2019.04.10-18.46.08:938][  0]LogConfig: Setting CVar [[r.RefractionQuality:2]]
[2019.04.10-18.46.08:938][  0]LogConfig: Setting CVar [[r.SSR.Quality:0]]
[2019.04.10-18.46.08:938][  0]LogConfig: Setting CVar [[r.SceneColorFormat:2]]
[2019.04.10-18.46.08:938][  0]LogConfig: Setting CVar [[r.DetailMode:2]]
[2019.04.10-18.46.08:938][  0]LogConfig: Setting CVar [[r.TranslucencyVolumeBlur:0]]
[2019.04.10-18.46.08:938][  0]LogConfig: Setting CVar [[r.MaterialQualityLevel:1 ; High quality]]
[2019.04.10-18.46.08:938][  0]LogConfig: Setting CVar [[r.SSS.Scale:1]]
[2019.04.10-18.46.08:938][  0]LogConfig: Setting CVar [[r.SSS.SampleSet:2]]
[2019.04.10-18.46.08:938][  0]LogConfig: Setting CVar [[r.SSS.Quality:1]]
[2019.04.10-18.46.08:938][  0]LogConfig: Setting CVar [[r.SSS.HalfRes:1]]
[2019.04.10-18.46.08:938][  0]LogConfig: Setting CVar [[r.EmitterSpawnRateScale:1.0]]
[2019.04.10-18.46.08:938][  0]LogConfig: Setting CVar [[r.ParticleLightQuality:2]]
[2019.04.10-18.46.08:938][  0]LogConfig: Applying CVar settings from Section [FoliageQuality@3] File [D:/cs461/PressVR/Saved/Config/Windows/Scalability.ini]
[2019.04.10-18.46.08:938][  0]LogConfig: Setting CVar [[foliage.DensityScale:1.0]]
[2019.04.10-18.46.08:938][  0]LogConfig: Setting CVar [[grass.DensityScale:1.0]]
[2019.04.10-18.46.08:938][  0]LogInit: Selected Device Profile: [Windows]
[2019.04.10-18.46.08:938][  0]LogInit: Applying CVar settings loaded from the selected device profile: [Windows]
[2019.04.10-18.46.08:948][  0]LogHAL: Display: Platform has ~ 16 GB [16964153344 / 17179869184 / 16], which maps to Larger [LargestMinGB=32, LargerMinGB=12, DefaultMinGB=8, SmallerMinGB=6, SmallestMinGB=0)
[2019.04.10-18.46.08:948][  0]LogConfig: Setting CVar [[r.Vulkan.UseRealUBs:1]]
[2019.04.10-18.46.08:948][  0]LogInit: Going up to parent DeviceProfile []
[2019.04.10-18.46.08:948][  0]LogConfig: Applying CVar settings from Section [ViewDistanceQuality@3] File [D:/cs461/PressVR/Saved/Config/Windows/Scalability.ini]
[2019.04.10-18.46.08:948][  0]LogConfig: Setting CVar [[r.SkeletalMeshLODBias:0]]
[2019.04.10-18.46.08:948][  0]LogConfig: Setting CVar [[r.ViewDistanceScale:1.0]]
[2019.04.10-18.46.08:948][  0]LogConfig: Applying CVar settings from Section [AntiAliasingQuality@3] File [D:/cs461/PressVR/Saved/Config/Windows/Scalability.ini]
[2019.04.10-18.46.08:948][  0]LogConfig: Setting CVar [[r.PostProcessAAQuality:3]]
[2019.04.10-18.46.08:948][  0]LogConfig: Applying CVar settings from Section [ShadowQuality@3] File [D:/cs461/PressVR/Saved/Config/Windows/Scalability.ini]
[2019.04.10-18.46.08:948][  0]LogConfig: Setting CVar [[r.LightFunctionQuality:1]]
[2019.04.10-18.46.08:948][  0]LogConfig: Setting CVar [[r.ShadowQuality:5]]
[2019.04.10-18.46.08:948][  0]LogConfig: Setting CVar [[r.Shadow.CSM.MaxCascades:10]]
[2019.04.10-18.46.08:948][  0]LogConfig: Setting CVar [[r.Shadow.MaxResolution:2048]]
[2019.04.10-18.46.08:948][  0]LogConfig: Setting CVar [[r.Shadow.MaxCSMResolution:2048]]
[2019.04.10-18.46.08:948][  0]LogConfig: Setting CVar [[r.Shadow.RadiusThreshold:0.01]]
[2019.04.10-18.46.08:948][  0]LogConfig: Setting CVar [[r.Shadow.DistanceScale:1.0]]
[2019.04.10-18.46.08:948][  0]LogConfig: Setting CVar [[r.Shadow.CSM.TransitionScale:1.0]]
[2019.04.10-18.46.08:948][  0]LogConfig: Setting CVar [[r.Shadow.PreShadowResolutionFactor:1.0]]
[2019.04.10-18.46.08:948][  0]LogConfig: Setting CVar [[r.DistanceFieldShadowing:1]]
[2019.04.10-18.46.08:948][  0]LogConfig: Setting CVar [[r.DistanceFieldAO:1]]
[2019.04.10-18.46.08:948][  0]LogConfig: Setting CVar [[r.AOQuality:2]]
[2019.04.10-18.46.08:948][  0]LogConfig: Setting CVar [[r.VolumetricFog:1]]
[2019.04.10-18.46.08:948][  0]LogConfig: Setting CVar [[r.VolumetricFog.GridPixelSize:8]]
[2019.04.10-18.46.08:948][  0]LogConfig: Setting CVar [[r.VolumetricFog.GridSizeZ:128]]
[2019.04.10-18.46.08:948][  0]LogConfig: Setting CVar [[r.VolumetricFog.HistoryMissSupersampleCount:4]]
[2019.04.10-18.46.08:948][  0]LogConfig: Setting CVar [[r.LightMaxDrawDistanceScale:1]]
[2019.04.10-18.46.08:948][  0]LogConfig: Setting CVar [[r.CapsuleShadows:1]]
[2019.04.10-18.46.08:948][  0]LogConfig: Applying CVar settings from Section [PostProcessQuality@3] File [D:/cs461/PressVR/Saved/Config/Windows/Scalability.ini]
[2019.04.10-18.46.08:948][  0]LogConfig: Setting CVar [[r.MotionBlurQuality:0]]
[2019.04.10-18.46.08:948][  0]LogConfig: Setting CVar [[r.AmbientOcclusionMipLevelFactor:0.4]]
[2019.04.10-18.46.08:948][  0]LogConfig: Setting CVar [[r.AmbientOcclusionMaxQuality:100]]
[2019.04.10-18.46.08:948][  0]LogConfig: Setting CVar [[r.AmbientOcclusionLevels:0]]
[2019.04.10-18.46.08:948][  0]LogConfig: Setting CVar [[r.AmbientOcclusionRadiusScale:1.0]]
[2019.04.10-18.46.08:948][  0]LogConfig: Setting CVar [[r.DepthOfFieldQuality:0]]
[2019.04.10-18.46.08:948][  0]LogConfig: Setting CVar [[r.RenderTargetPoolMin:400]]
[2019.04.10-18.46.08:948][  0]LogConfig: Setting CVar [[r.LensFlareQuality:0]]
[2019.04.10-18.46.08:948][  0]LogConfig: Setting CVar [[r.SceneColorFringeQuality:0]]
[2019.04.10-18.46.08:948][  0]LogConfig: Setting CVar [[r.EyeAdaptationQuality:2]]
[2019.04.10-18.46.08:948][  0]LogConfig: Setting CVar [[r.BloomQuality:1]]
[2019.04.10-18.46.08:948][  0]LogConfig: Setting CVar [[r.FastBlurThreshold:0]]
[2019.04.10-18.46.08:948][  0]LogConfig: Setting CVar [[r.Upscale.Quality:3]]
[2019.04.10-18.46.08:948][  0]LogConfig: Setting CVar [[r.Tonemapper.GrainQuantization:1]]
[2019.04.10-18.46.08:948][  0]LogConfig: Setting CVar [[r.LightShaftQuality:1]]
[2019.04.10-18.46.08:948][  0]LogConfig: Setting CVar [[r.Filter.SizeScale:1]]
[2019.04.10-18.46.08:948][  0]LogConfig: Setting CVar [[r.Tonemapper.Quality:5]]
[2019.04.10-18.46.08:948][  0]LogConfig: Setting CVar [[r.DOF.Gather.AccumulatorQuality:1        ; higher gathering accumulator quality]]
[2019.04.10-18.46.08:948][  0]LogConfig: Setting CVar [[r.DOF.Gather.PostfilterMethod:1          ; Median3x3 postfilering method]]
[2019.04.10-18.46.08:948][  0]LogConfig: Setting CVar [[r.DOF.Gather.EnableBokehSettings:0       ; no bokeh simulation when gathering]]
[2019.04.10-18.46.08:948][  0]LogConfig: Setting CVar [[r.DOF.Gather.RingCount:4                 ; medium number of samples when gathering]]
[2019.04.10-18.46.08:948][  0]LogConfig: Setting CVar [[r.DOF.Scatter.ForegroundCompositing:1    ; additive foreground scattering]]
[2019.04.10-18.46.08:948][  0]LogConfig: Setting CVar [[r.DOF.Scatter.BackgroundCompositing:2    ; additive background scattering]]
[2019.04.10-18.46.08:948][  0]LogConfig: Setting CVar [[r.DOF.Scatter.EnableBokehSettings:1      ; bokeh simulation when scattering]]
[2019.04.10-18.46.08:948][  0]LogConfig: Setting CVar [[r.DOF.Scatter.MaxSpriteRatio:0.1         ; only a maximum of 10% of scattered bokeh]]
[2019.04.10-18.46.08:949][  0]LogConfig: Setting CVar [[r.DOF.Recombine.Quality:1                ; cheap slight out of focus]]
[2019.04.10-18.46.08:949][  0]LogConfig: Setting CVar [[r.DOF.Recombine.EnableBokehSettings:0    ; no bokeh simulation on slight out of focus]]
[2019.04.10-18.46.08:949][  0]LogConfig: Setting CVar [[r.DOF.TemporalAAQuality:1                ; more stable temporal accumulation]]
[2019.04.10-18.46.08:949][  0]LogConfig: Setting CVar [[r.DOF.Kernel.MaxForegroundRadius:0.025]]
[2019.04.10-18.46.08:949][  0]LogConfig: Setting CVar [[r.DOF.Kernel.MaxBackgroundRadius:0.025]]
[2019.04.10-18.46.08:949][  0]LogConfig: Applying CVar settings from Section [TextureQuality@3] File [D:/cs461/PressVR/Saved/Config/Windows/Scalability.ini]
[2019.04.10-18.46.08:949][  0]LogConfig: Setting CVar [[r.Streaming.MipBias:0]]
[2019.04.10-18.46.08:949][  0]LogConfig: Setting CVar [[r.Streaming.AmortizeCPUToGPUCopy:0]]
[2019.04.10-18.46.08:949][  0]LogConfig: Setting CVar [[r.Streaming.MaxNumTexturesToStreamPerFrame:0]]
[2019.04.10-18.46.08:949][  0]LogConfig: Setting CVar [[r.Streaming.Boost:1]]
[2019.04.10-18.46.08:949][  0]LogConfig: Setting CVar [[r.MaxAnisotropy:8]]
[2019.04.10-18.46.08:949][  0]LogConfig: Setting CVar [[r.Streaming.LimitPoolSizeToVRAM:0]]
[2019.04.10-18.46.08:949][  0]LogConfig: Setting CVar [[r.Streaming.PoolSize:1000]]
[2019.04.10-18.46.08:949][  0]LogConfig: Setting CVar [[r.Streaming.MaxEffectiveScreenSize:0]]
[2019.04.10-18.46.08:949][  0]LogConfig: Applying CVar settings from Section [EffectsQuality@3] File [D:/cs461/PressVR/Saved/Config/Windows/Scalability.ini]
[2019.04.10-18.46.08:949][  0]LogConfig: Setting CVar [[r.TranslucencyLightingVolumeDim:4]]
[2019.04.10-18.46.08:949][  0]LogConfig: Setting CVar [[r.RefractionQuality:2]]
[2019.04.10-18.46.08:949][  0]LogConfig: Setting CVar [[r.SSR.Quality:0]]
[2019.04.10-18.46.08:949][  0]LogConfig: Setting CVar [[r.SceneColorFormat:2]]
[2019.04.10-18.46.08:949][  0]LogConfig: Setting CVar [[r.DetailMode:2]]
[2019.04.10-18.46.08:949][  0]LogConfig: Setting CVar [[r.TranslucencyVolumeBlur:0]]
[2019.04.10-18.46.08:949][  0]LogConfig: Setting CVar [[r.MaterialQualityLevel:1 ; High quality]]
[2019.04.10-18.46.08:949][  0]LogConfig: Setting CVar [[r.SSS.Scale:1]]
[2019.04.10-18.46.08:949][  0]LogConfig: Setting CVar [[r.SSS.SampleSet:2]]
[2019.04.10-18.46.08:949][  0]LogConfig: Setting CVar [[r.SSS.Quality:1]]
[2019.04.10-18.46.08:949][  0]LogConfig: Setting CVar [[r.SSS.HalfRes:1]]
[2019.04.10-18.46.08:949][  0]LogConfig: Setting CVar [[r.EmitterSpawnRateScale:1.0]]
[2019.04.10-18.46.08:949][  0]LogConfig: Setting CVar [[r.ParticleLightQuality:2]]
[2019.04.10-18.46.08:949][  0]LogConfig: Applying CVar settings from Section [FoliageQuality@3] File [D:/cs461/PressVR/Saved/Config/Windows/Scalability.ini]
[2019.04.10-18.46.08:949][  0]LogConfig: Setting CVar [[foliage.DensityScale:1.0]]
[2019.04.10-18.46.08:949][  0]LogConfig: Setting CVar [[grass.DensityScale:1.0]]
[2019.04.10-18.46.08:949][  0]LogConfig: Applying CVar settings from Section [Startup] File [../../../Engine/Config/ConsoleVariables.ini]
[2019.04.10-18.46.08:949][  0]LogConfig: Setting CVar [[net.UseAdaptiveNetUpdateFrequency:0]]
[2019.04.10-18.46.08:949][  0]LogConfig: Applying CVar settings from Section [ConsoleVariables] File [D:/cs461/PressVR/Saved/Config/Windows/Engine.ini]
[2019.04.10-18.46.08:949][  0]LogInit: Computer: DESKTOP-1KNH53N
[2019.04.10-18.46.08:949][  0]LogInit: User: kylet
[2019.04.10-18.46.08:949][  0]LogInit: CPU Page size=4096, Cores=6
[2019.04.10-18.46.08:949][  0]LogInit: High frequency timer resolution =10.000000 MHz
[2019.04.10-18.46.08:949][  0]LogMemory: Memory total: Physical=15.8GB (16GB approx)
[2019.04.10-18.46.08:949][  0]LogMemory: Platform Memory Stats for Windows
[2019.04.10-18.46.08:949][  0]LogMemory: Process Physical Memory: 109.66 MB used, 109.66 MB peak
[2019.04.10-18.46.08:949][  0]LogMemory: Process Virtual Memory: 108.63 MB used, 108.63 MB peak
[2019.04.10-18.46.08:949][  0]LogMemory: Physical Memory: 8860.79 MB used,  7317.49 MB free, 16178.28 MB total
[2019.04.10-18.46.08:949][  0]LogMemory: Virtual Memory: 4702.03 MB used,  134213024.00 MB free, 134217728.00 MB total
[2019.04.10-18.46.08:970][  0]LogInit: Using OS detected language (en-US).
[2019.04.10-18.46.08:970][  0]LogInit: Using OS detected locale (en-US).
[2019.04.10-18.46.08:971][  0]LogTextLocalizationManager: No specific localization for 'en-US' exists, so the 'en' localization will be used.
[2019.04.10-18.46.09:313][  0]LogStreaming: Display: Took  0.343s to InitEngineTextLocalization.
[2019.04.10-18.46.09:313][  0]LogInit: Setting process to per monitor DPI aware
[2019.04.10-18.46.09:352][  0]LogSlate: New Slate User Created.  User Index 0, Is Virtual User: 0
[2019.04.10-18.46.09:352][  0]LogSlate: Slate User Registered.  User Index 0, Is Virtual User: 0
[2019.04.10-18.46.09:557][  0]LogD3D11RHI: D3D11 adapters:
[2019.04.10-18.46.09:686][  0]LogD3D11RHI:    0. 'NVIDIA GeForce GTX 1060 with Max-Q Design' (Feature Level 11_0)
[2019.04.10-18.46.09:686][  0]LogD3D11RHI:       6052/0/8089 MB DedicatedVideo/DedicatedSystem/SharedSystem, Outputs:1, VendorId:0x10de
[2019.04.10-18.46.09:706][  0]LogD3D11RHI:    1. 'Intel(R) UHD Graphics 630' (Feature Level 11_0)
[2019.04.10-18.46.09:706][  0]LogD3D11RHI:       128/0/8089 MB DedicatedVideo/DedicatedSystem/SharedSystem, Outputs:0, VendorId:0x8086
[2019.04.10-18.46.09:708][  0]LogD3D11RHI:    2. 'Microsoft Basic Render Driver' (Feature Level 11_0)
[2019.04.10-18.46.09:708][  0]LogD3D11RHI:       0/0/8089 MB DedicatedVideo/DedicatedSystem/SharedSystem, Outputs:0, VendorId:0x1414
[2019.04.10-18.46.09:708][  0]LogD3D11RHI: Chosen D3D11 Adapter: 0
[2019.04.10-18.46.09:740][  0]LogD3D11RHI: Creating new Direct3DDevice
[2019.04.10-18.46.09:740][  0]LogD3D11RHI:     GPU DeviceId: 0x1c20 (for the marketing name, search the web for "GPU Device Id")
[2019.04.10-18.46.09:740][  0]LogWindows: EnumDisplayDevices:
[2019.04.10-18.46.09:740][  0]LogWindows:    0. 'Intel(R) UHD Graphics 630' (P:1 D:1)
[2019.04.10-18.46.09:740][  0]LogWindows:    1. 'Intel(R) UHD Graphics 630' (P:0 D:0)
[2019.04.10-18.46.09:741][  0]LogWindows:    2. 'Intel(R) UHD Graphics 630' (P:0 D:0)
[2019.04.10-18.46.09:741][  0]LogWindows:    3. 'NVIDIA GeForce GTX 1060 with Max-Q Design' (P:0 D:0)
[2019.04.10-18.46.09:741][  0]LogWindows: DebugString: PrimaryIsNotTheChoosenAdapter PrimaryIsNotTheChoosenAdapter PrimaryIsNotTheChoosenAdapter 
[2019.04.10-18.46.09:741][  0]LogD3D11RHI:     Adapter Name: NVIDIA GeForce GTX 1060 with Max-Q Design
[2019.04.10-18.46.09:741][  0]LogD3D11RHI:   Driver Version: 419.17 (internal:25.21.14.1917, unified:419.17)
[2019.04.10-18.46.09:741][  0]LogD3D11RHI:      Driver Date: 2-20-2019
[2019.04.10-18.46.09:741][  0]LogRHI: Texture pool is 4236 MB (70% of 6052 MB)
[2019.04.10-18.46.09:811][  0]LogD3D11RHI: Async texture creation enabled
[2019.04.10-18.46.09:853][  0]LogD3D11RHI: GPU Timing Frequency: 1000.000000 (Debug: 2 2)
[2019.04.10-18.46.10:158][  0]LogTemp: Display: Loaded TP AllDesktopTargetPlatform
[2019.04.10-18.46.10:168][  0]LogTemp: Display: Loaded TP MacClientTargetPlatform
[2019.04.10-18.46.10:178][  0]LogTemp: Display: Loaded TP MacNoEditorTargetPlatform
[2019.04.10-18.46.10:189][  0]LogTemp: Display: Loaded TP MacServerTargetPlatform
[2019.04.10-18.46.10:200][  0]LogTemp: Display: Loaded TP MacTargetPlatform
[2019.04.10-18.46.10:210][  0]LogTemp: Display: Loaded TP WindowsClientTargetPlatform
[2019.04.10-18.46.10:221][  0]LogTemp: Display: Loaded TP WindowsNoEditorTargetPlatform
[2019.04.10-18.46.10:231][  0]LogTemp: Display: Loaded TP WindowsServerTargetPlatform
[2019.04.10-18.46.10:236][  0]LogTemp: Display: Loaded TP WindowsTargetPlatform
[2019.04.10-18.46.10:294][  0]LogTemp: Display: Loaded TP AndroidTargetPlatform
[2019.04.10-18.46.10:294][  0]LogTemp: Display: Loaded TP AndroidTargetPlatform
[2019.04.10-18.46.10:294][  0]LogTemp: Display: Loaded TP AndroidTargetPlatform
[2019.04.10-18.46.10:294][  0]LogTemp: Display: Loaded TP AndroidTargetPlatform
[2019.04.10-18.46.10:294][  0]LogTemp: Display: Loaded TP AndroidTargetPlatform
[2019.04.10-18.46.10:294][  0]LogTemp: Display: Loaded TP AndroidTargetPlatform
[2019.04.10-18.46.10:294][  0]LogTemp: Display: Loaded TP AndroidTargetPlatform
[2019.04.10-18.46.10:294][  0]LogTemp: Display: Loaded TP AndroidTargetPlatform
[2019.04.10-18.46.10:294][  0]LogTemp: Display: Loaded TP AndroidTargetPlatform
[2019.04.10-18.46.10:294][  0]LogTemp: Display: Loaded TP AndroidTargetPlatform
[2019.04.10-18.46.10:294][  0]LogTemp: Display: Loaded TP AndroidTargetPlatform
[2019.04.10-18.46.10:294][  0]LogTemp: Display: Loaded TP AndroidTargetPlatform
[2019.04.10-18.46.10:294][  0]LogTemp: Display: Loaded TP AndroidTargetPlatform
[2019.04.10-18.46.10:294][  0]LogTemp: Display: Loaded TP AndroidTargetPlatform
[2019.04.10-18.46.10:294][  0]LogTemp: Display: Loaded TP AndroidTargetPlatform
[2019.04.10-18.46.10:295][  0]LogTemp: Display: Loaded TP AndroidTargetPlatform
[2019.04.10-18.46.10:295][  0]LogTemp: Display: Loaded TP AndroidTargetPlatform
[2019.04.10-18.46.10:295][  0]LogTemp: Display: Loaded TP AndroidTargetPlatform
[2019.04.10-18.46.10:295][  0]LogTemp: Display: Loaded TP HTML5TargetPlatform
[2019.04.10-18.46.10:352][  0]LogTemp: Display: Loaded TP IOSTargetPlatform
[2019.04.10-18.46.10:352][  0]LogTemp: Display: Loaded TP IOSTargetPlatform
[2019.04.10-18.46.10:373][  0]LogTemp: Display: Loaded TP TVOSTargetPlatform
[2019.04.10-18.46.10:373][  0]LogTemp: Display: Loaded TP TVOSTargetPlatform
[2019.04.10-18.46.10:383][  0]LogTemp: Display: Loaded TP LinuxClientTargetPlatform
[2019.04.10-18.46.10:394][  0]LogTemp: Display: Loaded TP LinuxNoEditorTargetPlatform
[2019.04.10-18.46.10:404][  0]LogTemp: Display: Loaded TP LinuxServerTargetPlatform
[2019.04.10-18.46.10:415][  0]LogTemp: Display: Loaded TP LinuxTargetPlatform
[2019.04.10-18.46.10:456][  0]LogTemp: Display: Loaded TP LuminTargetPlatform
[2019.04.10-18.46.10:456][  0]LogTemp: Display: Loaded TP LuminTargetPlatform
[2019.04.10-18.46.10:456][  0]LogTargetPlatformManager: Display: Building Assets For Windows
[2019.04.10-18.46.10:493][  0]LogShaderCompilers: Guid format shader working directory is 14 characters bigger than the processId version (../../../../../../cs461/PressVR/Intermediate/Shaders/WorkingDirectory/20608/).
[2019.04.10-18.46.10:493][  0]LogShaderCompilers: Cleaned the shader compiler working directory 'C:/Users/kylet/AppData/Local/Temp/UnrealShaderWorkingDir/3A8E3B614201C03BAF49A09BCBD998BF/'.
[2019.04.10-18.46.10:494][  0]LogXGEController: Cleaning working directory: C:/Users/kylet/AppData/Local/Temp/UnrealXGEWorkingDir/
[2019.04.10-18.46.10:494][  0]LogXGEController: Cannot use XGE Controller as Incredibuild is not installed on this machine.
[2019.04.10-18.46.10:494][  0]LogShaderCompilers: Cannot use XGE Shader Compiler as Incredibuild is not installed on this machine.
[2019.04.10-18.46.10:494][  0]LogShaderCompilers: Display: Using Local Shader Compiler.
[2019.04.10-18.46.10:963][  0]LogDerivedDataCache: Display: Max Cache Size: 512 MB
[2019.04.10-18.46.11:008][  0]LogDerivedDataCache: Loaded boot cache 0.05s 72MB C:/Users/kylet/AppData/Local/UnrealEngine/4.21/DerivedDataCache/Boot.ddc.
[2019.04.10-18.46.11:008][  0]LogDerivedDataCache: Display: Loaded Boot cache: C:/Users/kylet/AppData/Local/UnrealEngine/4.21/DerivedDataCache/Boot.ddc
[2019.04.10-18.46.11:008][  0]LogDerivedDataCache: FDerivedDataBackendGraph:  Pak pak cache file ../../../../../../cs461/PressVR/DerivedDataCache/DDC.ddp not found, will not use a pak cache.
[2019.04.10-18.46.11:008][  0]LogDerivedDataCache: Unable to find inner node Pak for hierarchical cache Hierarchy.
[2019.04.10-18.46.11:008][  0]LogDerivedDataCache: FDerivedDataBackendGraph:  CompressedPak pak cache file ../../../../../../cs461/PressVR/DerivedDataCache/Compressed.ddp not found, will not use a pak cache.
[2019.04.10-18.46.11:010][  0]LogDerivedDataCache: Unable to find inner node CompressedPak for hierarchical cache Hierarchy.
[2019.04.10-18.46.11:023][  0]LogDerivedDataCache: Display: Pak cache opened for reading ../../../Engine/DerivedDataCache/Compressed.ddp.
[2019.04.10-18.46.11:027][  0]LogDerivedDataCache: Display: Pak cache opened for reading ../../../Enterprise/DerivedDataCache/Compressed.ddp.
[2019.04.10-18.46.11:040][  0]LogDerivedDataCache: Using Local data cache path C:/Users/kylet/AppData/Local/UnrealEngine/Common/DerivedDataCache: Writable
[2019.04.10-18.46.11:040][  0]LogDerivedDataCache: Shared data cache path not found in *engine.ini, will not use an Shared cache.
[2019.04.10-18.46.11:040][  0]LogDerivedDataCache: Unable to find inner node Shared for hierarchical cache Hierarchy.
[2019.04.10-18.46.11:062][  0]LogMaterial: Verifying Global Shaders for PCD3D_SM5
[2019.04.10-18.46.11:063][  0]LogSlate: Using FreeType 2.6.0
[2019.04.10-18.46.11:064][  0]LogSlate: SlateFontServices - WITH_FREETYPE: 1, WITH_HARFBUZZ: 1
[2019.04.10-18.46.11:142][  0]LogAssetRegistry: FAssetRegistry took 0.0319 seconds to start up
[2019.04.10-18.46.11:425][  0]LogInit: Selected Device Profile: [Windows]
[2019.04.10-18.46.11:564][  0]LogSimplygon: Simplygon DLL not present - disabling.
[2019.04.10-18.46.11:566][  0]LogMeshReduction: Using SimplygonSwarm for distributed automatic mesh merging
[2019.04.10-18.46.11:566][  0]LogMeshReduction: Using ProxyLODMeshReduction for automatic mesh merging
[2019.04.10-18.46.11:566][  0]LogMeshReduction: Using QuadricMeshReduction for automatic static mesh reduction
[2019.04.10-18.46.11:566][  0]LogMeshReduction: No automatic skeletal mesh reduction module available
[2019.04.10-18.46.11:581][  0]LogNetVersion: PressVR 1.0.0, NetCL: 4541578, EngineNetVer: 5, GameNetVer: 0 (Checksum: 297391646)
[2019.04.10-18.46.12:251][  0]LogPackageLocalizationCache: Processed 14 localized package path(s) for 2 prioritized culture(s) in 0.115164 seconds
[2019.04.10-18.46.12:256][  0]LogUObjectArray: 39790 objects as part of root set at end of initial load.
[2019.04.10-18.46.12:256][  0]LogUObjectAllocator: 6917680 out of 0 bytes used by permanent object pool.
[2019.04.10-18.46.12:256][  0]LogUObjectArray: CloseDisregardForGC: 0/0 objects in disregard for GC pool
[2019.04.10-18.46.12:990][  0]LogSubstanceCoreModule: Substance [CPU] Engine Loaded, Max Texture Size = 2048
[2019.04.10-18.46.12:993][  0]LogTcpMessaging: Initializing TcpMessaging bridge
[2019.04.10-18.46.13:006][  0]LogUdpMessaging: Initializing bridge on interface 0.0.0.0:0 to multicast group 230.0.0.1:6666.
[2019.04.10-18.46.13:586][  0]SourceControl: Source control is disabled
[2019.04.10-18.46.13:586][  0]SourceControl: Source control is disabled
[2019.04.10-18.46.13:587][  0]SourceControl: Source control is disabled
[2019.04.10-18.46.13:587][  0]SourceControl: Source control is disabled
[2019.04.10-18.46.13:736][  0]LogAndroidPermission: UAndroidPermissionCallbackProxy::GetInstance
[2019.04.10-18.46.13:820][  0]LogOcInput: OculusInput pre-init called
[2019.04.10-18.46.15:119][  0]LogEngine: Initializing Engine...
[2019.04.10-18.46.15:121][  0]LogStats: UGameplayTagsManager::ConstructGameplayTagTree: ImportINI prefixes -  0.000 s
[2019.04.10-18.46.15:121][  0]LogStats: UGameplayTagsManager::ConstructGameplayTagTree: Construct from data asset -  0.000 s
[2019.04.10-18.46.15:121][  0]LogStats: UGameplayTagsManager::ConstructGameplayTagTree: ImportINI -  0.000 s
[2019.04.10-18.46.15:121][  0]LogStats: UGameplayTagsManager::ConstructGameplayTagTree: GameplayTagTreeChangedEvent.Broadcast -  0.000 s
[2019.04.10-18.46.15:347][  0]LogInit: Initializing FReadOnlyCVARCache
[2019.04.10-18.46.15:356][  0]LogAIModule: Creating AISystem for world Untitled
[2019.04.10-18.46.15:378][  0]LogInit: XAudio2 using 'Speakers/Headphones (Realtek(R) Audio)' : 2 channels at 48 kHz using 32 bits per sample (channel mask 0x3)
[2019.04.10-18.46.15:387][  0]LogInit: FAudioDevice initialized.
[2019.04.10-18.46.15:387][  0]LogNetVersion: Set ProjectVersion to 1.0.0.0. Version Checksum will be recalculated on next use.
[2019.04.10-18.46.15:556][  0]LogDerivedDataCache: Saved boot cache 0.17s 72MB C:/Users/kylet/AppData/Local/UnrealEngine/4.21/DerivedDataCache/Boot.ddc.
[2019.04.10-18.46.15:565][  0]LogInit: Texture streaming: Enabled
[2019.04.10-18.46.15:575][  0]LogEngineSessionManager: EngineSessionManager initialized
[2019.04.10-18.46.15:590][  0]LogInit: Transaction tracking system initialized
[2019.04.10-18.46.15:603][  0]BlueprintLog: New page: Editor Load
[2019.04.10-18.46.15:646][  0]LocalizationService: Localization service is disabled
[2019.04.10-18.46.15:939][  0]LogLinker: Warning: Can't find file '/Game/VehicleAdvBP/AdvancedVehicleOverview'
[2019.04.10-18.46.15:939][  0]LogLinker: Warning: Can't find file '/Game/VehicleAdvBP/AdvancedVehicleOverview'
[2019.04.10-18.46.15:939][  0]LogUObjectGlobals: Warning: Failed to find object 'Class /Game/VehicleAdvBP/AdvancedVehicleOverview.AdvancedVehicleOverview_C'
[2019.04.10-18.46.16:152][  0]LogCook: Display: Max memory allowance for cook 16384mb min free memory 0mb
[2019.04.10-18.46.16:152][  0]LogCook: Display: Mobile HDR setting 1
[2019.04.10-18.46.16:152][  0]LogGameplayTags: Display: UGameplayTagsManager::DoneAddingNativeTags. DelegateIsBound: 0
[2019.04.10-18.46.16:152][  0]LogStats: UGameplayTagsManager::ConstructGameplayTagTree: ImportINI prefixes -  0.000 s
[2019.04.10-18.46.16:152][  0]LogStats: UGameplayTagsManager::ConstructGameplayTagTree: Construct from data asset -  0.000 s
[2019.04.10-18.46.16:152][  0]LogStats: UGameplayTagsManager::ConstructGameplayTagTree: ImportINI -  0.000 s
[2019.04.10-18.46.16:152][  0]LogStats: UGameplayTagsManager::ConstructGameplayTagTree: GameplayTagTreeChangedEvent.Broadcast -  0.000 s
[2019.04.10-18.46.16:257][  0]LogFileCache: Scanning file cache for directory 'D:/cs461/PressVR/Content/' took 0.02s
[2019.04.10-18.46.17:352][  0]SourceControl: Source control is disabled
[2019.04.10-18.46.17:352][  0]Cmd: MAP LOAD FILE="../../../../../../cs461/PressVR/Content/Maps/MainMap.umap" TEMPLATE=0 SHOWPROGRESS=1 FEATURELEVEL=3
[2019.04.10-18.46.17:353][  0]LightingResults: New page: Lighting Build
[2019.04.10-18.46.17:354][  0]MapCheck: New page: Map Check
[2019.04.10-18.46.17:354][  0]LightingResults: New page: Lighting Build
[2019.04.10-18.46.17:940][  0]LogBlueprint: Warning: [Compiler MotionControllerPawn] InputAction Event references unknown Action 'GrabLeft' for  InputAction GrabLeft
[2019.04.10-18.46.17:940][  0]LogBlueprint: Warning: [Compiler MotionControllerPawn] InputAction Event references unknown Action 'TriggerLeft' for  InputAction TriggerLeft
[2019.04.10-18.46.17:954][  0]LogBlueprint: Warning: [Compiler MotionControllerPawn] [0011.04] Compile of MotionControllerPawn successful, but with 2 Warning(s) [in 38 ms] (/Game/VirtualReality/Blueprints/MotionControllerPawn.MotionControllerPawn)
[2019.04.10-18.46.18:216][  0]LogLinker: Warning: Can't find file '/Game/Materials/Bench_01_Masked'
[2019.04.10-18.46.18:216][  0]LogLinker: Warning: Can't find file for asset '/Game/Materials/Bench_01_Masked' while loading ../../../../../../cs461/PressVR/Content/Models/bench/Props/Bench_01_Low.uasset.
[2019.04.10-18.46.18:216][  0]LoadErrors: Error: /Game/Models/bench/Props/Bench_01_Low : Can't find file for asset. /Game/Materials/Bench_01_Masked
[2019.04.10-18.46.18:217][  0]LogLinker: Warning: Can't find file '/Game/Materials/Bench_01_Masked'
[2019.04.10-18.46.18:217][  0]LogLinker: Warning: Can't find file for asset '/Game/Materials/Bench_01_Masked' while loading ../../../../../../cs461/PressVR/Content/Models/bench/Props/Bench_01_Low.uasset.
[2019.04.10-18.46.18:217][  0]LoadErrors: Error: /Game/Models/bench/Props/Bench_01_Low : Can't find file for asset. /Game/Materials/Bench_01_Masked
[2019.04.10-18.46.18:933][  0]LogLinker: Warning: Can't find file '/Game/Materials/Bench_01_Masked'
[2019.04.10-18.46.18:933][  0]LoadErrors: Failed to load /Game/Materials/Bench_01_Masked.Bench_01_Masked Referenced by Bench_01_Low
[2019.04.10-18.46.18:933][  0]LogLinker: Warning: Can't find file for asset '/Game/Materials/Bench_01_Masked' while loading NULL.
[2019.04.10-18.46.18:933][  0]LoadErrors: Failed to load /Game/Materials/Bench_01_Masked.Bench_01_Masked Referenced by Bench_01_Low
[2019.04.10-18.46.19:867][  0]LogAIModule: Creating AISystem for world MainMap
[2019.04.10-18.46.19:873][  0]LogMaterial: Warning: Material /DatasmithContent/Materials/SketchUpMaster.SketchUpMaster needed to have new flag set bUsedWithStaticLighting !
[2019.04.10-18.46.19:908][  0]LogMaterial: Display: Missing cached shader map for material SketchUpMaster, compiling. 
[2019.04.10-18.46.19:962][  0]MapCheck: Warning: SketchUpMaster Material /DatasmithContent/Materials/SketchUpMaster.SketchUpMaster was missing the usage flag bUsedWithStaticLighting. If the material asset is not re-saved, it may not render correctly when run outside the editor. Fix
[2019.04.10-18.46.19:965][  0]LogMaterial: Display: Missing cached shader map for material SketchUpMaster, compiling. 
[2019.04.10-18.46.19:996][  0]LogShaderCompilers: Display: Shaders left to compile 31
[2019.04.10-18.46.19:996][  0]LogShaderCompilers: Display: Shaders left to compile 21
[2019.04.10-18.46.19:996][  0]LogShaderCompilers: Display: Shaders left to compile 11
[2019.04.10-18.46.19:996][  0]LogShaderCompilers: Display: Shaders left to compile 1
[2019.04.10-18.46.19:996][  0]LogMaterial: Display: Missing cached shader map for material SketchUpMaster, compiling. 
[2019.04.10-18.46.20:076][  0]LogShaderCompilers: Display: Shaders left to compile 31
[2019.04.10-18.46.20:076][  0]LogShaderCompilers: Display: Shaders left to compile 21
[2019.04.10-18.46.20:076][  0]LogShaderCompilers: Display: Shaders left to compile 11
[2019.04.10-18.46.20:076][  0]LogShaderCompilers: Display: Shaders left to compile 1
[2019.04.10-18.46.20:076][  0]LogMaterial: Display: Missing cached shader map for material SketchUpMaster, compiling. 
[2019.04.10-18.46.20:142][  0]LogShaderCompilers: Display: Shaders left to compile 43
[2019.04.10-18.46.20:142][  0]LogPhysics: Warning: PopulatePhysXGeometryAndTransform(Convex): ConvexElem has invalid transform
[2019.04.10-18.46.20:142][  0]LogPhysics: Warning: ForeachShape(Convex): ScaledElem[0] invalid
[2019.04.10-18.46.20:142][  0]LogPhysics: Warning: PopulatePhysXGeometryAndTransform(Convex): ConvexElem has invalid transform
[2019.04.10-18.46.20:142][  0]LogPhysics: Warning: ForeachShape(Convex): ScaledElem[0] invalid
[2019.04.10-18.46.20:143][  0]LogPhysics: Warning: PopulatePhysXGeometryAndTransform(Convex): ConvexElem has invalid transform
[2019.04.10-18.46.20:143][  0]LogPhysics: Warning: ForeachShape(Convex): ScaledElem[0] invalid
[2019.04.10-18.46.20:150][  0]PIE: Warning: Trying to simulate physics on ''/Game/Maps/MainMap.MainMap:PersistentLevel.BP_LargePrinterDoor_2.StaticMeshComponent0'' but it has ComplexAsSimple collision.
[2019.04.10-18.46.20:189][  0]LogPrimitiveComponent: Warning: CreateDynamicMaterialInstance on /Game/Maps/MainMap.MainMap:PersistentLevel.BP_Emergency_Stop_Button2_6.EmergencyButtonButton: Material index 2 is invalid.
[2019.04.10-18.46.20:189][  0]LogScript: Warning: Accessed None trying to read property Button light material
	BP_Emergency_Stop_Button_C /Game/Maps/MainMap.MainMap:PersistentLevel.BP_Emergency_Stop_Button2_6
	Function /Game/BluePrints/BP_Emergency_Stop_Button.BP_Emergency_Stop_Button_C:UserConstructionScript:0065
[2019.04.10-18.46.20:191][  0]LogPrimitiveComponent: Warning: CreateDynamicMaterialInstance on /Game/Maps/MainMap.MainMap:PersistentLevel.BP_Emergency_Stop_Button3_9.EmergencyButtonButton: Material index 2 is invalid.
[2019.04.10-18.46.20:191][  0]LogScript: Warning: Accessed None trying to read property Button light material
	BP_Emergency_Stop_Button_C /Game/Maps/MainMap.MainMap:PersistentLevel.BP_Emergency_Stop_Button3_9
	Function /Game/BluePrints/BP_Emergency_Stop_Button.BP_Emergency_Stop_Button_C:UserConstructionScript:0065
[2019.04.10-18.46.20:192][  0]LogPrimitiveComponent: Warning: CreateDynamicMaterialInstance on /Game/Maps/MainMap.MainMap:PersistentLevel.BP_Emergency_Stop_Button4_12.EmergencyButtonButton: Material index 2 is invalid.
[2019.04.10-18.46.20:192][  0]LogScript: Warning: Accessed None trying to read property Button light material
	BP_Emergency_Stop_Button_C /Game/Maps/MainMap.MainMap:PersistentLevel.BP_Emergency_Stop_Button4_12
	Function /Game/BluePrints/BP_Emergency_Stop_Button.BP_Emergency_Stop_Button_C:UserConstructionScript:0065
[2019.04.10-18.46.20:194][  0]LogPrimitiveComponent: Warning: CreateDynamicMaterialInstance on /Game/Maps/MainMap.MainMap:PersistentLevel.BP_Emergency_Stop_Button_3.EmergencyButtonButton: Material index 2 is invalid.
[2019.04.10-18.46.20:194][  0]LogScript: Warning: Accessed None trying to read property Button light material
	BP_Emergency_Stop_Button_C /Game/Maps/MainMap.MainMap:PersistentLevel.BP_Emergency_Stop_Button_3
	Function /Game/BluePrints/BP_Emergency_Stop_Button.BP_Emergency_Stop_Button_C:UserConstructionScript:0065
[2019.04.10-18.46.20:218][  0]LogEditorServer: Finished looking for orphan Actors (0.000 secs)
[2019.04.10-18.46.20:283][  0]Cmd: MAP CHECKDEP NOCLEARLOG
[2019.04.10-18.46.20:283][  0]MapCheck: Map check complete: 0 Error(s), 1 Warning(s), took 0.249ms to complete.
[2019.04.10-18.46.20:297][  0]LogFileHelpers: Loading map 'MainMap' took 2.945
[2019.04.10-18.46.20:435][  0]LogSlate: Updating window title bar state: overlay mode, drag disabled, window buttons hidden, title bar hidden
[2019.04.10-18.46.20:452][  0]LogSlate: Updating window title bar state: overlay mode, drag disabled, window buttons hidden, title bar hidden
[2019.04.10-18.46.20:468][  0]LogSlate: Updating window title bar state: overlay mode, drag disabled, window buttons hidden, title bar hidden
[2019.04.10-18.46.20:486][  0]LogSlate: Updating window title bar state: overlay mode, drag disabled, window buttons hidden, title bar hidden
[2019.04.10-18.46.20:495][  0]LogCollectionManager: Loaded 0 collections in 0.002217 seconds
[2019.04.10-18.46.20:526][  0]LogFileCache: Scanning file cache for directory 'D:/cs461/PressVR/Saved/Collections/' took 0.01s
[2019.04.10-18.46.20:526][  0]LogFileCache: Scanning file cache for directory 'D:/cs461/PressVR/Content/Developers/kylet/Collections/' took 0.00s
[2019.04.10-18.46.20:526][  0]LogFileCache: Scanning file cache for directory 'D:/cs461/PressVR/Content/Collections/' took 0.01s
[2019.04.10-18.46.20:526][  0]LogCollectionManager: Rebuilt the GUID cache for 0 collections in 0.000000 seconds
[2019.04.10-18.46.20:546][  0]LogContentBrowser: Native class hierarchy populated in 0.0193 seconds. Added 2724 classes and 662 folders.
[2019.04.10-18.46.20:553][  0]LogContentBrowser: Native class hierarchy updated for 'WidgetCarousel' in 0.0004 seconds. Added 0 classes and 0 folders.
[2019.04.10-18.46.20:555][  0]LogPakFile: Registered encryption key '00000000000000000000000000000000': 0 pak files mounted, 0 remain pending
[2019.04.10-18.46.20:556][  0]LogPakFile: Registered encryption key '00000000000000000000000000000000': 0 pak files mounted, 0 remain pending
[2019.04.10-18.46.20:557][  0]LogPakFile: Registered encryption key '00000000000000000000000000000000': 0 pak files mounted, 0 remain pending
[2019.04.10-18.46.20:558][  0]LogPakFile: Registered encryption key '00000000000000000000000000000000': 0 pak files mounted, 0 remain pending
[2019.04.10-18.46.20:559][  0]LogPakFile: Registered encryption key '00000000000000000000000000000000': 0 pak files mounted, 0 remain pending
[2019.04.10-18.46.20:559][  0]LogPakFile: Registered encryption key '00000000000000000000000000000000': 0 pak files mounted, 0 remain pending
[2019.04.10-18.46.20:560][  0]LogPakFile: Registered encryption key '00000000000000000000000000000000': 0 pak files mounted, 0 remain pending
[2019.04.10-18.46.20:562][  0]LogPakFile: Registered encryption key '00000000000000000000000000000000': 0 pak files mounted, 0 remain pending
[2019.04.10-18.46.20:563][  0]LogPakFile: Registered encryption key '00000000000000000000000000000000': 0 pak files mounted, 0 remain pending
[2019.04.10-18.46.20:564][  0]LogPakFile: Registered encryption key '00000000000000000000000000000000': 0 pak files mounted, 0 remain pending
[2019.04.10-18.46.20:565][  0]LogPakFile: Registered encryption key '00000000000000000000000000000000': 0 pak files mounted, 0 remain pending
[2019.04.10-18.46.20:565][  0]LogPakFile: Registered encryption key '00000000000000000000000000000000': 0 pak files mounted, 0 remain pending
[2019.04.10-18.46.20:566][  0]LogPakFile: Registered encryption key '00000000000000000000000000000000': 0 pak files mounted, 0 remain pending
[2019.04.10-18.46.20:567][  0]LogPakFile: Registered encryption key '00000000000000000000000000000000': 0 pak files mounted, 0 remain pending
[2019.04.10-18.46.20:568][  0]LogPakFile: Registered encryption key '00000000000000000000000000000000': 0 pak files mounted, 0 remain pending
[2019.04.10-18.46.20:568][  0]LogPakFile: Registered encryption key '00000000000000000000000000000000': 0 pak files mounted, 0 remain pending
[2019.04.10-18.46.20:569][  0]LogPakFile: Registered encryption key '00000000000000000000000000000000': 0 pak files mounted, 0 remain pending
[2019.04.10-18.46.20:570][  0]LogPakFile: Registered encryption key '00000000000000000000000000000000': 0 pak files mounted, 0 remain pending
[2019.04.10-18.46.20:571][  0]LogPakFile: Registered encryption key '00000000000000000000000000000000': 0 pak files mounted, 0 remain pending
[2019.04.10-18.46.20:571][  0]LogPakFile: Registered encryption key '00000000000000000000000000000000': 0 pak files mounted, 0 remain pending
[2019.04.10-18.46.20:572][  0]LogPakFile: Registered encryption key '00000000000000000000000000000000': 0 pak files mounted, 0 remain pending
[2019.04.10-18.46.20:573][  0]LogPakFile: Registered encryption key '00000000000000000000000000000000': 0 pak files mounted, 0 remain pending
[2019.04.10-18.46.20:574][  0]LogPakFile: Registered encryption key '00000000000000000000000000000000': 0 pak files mounted, 0 remain pending
[2019.04.10-18.46.20:575][  0]LogPakFile: Registered encryption key '00000000000000000000000000000000': 0 pak files mounted, 0 remain pending
[2019.04.10-18.46.20:575][  0]LogPakFile: Registered encryption key '00000000000000000000000000000000': 0 pak files mounted, 0 remain pending
[2019.04.10-18.46.20:576][  0]LogPakFile: Registered encryption key '00000000000000000000000000000000': 0 pak files mounted, 0 remain pending
[2019.04.10-18.46.20:577][  0]LogPakFile: Registered encryption key '00000000000000000000000000000000': 0 pak files mounted, 0 remain pending
[2019.04.10-18.46.20:579][  0]LogPakFile: Registered encryption key '00000000000000000000000000000000': 0 pak files mounted, 0 remain pending
[2019.04.10-18.46.20:624][  0]LogShaderCompilers: Display: Shaders left to compile 76
[2019.04.10-18.46.20:624][  0]LogContentBrowser: Native class hierarchy updated for 'AddContentDialog' in 0.0005 seconds. Added 0 classes and 0 folders.
[2019.04.10-18.46.20:635][  0]LogContentBrowser: Native class hierarchy updated for 'SceneOutliner' in 0.0004 seconds. Added 1 classes and 2 folders.
[2019.04.10-18.46.20:952][  0]LogShaderCompilers: Display: Shaders left to compile 66
[2019.04.10-18.46.20:952][  0]LogSlate: Took 0.000304 seconds to synchronously load lazily loaded font '../../../Engine/Content/Slate/Fonts/Roboto-Regular.ttf' (155K)
[2019.04.10-18.46.20:955][  0]LogSlate: Took 0.000255 seconds to synchronously load lazily loaded font '../../../Engine/Content/Slate/Fonts/Roboto-Bold.ttf' (160K)
[2019.04.10-18.46.20:965][  0]LogSlate: Took 0.000252 seconds to synchronously load lazily loaded font '../../../Engine/Content/Editor/Slate/Fonts/FontAwesome.ttf' (139K)
[2019.04.10-18.46.21:151][  0]LogRenderer: Reallocating scene render targets to support 1160x456 Format 26 NumSamples 1 (Frame:1).
[2019.04.10-18.46.21:514][  0]LogContentBrowser: Native class hierarchy updated for 'HierarchicalLODOutliner' in 0.0004 seconds. Added 0 classes and 0 folders.
[2019.04.10-18.46.21:514][  0]LogLoad: (Engine Initialization) Total time: 14.60 seconds
[2019.04.10-18.46.21:514][  0]LogLoad: (Engine Initialization) Total Blueprint compile time: 0.00 seconds
[2019.04.10-18.46.21:622][  0]LogContentStreaming: Texture pool size now 1000 MB
[2019.04.10-18.46.21:627][  0]LogSlate: FSceneViewport::OnFocusLost() reason 2
[2019.04.10-18.46.21:714][  0]LogSlate: Took 0.000221 seconds to synchronously load lazily loaded font '../../../Engine/Content/Slate/Fonts/Roboto-Light.ttf' (167K)
[2019.04.10-18.46.21:810][  1]LogSubstanceLiveLink: Warning: Unable to send data along socket, closing connection
[2019.04.10-18.46.23:713][ 10]LogShaderCompilers: Display: Shaders left to compile 56
[2019.04.10-18.46.23:713][ 10]LogAssetRegistry: Asset discovery search completed in 12.5938 seconds
[2019.04.10-18.46.23:718][ 10]LogCollectionManager: Rebuilt the object cache for 0 collections in 0.000001 seconds (found 0 objects)
[2019.04.10-18.46.23:718][ 10]LogCollectionManager: Fixed up redirectors for 0 collections in 0.000134 seconds (updated 0 objects)
[2019.04.10-18.46.25:528][ 24]LogPrimitiveComponent: Warning: CreateDynamicMaterialInstance on /Engine/Transient.World_13:PersistentLevel.BP_Emergency_Stop_Button_C_0.EmergencyButtonButton: Material index 2 is invalid.
[2019.04.10-18.46.25:528][ 24]LogScript: Warning: Accessed None trying to read property Button light material
	BP_Emergency_Stop_Button_C /Engine/Transient.World_13:PersistentLevel.BP_Emergency_Stop_Button_C_0
	Function /Game/BluePrints/BP_Emergency_Stop_Button.BP_Emergency_Stop_Button_C:UserConstructionScript:0065
[2019.04.10-18.46.26:351][ 37]LogShaderCompilers: Display: Shaders left to compile 46
[2019.04.10-18.46.27:408][ 50]LogShaderCompilers: Display: Shaders left to compile 36
[2019.04.10-18.46.27:586][ 54]LogShaderCompilers: Display: Shaders left to compile 26
[2019.04.10-18.46.28:156][ 66]LogSlate: Window 'Message Log' being destroyed
[2019.04.10-18.46.28:176][ 66]LogSlate: Window 'Message Log' being destroyed
[2019.04.10-18.46.28:772][ 79]LogShaderCompilers: Display: Shaders left to compile 16
[2019.04.10-18.46.29:678][103]LogShaderCompilers: Display: Shaders left to compile 6
[2019.04.10-18.46.43:404][595]Cmd: CLOSE_SLATE_MAINFRAME
[2019.04.10-18.46.43:548][595]LogSlate: Window 'Plugins' being destroyed
[2019.04.10-18.46.43:567][595]LogDirectoryWatcher: A directory notification for '../../../Engine/Plugins/' was aborted.
[2019.04.10-18.46.43:567][595]LogDirectoryWatcher: A directory notification for 'D:/Applications/Epic Games/UE_4.21/Enterprise/Plugins/' was aborted.
[2019.04.10-18.46.43:568][595]LogSlate: Window 'PressVR - Unreal Editor' being destroyed
[2019.04.10-18.46.43:568][595]LogWindowsTextInputMethodSystem: Display: IME system now deactivated.
[2019.04.10-18.46.43:786][596]Cmd: QUIT_EDITOR
[2019.04.10-18.46.43:829][596]LogExit: Preparing to exit.
[2019.04.10-18.46.44:196][596]LogExit: Editor shut down
[2019.04.10-18.46.44:197][596]LogExit: Transaction tracking system shut down
[2019.04.10-18.46.44:614][596]LogExit: Object subsystem successfully closed.
[2019.04.10-18.46.44:734][596]LogShaderCompilers: Display: Shaders left to compile 0
[2019.04.10-18.46.44:769][596]LogD3D11RHI: Shutdown
[2019.04.10-18.46.44:769][596]LogD3D11RHI: CleanupD3DDevice
[2019.04.10-18.46.44:837][596]LogD3D11RHI: ~FD3D11DynamicRHI
[2019.04.10-18.46.44:846][596]LogModuleManager: Shutting down and abandoning module HierarchicalLODOutliner (656)
[2019.04.10-18.46.44:846][596]LogModuleManager: Shutting down and abandoning module SceneOutliner (654)
[2019.04.10-18.46.44:846][596]LogModuleManager: Shutting down and abandoning module AddContentDialog (652)
[2019.04.10-18.46.44:847][596]LogModuleManager: Shutting down and abandoning module WidgetCarousel (651)
[2019.04.10-18.46.44:847][596]LogModuleManager: Shutting down and abandoning module EditorWidgets (648)
[2019.04.10-18.46.44:847][596]LogModuleManager: Shutting down and abandoning module CollectionManager (646)
[2019.04.10-18.46.44:847][596]LogModuleManager: Shutting down and abandoning module StatsViewer (644)
[2019.04.10-18.46.44:851][596]LogModuleManager: Shutting down and abandoning module FoliageEdit (642)
[2019.04.10-18.46.44:851][596]LogModuleManager: Shutting down and abandoning module LandscapeEditor (640)
[2019.04.10-18.46.44:851][596]LogModuleManager: Shutting down and abandoning module MeshPaintMode (638)
[2019.04.10-18.46.44:851][596]LogModuleManager: Shutting down and abandoning module SceneDepthPickerMode (636)
[2019.04.10-18.46.44:851][596]LogModuleManager: Shutting down and abandoning module ActorPickerMode (634)
[2019.04.10-18.46.44:851][596]LogModuleManager: Shutting down and abandoning module GeometryMode (632)
[2019.04.10-18.46.44:851][596]LogModuleManager: Shutting down and abandoning module TextureAlignMode (630)
[2019.04.10-18.46.44:851][596]LogModuleManager: Shutting down and abandoning module BspMode (628)
[2019.04.10-18.46.44:851][596]LogModuleManager: Shutting down and abandoning module PIEPreviewDeviceProfileSelector (626)
[2019.04.10-18.46.44:852][596]LogModuleManager: Shutting down and abandoning module SequenceRecorderSections (624)
[2019.04.10-18.46.44:852][596]LogModuleManager: Shutting down and abandoning module AutomationWorker (622)
[2019.04.10-18.46.44:852][596]LogModuleManager: Shutting down and abandoning module DatasmithFBXImporter (620)
[2019.04.10-18.46.44:852][596]LogModuleManager: Shutting down and abandoning module DatasmithDeltaGenImporter (618)
[2019.04.10-18.46.44:852][596]LogModuleManager: Shutting down and abandoning module DatasmithVREDImporter (616)
[2019.04.10-18.46.44:852][596]LogModuleManager: Shutting down and abandoning module AudioCaptureEditor (614)
[2019.04.10-18.46.44:852][596]LogModuleManager: Shutting down and abandoning module MatineeToLevelSequence (612)
[2019.04.10-18.46.44:852][596]LogModuleManager: Shutting down and abandoning module LevelSequenceEditor (610)
[2019.04.10-18.46.44:852][596]LogModuleManager: Shutting down and abandoning module PlacementMode (609)
[2019.04.10-18.46.44:852][596]LogModuleManager: Shutting down and abandoning module MaterialEditor (608)
[2019.04.10-18.46.44:852][596]LogModuleManager: Shutting down and abandoning module WmfMediaFactory (604)
[2019.04.10-18.46.44:852][596]LogModuleManager: Shutting down and abandoning module WmfMediaEditor (602)
[2019.04.10-18.46.44:852][596]LogModuleManager: Shutting down and abandoning module WebMMediaFactory (600)
[2019.04.10-18.46.44:852][596]LogModuleManager: Shutting down and abandoning module WebMMediaEditor (598)
[2019.04.10-18.46.44:852][596]LogModuleManager: Shutting down and abandoning module WebMMedia (596)
[2019.04.10-18.46.44:879][596]LogModuleManager: Shutting down and abandoning module MediaPlayerEditor (594)
[2019.04.10-18.46.44:879][596]LogModuleManager: Shutting down and abandoning module MediaCompositingEditor (592)
[2019.04.10-18.46.44:879][596]LogModuleManager: Shutting down and abandoning module SequenceRecorder (591)
[2019.04.10-18.46.44:879][596]LogModuleManager: Shutting down and abandoning module OpenExrWrapper (588)
[2019.04.10-18.46.44:879][596]LogModuleManager: Shutting down and abandoning module ImgMediaFactory (586)
[2019.04.10-18.46.44:879][596]LogModuleManager: Shutting down and abandoning module ImgMediaEditor (584)
[2019.04.10-18.46.44:879][596]LogModuleManager: Shutting down and abandoning module AvfMediaFactory (582)
[2019.04.10-18.46.44:879][596]LogModuleManager: Shutting down and abandoning module AvfMediaEditor (580)
[2019.04.10-18.46.44:879][596]LogModuleManager: Shutting down and abandoning module AndroidMediaFactory (578)
[2019.04.10-18.46.44:879][596]LogModuleManager: Shutting down and abandoning module AndroidMediaEditor (576)
[2019.04.10-18.46.44:879][596]LogModuleManager: Shutting down and abandoning module MagicLeapCameraPreviewFactory (574)
[2019.04.10-18.46.44:879][596]LogModuleManager: Shutting down and abandoning module MagicLeapMediaFactory (572)
[2019.04.10-18.46.44:879][596]LogModuleManager: Shutting down and abandoning module MagicLeapMediaEditor (570)
[2019.04.10-18.46.44:879][596]LogModuleManager: Shutting down and abandoning module CharacterAI (568)
[2019.04.10-18.46.44:879][596]LogModuleManager: Shutting down and abandoning module SmartSnapping (566)
[2019.04.10-18.46.44:879][596]LogModuleManager: Shutting down and abandoning module SessionServices (564)
[2019.04.10-18.46.44:879][596]LogModuleManager: Shutting down and abandoning module ViewportSnapping (562)
[2019.04.10-18.46.44:879][596]LogModuleManager: Shutting down and abandoning module ViewportInteraction (560)
[2019.04.10-18.46.44:880][596]LogModuleManager: Shutting down and abandoning module ClothPainter (558)
[2019.04.10-18.46.44:880][596]LogModuleManager: Shutting down and abandoning module SkeletalMeshEditor (557)
[2019.04.10-18.46.44:880][596]LogModuleManager: Shutting down and abandoning module LogVisualizer (554)
[2019.04.10-18.46.44:880][596]LogModuleManager: Shutting down and abandoning module IntroTutorials (552)
[2019.04.10-18.46.44:880][596]LogModuleManager: Shutting down and abandoning module GameProjectGeneration (551)
[2019.04.10-18.46.44:880][596]LogModuleManager: Shutting down and abandoning module LuminPlatformEditor (548)
[2019.04.10-18.46.44:880][596]LogModuleManager: Shutting down and abandoning module IOSPlatformEditor (546)
[2019.04.10-18.46.44:880][596]LogModuleManager: Shutting down and abandoning module HTML5PlatformEditor (544)
[2019.04.10-18.46.44:880][596]LogModuleManager: Shutting down and abandoning module AndroidPlatformEditor (542)
[2019.04.10-18.46.44:880][596]LogModuleManager: Shutting down and abandoning module AndroidDeviceDetection (541)
[2019.04.10-18.46.44:907][596]LogModuleManager: Shutting down and abandoning module WindowsPlatformEditor (538)
[2019.04.10-18.46.44:907][596]LogModuleManager: Shutting down and abandoning module LuminRuntimeSettings (536)
[2019.04.10-18.46.44:907][596]LogModuleManager: Shutting down and abandoning module IOSRuntimeSettings (534)
[2019.04.10-18.46.44:907][596]LogModuleManager: Shutting down and abandoning module AndroidRuntimeSettings (532)
[2019.04.10-18.46.44:907][596]LogModuleManager: Shutting down and abandoning module TimeManagementEditor (530)
[2019.04.10-18.46.44:907][596]LogModuleManager: Shutting down and abandoning module InputBindingEditor (528)
[2019.04.10-18.46.44:907][596]LogModuleManager: Shutting down and abandoning module MergeActors (526)
[2019.04.10-18.46.44:907][596]LogModuleManager: Shutting down and abandoning module LocalizationDashboard (524)
[2019.04.10-18.46.44:907][596]LogModuleManager: Shutting down and abandoning module LocalizationService (523)
[2019.04.10-18.46.44:909][596]LogModuleManager: Shutting down and abandoning module HardwareTargeting (520)
[2019.04.10-18.46.44:909][596]LogModuleManager: Shutting down and abandoning module DeviceProfileEditor (518)
[2019.04.10-18.46.44:909][596]LogModuleManager: Shutting down and abandoning module UndoHistory (516)
[2019.04.10-18.46.44:909][596]LogModuleManager: Shutting down and abandoning module XmlParser (514)
[2019.04.10-18.46.44:909][596]LogModuleManager: Shutting down and abandoning module Blutility (512)
[2019.04.10-18.46.44:909][596]LogModuleManager: Shutting down and abandoning module ProjectSettingsViewer (510)
[2019.04.10-18.46.44:909][596]LogModuleManager: Shutting down and abandoning module ProjectTargetPlatformEditor (509)
[2019.04.10-18.46.44:909][596]LogModuleManager: Shutting down and abandoning module EditorSettingsViewer (506)
[2019.04.10-18.46.44:909][596]LogModuleManager: Shutting down and abandoning module SettingsEditor (504)
[2019.04.10-18.46.44:909][596]LogModuleManager: Shutting down and abandoning module ProjectLauncher (502)
[2019.04.10-18.46.44:909][596]LogModuleManager: Shutting down and abandoning module SessionFrontend (500)
[2019.04.10-18.46.44:909][596]LogModuleManager: Shutting down and abandoning module ProfilerClient (498)
[2019.04.10-18.46.44:909][596]LogModuleManager: Shutting down and abandoning module DeviceManager (496)
[2019.04.10-18.46.44:909][596]LogModuleManager: Shutting down and abandoning module TargetDeviceServices (495)
[2019.04.10-18.46.44:974][596]LogModuleManager: Shutting down and abandoning module AutomationController (492)
[2019.04.10-18.46.44:974][596]LogModuleManager: Shutting down and abandoning module AutomationWindow (490)
[2019.04.10-18.46.44:974][596]LogModuleManager: Shutting down and abandoning module Layers (488)
[2019.04.10-18.46.44:974][596]LogModuleManager: Shutting down and abandoning module ComponentVisualizers (486)
[2019.04.10-18.46.44:974][596]LogModuleManager: Shutting down and abandoning module DetailCustomizations (484)
[2019.04.10-18.46.44:974][596]LogModuleManager: Shutting down and abandoning module PackagesDialog (482)
[2019.04.10-18.46.44:974][596]LogModuleManager: Shutting down and abandoning module Persona (480)
[2019.04.10-18.46.44:974][596]LogModuleManager: Shutting down and abandoning module AnimGraph (479)
[2019.04.10-18.46.44:974][596]LogModuleManager: Shutting down and abandoning module Kismet (476)
[2019.04.10-18.46.44:975][596]LogModuleManager: Shutting down and abandoning module GraphEditor (474)
[2019.04.10-18.46.44:975][596]LogModuleManager: Shutting down and abandoning module ClassViewer (472)
[2019.04.10-18.46.44:975][596]LogModuleManager: Shutting down and abandoning module Toolbox (470)
[2019.04.10-18.46.44:975][596]LogModuleManager: Shutting down and abandoning module ModuleUI (468)
[2019.04.10-18.46.44:975][596]LogModuleManager: Shutting down and abandoning module MovieSceneTools (466)
[2019.04.10-18.46.44:975][596]LogModuleManager: Shutting down and abandoning module OutputLog (464)
[2019.04.10-18.46.44:975][596]LogModuleManager: Shutting down and abandoning module GammaUI (462)
[2019.04.10-18.46.44:975][596]LogModuleManager: Shutting down and abandoning module Documentation (460)
[2019.04.10-18.46.44:975][596]LogModuleManager: Shutting down and abandoning module MovieSceneTracks (458)
[2019.04.10-18.46.44:975][596]LogModuleManager: Shutting down and abandoning module MovieScene (456)
[2019.04.10-18.46.44:975][596]LogModuleManager: Shutting down and abandoning module StreamingPauseRendering (454)
[2019.04.10-18.46.44:975][596]LogModuleManager: Shutting down and abandoning module LauncherPlatform (452)
[2019.04.10-18.46.44:975][596]LogModuleManager: Shutting down and abandoning module AnalyticsET (450)
[2019.04.10-18.46.44:975][596]LogModuleManager: Shutting down and abandoning module PortalServices (448)
[2019.04.10-18.46.44:975][596]LogModuleManager: Shutting down and abandoning module PortalRpc (446)
[2019.04.10-18.46.44:975][596]LogModuleManager: Shutting down and abandoning module MessagingRpc (444)
[2019.04.10-18.46.44:975][596]LogModuleManager: Shutting down and abandoning module AIModule (442)
[2019.04.10-18.46.44:975][596]LogModuleManager: Shutting down and abandoning module GameplayDebugger (441)
[2019.04.10-18.46.44:976][596]LogModuleManager: Shutting down and abandoning module AITestSuite (439)
[2019.04.10-18.46.44:976][596]LogModuleManager: Shutting down and abandoning module NavigationSystem (437)
[2019.04.10-18.46.44:976][596]LogModuleManager: Shutting down and abandoning module DesktopPlatform (434)
[2019.04.10-18.46.44:976][596]LogModuleManager: Shutting down and abandoning module ImageWriteQueue (432)
[2019.04.10-18.46.44:981][596]LogModuleManager: Shutting down and abandoning module ProfilerService (430)
[2019.04.10-18.46.45:023][596]LogModuleManager: Shutting down and abandoning module TaskGraph (428)
[2019.04.10-18.46.45:023][596]LogModuleManager: Shutting down and abandoning module DatasmithCADImporter (426)
[2019.04.10-18.46.45:024][596]LogModuleManager: Shutting down and abandoning module SubstanceLiveLink (424)
[2019.04.10-18.46.45:024][596]LogModuleManager: Shutting down and abandoning module SubstanceSource (422)
[2019.04.10-18.46.45:024][596]LogModuleManager: Shutting down and abandoning module SubstanceEditor (420)
[2019.04.10-18.46.45:024][596]LogModuleManager: Shutting down and abandoning module VariantManager (418)
[2019.04.10-18.46.45:024][596]LogModuleManager: Shutting down and abandoning module StaticMeshEditorExtension (416)
[2019.04.10-18.46.45:024][596]LogModuleManager: Shutting down and abandoning module StaticMeshEditor (415)
[2019.04.10-18.46.45:024][596]LogModuleManager: Shutting down and abandoning module AdvancedPreviewScene (414)
[2019.04.10-18.46.45:024][596]LogModuleManager: Shutting down and abandoning module MeshProcessingLibrary (411)
[2019.04.10-18.46.45:024][596]LogModuleManager: Shutting down and abandoning module MDLImporter (408)
[2019.04.10-18.46.45:024][596]LogModuleManager: Shutting down and abandoning module DatasmithImporter (406)
[2019.04.10-18.46.45:024][596]LogModuleManager: Shutting down and abandoning module SteamVRController (404)
[2019.04.10-18.46.45:024][596]LogModuleManager: Shutting down and abandoning module ProceduralMeshComponentEditor (402)
[2019.04.10-18.46.45:024][596]LogModuleManager: Shutting down and abandoning module ProceduralMeshComponent (400)
[2019.04.10-18.46.45:024][596]LogModuleManager: Shutting down and abandoning module OculusInput (398)
[2019.04.10-18.46.45:024][596]LogModuleManager: Shutting down and abandoning module MobilePatchingUtils (396)
[2019.04.10-18.46.45:024][596]LogModuleManager: Shutting down and abandoning module EditableMesh (394)
[2019.04.10-18.46.45:024][596]LogModuleManager: Shutting down and abandoning module CustomMeshComponent (392)
[2019.04.10-18.46.45:024][596]LogModuleManager: Shutting down and abandoning module CableComponent (390)
[2019.04.10-18.46.45:024][596]LogModuleManager: Shutting down and abandoning module AudioCapture (388)
[2019.04.10-18.46.45:024][596]LogModuleManager: Shutting down and abandoning module ArchVisCharacter (386)
[2019.04.10-18.46.45:024][596]LogModuleManager: Shutting down and abandoning module AndroidPermission (384)
[2019.04.10-18.46.45:024][596]LogModuleManager: Shutting down and abandoning module NUTUnrealEngine4 (382)
[2019.04.10-18.46.45:024][596]LogModuleManager: Shutting down and abandoning module NetcodeUnitTest (380)
[2019.04.10-18.46.45:024][596]LogModuleManager: Shutting down and abandoning module MediaCompositing (378)
[2019.04.10-18.46.45:024][596]LogModuleManager: Shutting down and abandoning module LinearTimecode (376)
[2019.04.10-18.46.45:024][596]LogModuleManager: Shutting down and abandoning module ImgMedia (374)
[2019.04.10-18.46.45:028][596]LogModuleManager: Shutting down and abandoning module HTML5Networking (372)
[2019.04.10-18.46.45:028][596]LogModuleManager: Shutting down and abandoning module GeometryCacheTracks (370)
[2019.04.10-18.46.45:028][596]LogModuleManager: Shutting down and abandoning module GeometryCacheSequencer (368)
[2019.04.10-18.46.45:028][596]LogModuleManager: Shutting down and abandoning module BackChannel (366)
[2019.04.10-18.46.45:028][596]LogModuleManager: Shutting down and abandoning module AppleVision (364)
[2019.04.10-18.46.45:028][596]LogModuleManager: Shutting down and abandoning module AppleImageUtilsBlueprintSupport (362)
[2019.04.10-18.46.45:028][596]LogModuleManager: Shutting down and abandoning module AppleImageUtils (360)
[2019.04.10-18.46.45:028][596]LogModuleManager: Shutting down and abandoning module AlembicImporter (358)
[2019.04.10-18.46.45:028][596]LogModuleManager: Shutting down and abandoning module AlembicLibrary (357)
[2019.04.10-18.46.45:028][596]LogModuleManager: Shutting down and abandoning module GeometryCache (356)
[2019.04.10-18.46.45:028][596]LogModuleManager: Shutting down and abandoning module GeometryCacheEd (355)
[2019.04.10-18.46.45:028][596]LogModuleManager: Shutting down and abandoning module VariantManagerContent (350)
[2019.04.10-18.46.45:028][596]LogModuleManager: Shutting down and abandoning module DatasmithContentEditor (348)
[2019.04.10-18.46.45:028][596]LogModuleManager: Shutting down and abandoning module SpeedTreeImporter (346)
[2019.04.10-18.46.45:028][596]LogModuleManager: Shutting down and abandoning module PluginBrowser (344)
[2019.04.10-18.46.45:028][596]LogModuleManager: Shutting down and abandoning module MobileLauncherProfileWizard (342)
[2019.04.10-18.46.45:028][596]LogModuleManager: Shutting down and abandoning module PolygonModeling (340)
[2019.04.10-18.46.45:028][596]LogModuleManager: Shutting down and abandoning module MeshEditor (338)
[2019.04.10-18.46.45:028][596]LogModuleManager: Shutting down and abandoning module EditorScriptingUtilities (336)
[2019.04.10-18.46.45:028][596]LogModuleManager: Shutting down and abandoning module CryptoKeysOpenSSL (334)
[2019.04.10-18.46.45:028][596]LogModuleManager: Shutting down and abandoning module CryptoKeys (332)
[2019.04.10-18.46.45:028][596]LogModuleManager: Shutting down and abandoning module VisualStudioSourceCodeAccess (330)
[2019.04.10-18.46.45:028][596]LogModuleManager: Shutting down and abandoning module VisualStudioCodeSourceCodeAccess (328)
[2019.04.10-18.46.45:028][596]LogModuleManager: Shutting down and abandoning module UObjectPlugin (326)
[2019.04.10-18.46.45:028][596]LogModuleManager: Shutting down and abandoning module SubversionSourceControl (324)
[2019.04.10-18.46.45:028][596]LogModuleManager: Shutting down and abandoning module PerforceSourceControl (322)
[2019.04.10-18.46.45:029][596]LogModuleManager: Shutting down and abandoning module GitSourceControl (320)
[2019.04.10-18.46.45:029][596]LogModuleManager: Shutting down and abandoning module SourceControl (319)
[2019.04.10-18.46.45:029][596]LogModuleManager: Shutting down and abandoning module CLionSourceCodeAccess (316)
[2019.04.10-18.46.45:029][596]LogModuleManager: Shutting down and abandoning module ActorLayerUtilitiesEditor (314)
[2019.04.10-18.46.45:029][596]LogModuleManager: Shutting down and abandoning module ActorLayerUtilities (312)
[2019.04.10-18.46.45:029][596]LogModuleManager: Shutting down and abandoning module LightPropagationVolumeEditor (310)
[2019.04.10-18.46.45:029][596]LogModuleManager: Shutting down and abandoning module PaperTiledImporter (308)
[2019.04.10-18.46.45:029][596]LogModuleManager: Shutting down and abandoning module PaperSpriteSheetImporter (306)
[2019.04.10-18.46.45:029][596]LogModuleManager: Shutting down and abandoning module Paper2DEditor (304)
[2019.04.10-18.46.45:029][596]LogModuleManager: Shutting down and abandoning module MeshPaint (303)
[2019.04.10-18.46.45:029][596]LogModuleManager: Shutting down and abandoning module RuntimePhysXCooking (300)
[2019.04.10-18.46.45:029][596]LogModuleManager: Shutting down and abandoning module PhysXVehiclesEditor (298)
[2019.04.10-18.46.45:029][596]LogModuleManager: Shutting down and abandoning module PhysXVehicles (296)
[2019.04.10-18.46.45:029][596]LogModuleManager: Shutting down and abandoning module OculusEditor (294)
[2019.04.10-18.46.45:029][596]LogModuleManager: Shutting down and abandoning module LocationServicesBPLibrary (292)
[2019.04.10-18.46.45:029][596]LogModuleManager: Shutting down and abandoning module ActorSequence (290)
[2019.04.10-18.46.45:029][596]LogModuleManager: Shutting down and abandoning module UdpMessaging (288)
[2019.04.10-18.46.45:130][596]LogModuleManager: Shutting down and abandoning module TcpMessaging (286)
[2019.04.10-18.46.45:231][596]LogModuleManager: Shutting down and abandoning module SubstanceCore (284)
[2019.04.10-18.46.45:232][596]LogModuleManager: Shutting down and abandoning module MagicLeapAudio (282)
[2019.04.10-18.46.45:232][596]LogModuleManager: Shutting down and abandoning module GameplayTagsEditor (280)
[2019.04.10-18.46.45:233][596]LogModuleManager: Shutting down and abandoning module FacialAnimationEditor (278)
[2019.04.10-18.46.45:233][596]LogModuleManager: Shutting down and abandoning module FacialAnimation (276)
[2019.04.10-18.46.45:233][596]LogModuleManager: Shutting down and abandoning module DataValidation (274)
[2019.04.10-18.46.45:233][596]LogModuleManager: Shutting down and abandoning module AssetManagerEditor (272)
[2019.04.10-18.46.45:234][596]LogModuleManager: Shutting down and abandoning module LevelEditor (271)
[2019.04.10-18.46.45:237][596]LogModuleManager: Shutting down and abandoning module PixelInspectorModule (270)
[2019.04.10-18.46.45:237][596]LogModuleManager: Shutting down and abandoning module CommonMenuExtensions (268)
[2019.04.10-18.46.45:237][596]LogModuleManager: Shutting down and abandoning module MainFrame (266)
[2019.04.10-18.46.45:237][596]LogModuleManager: Shutting down and abandoning module HotReload (265)
[2019.04.10-18.46.45:237][596]LogModuleManager: Shutting down and abandoning module ContentBrowser (261)
[2019.04.10-18.46.45:238][596]LogModuleManager: Shutting down and abandoning module TreeMap (259)
[2019.04.10-18.46.45:238][596]LogModuleManager: Shutting down and abandoning module LightPropagationVolumeRuntime (256)
[2019.04.10-18.46.45:238][596]LogModuleManager: Shutting down and abandoning module AISupportModule (254)
[2019.04.10-18.46.45:238][596]LogModuleManager: Shutting down and abandoning module Paper2D (252)
[2019.04.10-18.46.45:238][596]LogModuleManager: Shutting down and abandoning module WindowsMoviePlayer (250)
[2019.04.10-18.46.45:238][596]LogModuleManager: Shutting down and abandoning module WebMMoviePlayer (248)
[2019.04.10-18.46.45:238][596]LogModuleManager: Shutting down and abandoning module WmfMedia (246)
[2019.04.10-18.46.45:240][596]LogModuleManager: Shutting down and abandoning module Media (245)
[2019.04.10-18.46.45:246][596]LogModuleManager: Shutting down and abandoning module PacketHandler (242)
[2019.04.10-18.46.45:246][596]LogModuleManager: Shutting down and abandoning module ClothingSystemEditor (240)
[2019.04.10-18.46.45:246][596]LogModuleManager: Shutting down and abandoning module ClothingSystemRuntime (238)
[2019.04.10-18.46.45:246][596]LogModuleManager: Shutting down and abandoning module MediaAssets (236)
[2019.04.10-18.46.45:246][596]LogModuleManager: Shutting down and abandoning module Overlay (234)
[2019.04.10-18.46.45:246][596]LogModuleManager: Shutting down and abandoning module OverlayEditor (233)
[2019.04.10-18.46.45:246][596]LogModuleManager: Shutting down and abandoning module VREditor (230)
[2019.04.10-18.46.45:246][596]LogModuleManager: Shutting down and abandoning module StringTableEditor (228)
[2019.04.10-18.46.45:246][596]LogModuleManager: Shutting down and abandoning module GameplayTasksEditor (226)
[2019.04.10-18.46.45:247][596]LogModuleManager: Shutting down and abandoning module BehaviorTreeEditor (224)
[2019.04.10-18.46.45:247][596]LogModuleManager: Shutting down and abandoning module FunctionalTesting (222)
[2019.04.10-18.46.45:247][596]LogModuleManager: Shutting down and abandoning module CollisionAnalyzer (220)
[2019.04.10-18.46.45:247][596]LogModuleManager: Shutting down and abandoning module WorkspaceMenuStructure (219)
[2019.04.10-18.46.45:247][596]LogModuleManager: Shutting down and abandoning module UMG (216)
[2019.04.10-18.46.45:247][596]LogModuleManager: Shutting down and abandoning module UMGEditor (215)
[2019.04.10-18.46.45:247][596]LogModuleManager: Shutting down and abandoning module Sequencer (214)
[2019.04.10-18.46.45:247][596]LogModuleManager: Shutting down and abandoning module MessageLog (211)
[2019.04.10-18.46.45:247][596]LogModuleManager: Shutting down and abandoning module SlateReflector (206)
[2019.04.10-18.46.45:247][596]LogModuleManager: Shutting down and abandoning module Slate (204)
[2019.04.10-18.46.45:247][596]LogModuleManager: Shutting down and abandoning module EditorStyle (202)
[2019.04.10-18.46.45:248][596]LogModuleManager: Shutting down and abandoning module MRMesh (200)
[2019.04.10-18.46.45:248][596]LogModuleManager: Shutting down and abandoning module SourceCodeAccess (198)
[2019.04.10-18.46.45:248][596]LogModuleManager: Shutting down and abandoning module HeadMountedDisplay (196)
[2019.04.10-18.46.45:248][596]LogModuleManager: Shutting down and abandoning module XAudio2 (194)
[2019.04.10-18.46.45:248][596]LogModuleManager: Shutting down and abandoning module Networking (192)
[2019.04.10-18.46.45:248][596]LogModuleManager: Shutting down and abandoning module Core (190)
[2019.04.10-18.46.45:248][596]LogModuleManager: Shutting down and abandoning module LevelSequence (188)
[2019.04.10-18.46.45:248][596]LogModuleManager: Shutting down and abandoning module KismetCompiler (186)
[2019.04.10-18.46.45:248][596]LogModuleManager: Shutting down and abandoning module MeshUtilities (184)
[2019.04.10-18.46.45:248][596]LogModuleManager: Shutting down and abandoning module MeshMergeUtilities (183)
[2019.04.10-18.46.45:248][596]LogModuleManager: Shutting down and abandoning module MeshReductionInterface (182)
[2019.04.10-18.46.45:248][596]LogModuleManager: Shutting down and abandoning module SimplygonSwarm (181)
[2019.04.10-18.46.45:248][596]LogModuleManager: Shutting down and abandoning module ProxyLODMeshReduction (179)
[2019.04.10-18.46.45:248][596]LogModuleManager: Shutting down and abandoning module SimplygonMeshReduction (177)
[2019.04.10-18.46.45:248][596]LogModuleManager: Shutting down and abandoning module QuadricMeshReduction (175)
[2019.04.10-18.46.45:249][596]LogModuleManager: Shutting down and abandoning module MaterialBaking (171)
[2019.04.10-18.46.45:249][596]LogModuleManager: Shutting down and abandoning module DirectoryWatcher (167)
[2019.04.10-18.46.45:249][596]LogModuleManager: Shutting down and abandoning module DerivedDataCache (164)
[2019.04.10-18.46.45:424][596]LogDerivedDataCache: Shutdown
[2019.04.10-18.46.45:424][596]LogModuleManager: Shutting down and abandoning module XGEController (162)
[2019.04.10-18.46.45:424][596]LogXGEController: Cleaning working directory: C:/Users/kylet/AppData/Local/Temp/UnrealXGEWorkingDir/
[2019.04.10-18.46.45:424][596]LogModuleManager: Shutting down and abandoning module TargetPlatform (160)
[2019.04.10-18.46.45:424][596]LogModuleManager: Shutting down and abandoning module VulkanShaderFormat (159)
[2019.04.10-18.46.45:424][596]LogModuleManager: Shutting down and abandoning module ShaderFormatVectorVM (157)
[2019.04.10-18.46.45:424][596]LogModuleManager: Shutting down and abandoning module ShaderFormatOpenGL (155)
[2019.04.10-18.46.45:424][596]LogModuleManager: Shutting down and abandoning module ShaderFormatD3D (153)
[2019.04.10-18.46.45:424][596]LogModuleManager: Shutting down and abandoning module MetalShaderFormat (151)
[2019.04.10-18.46.45:424][596]LogModuleManager: Shutting down and abandoning module TextureFormatUncompressed (149)
[2019.04.10-18.46.45:424][596]LogModuleManager: Shutting down and abandoning module TextureFormatPVR (147)
[2019.04.10-18.46.45:424][596]LogModuleManager: Shutting down and abandoning module TextureFormatDXT (145)
[2019.04.10-18.46.45:424][596]LogModuleManager: Shutting down and abandoning module TextureFormatIntelISPCTexComp (143)
[2019.04.10-18.46.45:425][596]LogModuleManager: Shutting down and abandoning module TextureFormatASTC (141)
[2019.04.10-18.46.45:425][596]LogModuleManager: Shutting down and abandoning module ImageWrapper (140)
[2019.04.10-18.46.45:425][596]LogModuleManager: Shutting down and abandoning module TextureFormatAndroid (137)
[2019.04.10-18.46.45:425][596]LogModuleManager: Shutting down and abandoning module AudioFormatOpus (135)
[2019.04.10-18.46.45:425][596]LogModuleManager: Shutting down and abandoning module AudioFormatOgg (133)
[2019.04.10-18.46.45:425][596]LogModuleManager: Shutting down and abandoning module AudioFormatADPCM (131)
[2019.04.10-18.46.45:425][596]LogModuleManager: Shutting down and abandoning module LuminTargetPlatform (129)
[2019.04.10-18.46.45:425][596]LogModuleManager: Shutting down and abandoning module LinuxTargetPlatform (127)
[2019.04.10-18.46.45:425][596]LogModuleManager: Shutting down and abandoning module LinuxServerTargetPlatform (125)
[2019.04.10-18.46.45:425][596]LogModuleManager: Shutting down and abandoning module LinuxNoEditorTargetPlatform (123)
[2019.04.10-18.46.45:425][596]LogModuleManager: Shutting down and abandoning module LinuxClientTargetPlatform (121)
[2019.04.10-18.46.45:425][596]LogModuleManager: Shutting down and abandoning module TVOSTargetPlatform (119)
[2019.04.10-18.46.45:425][596]LogModuleManager: Shutting down and abandoning module Messaging (117)
[2019.04.10-18.46.45:425][596]LogModuleManager: Shutting down and abandoning module IOSTargetPlatform (115)
[2019.04.10-18.46.45:426][596]LogModuleManager: Shutting down and abandoning module HTML5TargetPlatform (113)
[2019.04.10-18.46.45:426][596]LogModuleManager: Shutting down and abandoning module AndroidTargetPlatform (111)
[2019.04.10-18.46.45:431][596]LogModuleManager: Shutting down and abandoning module WindowsTargetPlatform (109)
[2019.04.10-18.46.45:431][596]LogModuleManager: Shutting down and abandoning module WindowsServerTargetPlatform (107)
[2019.04.10-18.46.45:431][596]LogModuleManager: Shutting down and abandoning module WindowsNoEditorTargetPlatform (105)
[2019.04.10-18.46.45:431][596]LogModuleManager: Shutting down and abandoning module WindowsClientTargetPlatform (103)
[2019.04.10-18.46.45:431][596]LogModuleManager: Shutting down and abandoning module MacTargetPlatform (101)
[2019.04.10-18.46.45:431][596]LogModuleManager: Shutting down and abandoning module MacServerTargetPlatform (99)
[2019.04.10-18.46.45:431][596]LogModuleManager: Shutting down and abandoning module MacNoEditorTargetPlatform (97)
[2019.04.10-18.46.45:431][596]LogModuleManager: Shutting down and abandoning module MacClientTargetPlatform (95)
[2019.04.10-18.46.45:431][596]LogModuleManager: Shutting down and abandoning module AllDesktopTargetPlatform (93)
[2019.04.10-18.46.45:431][596]LogModuleManager: Shutting down and abandoning module InputCore (90)
[2019.04.10-18.46.45:431][596]LogModuleManager: Shutting down and abandoning module Settings (88)
[2019.04.10-18.46.45:431][596]LogModuleManager: Shutting down and abandoning module PhysXCooking (86)
[2019.04.10-18.46.45:431][596]LogModuleManager: Shutting down and abandoning module WindowsMixedRealitySpatialInput (84)
[2019.04.10-18.46.45:431][596]LogModuleManager: Shutting down and abandoning module WindowsMixedRealityHMD (82)
[2019.04.10-18.46.45:431][596]LogModuleManager: Shutting down and abandoning module SteamVR (80)
[2019.04.10-18.46.45:431][596]LogHMD: Freeing OpenVRDLLHandle.
[2019.04.10-18.46.45:431][596]LogModuleManager: Shutting down and abandoning module OculusHMD (78)
[2019.04.10-18.46.45:431][596]LogModuleManager: Shutting down and abandoning module ExampleDeviceProfileSelector (76)
[2019.04.10-18.46.45:431][596]LogModuleManager: Shutting down and abandoning module LauncherChunkInstaller (74)
[2019.04.10-18.46.45:431][596]LogModuleManager: Shutting down and abandoning module OnlineBlueprintSupport (72)
[2019.04.10-18.46.45:431][596]LogModuleManager: Shutting down and abandoning module OnlineSubsystem (68)
[2019.04.10-18.46.45:432][596]LogModuleManager: Shutting down and abandoning module XMPP (63)
[2019.04.10-18.46.45:432][596]LogModuleManager: Shutting down and abandoning module WebSockets (62)
[2019.04.10-18.46.45:453][596]LogModuleManager: Shutting down and abandoning module HTTP (59)
[2019.04.10-18.46.45:453][596]LogHttp: Display: Http module shutting down, but needs to wait on 1 outstanding Http requests:
[2019.04.10-18.46.45:453][596]LogHttp: Display: 	verb=[POST] url=[https://datarouter.ol.epicgames.com/datarouter/api/v1/public/data?SessionID=%7B9D839BBA-4F4B-7B8B-7247-1DBA4D3C9597%7D&AppID=UEEditor.Rocket.Release&AppVersion=4.21.2-4753647%2B%2B%2BUE4%2BRelease-4.21&UserID=f53cb0104292a9acc466a8919dade885%7C40213eb9e16146ae864713a4e96186db%7Cda97df83-58aa-446d-9ad7-9c91458fdea6&AppEnvironment=datacollector-binary&UploadType=eteventstream] status=Processing
[2019.04.10-18.46.45:479][596]LogModuleManager: Shutting down and abandoning module SSL (58)
[2019.04.10-18.46.45:480][596]LogModuleManager: Shutting down and abandoning module MagicLeapIdentity (54)
[2019.04.10-18.46.45:480][596]LogModuleManager: Shutting down and abandoning module MagicLeapHelperVulkan (52)
[2019.04.10-18.46.45:480][596]LogModuleManager: Shutting down and abandoning module MagicLeapHelperOpenGL (50)
[2019.04.10-18.46.45:480][596]LogModuleManager: Shutting down and abandoning module MagicLeapSecureStorage (48)
[2019.04.10-18.46.45:480][596]LogModuleManager: Shutting down and abandoning module MagicLeapHandTracking (46)
[2019.04.10-18.46.45:480][596]LogModuleManager: Shutting down and abandoning module MagicLeapEyeTracker (44)
[2019.04.10-18.46.45:480][596]LogModuleManager: Shutting down and abandoning module MagicLeapController (42)
[2019.04.10-18.46.45:480][596]LogSlate: Slate User Destroyed.  User Index 0, Is Virtual User: 0
[2019.04.10-18.46.45:480][596]LogModuleManager: Shutting down and abandoning module MagicLeap (40)
[2019.04.10-18.46.45:480][596]LogModuleManager: Shutting down and abandoning module DatasmithContent (38)
[2019.04.10-18.46.45:480][596]LogModuleManager: Shutting down and abandoning module AnimationModifiers (36)
[2019.04.10-18.46.45:480][596]LogModuleManager: Shutting down and abandoning module PropertyEditor (35)
[2019.04.10-18.46.45:480][596]LogModuleManager: Shutting down and abandoning module AudioEditor (32)
[2019.04.10-18.46.45:480][596]LogModuleManager: Shutting down and abandoning module TextureCompressor (30)
[2019.04.10-18.46.45:480][596]LogModuleManager: Shutting down and abandoning module ShaderCore (28)
[2019.04.10-18.46.45:480][596]LogModuleManager: Shutting down and abandoning module Landscape (26)
[2019.04.10-18.46.45:480][596]LogModuleManager: Shutting down and abandoning module SlateRHIRenderer (24)
[2019.04.10-18.46.45:481][596]LogModuleManager: Shutting down and abandoning module OpenGLDrv (22)
[2019.04.10-18.46.45:481][596]LogModuleManager: Shutting down and abandoning module D3D11RHI (20)
[2019.04.10-18.46.45:481][596]LogModuleManager: Shutting down and abandoning module AnimGraphRuntime (18)
[2019.04.10-18.46.45:481][596]LogModuleManager: Shutting down and abandoning module Renderer (16)
[2019.04.10-18.46.45:481][596]LogModuleManager: Shutting down and abandoning module Engine (14)
[2019.04.10-18.46.45:481][596]LogModuleManager: Shutting down and abandoning module CoreUObject (12)
[2019.04.10-18.46.45:481][596]LogModuleManager: Shutting down and abandoning module NetworkFile (10)
[2019.04.10-18.46.45:481][596]LogModuleManager: Shutting down and abandoning module CookedIterativeFile (8)
[2019.04.10-18.46.45:481][596]LogModuleManager: Shutting down and abandoning module StreamingFile (6)
[2019.04.10-18.46.45:481][596]LogModuleManager: Shutting down and abandoning module SandboxFile (4)
[2019.04.10-18.46.45:481][596]LogModuleManager: Shutting down and abandoning module PakFile (2)
[2019.04.10-18.46.45:504][596]LogExit: Exiting.
[2019.04.10-18.46.45:511][596]Log file closed, 04/10/19 11:46:45
